{
  "D:\\VUE\\JBGZ_front\\src\\App.vue": {
    "path": "D:\\VUE\\JBGZ_front\\src\\App.vue",
    "statementMap": {
      "0": {
        "start": {
          "line": 4,
          "column": 33
        },
        "end": {
          "line": 4,
          "column": 65
        }
      },
      "1": {
        "start": {
          "line": 6,
          "column": 2
        },
        "end": {
          "line": 6,
          "column": 61
        }
      }
    },
    "fnMap": {
      "0": {
        "name": "render",
        "decl": {
          "start": {
            "line": 3,
            "column": 16
          },
          "end": {
            "line": 3,
            "column": 22
          }
        },
        "loc": {
          "start": {
            "line": 3,
            "column": 37
          },
          "end": {
            "line": 7,
            "column": 1
          }
        },
        "line": 3
      }
    },
    "branchMap": {},
    "s": {
      "0": 3,
      "1": 3
    },
    "f": {
      "0": 3
    },
    "b": {},
    "_coverageSchema": "43e27e138ebf9cfc5966b082cf9a028302ed4184",
    "hash": "4644190a1ea678a635a774fe8a9080b3c39d061b"
  },
  "D:\\VUE\\JBGZ_front\\src\\views\\Login.vue": {
    "path": "D:\\VUE\\JBGZ_front\\src\\views\\Login.vue",
    "statementMap": {
      "0": {
        "start": {
          "line": 11,
          "column": 8
        },
        "end": {
          "line": 35,
          "column": 9
        }
      },
      "1": {
        "start": {
          "line": 39,
          "column": 12
        },
        "end": {
          "line": 39,
          "column": 31
        }
      },
      "2": {
        "start": {
          "line": 42,
          "column": 12
        },
        "end": {
          "line": 42,
          "column": 30
        }
      },
      "3": {
        "start": {
          "line": 45,
          "column": 12
        },
        "end": {
          "line": 51,
          "column": 13
        }
      },
      "4": {
        "start": {
          "line": 46,
          "column": 16
        },
        "end": {
          "line": 49,
          "column": 18
        }
      },
      "5": {
        "start": {
          "line": 50,
          "column": 16
        },
        "end": {
          "line": 50,
          "column": 23
        }
      },
      "6": {
        "start": {
          "line": 52,
          "column": 12
        },
        "end": {
          "line": 112,
          "column": 14
        }
      },
      "7": {
        "start": {
          "line": 58,
          "column": 16
        },
        "end": {
          "line": 58,
          "column": 32
        }
      },
      "8": {
        "start": {
          "line": 59,
          "column": 16
        },
        "end": {
          "line": 107,
          "column": 17
        }
      },
      "9": {
        "start": {
          "line": 60,
          "column": 20
        },
        "end": {
          "line": 60,
          "column": 72
        }
      },
      "10": {
        "start": {
          "line": 61,
          "column": 20
        },
        "end": {
          "line": 61,
          "column": 76
        }
      },
      "11": {
        "start": {
          "line": 62,
          "column": 20
        },
        "end": {
          "line": 65,
          "column": 22
        }
      },
      "12": {
        "start": {
          "line": 66,
          "column": 20
        },
        "end": {
          "line": 82,
          "column": 21
        }
      },
      "13": {
        "start": {
          "line": 67,
          "column": 24
        },
        "end": {
          "line": 67,
          "column": 71
        }
      },
      "14": {
        "start": {
          "line": 68,
          "column": 24
        },
        "end": {
          "line": 81,
          "column": 26
        }
      },
      "15": {
        "start": {
          "line": 73,
          "column": 28
        },
        "end": {
          "line": 73,
          "column": 70
        }
      },
      "16": {
        "start": {
          "line": 74,
          "column": 28
        },
        "end": {
          "line": 74,
          "column": 94
        }
      },
      "17": {
        "start": {
          "line": 75,
          "column": 28
        },
        "end": {
          "line": 75,
          "column": 99
        }
      },
      "18": {
        "start": {
          "line": 76,
          "column": 28
        },
        "end": {
          "line": 76,
          "column": 105
        }
      },
      "19": {
        "start": {
          "line": 77,
          "column": 28
        },
        "end": {
          "line": 77,
          "column": 59
        }
      },
      "20": {
        "start": {
          "line": 80,
          "column": 28
        },
        "end": {
          "line": 80,
          "column": 47
        }
      },
      "21": {
        "start": {
          "line": 83,
          "column": 20
        },
        "end": {
          "line": 85,
          "column": 21
        }
      },
      "22": {
        "start": {
          "line": 84,
          "column": 24
        },
        "end": {
          "line": 84,
          "column": 72
        }
      },
      "23": {
        "start": {
          "line": 86,
          "column": 20
        },
        "end": {
          "line": 101,
          "column": 21
        }
      },
      "24": {
        "start": {
          "line": 87,
          "column": 24
        },
        "end": {
          "line": 100,
          "column": 26
        }
      },
      "25": {
        "start": {
          "line": 92,
          "column": 28
        },
        "end": {
          "line": 92,
          "column": 71
        }
      },
      "26": {
        "start": {
          "line": 93,
          "column": 28
        },
        "end": {
          "line": 93,
          "column": 95
        }
      },
      "27": {
        "start": {
          "line": 94,
          "column": 28
        },
        "end": {
          "line": 94,
          "column": 103
        }
      },
      "28": {
        "start": {
          "line": 95,
          "column": 28
        },
        "end": {
          "line": 95,
          "column": 106
        }
      },
      "29": {
        "start": {
          "line": 96,
          "column": 28
        },
        "end": {
          "line": 96,
          "column": 59
        }
      },
      "30": {
        "start": {
          "line": 99,
          "column": 28
        },
        "end": {
          "line": 99,
          "column": 47
        }
      },
      "31": {
        "start": {
          "line": 103,
          "column": 20
        },
        "end": {
          "line": 106,
          "column": 22
        }
      },
      "32": {
        "start": {
          "line": 110,
          "column": 16
        },
        "end": {
          "line": 110,
          "column": 35
        }
      },
      "33": {
        "start": {
          "line": 111,
          "column": 16
        },
        "end": {
          "line": 111,
          "column": 39
        }
      },
      "34": {
        "start": {
          "line": 115,
          "column": 12
        },
        "end": {
          "line": 134,
          "column": 14
        }
      },
      "35": {
        "start": {
          "line": 123,
          "column": 16
        },
        "end": {
          "line": 123,
          "column": 32
        }
      },
      "36": {
        "start": {
          "line": 124,
          "column": 16
        },
        "end": {
          "line": 129,
          "column": 17
        }
      },
      "37": {
        "start": {
          "line": 125,
          "column": 20
        },
        "end": {
          "line": 125,
          "column": 51
        }
      },
      "38": {
        "start": {
          "line": 126,
          "column": 20
        },
        "end": {
          "line": 126,
          "column": 48
        }
      },
      "39": {
        "start": {
          "line": 128,
          "column": 20
        },
        "end": {
          "line": 128,
          "column": 47
        }
      },
      "40": {
        "start": {
          "line": 132,
          "column": 16
        },
        "end": {
          "line": 132,
          "column": 35
        }
      },
      "41": {
        "start": {
          "line": 133,
          "column": 16
        },
        "end": {
          "line": 133,
          "column": 42
        }
      },
      "42": {
        "start": {
          "line": 137,
          "column": 12
        },
        "end": {
          "line": 143,
          "column": 13
        }
      },
      "43": {
        "start": {
          "line": 138,
          "column": 16
        },
        "end": {
          "line": 141,
          "column": 18
        }
      },
      "44": {
        "start": {
          "line": 142,
          "column": 16
        },
        "end": {
          "line": 142,
          "column": 23
        }
      },
      "45": {
        "start": {
          "line": 144,
          "column": 25
        },
        "end": {
          "line": 144,
          "column": 77
        }
      },
      "46": {
        "start": {
          "line": 145,
          "column": 12
        },
        "end": {
          "line": 151,
          "column": 13
        }
      },
      "47": {
        "start": {
          "line": 146,
          "column": 16
        },
        "end": {
          "line": 149,
          "column": 18
        }
      },
      "48": {
        "start": {
          "line": 150,
          "column": 16
        },
        "end": {
          "line": 150,
          "column": 23
        }
      },
      "49": {
        "start": {
          "line": 152,
          "column": 12
        },
        "end": {
          "line": 183,
          "column": 13
        }
      },
      "50": {
        "start": {
          "line": 153,
          "column": 16
        },
        "end": {
          "line": 156,
          "column": 18
        }
      },
      "51": {
        "start": {
          "line": 157,
          "column": 16
        },
        "end": {
          "line": 157,
          "column": 23
        }
      },
      "52": {
        "start": {
          "line": 160,
          "column": 16
        },
        "end": {
          "line": 182,
          "column": 18
        }
      },
      "53": {
        "start": {
          "line": 168,
          "column": 20
        },
        "end": {
          "line": 168,
          "column": 36
        }
      },
      "54": {
        "start": {
          "line": 169,
          "column": 20
        },
        "end": {
          "line": 177,
          "column": 21
        }
      },
      "55": {
        "start": {
          "line": 170,
          "column": 24
        },
        "end": {
          "line": 173,
          "column": 26
        }
      },
      "56": {
        "start": {
          "line": 174,
          "column": 24
        },
        "end": {
          "line": 174,
          "column": 58
        }
      },
      "57": {
        "start": {
          "line": 176,
          "column": 24
        },
        "end": {
          "line": 176,
          "column": 51
        }
      },
      "58": {
        "start": {
          "line": 180,
          "column": 20
        },
        "end": {
          "line": 180,
          "column": 39
        }
      },
      "59": {
        "start": {
          "line": 181,
          "column": 20
        },
        "end": {
          "line": 181,
          "column": 47
        }
      },
      "60": {
        "start": {
          "line": 186,
          "column": 12
        },
        "end": {
          "line": 192,
          "column": 13
        }
      },
      "61": {
        "start": {
          "line": 187,
          "column": 16
        },
        "end": {
          "line": 190,
          "column": 18
        }
      },
      "62": {
        "start": {
          "line": 191,
          "column": 16
        },
        "end": {
          "line": 191,
          "column": 23
        }
      },
      "63": {
        "start": {
          "line": 193,
          "column": 12
        },
        "end": {
          "line": 199,
          "column": 13
        }
      },
      "64": {
        "start": {
          "line": 194,
          "column": 16
        },
        "end": {
          "line": 197,
          "column": 18
        }
      },
      "65": {
        "start": {
          "line": 198,
          "column": 16
        },
        "end": {
          "line": 198,
          "column": 23
        }
      },
      "66": {
        "start": {
          "line": 200,
          "column": 12
        },
        "end": {
          "line": 222,
          "column": 14
        }
      },
      "67": {
        "start": {
          "line": 208,
          "column": 16
        },
        "end": {
          "line": 208,
          "column": 32
        }
      },
      "68": {
        "start": {
          "line": 209,
          "column": 16
        },
        "end": {
          "line": 217,
          "column": 17
        }
      },
      "69": {
        "start": {
          "line": 210,
          "column": 20
        },
        "end": {
          "line": 213,
          "column": 22
        }
      },
      "70": {
        "start": {
          "line": 214,
          "column": 20
        },
        "end": {
          "line": 214,
          "column": 54
        }
      },
      "71": {
        "start": {
          "line": 216,
          "column": 20
        },
        "end": {
          "line": 216,
          "column": 47
        }
      },
      "72": {
        "start": {
          "line": 220,
          "column": 16
        },
        "end": {
          "line": 220,
          "column": 35
        }
      },
      "73": {
        "start": {
          "line": 221,
          "column": 16
        },
        "end": {
          "line": 221,
          "column": 43
        }
      },
      "74": {
        "start": {
          "line": 225,
          "column": 12
        },
        "end": {
          "line": 230,
          "column": 13
        }
      },
      "75": {
        "start": {
          "line": 226,
          "column": 16
        },
        "end": {
          "line": 229,
          "column": 18
        }
      },
      "76": {
        "start": {
          "line": 233,
          "column": 12
        },
        "end": {
          "line": 239,
          "column": 13
        }
      },
      "77": {
        "start": {
          "line": 234,
          "column": 16
        },
        "end": {
          "line": 237,
          "column": 18
        }
      },
      "78": {
        "start": {
          "line": 238,
          "column": 16
        },
        "end": {
          "line": 238,
          "column": 23
        }
      },
      "79": {
        "start": {
          "line": 240,
          "column": 25
        },
        "end": {
          "line": 240,
          "column": 77
        }
      },
      "80": {
        "start": {
          "line": 241,
          "column": 12
        },
        "end": {
          "line": 247,
          "column": 13
        }
      },
      "81": {
        "start": {
          "line": 242,
          "column": 16
        },
        "end": {
          "line": 245,
          "column": 18
        }
      },
      "82": {
        "start": {
          "line": 246,
          "column": 16
        },
        "end": {
          "line": 246,
          "column": 23
        }
      },
      "83": {
        "start": {
          "line": 248,
          "column": 12
        },
        "end": {
          "line": 254,
          "column": 13
        }
      },
      "84": {
        "start": {
          "line": 249,
          "column": 16
        },
        "end": {
          "line": 252,
          "column": 18
        }
      },
      "85": {
        "start": {
          "line": 253,
          "column": 16
        },
        "end": {
          "line": 253,
          "column": 23
        }
      },
      "86": {
        "start": {
          "line": 255,
          "column": 12
        },
        "end": {
          "line": 261,
          "column": 13
        }
      },
      "87": {
        "start": {
          "line": 256,
          "column": 16
        },
        "end": {
          "line": 259,
          "column": 18
        }
      },
      "88": {
        "start": {
          "line": 260,
          "column": 16
        },
        "end": {
          "line": 260,
          "column": 23
        }
      },
      "89": {
        "start": {
          "line": 262,
          "column": 12
        },
        "end": {
          "line": 268,
          "column": 13
        }
      },
      "90": {
        "start": {
          "line": 263,
          "column": 16
        },
        "end": {
          "line": 266,
          "column": 18
        }
      },
      "91": {
        "start": {
          "line": 267,
          "column": 16
        },
        "end": {
          "line": 267,
          "column": 23
        }
      },
      "92": {
        "start": {
          "line": 269,
          "column": 12
        },
        "end": {
          "line": 275,
          "column": 13
        }
      },
      "93": {
        "start": {
          "line": 270,
          "column": 16
        },
        "end": {
          "line": 273,
          "column": 18
        }
      },
      "94": {
        "start": {
          "line": 274,
          "column": 16
        },
        "end": {
          "line": 274,
          "column": 23
        }
      },
      "95": {
        "start": {
          "line": 276,
          "column": 12
        },
        "end": {
          "line": 299,
          "column": 14
        }
      },
      "96": {
        "start": {
          "line": 282,
          "column": 16
        },
        "end": {
          "line": 282,
          "column": 32
        }
      },
      "97": {
        "start": {
          "line": 283,
          "column": 16
        },
        "end": {
          "line": 294,
          "column": 17
        }
      },
      "98": {
        "start": {
          "line": 284,
          "column": 20
        },
        "end": {
          "line": 287,
          "column": 22
        }
      },
      "99": {
        "start": {
          "line": 288,
          "column": 20
        },
        "end": {
          "line": 288,
          "column": 38
        }
      },
      "100": {
        "start": {
          "line": 290,
          "column": 20
        },
        "end": {
          "line": 293,
          "column": 22
        }
      },
      "101": {
        "start": {
          "line": 297,
          "column": 16
        },
        "end": {
          "line": 297,
          "column": 35
        }
      },
      "102": {
        "start": {
          "line": 298,
          "column": 16
        },
        "end": {
          "line": 298,
          "column": 40
        }
      },
      "103": {
        "start": {
          "line": 302,
          "column": 12
        },
        "end": {
          "line": 320,
          "column": 14
        }
      },
      "104": {
        "start": {
          "line": 310,
          "column": 16
        },
        "end": {
          "line": 310,
          "column": 32
        }
      },
      "105": {
        "start": {
          "line": 311,
          "column": 16
        },
        "end": {
          "line": 315,
          "column": 17
        }
      },
      "106": {
        "start": {
          "line": 312,
          "column": 20
        },
        "end": {
          "line": 312,
          "column": 46
        }
      },
      "107": {
        "start": {
          "line": 314,
          "column": 20
        },
        "end": {
          "line": 314,
          "column": 45
        }
      },
      "108": {
        "start": {
          "line": 318,
          "column": 16
        },
        "end": {
          "line": 318,
          "column": 35
        }
      },
      "109": {
        "start": {
          "line": 319,
          "column": 16
        },
        "end": {
          "line": 319,
          "column": 42
        }
      },
      "110": {
        "start": {
          "line": 323,
          "column": 12
        },
        "end": {
          "line": 329,
          "column": 13
        }
      },
      "111": {
        "start": {
          "line": 324,
          "column": 16
        },
        "end": {
          "line": 327,
          "column": 18
        }
      },
      "112": {
        "start": {
          "line": 328,
          "column": 16
        },
        "end": {
          "line": 328,
          "column": 23
        }
      },
      "113": {
        "start": {
          "line": 330,
          "column": 12
        },
        "end": {
          "line": 336,
          "column": 13
        }
      },
      "114": {
        "start": {
          "line": 331,
          "column": 16
        },
        "end": {
          "line": 334,
          "column": 18
        }
      },
      "115": {
        "start": {
          "line": 335,
          "column": 16
        },
        "end": {
          "line": 335,
          "column": 23
        }
      },
      "116": {
        "start": {
          "line": 337,
          "column": 12
        },
        "end": {
          "line": 343,
          "column": 13
        }
      },
      "117": {
        "start": {
          "line": 338,
          "column": 16
        },
        "end": {
          "line": 341,
          "column": 18
        }
      },
      "118": {
        "start": {
          "line": 342,
          "column": 16
        },
        "end": {
          "line": 342,
          "column": 23
        }
      },
      "119": {
        "start": {
          "line": 344,
          "column": 12
        },
        "end": {
          "line": 350,
          "column": 13
        }
      },
      "120": {
        "start": {
          "line": 345,
          "column": 16
        },
        "end": {
          "line": 348,
          "column": 18
        }
      },
      "121": {
        "start": {
          "line": 349,
          "column": 16
        },
        "end": {
          "line": 349,
          "column": 23
        }
      },
      "122": {
        "start": {
          "line": 351,
          "column": 12
        },
        "end": {
          "line": 372,
          "column": 14
        }
      },
      "123": {
        "start": {
          "line": 357,
          "column": 16
        },
        "end": {
          "line": 357,
          "column": 32
        }
      },
      "124": {
        "start": {
          "line": 358,
          "column": 16
        },
        "end": {
          "line": 367,
          "column": 17
        }
      },
      "125": {
        "start": {
          "line": 359,
          "column": 20
        },
        "end": {
          "line": 362,
          "column": 22
        }
      },
      "126": {
        "start": {
          "line": 363,
          "column": 20
        },
        "end": {
          "line": 363,
          "column": 58
        }
      },
      "127": {
        "start": {
          "line": 363,
          "column": 37
        },
        "end": {
          "line": 363,
          "column": 51
        }
      },
      "128": {
        "start": {
          "line": 364,
          "column": 20
        },
        "end": {
          "line": 364,
          "column": 38
        }
      },
      "129": {
        "start": {
          "line": 366,
          "column": 20
        },
        "end": {
          "line": 366,
          "column": 46
        }
      },
      "130": {
        "start": {
          "line": 370,
          "column": 16
        },
        "end": {
          "line": 370,
          "column": 35
        }
      },
      "131": {
        "start": {
          "line": 371,
          "column": 16
        },
        "end": {
          "line": 371,
          "column": 42
        }
      }
    },
    "fnMap": {
      "0": {
        "name": "(anonymous_0)",
        "decl": {
          "start": {
            "line": 10,
            "column": 4
          },
          "end": {
            "line": 10,
            "column": 5
          }
        },
        "loc": {
          "start": {
            "line": 10,
            "column": 12
          },
          "end": {
            "line": 36,
            "column": 5
          }
        },
        "line": 10
      },
      "1": {
        "name": "(anonymous_1)",
        "decl": {
          "start": {
            "line": 38,
            "column": 18
          },
          "end": {
            "line": 38,
            "column": 19
          }
        },
        "loc": {
          "start": {
            "line": 38,
            "column": 30
          },
          "end": {
            "line": 40,
            "column": 9
          }
        },
        "line": 38
      },
      "2": {
        "name": "(anonymous_2)",
        "decl": {
          "start": {
            "line": 41,
            "column": 17
          },
          "end": {
            "line": 41,
            "column": 18
          }
        },
        "loc": {
          "start": {
            "line": 41,
            "column": 29
          },
          "end": {
            "line": 43,
            "column": 9
          }
        },
        "line": 41
      },
      "3": {
        "name": "(anonymous_3)",
        "decl": {
          "start": {
            "line": 44,
            "column": 8
          },
          "end": {
            "line": 44,
            "column": 9
          }
        },
        "loc": {
          "start": {
            "line": 44,
            "column": 15
          },
          "end": {
            "line": 113,
            "column": 9
          }
        },
        "line": 44
      },
      "4": {
        "name": "(anonymous_4)",
        "decl": {
          "start": {
            "line": 57,
            "column": 18
          },
          "end": {
            "line": 57,
            "column": 19
          }
        },
        "loc": {
          "start": {
            "line": 57,
            "column": 25
          },
          "end": {
            "line": 108,
            "column": 13
          }
        },
        "line": 57
      },
      "5": {
        "name": "(anonymous_5)",
        "decl": {
          "start": {
            "line": 72,
            "column": 30
          },
          "end": {
            "line": 72,
            "column": 31
          }
        },
        "loc": {
          "start": {
            "line": 72,
            "column": 37
          },
          "end": {
            "line": 78,
            "column": 25
          }
        },
        "line": 72
      },
      "6": {
        "name": "(anonymous_6)",
        "decl": {
          "start": {
            "line": 79,
            "column": 31
          },
          "end": {
            "line": 79,
            "column": 32
          }
        },
        "loc": {
          "start": {
            "line": 79,
            "column": 48
          },
          "end": {
            "line": 81,
            "column": 25
          }
        },
        "line": 79
      },
      "7": {
        "name": "(anonymous_7)",
        "decl": {
          "start": {
            "line": 91,
            "column": 30
          },
          "end": {
            "line": 91,
            "column": 31
          }
        },
        "loc": {
          "start": {
            "line": 91,
            "column": 37
          },
          "end": {
            "line": 97,
            "column": 25
          }
        },
        "line": 91
      },
      "8": {
        "name": "(anonymous_8)",
        "decl": {
          "start": {
            "line": 98,
            "column": 31
          },
          "end": {
            "line": 98,
            "column": 32
          }
        },
        "loc": {
          "start": {
            "line": 98,
            "column": 48
          },
          "end": {
            "line": 100,
            "column": 25
          }
        },
        "line": 98
      },
      "9": {
        "name": "(anonymous_9)",
        "decl": {
          "start": {
            "line": 109,
            "column": 19
          },
          "end": {
            "line": 109,
            "column": 20
          }
        },
        "loc": {
          "start": {
            "line": 109,
            "column": 36
          },
          "end": {
            "line": 112,
            "column": 13
          }
        },
        "line": 109
      },
      "10": {
        "name": "(anonymous_10)",
        "decl": {
          "start": {
            "line": 114,
            "column": 8
          },
          "end": {
            "line": 114,
            "column": 9
          }
        },
        "loc": {
          "start": {
            "line": 114,
            "column": 20
          },
          "end": {
            "line": 135,
            "column": 9
          }
        },
        "line": 114
      },
      "11": {
        "name": "(anonymous_11)",
        "decl": {
          "start": {
            "line": 122,
            "column": 18
          },
          "end": {
            "line": 122,
            "column": 19
          }
        },
        "loc": {
          "start": {
            "line": 122,
            "column": 25
          },
          "end": {
            "line": 130,
            "column": 13
          }
        },
        "line": 122
      },
      "12": {
        "name": "(anonymous_12)",
        "decl": {
          "start": {
            "line": 131,
            "column": 19
          },
          "end": {
            "line": 131,
            "column": 20
          }
        },
        "loc": {
          "start": {
            "line": 131,
            "column": 36
          },
          "end": {
            "line": 134,
            "column": 13
          }
        },
        "line": 131
      },
      "13": {
        "name": "(anonymous_13)",
        "decl": {
          "start": {
            "line": 136,
            "column": 8
          },
          "end": {
            "line": 136,
            "column": 9
          }
        },
        "loc": {
          "start": {
            "line": 136,
            "column": 20
          },
          "end": {
            "line": 184,
            "column": 9
          }
        },
        "line": 136
      },
      "14": {
        "name": "(anonymous_14)",
        "decl": {
          "start": {
            "line": 167,
            "column": 22
          },
          "end": {
            "line": 167,
            "column": 23
          }
        },
        "loc": {
          "start": {
            "line": 167,
            "column": 29
          },
          "end": {
            "line": 178,
            "column": 17
          }
        },
        "line": 167
      },
      "15": {
        "name": "(anonymous_15)",
        "decl": {
          "start": {
            "line": 179,
            "column": 23
          },
          "end": {
            "line": 179,
            "column": 24
          }
        },
        "loc": {
          "start": {
            "line": 179,
            "column": 40
          },
          "end": {
            "line": 182,
            "column": 17
          }
        },
        "line": 179
      },
      "16": {
        "name": "(anonymous_16)",
        "decl": {
          "start": {
            "line": 185,
            "column": 8
          },
          "end": {
            "line": 185,
            "column": 9
          }
        },
        "loc": {
          "start": {
            "line": 185,
            "column": 27
          },
          "end": {
            "line": 223,
            "column": 9
          }
        },
        "line": 185
      },
      "17": {
        "name": "(anonymous_17)",
        "decl": {
          "start": {
            "line": 207,
            "column": 18
          },
          "end": {
            "line": 207,
            "column": 19
          }
        },
        "loc": {
          "start": {
            "line": 207,
            "column": 25
          },
          "end": {
            "line": 218,
            "column": 13
          }
        },
        "line": 207
      },
      "18": {
        "name": "(anonymous_18)",
        "decl": {
          "start": {
            "line": 219,
            "column": 19
          },
          "end": {
            "line": 219,
            "column": 20
          }
        },
        "loc": {
          "start": {
            "line": 219,
            "column": 36
          },
          "end": {
            "line": 222,
            "column": 13
          }
        },
        "line": 219
      },
      "19": {
        "name": "(anonymous_19)",
        "decl": {
          "start": {
            "line": 224,
            "column": 8
          },
          "end": {
            "line": 224,
            "column": 9
          }
        },
        "loc": {
          "start": {
            "line": 224,
            "column": 19
          },
          "end": {
            "line": 231,
            "column": 9
          }
        },
        "line": 224
      },
      "20": {
        "name": "(anonymous_20)",
        "decl": {
          "start": {
            "line": 232,
            "column": 8
          },
          "end": {
            "line": 232,
            "column": 9
          }
        },
        "loc": {
          "start": {
            "line": 232,
            "column": 16
          },
          "end": {
            "line": 300,
            "column": 9
          }
        },
        "line": 232
      },
      "21": {
        "name": "(anonymous_21)",
        "decl": {
          "start": {
            "line": 281,
            "column": 18
          },
          "end": {
            "line": 281,
            "column": 19
          }
        },
        "loc": {
          "start": {
            "line": 281,
            "column": 25
          },
          "end": {
            "line": 295,
            "column": 13
          }
        },
        "line": 281
      },
      "22": {
        "name": "(anonymous_22)",
        "decl": {
          "start": {
            "line": 296,
            "column": 19
          },
          "end": {
            "line": 296,
            "column": 20
          }
        },
        "loc": {
          "start": {
            "line": 296,
            "column": 36
          },
          "end": {
            "line": 299,
            "column": 13
          }
        },
        "line": 296
      },
      "23": {
        "name": "(anonymous_23)",
        "decl": {
          "start": {
            "line": 301,
            "column": 8
          },
          "end": {
            "line": 301,
            "column": 9
          }
        },
        "loc": {
          "start": {
            "line": 301,
            "column": 27
          },
          "end": {
            "line": 321,
            "column": 9
          }
        },
        "line": 301
      },
      "24": {
        "name": "(anonymous_24)",
        "decl": {
          "start": {
            "line": 309,
            "column": 18
          },
          "end": {
            "line": 309,
            "column": 19
          }
        },
        "loc": {
          "start": {
            "line": 309,
            "column": 25
          },
          "end": {
            "line": 316,
            "column": 13
          }
        },
        "line": 309
      },
      "25": {
        "name": "(anonymous_25)",
        "decl": {
          "start": {
            "line": 317,
            "column": 19
          },
          "end": {
            "line": 317,
            "column": 20
          }
        },
        "loc": {
          "start": {
            "line": 317,
            "column": 36
          },
          "end": {
            "line": 320,
            "column": 13
          }
        },
        "line": 317
      },
      "26": {
        "name": "(anonymous_26)",
        "decl": {
          "start": {
            "line": 322,
            "column": 8
          },
          "end": {
            "line": 322,
            "column": 9
          }
        },
        "loc": {
          "start": {
            "line": 322,
            "column": 22
          },
          "end": {
            "line": 373,
            "column": 9
          }
        },
        "line": 322
      },
      "27": {
        "name": "(anonymous_27)",
        "decl": {
          "start": {
            "line": 356,
            "column": 18
          },
          "end": {
            "line": 356,
            "column": 19
          }
        },
        "loc": {
          "start": {
            "line": 356,
            "column": 25
          },
          "end": {
            "line": 368,
            "column": 13
          }
        },
        "line": 356
      },
      "28": {
        "name": "(anonymous_28)",
        "decl": {
          "start": {
            "line": 363,
            "column": 31
          },
          "end": {
            "line": 363,
            "column": 32
          }
        },
        "loc": {
          "start": {
            "line": 363,
            "column": 37
          },
          "end": {
            "line": 363,
            "column": 51
          }
        },
        "line": 363
      },
      "29": {
        "name": "(anonymous_29)",
        "decl": {
          "start": {
            "line": 369,
            "column": 19
          },
          "end": {
            "line": 369,
            "column": 20
          }
        },
        "loc": {
          "start": {
            "line": 369,
            "column": 36
          },
          "end": {
            "line": 372,
            "column": 13
          }
        },
        "line": 369
      }
    },
    "branchMap": {
      "0": {
        "loc": {
          "start": {
            "line": 45,
            "column": 12
          },
          "end": {
            "line": 51,
            "column": 13
          }
        },
        "type": "if",
        "locations": [
          {
            "start": {
              "line": 45,
              "column": 12
            },
            "end": {
              "line": 51,
              "column": 13
            }
          },
          {
            "start": {
              "line": 45,
              "column": 12
            },
            "end": {
              "line": 51,
              "column": 13
            }
          }
        ],
        "line": 45
      },
      "1": {
        "loc": {
          "start": {
            "line": 45,
            "column": 15
          },
          "end": {
            "line": 45,
            "column": 131
          }
        },
        "type": "binary-expr",
        "locations": [
          {
            "start": {
              "line": 45,
              "column": 15
            },
            "end": {
              "line": 45,
              "column": 43
            }
          },
          {
            "start": {
              "line": 45,
              "column": 45
            },
            "end": {
              "line": 45,
              "column": 74
            }
          },
          {
            "start": {
              "line": 45,
              "column": 76
            },
            "end": {
              "line": 45,
              "column": 102
            }
          },
          {
            "start": {
              "line": 45,
              "column": 104
            },
            "end": {
              "line": 45,
              "column": 131
            }
          }
        ],
        "line": 45
      },
      "2": {
        "loc": {
          "start": {
            "line": 59,
            "column": 16
          },
          "end": {
            "line": 107,
            "column": 17
          }
        },
        "type": "if",
        "locations": [
          {
            "start": {
              "line": 59,
              "column": 16
            },
            "end": {
              "line": 107,
              "column": 17
            }
          },
          {
            "start": {
              "line": 59,
              "column": 16
            },
            "end": {
              "line": 107,
              "column": 17
            }
          }
        ],
        "line": 59
      },
      "3": {
        "loc": {
          "start": {
            "line": 66,
            "column": 20
          },
          "end": {
            "line": 82,
            "column": 21
          }
        },
        "type": "if",
        "locations": [
          {
            "start": {
              "line": 66,
              "column": 20
            },
            "end": {
              "line": 82,
              "column": 21
            }
          },
          {
            "start": {
              "line": 66,
              "column": 20
            },
            "end": {
              "line": 82,
              "column": 21
            }
          }
        ],
        "line": 66
      },
      "4": {
        "loc": {
          "start": {
            "line": 83,
            "column": 20
          },
          "end": {
            "line": 85,
            "column": 21
          }
        },
        "type": "if",
        "locations": [
          {
            "start": {
              "line": 83,
              "column": 20
            },
            "end": {
              "line": 85,
              "column": 21
            }
          },
          {
            "start": {
              "line": 83,
              "column": 20
            },
            "end": {
              "line": 85,
              "column": 21
            }
          }
        ],
        "line": 83
      },
      "5": {
        "loc": {
          "start": {
            "line": 86,
            "column": 20
          },
          "end": {
            "line": 101,
            "column": 21
          }
        },
        "type": "if",
        "locations": [
          {
            "start": {
              "line": 86,
              "column": 20
            },
            "end": {
              "line": 101,
              "column": 21
            }
          },
          {
            "start": {
              "line": 86,
              "column": 20
            },
            "end": {
              "line": 101,
              "column": 21
            }
          }
        ],
        "line": 86
      },
      "6": {
        "loc": {
          "start": {
            "line": 124,
            "column": 16
          },
          "end": {
            "line": 129,
            "column": 17
          }
        },
        "type": "if",
        "locations": [
          {
            "start": {
              "line": 124,
              "column": 16
            },
            "end": {
              "line": 129,
              "column": 17
            }
          },
          {
            "start": {
              "line": 124,
              "column": 16
            },
            "end": {
              "line": 129,
              "column": 17
            }
          }
        ],
        "line": 124
      },
      "7": {
        "loc": {
          "start": {
            "line": 137,
            "column": 12
          },
          "end": {
            "line": 143,
            "column": 13
          }
        },
        "type": "if",
        "locations": [
          {
            "start": {
              "line": 137,
              "column": 12
            },
            "end": {
              "line": 143,
              "column": 13
            }
          },
          {
            "start": {
              "line": 137,
              "column": 12
            },
            "end": {
              "line": 143,
              "column": 13
            }
          }
        ],
        "line": 137
      },
      "8": {
        "loc": {
          "start": {
            "line": 145,
            "column": 12
          },
          "end": {
            "line": 151,
            "column": 13
          }
        },
        "type": "if",
        "locations": [
          {
            "start": {
              "line": 145,
              "column": 12
            },
            "end": {
              "line": 151,
              "column": 13
            }
          },
          {
            "start": {
              "line": 145,
              "column": 12
            },
            "end": {
              "line": 151,
              "column": 13
            }
          }
        ],
        "line": 145
      },
      "9": {
        "loc": {
          "start": {
            "line": 152,
            "column": 12
          },
          "end": {
            "line": 183,
            "column": 13
          }
        },
        "type": "if",
        "locations": [
          {
            "start": {
              "line": 152,
              "column": 12
            },
            "end": {
              "line": 183,
              "column": 13
            }
          },
          {
            "start": {
              "line": 152,
              "column": 12
            },
            "end": {
              "line": 183,
              "column": 13
            }
          }
        ],
        "line": 152
      },
      "10": {
        "loc": {
          "start": {
            "line": 152,
            "column": 15
          },
          "end": {
            "line": 152,
            "column": 65
          }
        },
        "type": "binary-expr",
        "locations": [
          {
            "start": {
              "line": 152,
              "column": 15
            },
            "end": {
              "line": 152,
              "column": 40
            }
          },
          {
            "start": {
              "line": 152,
              "column": 42
            },
            "end": {
              "line": 152,
              "column": 65
            }
          }
        ],
        "line": 152
      },
      "11": {
        "loc": {
          "start": {
            "line": 169,
            "column": 20
          },
          "end": {
            "line": 177,
            "column": 21
          }
        },
        "type": "if",
        "locations": [
          {
            "start": {
              "line": 169,
              "column": 20
            },
            "end": {
              "line": 177,
              "column": 21
            }
          },
          {
            "start": {
              "line": 169,
              "column": 20
            },
            "end": {
              "line": 177,
              "column": 21
            }
          }
        ],
        "line": 169
      },
      "12": {
        "loc": {
          "start": {
            "line": 186,
            "column": 12
          },
          "end": {
            "line": 192,
            "column": 13
          }
        },
        "type": "if",
        "locations": [
          {
            "start": {
              "line": 186,
              "column": 12
            },
            "end": {
              "line": 192,
              "column": 13
            }
          },
          {
            "start": {
              "line": 186,
              "column": 12
            },
            "end": {
              "line": 192,
              "column": 13
            }
          }
        ],
        "line": 186
      },
      "13": {
        "loc": {
          "start": {
            "line": 186,
            "column": 15
          },
          "end": {
            "line": 186,
            "column": 63
          }
        },
        "type": "binary-expr",
        "locations": [
          {
            "start": {
              "line": 186,
              "column": 15
            },
            "end": {
              "line": 186,
              "column": 39
            }
          },
          {
            "start": {
              "line": 186,
              "column": 41
            },
            "end": {
              "line": 186,
              "column": 63
            }
          }
        ],
        "line": 186
      },
      "14": {
        "loc": {
          "start": {
            "line": 193,
            "column": 12
          },
          "end": {
            "line": 199,
            "column": 13
          }
        },
        "type": "if",
        "locations": [
          {
            "start": {
              "line": 193,
              "column": 12
            },
            "end": {
              "line": 199,
              "column": 13
            }
          },
          {
            "start": {
              "line": 193,
              "column": 12
            },
            "end": {
              "line": 199,
              "column": 13
            }
          }
        ],
        "line": 193
      },
      "15": {
        "loc": {
          "start": {
            "line": 209,
            "column": 16
          },
          "end": {
            "line": 217,
            "column": 17
          }
        },
        "type": "if",
        "locations": [
          {
            "start": {
              "line": 209,
              "column": 16
            },
            "end": {
              "line": 217,
              "column": 17
            }
          },
          {
            "start": {
              "line": 209,
              "column": 16
            },
            "end": {
              "line": 217,
              "column": 17
            }
          }
        ],
        "line": 209
      },
      "16": {
        "loc": {
          "start": {
            "line": 225,
            "column": 12
          },
          "end": {
            "line": 230,
            "column": 13
          }
        },
        "type": "if",
        "locations": [
          {
            "start": {
              "line": 225,
              "column": 12
            },
            "end": {
              "line": 230,
              "column": 13
            }
          },
          {
            "start": {
              "line": 225,
              "column": 12
            },
            "end": {
              "line": 230,
              "column": 13
            }
          }
        ],
        "line": 225
      },
      "17": {
        "loc": {
          "start": {
            "line": 233,
            "column": 12
          },
          "end": {
            "line": 239,
            "column": 13
          }
        },
        "type": "if",
        "locations": [
          {
            "start": {
              "line": 233,
              "column": 12
            },
            "end": {
              "line": 239,
              "column": 13
            }
          },
          {
            "start": {
              "line": 233,
              "column": 12
            },
            "end": {
              "line": 239,
              "column": 13
            }
          }
        ],
        "line": 233
      },
      "18": {
        "loc": {
          "start": {
            "line": 241,
            "column": 12
          },
          "end": {
            "line": 247,
            "column": 13
          }
        },
        "type": "if",
        "locations": [
          {
            "start": {
              "line": 241,
              "column": 12
            },
            "end": {
              "line": 247,
              "column": 13
            }
          },
          {
            "start": {
              "line": 241,
              "column": 12
            },
            "end": {
              "line": 247,
              "column": 13
            }
          }
        ],
        "line": 241
      },
      "19": {
        "loc": {
          "start": {
            "line": 248,
            "column": 12
          },
          "end": {
            "line": 254,
            "column": 13
          }
        },
        "type": "if",
        "locations": [
          {
            "start": {
              "line": 248,
              "column": 12
            },
            "end": {
              "line": 254,
              "column": 13
            }
          },
          {
            "start": {
              "line": 248,
              "column": 12
            },
            "end": {
              "line": 254,
              "column": 13
            }
          }
        ],
        "line": 248
      },
      "20": {
        "loc": {
          "start": {
            "line": 248,
            "column": 15
          },
          "end": {
            "line": 248,
            "column": 65
          }
        },
        "type": "binary-expr",
        "locations": [
          {
            "start": {
              "line": 248,
              "column": 15
            },
            "end": {
              "line": 248,
              "column": 40
            }
          },
          {
            "start": {
              "line": 248,
              "column": 42
            },
            "end": {
              "line": 248,
              "column": 65
            }
          }
        ],
        "line": 248
      },
      "21": {
        "loc": {
          "start": {
            "line": 255,
            "column": 12
          },
          "end": {
            "line": 261,
            "column": 13
          }
        },
        "type": "if",
        "locations": [
          {
            "start": {
              "line": 255,
              "column": 12
            },
            "end": {
              "line": 261,
              "column": 13
            }
          },
          {
            "start": {
              "line": 255,
              "column": 12
            },
            "end": {
              "line": 261,
              "column": 13
            }
          }
        ],
        "line": 255
      },
      "22": {
        "loc": {
          "start": {
            "line": 255,
            "column": 15
          },
          "end": {
            "line": 255,
            "column": 71
          }
        },
        "type": "binary-expr",
        "locations": [
          {
            "start": {
              "line": 255,
              "column": 15
            },
            "end": {
              "line": 255,
              "column": 43
            }
          },
          {
            "start": {
              "line": 255,
              "column": 45
            },
            "end": {
              "line": 255,
              "column": 71
            }
          }
        ],
        "line": 255
      },
      "23": {
        "loc": {
          "start": {
            "line": 262,
            "column": 12
          },
          "end": {
            "line": 268,
            "column": 13
          }
        },
        "type": "if",
        "locations": [
          {
            "start": {
              "line": 262,
              "column": 12
            },
            "end": {
              "line": 268,
              "column": 13
            }
          },
          {
            "start": {
              "line": 262,
              "column": 12
            },
            "end": {
              "line": 268,
              "column": 13
            }
          }
        ],
        "line": 262
      },
      "24": {
        "loc": {
          "start": {
            "line": 269,
            "column": 12
          },
          "end": {
            "line": 275,
            "column": 13
          }
        },
        "type": "if",
        "locations": [
          {
            "start": {
              "line": 269,
              "column": 12
            },
            "end": {
              "line": 275,
              "column": 13
            }
          },
          {
            "start": {
              "line": 269,
              "column": 12
            },
            "end": {
              "line": 275,
              "column": 13
            }
          }
        ],
        "line": 269
      },
      "25": {
        "loc": {
          "start": {
            "line": 269,
            "column": 15
          },
          "end": {
            "line": 269,
            "column": 71
          }
        },
        "type": "binary-expr",
        "locations": [
          {
            "start": {
              "line": 269,
              "column": 15
            },
            "end": {
              "line": 269,
              "column": 43
            }
          },
          {
            "start": {
              "line": 269,
              "column": 45
            },
            "end": {
              "line": 269,
              "column": 71
            }
          }
        ],
        "line": 269
      },
      "26": {
        "loc": {
          "start": {
            "line": 283,
            "column": 16
          },
          "end": {
            "line": 294,
            "column": 17
          }
        },
        "type": "if",
        "locations": [
          {
            "start": {
              "line": 283,
              "column": 16
            },
            "end": {
              "line": 294,
              "column": 17
            }
          },
          {
            "start": {
              "line": 283,
              "column": 16
            },
            "end": {
              "line": 294,
              "column": 17
            }
          }
        ],
        "line": 283
      },
      "27": {
        "loc": {
          "start": {
            "line": 311,
            "column": 16
          },
          "end": {
            "line": 315,
            "column": 17
          }
        },
        "type": "if",
        "locations": [
          {
            "start": {
              "line": 311,
              "column": 16
            },
            "end": {
              "line": 315,
              "column": 17
            }
          },
          {
            "start": {
              "line": 311,
              "column": 16
            },
            "end": {
              "line": 315,
              "column": 17
            }
          }
        ],
        "line": 311
      },
      "28": {
        "loc": {
          "start": {
            "line": 323,
            "column": 12
          },
          "end": {
            "line": 329,
            "column": 13
          }
        },
        "type": "if",
        "locations": [
          {
            "start": {
              "line": 323,
              "column": 12
            },
            "end": {
              "line": 329,
              "column": 13
            }
          },
          {
            "start": {
              "line": 323,
              "column": 12
            },
            "end": {
              "line": 329,
              "column": 13
            }
          }
        ],
        "line": 323
      },
      "29": {
        "loc": {
          "start": {
            "line": 323,
            "column": 15
          },
          "end": {
            "line": 323,
            "column": 63
          }
        },
        "type": "binary-expr",
        "locations": [
          {
            "start": {
              "line": 323,
              "column": 15
            },
            "end": {
              "line": 323,
              "column": 39
            }
          },
          {
            "start": {
              "line": 323,
              "column": 41
            },
            "end": {
              "line": 323,
              "column": 63
            }
          }
        ],
        "line": 323
      },
      "30": {
        "loc": {
          "start": {
            "line": 330,
            "column": 12
          },
          "end": {
            "line": 336,
            "column": 13
          }
        },
        "type": "if",
        "locations": [
          {
            "start": {
              "line": 330,
              "column": 12
            },
            "end": {
              "line": 336,
              "column": 13
            }
          },
          {
            "start": {
              "line": 330,
              "column": 12
            },
            "end": {
              "line": 336,
              "column": 13
            }
          }
        ],
        "line": 330
      },
      "31": {
        "loc": {
          "start": {
            "line": 337,
            "column": 12
          },
          "end": {
            "line": 343,
            "column": 13
          }
        },
        "type": "if",
        "locations": [
          {
            "start": {
              "line": 337,
              "column": 12
            },
            "end": {
              "line": 343,
              "column": 13
            }
          },
          {
            "start": {
              "line": 337,
              "column": 12
            },
            "end": {
              "line": 343,
              "column": 13
            }
          }
        ],
        "line": 337
      },
      "32": {
        "loc": {
          "start": {
            "line": 344,
            "column": 12
          },
          "end": {
            "line": 350,
            "column": 13
          }
        },
        "type": "if",
        "locations": [
          {
            "start": {
              "line": 344,
              "column": 12
            },
            "end": {
              "line": 350,
              "column": 13
            }
          },
          {
            "start": {
              "line": 344,
              "column": 12
            },
            "end": {
              "line": 350,
              "column": 13
            }
          }
        ],
        "line": 344
      },
      "33": {
        "loc": {
          "start": {
            "line": 344,
            "column": 15
          },
          "end": {
            "line": 344,
            "column": 69
          }
        },
        "type": "binary-expr",
        "locations": [
          {
            "start": {
              "line": 344,
              "column": 15
            },
            "end": {
              "line": 344,
              "column": 42
            }
          },
          {
            "start": {
              "line": 344,
              "column": 44
            },
            "end": {
              "line": 344,
              "column": 69
            }
          }
        ],
        "line": 344
      },
      "34": {
        "loc": {
          "start": {
            "line": 358,
            "column": 16
          },
          "end": {
            "line": 367,
            "column": 17
          }
        },
        "type": "if",
        "locations": [
          {
            "start": {
              "line": 358,
              "column": 16
            },
            "end": {
              "line": 367,
              "column": 17
            }
          },
          {
            "start": {
              "line": 358,
              "column": 16
            },
            "end": {
              "line": 367,
              "column": 17
            }
          }
        ],
        "line": 358
      }
    },
    "s": {
      "0": 3,
      "1": 0,
      "2": 0,
      "3": 3,
      "4": 0,
      "5": 0,
      "6": 3,
      "7": 3,
      "8": 3,
      "9": 3,
      "10": 3,
      "11": 3,
      "12": 3,
      "13": 2,
      "14": 2,
      "15": 2,
      "16": 2,
      "17": 2,
      "18": 2,
      "19": 2,
      "20": 0,
      "21": 3,
      "22": 0,
      "23": 3,
      "24": 1,
      "25": 1,
      "26": 1,
      "27": 1,
      "28": 1,
      "29": 1,
      "30": 0,
      "31": 0,
      "32": 0,
      "33": 0,
      "34": 0,
      "35": 0,
      "36": 0,
      "37": 0,
      "38": 0,
      "39": 0,
      "40": 0,
      "41": 0,
      "42": 0,
      "43": 0,
      "44": 0,
      "45": 0,
      "46": 0,
      "47": 0,
      "48": 0,
      "49": 0,
      "50": 0,
      "51": 0,
      "52": 0,
      "53": 0,
      "54": 0,
      "55": 0,
      "56": 0,
      "57": 0,
      "58": 0,
      "59": 0,
      "60": 0,
      "61": 0,
      "62": 0,
      "63": 0,
      "64": 0,
      "65": 0,
      "66": 0,
      "67": 0,
      "68": 0,
      "69": 0,
      "70": 0,
      "71": 0,
      "72": 0,
      "73": 0,
      "74": 0,
      "75": 0,
      "76": 0,
      "77": 0,
      "78": 0,
      "79": 0,
      "80": 0,
      "81": 0,
      "82": 0,
      "83": 0,
      "84": 0,
      "85": 0,
      "86": 0,
      "87": 0,
      "88": 0,
      "89": 0,
      "90": 0,
      "91": 0,
      "92": 0,
      "93": 0,
      "94": 0,
      "95": 0,
      "96": 0,
      "97": 0,
      "98": 0,
      "99": 0,
      "100": 0,
      "101": 0,
      "102": 0,
      "103": 0,
      "104": 0,
      "105": 0,
      "106": 0,
      "107": 0,
      "108": 0,
      "109": 0,
      "110": 0,
      "111": 0,
      "112": 0,
      "113": 0,
      "114": 0,
      "115": 0,
      "116": 0,
      "117": 0,
      "118": 0,
      "119": 0,
      "120": 0,
      "121": 0,
      "122": 0,
      "123": 0,
      "124": 0,
      "125": 0,
      "126": 0,
      "127": 0,
      "128": 0,
      "129": 0,
      "130": 0,
      "131": 0
    },
    "f": {
      "0": 3,
      "1": 0,
      "2": 0,
      "3": 3,
      "4": 3,
      "5": 2,
      "6": 0,
      "7": 1,
      "8": 0,
      "9": 0,
      "10": 0,
      "11": 0,
      "12": 0,
      "13": 0,
      "14": 0,
      "15": 0,
      "16": 0,
      "17": 0,
      "18": 0,
      "19": 0,
      "20": 0,
      "21": 0,
      "22": 0,
      "23": 0,
      "24": 0,
      "25": 0,
      "26": 0,
      "27": 0,
      "28": 0,
      "29": 0
    },
    "b": {
      "0": [
        0,
        3
      ],
      "1": [
        3,
        3,
        3,
        3
      ],
      "2": [
        3,
        0
      ],
      "3": [
        2,
        1
      ],
      "4": [
        0,
        3
      ],
      "5": [
        1,
        2
      ],
      "6": [
        0,
        0
      ],
      "7": [
        0,
        0
      ],
      "8": [
        0,
        0
      ],
      "9": [
        0,
        0
      ],
      "10": [
        0,
        0
      ],
      "11": [
        0,
        0
      ],
      "12": [
        0,
        0
      ],
      "13": [
        0,
        0
      ],
      "14": [
        0,
        0
      ],
      "15": [
        0,
        0
      ],
      "16": [
        0,
        0
      ],
      "17": [
        0,
        0
      ],
      "18": [
        0,
        0
      ],
      "19": [
        0,
        0
      ],
      "20": [
        0,
        0
      ],
      "21": [
        0,
        0
      ],
      "22": [
        0,
        0
      ],
      "23": [
        0,
        0
      ],
      "24": [
        0,
        0
      ],
      "25": [
        0,
        0
      ],
      "26": [
        0,
        0
      ],
      "27": [
        0,
        0
      ],
      "28": [
        0,
        0
      ],
      "29": [
        0,
        0
      ],
      "30": [
        0,
        0
      ],
      "31": [
        0,
        0
      ],
      "32": [
        0,
        0
      ],
      "33": [
        0,
        0
      ],
      "34": [
        0,
        0
      ]
    },
    "_coverageSchema": "43e27e138ebf9cfc5966b082cf9a028302ed4184",
    "hash": "407a0ecefda23ce559a1a8120c4106648f5dc244"
  },
  "D:\\VUE\\JBGZ_front\\src\\views\\adminPage\\Notice.vue": {
    "path": "D:\\VUE\\JBGZ_front\\src\\views\\adminPage\\Notice.vue",
    "statementMap": {
      "0": {
        "start": {
          "line": 9,
          "column": 10
        },
        "end": {
          "line": 12,
          "column": 2
        }
      },
      "1": {
        "start": {
          "line": 17,
          "column": 8
        },
        "end": {
          "line": 30,
          "column": 9
        }
      },
      "2": {
        "start": {
          "line": 34,
          "column": 12
        },
        "end": {
          "line": 34,
          "column": 33
        }
      },
      "3": {
        "start": {
          "line": 38,
          "column": 25
        },
        "end": {
          "line": 38,
          "column": 88
        }
      },
      "4": {
        "start": {
          "line": 39,
          "column": 32
        },
        "end": {
          "line": 39,
          "column": 58
        }
      },
      "5": {
        "start": {
          "line": 40,
          "column": 26
        },
        "end": {
          "line": 40,
          "column": 48
        }
      },
      "6": {
        "start": {
          "line": 41,
          "column": 12
        },
        "end": {
          "line": 41,
          "column": 32
        }
      },
      "7": {
        "start": {
          "line": 42,
          "column": 12
        },
        "end": {
          "line": 50,
          "column": 14
        }
      },
      "8": {
        "start": {
          "line": 49,
          "column": 16
        },
        "end": {
          "line": 49,
          "column": 38
        }
      },
      "9": {
        "start": {
          "line": 51,
          "column": 12
        },
        "end": {
          "line": 51,
          "column": 92
        }
      },
      "10": {
        "start": {
          "line": 52,
          "column": 12
        },
        "end": {
          "line": 52,
          "column": 42
        }
      },
      "11": {
        "start": {
          "line": 53,
          "column": 12
        },
        "end": {
          "line": 53,
          "column": 34
        }
      },
      "12": {
        "start": {
          "line": 54,
          "column": 12
        },
        "end": {
          "line": 56,
          "column": 18
        }
      },
      "13": {
        "start": {
          "line": 55,
          "column": 16
        },
        "end": {
          "line": 55,
          "column": 48
        }
      },
      "14": {
        "start": {
          "line": 59,
          "column": 12
        },
        "end": {
          "line": 59,
          "column": 33
        }
      },
      "15": {
        "start": {
          "line": 62,
          "column": 12
        },
        "end": {
          "line": 62,
          "column": 25
        }
      },
      "16": {
        "start": {
          "line": 65,
          "column": 12
        },
        "end": {
          "line": 71,
          "column": 13
        }
      },
      "17": {
        "start": {
          "line": 66,
          "column": 16
        },
        "end": {
          "line": 69,
          "column": 18
        }
      },
      "18": {
        "start": {
          "line": 70,
          "column": 16
        },
        "end": {
          "line": 70,
          "column": 23
        }
      },
      "19": {
        "start": {
          "line": 72,
          "column": 12
        },
        "end": {
          "line": 102,
          "column": 14
        }
      },
      "20": {
        "start": {
          "line": 84,
          "column": 16
        },
        "end": {
          "line": 84,
          "column": 32
        }
      },
      "21": {
        "start": {
          "line": 85,
          "column": 16
        },
        "end": {
          "line": 97,
          "column": 17
        }
      },
      "22": {
        "start": {
          "line": 86,
          "column": 20
        },
        "end": {
          "line": 89,
          "column": 22
        }
      },
      "23": {
        "start": {
          "line": 90,
          "column": 20
        },
        "end": {
          "line": 90,
          "column": 44
        }
      },
      "24": {
        "start": {
          "line": 91,
          "column": 20
        },
        "end": {
          "line": 91,
          "column": 39
        }
      },
      "25": {
        "start": {
          "line": 93,
          "column": 20
        },
        "end": {
          "line": 96,
          "column": 22
        }
      },
      "26": {
        "start": {
          "line": 100,
          "column": 16
        },
        "end": {
          "line": 100,
          "column": 35
        }
      },
      "27": {
        "start": {
          "line": 101,
          "column": 16
        },
        "end": {
          "line": 101,
          "column": 39
        }
      },
      "28": {
        "start": {
          "line": 105,
          "column": 12
        },
        "end": {
          "line": 109,
          "column": 13
        }
      },
      "29": {
        "start": {
          "line": 106,
          "column": 16
        },
        "end": {
          "line": 106,
          "column": 35
        }
      },
      "30": {
        "start": {
          "line": 107,
          "column": 16
        },
        "end": {
          "line": 107,
          "column": 41
        }
      },
      "31": {
        "start": {
          "line": 108,
          "column": 16
        },
        "end": {
          "line": 108,
          "column": 48
        }
      },
      "32": {
        "start": {
          "line": 112,
          "column": 12
        },
        "end": {
          "line": 134,
          "column": 14
        }
      },
      "33": {
        "start": {
          "line": 117,
          "column": 16
        },
        "end": {
          "line": 117,
          "column": 32
        }
      },
      "34": {
        "start": {
          "line": 118,
          "column": 16
        },
        "end": {
          "line": 129,
          "column": 17
        }
      },
      "35": {
        "start": {
          "line": 119,
          "column": 20
        },
        "end": {
          "line": 122,
          "column": 22
        }
      },
      "36": {
        "start": {
          "line": 123,
          "column": 20
        },
        "end": {
          "line": 123,
          "column": 39
        }
      },
      "37": {
        "start": {
          "line": 125,
          "column": 20
        },
        "end": {
          "line": 128,
          "column": 22
        }
      },
      "38": {
        "start": {
          "line": 132,
          "column": 16
        },
        "end": {
          "line": 132,
          "column": 35
        }
      },
      "39": {
        "start": {
          "line": 133,
          "column": 16
        },
        "end": {
          "line": 133,
          "column": 39
        }
      },
      "40": {
        "start": {
          "line": 137,
          "column": 12
        },
        "end": {
          "line": 148,
          "column": 14
        }
      },
      "41": {
        "start": {
          "line": 147,
          "column": 16
        },
        "end": {
          "line": 147,
          "column": 36
        }
      },
      "42": {
        "start": {
          "line": 151,
          "column": 12
        },
        "end": {
          "line": 151,
          "column": 38
        }
      },
      "43": {
        "start": {
          "line": 154,
          "column": 12
        },
        "end": {
          "line": 187,
          "column": 14
        }
      },
      "44": {
        "start": {
          "line": 164,
          "column": 16
        },
        "end": {
          "line": 186,
          "column": 18
        }
      },
      "45": {
        "start": {
          "line": 169,
          "column": 20
        },
        "end": {
          "line": 169,
          "column": 36
        }
      },
      "46": {
        "start": {
          "line": 170,
          "column": 20
        },
        "end": {
          "line": 181,
          "column": 21
        }
      },
      "47": {
        "start": {
          "line": 171,
          "column": 24
        },
        "end": {
          "line": 174,
          "column": 26
        }
      },
      "48": {
        "start": {
          "line": 175,
          "column": 24
        },
        "end": {
          "line": 175,
          "column": 43
        }
      },
      "49": {
        "start": {
          "line": 177,
          "column": 24
        },
        "end": {
          "line": 180,
          "column": 26
        }
      },
      "50": {
        "start": {
          "line": 184,
          "column": 20
        },
        "end": {
          "line": 184,
          "column": 39
        }
      },
      "51": {
        "start": {
          "line": 185,
          "column": 20
        },
        "end": {
          "line": 185,
          "column": 43
        }
      },
      "52": {
        "start": {
          "line": 190,
          "column": 12
        },
        "end": {
          "line": 223,
          "column": 14
        }
      },
      "53": {
        "start": {
          "line": 200,
          "column": 16
        },
        "end": {
          "line": 222,
          "column": 18
        }
      },
      "54": {
        "start": {
          "line": 205,
          "column": 20
        },
        "end": {
          "line": 205,
          "column": 36
        }
      },
      "55": {
        "start": {
          "line": 206,
          "column": 20
        },
        "end": {
          "line": 217,
          "column": 21
        }
      },
      "56": {
        "start": {
          "line": 207,
          "column": 24
        },
        "end": {
          "line": 210,
          "column": 26
        }
      },
      "57": {
        "start": {
          "line": 211,
          "column": 24
        },
        "end": {
          "line": 211,
          "column": 43
        }
      },
      "58": {
        "start": {
          "line": 213,
          "column": 24
        },
        "end": {
          "line": 216,
          "column": 26
        }
      },
      "59": {
        "start": {
          "line": 220,
          "column": 20
        },
        "end": {
          "line": 220,
          "column": 39
        }
      },
      "60": {
        "start": {
          "line": 221,
          "column": 20
        },
        "end": {
          "line": 221,
          "column": 43
        }
      },
      "61": {
        "start": {
          "line": 227,
          "column": 8
        },
        "end": {
          "line": 243,
          "column": 10
        }
      },
      "62": {
        "start": {
          "line": 232,
          "column": 12
        },
        "end": {
          "line": 239,
          "column": 13
        }
      },
      "63": {
        "start": {
          "line": 233,
          "column": 16
        },
        "end": {
          "line": 233,
          "column": 58
        }
      },
      "64": {
        "start": {
          "line": 234,
          "column": 16
        },
        "end": {
          "line": 234,
          "column": 50
        }
      },
      "65": {
        "start": {
          "line": 235,
          "column": 16
        },
        "end": {
          "line": 235,
          "column": 52
        }
      },
      "66": {
        "start": {
          "line": 238,
          "column": 16
        },
        "end": {
          "line": 238,
          "column": 36
        }
      },
      "67": {
        "start": {
          "line": 242,
          "column": 12
        },
        "end": {
          "line": 242,
          "column": 31
        }
      }
    },
    "fnMap": {
      "0": {
        "name": "(anonymous_0)",
        "decl": {
          "start": {
            "line": 16,
            "column": 4
          },
          "end": {
            "line": 16,
            "column": 5
          }
        },
        "loc": {
          "start": {
            "line": 16,
            "column": 11
          },
          "end": {
            "line": 31,
            "column": 5
          }
        },
        "line": 16
      },
      "1": {
        "name": "(anonymous_1)",
        "decl": {
          "start": {
            "line": 33,
            "column": 8
          },
          "end": {
            "line": 33,
            "column": 9
          }
        },
        "loc": {
          "start": {
            "line": 33,
            "column": 16
          },
          "end": {
            "line": 35,
            "column": 9
          }
        },
        "line": 33
      },
      "2": {
        "name": "(anonymous_2)",
        "decl": {
          "start": {
            "line": 36,
            "column": 8
          },
          "end": {
            "line": 36,
            "column": 9
          }
        },
[...]
      },
      "27": {
        "start": {
          "line": 148,
          "column": 24
        },
        "end": {
          "line": 151,
          "column": 26
        }
      },
      "28": {
        "start": {
          "line": 152,
          "column": 24
        },
        "end": {
          "line": 152,
          "column": 43
        }
      },
      "29": {
        "start": {
          "line": 155,
          "column": 24
        },
        "end": {
          "line": 158,
          "column": 26
        }
      },
      "30": {
        "start": {
          "line": 162,
          "column": 20
        },
        "end": {
          "line": 162,
          "column": 39
        }
      },
      "31": {
        "start": {
          "line": 163,
          "column": 20
        },
        "end": {
          "line": 166,
          "column": 22
        }
      },
      "32": {
        "start": {
          "line": 172,
          "column": 8
        },
        "end": {
          "line": 187,
          "column": 10
        }
      },
      "33": {
        "start": {
          "line": 177,
          "column": 10
        },
        "end": {
          "line": 183,
          "column": 11
        }
      },
      "34": {
        "start": {
          "line": 178,
          "column": 14
        },
        "end": {
          "line": 178,
          "column": 41
        }
      },
      "35": {
        "start": {
          "line": 179,
          "column": 14
        },
        "end": {
          "line": 179,
          "column": 69
        }
      },
      "36": {
        "start": {
          "line": 182,
          "column": 12
        },
        "end": {
          "line": 182,
          "column": 39
        }
      },
      "37": {
        "start": {
          "line": 186,
          "column": 12
        },
        "end": {
          "line": 186,
          "column": 31
        }
      }
    },
    "fnMap": {
      "0": {
        "name": "(anonymous_0)",
        "decl": {
          "start": {
            "line": 11,
            "column": 4
          },
          "end": {
            "line": 11,
            "column": 5
          }
        },
        "loc": {
          "start": {
            "line": 11,
            "column": 11
          },
          "end": {
            "line": 53,
            "column": 5
          }
        },
        "line": 11
      },
      "1": {
        "name": "connectGoEasy",
        "decl": {
          "start": {
            "line": 17,
            "column": 17
          },
          "end": {
            "line": 17,
            "column": 30
          }
        },
        "loc": {
          "start": {
            "line": 17,
            "column": 33
          },
          "end": {
            "line": 31,
            "column": 9
          }
        },
        "line": 17
      },
      "2": {
        "name": "(anonymous_2)",
        "decl": {
          "start": {
            "line": 21,
            "column": 23
          },
          "end": {
            "line": 21,
            "column": 24
          }
        },
        "loc": {
          "start": {
            "line": 21,
            "column": 35
          },
          "end": {
            "line": 23,
            "column": 13
          }
        },
        "line": 21
      },
      "3": {
        "name": "(anonymous_3)",
        "decl": {
          "start": {
            "line": 24,
            "column": 22
          },
          "end": {
            "line": 24,
            "column": 23
          }
        },
        "loc": {
          "start": {
            "line": 24,
            "column": 39
          },
          "end": {
            "line": 26,
            "column": 13
          }
        },
        "line": 24
      },
      "4": {
        "name": "(anonymous_4)",
        "decl": {
          "start": {
            "line": 27,
            "column": 24
          },
          "end": {
            "line": 27,
            "column": 25
          }
        },
        "loc": {
          "start": {
            "line": 27,
            "column": 44
          },
          "end": {
            "line": 29,
            "column": 13
          }
        },
        "line": 27
      },
      "5": {
        "name": "setUnreadNumber",
        "decl": {
          "start": {
            "line": 33,
            "column": 17
          },
          "end": {
            "line": 33,
            "column": 32
          }
        },
        "loc": {
          "start": {
            "line": 33,
            "column": 42
          },
          "end": {
            "line": 36,
            "column": 9
          }
        },
        "line": 33
      },
      "6": {
        "name": "(anonymous_6)",
        "decl": {
          "start": {
            "line": 38,
            "column": 22
          },
          "end": {
            "line": 38,
            "column": 23
          }
        },
        "loc": {
          "start": {
            "line": 38,
            "column": 28
          },
          "end": {
            "line": 47,
            "column": 9
          }
        },
        "line": 38
      },
      "7": {
        "name": "(anonymous_7)",
        "decl": {
          "start": {
            "line": 54,
            "column": 4
          },
          "end": {
            "line": 54,
            "column": 5
          }
        },
        "loc": {
          "start": {
            "line": 54,
            "column": 12
          },
          "end": {
            "line": 69,
            "column": 5
          }
        },
        "line": 54
      },
      "8": {
        "name": "(anonymous_8)",
        "decl": {
          "start": {
            "line": 71,
            "column": 8
          },
          "end": {
            "line": 71,
            "column": 9
          }
        },
        "loc": {
          "start": {
            "line": 71,
            "column": 15
          },
          "end": {
            "line": 91,
            "column": 9
          }
        },
        "line": 71
      },
      "9": {
        "name": "(anonymous_9)",
        "decl": {
          "start": {
            "line": 92,
            "column": 8
          },
          "end": {
            "line": 92,
            "column": 9
          }
        },
        "loc": {
          "start": {
            "line": 92,
            "column": 21
          },
          "end": {
            "line": 104,
            "column": 9
          }
        },
        "line": 92
      },
      "10": {
        "name": "(anonymous_10)",
        "decl": {
          "start": {
            "line": 102,
            "column": 18
          },
          "end": {
            "line": 102,
            "column": 19
          }
        },
        "loc": {
          "start": {
            "line": 102,
            "column": 24
          },
          "end": {
            "line": 103,
            "column": 13
          }
        },
        "line": 102
      },
      "11": {
        "name": "(anonymous_11)",
        "decl": {
          "start": {
            "line": 105,
            "column": 8
          },
          "end": {
            "line": 105,
            "column": 9
          }
        },
        "loc": {
          "start": {
            "line": 105,
            "column": 16
          },
          "end": {
            "line": 117,
            "column": 9
          }
        },
        "line": 105
      },
      "12": {
        "name": "(anonymous_12)",
        "decl": {
          "start": {
            "line": 115,
            "column": 18
          },
          "end": {
            "line": 115,
            "column": 19
          }
        },
        "loc": {
          "start": {
            "line": 115,
            "column": 24
          },
          "end": {
            "line": 116,
            "column": 13
          }
        },
        "line": 115
      },
      "13": {
        "name": "(anonymous_13)",
        "decl": {
          "start": {
            "line": 118,
            "column": 8
          },
          "end": {
            "line": 118,
            "column": 9
          }
        },
        "loc": {
          "start": {
            "line": 118,
            "column": 18
          },
          "end": {
            "line": 130,
            "column": 9
          }
        },
        "line": 118
      },
      "14": {
        "name": "(anonymous_14)",
        "decl": {
          "start": {
            "line": 128,
            "column": 18
          },
          "end": {
            "line": 128,
            "column": 19
          }
        },
        "loc": {
          "start": {
            "line": 128,
            "column": 24
          },
          "end": {
            "line": 129,
            "column": 13
          }
        },
        "line": 128
      },
      "15": {
        "name": "(anonymous_15)",
        "decl": {
          "start": {
            "line": 131,
            "column": 8
          },
          "end": {
            "line": 131,
            "column": 9
          }
        },
        "loc": {
          "start": {
            "line": 131,
            "column": 30
          },
          "end": {
            "line": 169,
            "column": 9
          }
        },
        "line": 131
      },
      "16": {
        "name": "(anonymous_16)",
        "decl": {
          "start": {
            "line": 141,
            "column": 18
          },
          "end": {
            "line": 141,
            "column": 19
          }
        },
        "loc": {
          "start": {
            "line": 141,
            "column": 24
          },
          "end": {
            "line": 168,
            "column": 13
          }
        },
        "line": 141
      },
      "17": {
        "name": "(anonymous_17)",
        "decl": {
          "start": {
            "line": 146,
            "column": 22
          },
          "end": {
            "line": 146,
            "column": 23
          }
        },
        "loc": {
          "start": {
            "line": 146,
            "column": 29
          },
          "end": {
            "line": 160,
            "column": 17
          }
        },
        "line": 146
      },
      "18": {
        "name": "(anonymous_18)",
        "decl": {
          "start": {
            "line": 161,
            "column": 23
          },
          "end": {
            "line": 161,
            "column": 24
          }
        },
        "loc": {
          "start": {
            "line": 161,
            "column": 40
          },
          "end": {
            "line": 167,
            "column": 17
          }
        },
        "line": 161
      },
      "19": {
        "name": "(anonymous_19)",
        "decl": {
          "start": {
            "line": 171,
            "column": 4
          },
          "end": {
            "line": 171,
            "column": 5
          }
        },
        "loc": {
          "start": {
            "line": 171,
            "column": 14
          },
          "end": {
            "line": 188,
            "column": 5
          }
        },
        "line": 171
      },
      "20": {
        "name": "(anonymous_20)",
        "decl": {
          "start": {
            "line": 176,
            "column": 14
          },
          "end": {
            "line": 176,
            "column": 15
          }
        },
        "loc": {
          "start": {
            "line": 176,
            "column": 21
          },
          "end": {
            "line": 184,
            "column": 9
          }
        },
        "line": 176
      },
      "21": {
        "name": "(anonymous_21)",
        "decl": {
          "start": {
            "line": 185,
            "column": 15
          },
          "end": {
            "line": 185,
            "column": 16
          }
        },
        "loc": {
          "start": {
            "line": 185,
            "column": 32
          },
          "end": {
            "line": 187,
            "column": 9
          }
        },
        "line": 185
      }
    },
    "branchMap": {
      "0": {
        "loc": {
          "start": {
            "line": 39,
            "column": 12
          },
          "end": {
            "line": 45,
            "column": 13
          }
        },
        "type": "if",
        "locations": [
          {
            "start": {
              "line": 39,
              "column": 12
            },
            "end": {
              "line": 45,
              "column": 13
            }
          },
          {
            "start": {
              "line": 39,
              "column": 12
            },
            "end": {
              "line": 45,
              "column": 13
            }
          }
        ],
        "line": 39
      },
      "1": {
        "loc": {
          "start": {
            "line": 72,
            "column": 12
          },
          "end": {
            "line": 78,
            "column": 13
          }
        },
        "type": "if",
        "locations": [
          {
            "start": {
              "line": 72,
              "column": 12
            },
            "end": {
              "line": 78,
              "column": 13
            }
          },
          {
            "start": {
              "line": 72,
              "column": 12
            },
            "end": {
              "line": 78,
              "column": 13
            }
          }
        ],
        "line": 72
      },
      "2": {
        "loc": {
          "start": {
            "line": 72,
            "column": 15
          },
          "end": {
            "line": 72,
            "column": 76
          }
        },
        "type": "binary-expr",
        "locations": [
          {
            "start": {
              "line": 72,
              "column": 15
            },
            "end": {
              "line": 72,
              "column": 46
            }
          },
          {
            "start": {
              "line": 72,
              "column": 48
            },
            "end": {
              "line": 72,
              "column": 76
            }
          }
        ],
        "line": 72
      },
      "3": {
        "loc": {
          "start": {
            "line": 147,
            "column": 20
          },
          "end": {
            "line": 159,
            "column": 21
          }
        },
        "type": "if",
        "locations": [
          {
            "start": {
              "line": 147,
              "column": 20
            },
            "end": {
              "line": 159,
              "column": 21
            }
          },
          {
            "start": {
              "line": 147,
              "column": 20
            },
            "end": {
              "line": 159,
              "column": 21
            }
          }
        ],
        "line": 147
      },
      "4": {
        "loc": {
          "start": {
            "line": 177,
            "column": 10
          },
          "end": {
            "line": 183,
            "column": 11
          }
        },
        "type": "if",
        "locations": [
          {
            "start": {
              "line": 177,
              "column": 10
            },
            "end": {
              "line": 183,
              "column": 11
            }
          },
          {
            "start": {
              "line": 177,
              "column": 10
            },
            "end": {
              "line": 183,
              "column": 11
            }
          }
        ],
        "line": 177
      }
    },
    "s": {
      "0": 1,
      "1": 1,
      "2": 1,
      "3": 1,
      "4": 1,
      "5": 0,
      "6": 1,
      "7": 2,
      "8": 2,
      "9": 1,
      "10": 1,
      "11": 1,
      "12": 0,
      "13": 0,
      "14": 1,
      "15": 1,
      "16": 1,
      "17": 0,
      "18": 0,
      "19": 0,
      "20": 0,
      "21": 0,
      "22": 0,
      "23": 0,
      "24": 0,
      "25": 0,
      "26": 0,
      "27": 0,
      "28": 0,
      "29": 0,
      "30": 0,
      "31": 0,
      "32": 1,
      "33": 1,
      "34": 1,
      "35": 1,
      "36": 0,
      "37": 0
    },
    "f": {
      "0": 1,
      "1": 1,
      "2": 1,
      "3": 0,
      "4": 1,
      "5": 2,
      "6": 1,
      "7": 1,
      "8": 0,
      "9": 0,
      "10": 0,
      "11": 0,
      "12": 0,
      "13": 0,
      "14": 0,
      "15": 0,
      "16": 0,
      "17": 0,
      "18": 0,
      "19": 1,
      "20": 1,
      "21": 0
    },
    "b": {
      "0": [
        1,
        0
      ],
      "1": [
        0,
        0
      ],
      "2": [
        0,
        0
      ],
      "3": [
        0,
        0
      ],
      "4": [
        1,
        0
      ]
    },
    "_coverageSchema": "43e27e138ebf9cfc5966b082cf9a028302ed4184",
    "hash": "9deb1238c6f124db24f778b928f52f5d467d5768"
  },
  "D:\\VUE\\JBGZ_front\\src\\router\\index.js": {
    "path": "D:\\VUE\\JBGZ_front\\src\\router\\index.js",
    "statementMap": {
      "0": {
        "start": {
          "line": 34,
          "column": 15
        },
        "end": {
          "line": 187,
          "column": 1
        }
      },
      "1": {
        "start": {
          "line": 189,
          "column": 15
        },
        "end": {
          "line": 192,
          "column": 2
        }
      }
    },
    "fnMap": {},
    "branchMap": {},
    "s": {
      "0": 3,
      "1": 3
    },
    "f": {},
    "b": {},
    "_coverageSchema": "43e27e138ebf9cfc5966b082cf9a028302ed4184",
    "hash": "ddcfba634e3cab3ee3a67d49f9c451c16742c954"
  },
  "D:\\VUE\\JBGZ_front\\src\\main.js": {
    "path": "D:\\VUE\\JBGZ_front\\src\\main.js",
    "statementMap": {
      "0": {
        "start": {
          "line": 8,
          "column": 15
        },
        "end": {
          "line": 12,
          "column": 2
        }
      },
      "1": {
        "start": {
          "line": 14,
          "column": 12
        },
        "end": {
          "line": 14,
          "column": 26
        }
      },
      "2": {
        "start": {
          "line": 15,
          "column": 0
        },
        "end": {
          "line": 17,
          "column": 1
        }
      },
      "3": {
        "start": {
          "line": 16,
          "column": 2
        },
        "end": {
          "line": 16,
          "column": 31
        }
      },
      "4": {
        "start": {
          "line": 18,
          "column": 0
        },
        "end": {
          "line": 18,
          "column": 42
        }
      },
      "5": {
        "start": {
          "line": 19,
          "column": 0
        },
        "end": {
          "line": 19,
          "column": 30
        }
      },
      "6": {
        "start": {
          "line": 20,
          "column": 0
        },
        "end": {
          "line": 20,
          "column": 30
        }
      },
      "7": {
        "start": {
          "line": 21,
          "column": 0
        },
        "end": {
          "line": 21,
          "column": 29
        }
      }
    },
    "fnMap": {},
    "branchMap": {},
    "s": {
      "0": 3,
      "1": 3,
      "2": 3,
      "3": 879,
      "4": 3,
      "5": 3,
      "6": 3,
      "7": 3
    },
    "f": {},
    "b": {},
    "_coverageSchema": "43e27e138ebf9cfc5966b082cf9a028302ed4184",
    "hash": "43abecab36a814424c2736e2c11c92b6feca0b76"
  },
  "D:/VUE/JBGZ_front/src/api/restapi.js": {
    "path": "D:/VUE/JBGZ_front/src/api/restapi.js",
    "statementMap": {},
    "fnMap": {},
    "branchMap": {},
    "s": {},
    "f": {},
    "b": {}
  },
  "D:/VUE/JBGZ_front/src/assets/iconfont/iconfont.js": {
    "path": "D:/VUE/JBGZ_front/src/assets/iconfont/iconfont.js",
    "statementMap": {},
    "fnMap": {},
    "branchMap": {},
    "s": {},
    "f": {},
    "b": {}
  },
  "D:/VUE/JBGZ_front/src/views/adminPage/Notification.vue": {
    "path": "D:/VUE/JBGZ_front/src/views/adminPage/Notification.vue",
    "statementMap": {},
    "fnMap": {},
    "branchMap": {},
    "s": {},
    "f": {},
    "b": {}
  }
}
