{"total": {"lines":{"total":1694,"covered":107,"skipped":0,"pct":6.31},"statements":{"total":1712,"covered":114,"skipped":0,"pct":6.65},"functions":{"total":628,"covered":22,"skipped":0,"pct":3.5},"branches":{"total":602,"covered":20,"skipped":0,"pct":3.32},"branchesTrue":{"total":0,"covered":0,"skipped":0,"pct":100}}
,"E:\\大三下\\软件测试\\兼饼果职\\JBGZ_front_5_10_13\\JBGZ_front\\src\\App.vue": {"lines":{"total":2,"covered":2,"skipped":0,"pct":100},"functions":{"total":1,"covered":1,"skipped":0,"pct":100},"statements":{"total":2,"covered":2,"skipped":0,"pct":100},"branches":{"total":0,"covered":0,"skipped":0,"pct":100}}
,"E:\\大三下\\软件测试\\兼饼果职\\JBGZ_front_5_10_13\\JBGZ_front\\src\\main.js": {"lines":{"total":8,"covered":8,"skipped":0,"pct":100},"functions":{"total":0,"covered":0,"skipped":0,"pct":100},"statements":{"total":8,"covered":8,"skipped":0,"pct":100},"branches":{"total":0,"covered":0,"skipped":0,"pct":100}}
,"E:/大三下/软件测试/兼饼果职/JBGZ_front_5_10_13/JBGZ_front/src/api/restapi.js": {"lines":{"total":0,"covered":0,"skipped":0,"pct":0},"functions":{"total":0,"covered":0,"skipped":0,"pct":0},"statements":{"total":0,"covered":0,"skipped":0,"pct":0},"branches":{"total":0,"covered":0,"skipped":0,"pct":0}}
,"E:/大三下/软件测试/兼饼果职/JBGZ_front_5_10_13/JBGZ_front/src/assets/iconfont/iconfont.js": {"lines":{"total":0,"covered":0,"skipped":0,"pct":0},"functions":{"total":0,"covered":0,"skipped":0,"pct":0},"statements":{"total":0,"covered":0,"skipped":0,"pct":0},"branches":{"total":0,"covered":0,"skipped":0,"pct":0}}
,"E:\\大三下\\软件测试\\兼饼果职\\JBGZ_front_5_10_13\\JBGZ_front\\src\\components\\Conversations.vue": {"lines":{"total":40,"covered":0,"skipped":0,"pct":0},"functions":{"total":18,"covered":0,"skipped":0,"pct":0},"statements":{"total":40,"covered":0,"skipped":0,"pct":0},"branches":{"total":8,"covered":0,"skipped":0,"pct":0}}
,"E:\\大三下\\软件测试\\兼饼果职\\JBGZ_front_5_10_13\\JBGZ_front\\src\\components\\GaodeMap.vue": {"lines":{"total":20,"covered":1,"skipped":0,"pct":5},"functions":{"total":9,"covered":0,"skipped":0,"pct":0},"statements":{"total":20,"covered":1,"skipped":0,"pct":5},"branches":{"total":0,"covered":0,"skipped":0,"pct":100}}
,"E:\\大三下\\软件测试\\兼饼果职\\JBGZ_front_5_10_13\\JBGZ_front\\src\\components\\GaodeMapforJobDetail.vue": {"lines":{"total":7,"covered":1,"skipped":0,"pct":14.28},"functions":{"total":5,"covered":0,"skipped":0,"pct":0},"statements":{"total":7,"covered":1,"skipped":0,"pct":14.28},"branches":{"total":0,"covered":0,"skipped":0,"pct":100}}
,"E:\\大三下\\软件测试\\兼饼果职\\JBGZ_front_5_10_13\\JBGZ_front\\src\\components\\Nav.vue": {"lines":{"total":11,"covered":0,"skipped":0,"pct":0},"functions":{"total":6,"covered":0,"skipped":0,"pct":0},"statements":{"total":11,"covered":0,"skipped":0,"pct":0},"branches":{"total":4,"covered":0,"skipped":0,"pct":0}}
,"E:\\大三下\\软件测试\\兼饼果职\\JBGZ_front_5_10_13\\JBGZ_front\\src\\components\\PrivateChat.vue": {"lines":{"total":206,"covered":51,"skipped":0,"pct":24.75},"functions":{"total":68,"covered":7,"skipped":0,"pct":10.29},"statements":{"total":213,"covered":58,"skipped":0,"pct":27.23},"branches":{"total":109,"covered":0,"skipped":0,"pct":0}}
,"E:\\大三下\\软件测试\\兼饼果职\\JBGZ_front_5_10_13\\JBGZ_front\\src\\components\\RecruiterNav.vue": {"lines":{"total":5,"covered":0,"skipped":0,"pct":0},"functions":{"total":4,"covered":0,"skipped":0,"pct":0},"statements":{"total":5,"covered":0,"skipped":0,"pct":0},"branches":{"total":0,"covered":0,"skipped":0,"pct":100}}
,"E:\\大三下\\软件测试\\兼饼果职\\JBGZ_front_5_10_13\\JBGZ_front\\src\\components\\companyNav.vue": {"lines":{"total":5,"covered":0,"skipped":0,"pct":0},"functions":{"total":4,"covered":0,"skipped":0,"pct":0},"statements":{"total":5,"covered":0,"skipped":0,"pct":0},"branches":{"total":0,"covered":0,"skipped":0,"pct":100}}
,"E:\\大三下\\软件测试\\兼饼果职\\JBGZ_front_5_10_13\\JBGZ_front\\src\\components\\personNav.vue": {"lines":{"total":5,"covered":0,"skipped":0,"pct":0},"functions":{"total":4,"covered":0,"skipped":0,"pct":0},"statements":{"total":5,"covered":0,"skipped":0,"pct":0},"branches":{"total":0,"covered":0,"skipped":0,"pct":100}}
,"E:\\大三下\\软件测试\\兼饼果职\\JBGZ_front_5_10_13\\JBGZ_front\\src\\router\\index.js": {"lines":{"total":2,"covered":2,"skipped":0,"pct":100},"functions":{"total":0,"covered":0,"skipped":0,"pct":100},"statements":{"total":2,"covered":2,"skipped":0,"pct":100},"branches":{"total":0,"covered":0,"skipped":0,"pct":100}}
,"E:\\大三下\\软件测试\\兼饼果职\\JBGZ_front_5_10_13\\JBGZ_front\\src\\utils\\EmojiDecoder.js": {"lines":{"total":11,"covered":0,"skipped":0,"pct":0},"functions":{"total":3,"covered":0,"skipped":0,"pct":0},"statements":{"total":11,"covered":0,"skipped":0,"pct":0},"branches":{"total":8,"covered":0,"skipped":0,"pct":0}}
,"E:\\大三下\\软件测试\\兼饼果职\\JBGZ_front_5_10_13\\JBGZ_front\\src\\utils\\utils.js": {"lines":{"total":29,"covered":0,"skipped":0,"pct":0},"functions":{"total":2,"covered":0,"skipped":0,"pct":0},"statements":{"total":29,"covered":0,"skipped":0,"pct":0},"branches":{"total":16,"covered":0,"skipped":0,"pct":0}}
,"E:\\大三下\\软件测试\\兼饼果职\\JBGZ_front_5_10_13\\JBGZ_front\\src\\views\\Login.vue": {"lines":{"total":130,"covered":12,"skipped":0,"pct":9.23},"functions":{"total":30,"covered":3,"skipped":0,"pct":10},"statements":{"total":131,"covered":12,"skipped":0,"pct":9.16},"branches":{"total":72,"covered":9,"skipped":0,"pct":12.5}}
,"E:\\大三下\\软件测试\\兼饼果职\\JBGZ_front_5_10_13\\JBGZ_front\\src\\views\\adminPage\\CompanyAuthentication.vue": {"lines":{"total":57,"covered":0,"skipped":0,"pct":0},"functions":{"total":19,"covered":0,"skipped":0,"pct":0},"statements":{"total":57,"covered":0,"skipped":0,"pct":0},"branches":{"total":30,"covered":0,"skipped":0,"pct":0}}
,"E:\\大三下\\软件测试\\兼饼果职\\JBGZ_front_5_10_13\\JBGZ_front\\src\\views\\adminPage\\Job.vue": {"lines":{"total":32,"covered":0,"skipped":0,"pct":0},"functions":{"total":15,"covered":0,"skipped":0,"pct":0},"statements":{"total":32,"covered":0,"skipped":0,"pct":0},"branches":{"total":8,"covered":0,"skipped":0,"pct":0}}
,"E:\\大三下\\软件测试\\兼饼果职\\JBGZ_front_5_10_13\\JBGZ_front\\src\\views\\adminPage\\JobReport.vue": {"lines":{"total":47,"covered":0,"skipped":0,"pct":0},"functions":{"total":19,"covered":0,"skipped":0,"pct":0},"statements":{"total":47,"covered":0,"skipped":0,"pct":0},"branches":{"total":16,"covered":0,"skipped":0,"pct":0}}
,"E:\\大三下\\软件测试\\兼饼果职\\JBGZ_front_5_10_13\\JBGZ_front\\src\\views\\adminPage\\JobType.vue": {"lines":{"total":38,"covered":0,"skipped":0,"pct":0},"functions":{"total":17,"covered":0,"skipped":0,"pct":0},"statements":{"total":38,"covered":0,"skipped":0,"pct":0},"branches":{"total":14,"covered":0,"skipped":0,"pct":0}}
,"E:\\大三下\\软件测试\\兼饼果职\\JBGZ_front_5_10_13\\JBGZ_front\\src\\views\\adminPage\\Notice.vue": {"lines":{"total":68,"covered":14,"skipped":0,"pct":20.58},"functions":{"total":28,"covered":7,"skipped":0,"pct":25},"statements":{"total":68,"covered":14,"skipped":0,"pct":20.58},"branches":{"total":17,"covered":2,"skipped":0,"pct":11.76}}
,"E:/大三下/软件测试/兼饼果职/JBGZ_front_5_10_13/JBGZ_front/src/views/adminPage/Notification.vue": {"lines":{"total":0,"covered":0,"skipped":0,"pct":0},"functions":{"total":0,"covered":0,"skipped":0,"pct":0},"statements":{"total":0,"covered":0,"skipped":0,"pct":0},"branches":{"total":0,"covered":0,"skipped":0,"pct":0}}
,"E:\\大三下\\软件测试\\兼饼果职\\JBGZ_front_5_10_13\\JBGZ_front\\src\\views\\adminPage\\Order.vue": {"lines":{"total":63,"covered":0,"skipped":0,"pct":0},"functions":{"total":22,"covered":0,"skipped":0,"pct":0},"statements":{"total":63,"covered":0,"skipped":0,"pct":0},"branches":{"total":34,"covered":0,"skipped":0,"pct":0}}
,"E:\\大三下\\软件测试\\兼饼果职\\JBGZ_front_5_10_13\\JBGZ_front\\src\\views\\adminPage\\PersonAuthentication.vue": {"lines":{"total":57,"covered":12,"skipped":0,"pct":21.05},"functions":{"total":19,"covered":4,"skipped":0,"pct":21.05},"statements":{"total":57,"covered":12,"skipped":0,"pct":21.05},"branches":{"total":30,"covered":9,"skipped":0,"pct":30}}
,"E:\\大三下\\软件测试\\兼饼果职\\JBGZ_front_5_10_13\\JBGZ_front\\src\\views\\jobhunterPage\\HomeView.vue": {"lines":{"total":17,"covered":0,"skipped":0,"pct":0},"functions":{"total":8,"covered":0,"skipped":0,"pct":0},"statements":{"total":17,"covered":0,"skipped":0,"pct":0},"branches":{"total":2,"covered":0,"skipped":0,"pct":0}}
,"E:\\大三下\\软件测试\\兼饼果职\\JBGZ_front_5_10_13\\JBGZ_front\\src\\views\\jobhunterPage\\Job.vue": {"lines":{"total":28,"covered":0,"skipped":0,"pct":0},"functions":{"total":14,"covered":0,"skipped":0,"pct":0},"statements":{"total":29,"covered":0,"skipped":0,"pct":0},"branches":{"total":2,"covered":0,"skipped":0,"pct":0}}
,"E:\\大三下\\软件测试\\兼饼果职\\JBGZ_front_5_10_13\\JBGZ_front\\src\\views\\jobhunterPage\\JobDetail.vue": {"lines":{"total":101,"covered":0,"skipped":0,"pct":0},"functions":{"total":35,"covered":0,"skipped":0,"pct":0},"statements":{"total":102,"covered":0,"skipped":0,"pct":0},"branches":{"total":47,"covered":0,"skipped":0,"pct":0}}
,"E:\\大三下\\软件测试\\兼饼果职\\JBGZ_front_5_10_13\\JBGZ_front\\src\\views\\jobhunterPage\\person\\Authen.vue": {"lines":{"total":40,"covered":1,"skipped":0,"pct":2.5},"functions":{"total":13,"covered":0,"skipped":0,"pct":0},"statements":{"total":40,"covered":1,"skipped":0,"pct":2.5},"branches":{"total":9,"covered":0,"skipped":0,"pct":0}}
,"E:\\大三下\\软件测试\\兼饼果职\\JBGZ_front_5_10_13\\JBGZ_front\\src\\views\\jobhunterPage\\person\\Favorites.vue": {"lines":{"total":75,"covered":0,"skipped":0,"pct":0},"functions":{"total":28,"covered":0,"skipped":0,"pct":0},"statements":{"total":75,"covered":0,"skipped":0,"pct":0},"branches":{"total":32,"covered":0,"skipped":0,"pct":0}}
,"E:\\大三下\\软件测试\\兼饼果职\\JBGZ_front_5_10_13\\JBGZ_front\\src\\views\\jobhunterPage\\person\\Message.vue": {"lines":{"total":38,"covered":0,"skipped":0,"pct":0},"functions":{"total":22,"covered":0,"skipped":0,"pct":0},"statements":{"total":38,"covered":0,"skipped":0,"pct":0},"branches":{"total":10,"covered":0,"skipped":0,"pct":0}}
,"E:\\大三下\\软件测试\\兼饼果职\\JBGZ_front_5_10_13\\JBGZ_front\\src\\views\\jobhunterPage\\person\\Order.vue": {"lines":{"total":60,"covered":0,"skipped":0,"pct":0},"functions":{"total":27,"covered":0,"skipped":0,"pct":0},"statements":{"total":60,"covered":0,"skipped":0,"pct":0},"branches":{"total":20,"covered":0,"skipped":0,"pct":0}}
,"E:\\大三下\\软件测试\\兼饼果职\\JBGZ_front_5_10_13\\JBGZ_front\\src\\views\\jobhunterPage\\person\\PersonInfo.vue": {"lines":{"total":77,"covered":1,"skipped":0,"pct":1.29},"functions":{"total":25,"covered":0,"skipped":0,"pct":0},"statements":{"total":78,"covered":1,"skipped":0,"pct":1.28},"branches":{"total":20,"covered":0,"skipped":0,"pct":0}}
,"E:\\大三下\\软件测试\\兼饼果职\\JBGZ_front_5_10_13\\JBGZ_front\\src\\views\\recruiterPage\\HomeView.vue": {"lines":{"total":9,"covered":0,"skipped":0,"pct":0},"functions":{"total":5,"covered":0,"skipped":0,"pct":0},"statements":{"total":9,"covered":0,"skipped":0,"pct":0},"branches":{"total":2,"covered":0,"skipped":0,"pct":0}}
,"E:\\大三下\\软件测试\\兼饼果职\\JBGZ_front_5_10_13\\JBGZ_front\\src\\views\\recruiterPage\\JobDetail.vue": {"lines":{"total":116,"covered":0,"skipped":0,"pct":0},"functions":{"total":48,"covered":0,"skipped":0,"pct":0},"statements":{"total":116,"covered":0,"skipped":0,"pct":0},"branches":{"total":24,"covered":0,"skipped":0,"pct":0}}
,"E:\\大三下\\软件测试\\兼饼果职\\JBGZ_front_5_10_13\\JBGZ_front\\src\\views\\recruiterPage\\JobManage.vue": {"lines":{"total":20,"covered":0,"skipped":0,"pct":0},"functions":{"total":11,"covered":0,"skipped":0,"pct":0},"statements":{"total":20,"covered":0,"skipped":0,"pct":0},"branches":{"total":2,"covered":0,"skipped":0,"pct":0}}
,"E:\\大三下\\软件测试\\兼饼果职\\JBGZ_front_5_10_13\\JBGZ_front\\src\\views\\recruiterPage\\UpJob.vue": {"lines":{"total":44,"covered":0,"skipped":0,"pct":0},"functions":{"total":19,"covered":0,"skipped":0,"pct":0},"statements":{"total":47,"covered":0,"skipped":0,"pct":0},"branches":{"total":12,"covered":0,"skipped":0,"pct":0}}
,"E:\\大三下\\软件测试\\兼饼果职\\JBGZ_front_5_10_13\\JBGZ_front\\src\\views\\recruiterPage\\company\\Authen.vue": {"lines":{"total":35,"covered":1,"skipped":0,"pct":2.85},"functions":{"total":12,"covered":0,"skipped":0,"pct":0},"statements":{"total":35,"covered":1,"skipped":0,"pct":2.85},"branches":{"total":10,"covered":0,"skipped":0,"pct":0}}
,"E:\\大三下\\软件测试\\兼饼果职\\JBGZ_front_5_10_13\\JBGZ_front\\src\\views\\recruiterPage\\company\\CompanyInfo.vue": {"lines":{"total":76,"covered":1,"skipped":0,"pct":1.31},"functions":{"total":25,"covered":0,"skipped":0,"pct":0},"statements":{"total":77,"covered":1,"skipped":0,"pct":1.29},"branches":{"total":20,"covered":0,"skipped":0,"pct":0}}
,"E:\\大三下\\软件测试\\兼饼果职\\JBGZ_front_5_10_13\\JBGZ_front\\src\\views\\recruiterPage\\company\\Draft.vue": {"lines":{"total":77,"covered":0,"skipped":0,"pct":0},"functions":{"total":21,"covered":0,"skipped":0,"pct":0},"statements":{"total":80,"covered":0,"skipped":0,"pct":0},"branches":{"total":14,"covered":0,"skipped":0,"pct":0}}
,"E:\\大三下\\软件测试\\兼饼果职\\JBGZ_front_5_10_13\\JBGZ_front\\src\\views\\recruiterPage\\company\\Message.vue": {"lines":{"total":38,"covered":0,"skipped":0,"pct":0},"functions":{"total":22,"covered":0,"skipped":0,"pct":0},"statements":{"total":38,"covered":0,"skipped":0,"pct":0},"branches":{"total":10,"covered":0,"skipped":0,"pct":0}}
}
