{"total": {"lines":{"total":1694,"covered":834,"skipped":0,"pct":49.23},"statements":{"total":1712,"covered":841,"skipped":0,"pct":49.12},"functions":{"total":628,"covered":293,"skipped":0,"pct":46.65},"branches":{"total":602,"covered":260,"skipped":0,"pct":43.18},"branchesTrue":{"total":0,"covered":0,"skipped":0,"pct":100}}
,"D:\\VUE\\JBGZ_front\\src\\App.vue": {"lines":{"total":2,"covered":2,"skipped":0,"pct":100},"functions":{"total":1,"covered":1,"skipped":0,"pct":100},"statements":{"total":2,"covered":2,"skipped":0,"pct":100},"branches":{"total":0,"covered":0,"skipped":0,"pct":100}}
,"D:\\VUE\\JBGZ_front\\src\\main.js": {"lines":{"total":8,"covered":8,"skipped":0,"pct":100},"functions":{"total":0,"covered":0,"skipped":0,"pct":100},"statements":{"total":8,"covered":8,"skipped":0,"pct":100},"branches":{"total":0,"covered":0,"skipped":0,"pct":100}}
,"D:/VUE/JBGZ_front/src/api/restapi.js": {"lines":{"total":0,"covered":0,"skipped":0,"pct":0},"functions":{"total":0,"covered":0,"skipped":0,"pct":0},"statements":{"total":0,"covered":0,"skipped":0,"pct":0},"branches":{"total":0,"covered":0,"skipped":0,"pct":0}}
,"D:/VUE/JBGZ_front/src/assets/iconfont/iconfont.js": {"lines":{"total":0,"covered":0,"skipped":0,"pct":0},"functions":{"total":0,"covered":0,"skipped":0,"pct":0},"statements":{"total":0,"covered":0,"skipped":0,"pct":0},"branches":{"total":0,"covered":0,"skipped":0,"pct":0}}
,"D:\\VUE\\JBGZ_front\\src\\components\\Conversations.vue": {"lines":{"total":40,"covered":24,"skipped":0,"pct":60},"functions":{"total":18,"covered":9,"skipped":0,"pct":50},"statements":{"total":40,"covered":24,"skipped":0,"pct":60},"branches":{"total":8,"covered":3,"skipped":0,"pct":37.5}}
,"D:\\VUE\\JBGZ_front\\src\\components\\GaodeMap.vue": {"lines":{"total":20,"covered":1,"skipped":0,"pct":5},"functions":{"total":9,"covered":0,"skipped":0,"pct":0},"statements":{"total":20,"covered":1,"skipped":0,"pct":5},"branches":{"total":0,"covered":0,"skipped":0,"pct":100}}
,"D:\\VUE\\JBGZ_front\\src\\components\\GaodeMapforJobDetail.vue": {"lines":{"total":7,"covered":1,"skipped":0,"pct":14.28},"functions":{"total":5,"covered":0,"skipped":0,"pct":0},"statements":{"total":7,"covered":1,"skipped":0,"pct":14.28},"branches":{"total":0,"covered":0,"skipped":0,"pct":100}}
,"D:\\VUE\\JBGZ_front\\src\\components\\Nav.vue": {"lines":{"total":11,"covered":6,"skipped":0,"pct":54.54},"functions":{"total":6,"covered":3,"skipped":0,"pct":50},"statements":{"total":11,"covered":6,"skipped":0,"pct":54.54},"branches":{"total":4,"covered":2,"skipped":0,"pct":50}}
,"D:\\VUE\\JBGZ_front\\src\\components\\PrivateChat.vue": {"lines":{"total":206,"covered":112,"skipped":0,"pct":54.36},"functions":{"total":68,"covered":24,"skipped":0,"pct":35.29},"statements":{"total":213,"covered":119,"skipped":0,"pct":55.86},"branches":{"total":109,"covered":42,"skipped":0,"pct":38.53}}
,"D:\\VUE\\JBGZ_front\\src\\components\\RecruiterNav.vue": {"lines":{"total":5,"covered":4,"skipped":0,"pct":80},"functions":{"total":4,"covered":3,"skipped":0,"pct":75},"statements":{"total":5,"covered":4,"skipped":0,"pct":80},"branches":{"total":0,"covered":0,"skipped":0,"pct":100}}
,"D:\\VUE\\JBGZ_front\\src\\components\\companyNav.vue": {"lines":{"total":5,"covered":4,"skipped":0,"pct":80},"functions":{"total":4,"covered":3,"skipped":0,"pct":75},"statements":{"total":5,"covered":4,"skipped":0,"pct":80},"branches":{"total":0,"covered":0,"skipped":0,"pct":100}}
,"D:\\VUE\\JBGZ_front\\src\\components\\personNav.vue": {"lines":{"total":5,"covered":4,"skipped":0,"pct":80},"functions":{"total":4,"covered":3,"skipped":0,"pct":75},"statements":{"total":5,"covered":4,"skipped":0,"pct":80},"branches":{"total":0,"covered":0,"skipped":0,"pct":100}}
,"D:\\VUE\\JBGZ_front\\src\\router\\index.js": {"lines":{"total":2,"covered":2,"skipped":0,"pct":100},"functions":{"total":0,"covered":0,"skipped":0,"pct":100},"statements":{"total":2,"covered":2,"skipped":0,"pct":100},"branches":{"total":0,"covered":0,"skipped":0,"pct":100}}
,"D:\\VUE\\JBGZ_front\\src\\utils\\EmojiDecoder.js": {"lines":{"total":11,"covered":10,"skipped":0,"pct":90.9},"functions":{"total":3,"covered":2,"skipped":0,"pct":66.66},"statements":{"total":11,"covered":10,"skipped":0,"pct":90.9},"branches":{"total":8,"covered":3,"skipped":0,"pct":37.5}}
,"D:\\VUE\\JBGZ_front\\src\\utils\\utils.js": {"lines":{"total":29,"covered":10,"skipped":0,"pct":34.48},"functions":{"total":2,"covered":1,"skipped":0,"pct":50},"statements":{"total":29,"covered":10,"skipped":0,"pct":34.48},"branches":{"total":16,"covered":5,"skipped":0,"pct":31.25}}
,"D:\\VUE\\JBGZ_front\\src\\views\\Login.vue": {"lines":{"total":130,"covered":60,"skipped":0,"pct":46.15},"functions":{"total":30,"covered":14,"skipped":0,"pct":46.66},"statements":{"total":131,"covered":60,"skipped":0,"pct":45.8},"branches":{"total":72,"covered":31,"skipped":0,"pct":43.05}}
,"D:\\VUE\\JBGZ_front\\src\\views\\adminPage\\CompanyAuthentication.vue": {"lines":{"total":57,"covered":35,"skipped":0,"pct":61.4},"functions":{"total":19,"covered":12,"skipped":0,"pct":63.15},"statements":{"total":57,"covered":35,"skipped":0,"pct":61.4},"branches":{"total":30,"covered":15,"skipped":0,"pct":50}}
,"D:\\VUE\\JBGZ_front\\src\\views\\adminPage\\Job.vue": {"lines":{"total":32,"covered":12,"skipped":0,"pct":37.5},"functions":{"total":15,"covered":6,"skipped":0,"pct":40},"statements":{"total":32,"covered":12,"skipped":0,"pct":37.5},"branches":{"total":8,"covered":2,"skipped":0,"pct":25}}
,"D:\\VUE\\JBGZ_front\\src\\views\\adminPage\\JobReport.vue": {"lines":{"total":47,"covered":18,"skipped":0,"pct":38.29},"functions":{"total":19,"covered":8,"skipped":0,"pct":42.1},"statements":{"total":47,"covered":18,"skipped":0,"pct":38.29},"branches":{"total":16,"covered":6,"skipped":0,"pct":37.5}}
,"D:\\VUE\\JBGZ_front\\src\\views\\adminPage\\JobType.vue": {"lines":{"total":38,"covered":24,"skipped":0,"pct":63.15},"functions":{"total":17,"covered":12,"skipped":0,"pct":70.58},"statements":{"total":38,"covered":24,"skipped":0,"pct":63.15},"branches":{"total":14,"covered":8,"skipped":0,"pct":57.14}}
,"D:\\VUE\\JBGZ_front\\src\\views\\adminPage\\Notice.vue": {"lines":{"total":68,"covered":15,"skipped":0,"pct":22.05},"functions":{"total":28,"covered":8,"skipped":0,"pct":28.57},"statements":{"total":68,"covered":15,"skipped":0,"pct":22.05},"branches":{"total":17,"covered":2,"skipped":0,"pct":11.76}}
,"D:/VUE/JBGZ_front/src/views/adminPage/Notification.vue": {"lines":{"total":0,"covered":0,"skipped":0,"pct":0},"functions":{"total":0,"covered":0,"skipped":0,"pct":0},"statements":{"total":0,"covered":0,"skipped":0,"pct":0},"branches":{"total":0,"covered":0,"skipped":0,"pct":0}}
,"D:\\VUE\\JBGZ_front\\src\\views\\adminPage\\Order.vue": {"lines":{"total":63,"covered":35,"skipped":0,"pct":55.55},"functions":{"total":22,"covered":10,"skipped":0,"pct":45.45},"statements":{"total":63,"covered":35,"skipped":0,"pct":55.55},"branches":{"total":34,"covered":24,"skipped":0,"pct":70.58}}
,"D:\\VUE\\JBGZ_front\\src\\views\\adminPage\\PersonAuthentication.vue": {"lines":{"total":57,"covered":36,"skipped":0,"pct":63.15},"functions":{"total":19,"covered":12,"skipped":0,"pct":63.15},"statements":{"total":57,"covered":36,"skipped":0,"pct":63.15},"branches":{"total":30,"covered":16,"skipped":0,"pct":53.33}}
,"D:\\VUE\\JBGZ_front\\src\\views\\jobhunterPage\\HomeView.vue": {"lines":{"total":17,"covered":10,"skipped":0,"pct":58.82},"functions":{"total":8,"covered":4,"skipped":0,"pct":50},"statements":{"total":17,"covered":10,"skipped":0,"pct":58.82},"branches":{"total":2,"covered":1,"skipped":0,"pct":50}}
,"D:\\VUE\\JBGZ_front\\src\\views\\jobhunterPage\\Job.vue": {"lines":{"total":28,"covered":20,"skipped":0,"pct":71.42},"functions":{"total":14,"covered":10,"skipped":0,"pct":71.42},"statements":{"total":29,"covered":20,"skipped":0,"pct":68.96},"branches":{"total":2,"covered":2,"skipped":0,"pct":100}}
,"D:\\VUE\\JBGZ_front\\src\\views\\jobhunterPage\\JobDetail.vue": {"lines":{"total":101,"covered":67,"skipped":0,"pct":66.33},"functions":{"total":35,"covered":22,"skipped":0,"pct":62.85},"statements":{"total":102,"covered":67,"skipped":0,"pct":65.68},"branches":{"total":47,"covered":31,"skipped":0,"pct":65.95}}
,"D:\\VUE\\JBGZ_front\\src\\views\\jobhunterPage\\person\\Authen.vue": {"lines":{"total":40,"covered":14,"skipped":0,"pct":35},"functions":{"total":13,"covered":4,"skipped":0,"pct":30.76},"statements":{"total":40,"covered":14,"skipped":0,"pct":35},"branches":{"total":9,"covered":3,"skipped":0,"pct":33.33}}
,"D:\\VUE\\JBGZ_front\\src\\views\\jobhunterPage\\person\\Favorites.vue": {"lines":{"total":75,"covered":53,"skipped":0,"pct":70.66},"functions":{"total":28,"covered":19,"skipped":0,"pct":67.85},"statements":{"total":75,"covered":53,"skipped":0,"pct":70.66},"branches":{"total":32,"covered":21,"skipped":0,"pct":65.62}}
,"D:\\VUE\\JBGZ_front\\src\\views\\jobhunterPage\\person\\Message.vue": {"lines":{"total":38,"covered":18,"skipped":0,"pct":47.36},"functions":{"total":22,"covered":9,"skipped":0,"pct":40.9},"statements":{"total":38,"covered":18,"skipped":0,"pct":47.36},"branches":{"total":10,"covered":2,"skipped":0,"pct":20}}
,"D:\\VUE\\JBGZ_front\\src\\views\\jobhunterPage\\person\\Order.vue": {"lines":{"total":60,"covered":47,"skipped":0,"pct":78.33},"functions":{"total":27,"covered":20,"skipped":0,"pct":74.07},"statements":{"total":60,"covered":47,"skipped":0,"pct":78.33},"branches":{"total":20,"covered":13,"skipped":0,"pct":65}}
,"D:\\VUE\\JBGZ_front\\src\\views\\jobhunterPage\\person\\PersonInfo.vue": {"lines":{"total":77,"covered":22,"skipped":0,"pct":28.57},"functions":{"total":25,"covered":8,"skipped":0,"pct":32},"statements":{"total":78,"covered":22,"skipped":0,"pct":28.2},"branches":{"total":20,"covered":2,"skipped":0,"pct":10}}
,"D:\\VUE\\JBGZ_front\\src\\views\\recruiterPage\\HomeView.vue": {"lines":{"total":9,"covered":6,"skipped":0,"pct":66.66},"functions":{"total":5,"covered":3,"skipped":0,"pct":60},"statements":{"total":9,"covered":6,"skipped":0,"pct":66.66},"branches":{"total":2,"covered":1,"skipped":0,"pct":50}}
,"D:\\VUE\\JBGZ_front\\src\\views\\recruiterPage\\JobDetail.vue": {"lines":{"total":116,"covered":72,"skipped":0,"pct":62.06},"functions":{"total":48,"covered":27,"skipped":0,"pct":56.25},"statements":{"total":116,"covered":72,"skipped":0,"pct":62.06},"branches":{"total":24,"covered":12,"skipped":0,"pct":50}}
,"D:\\VUE\\JBGZ_front\\src\\views\\recruiterPage\\JobManage.vue": {"lines":{"total":20,"covered":17,"skipped":0,"pct":85},"functions":{"total":11,"covered":9,"skipped":0,"pct":81.81},"statements":{"total":20,"covered":17,"skipped":0,"pct":85},"branches":{"total":2,"covered":1,"skipped":0,"pct":50}}
,"D:\\VUE\\JBGZ_front\\src\\views\\recruiterPage\\UpJob.vue": {"lines":{"total":44,"covered":17,"skipped":0,"pct":38.63},"functions":{"total":19,"covered":7,"skipped":0,"pct":36.84},"statements":{"total":47,"covered":17,"skipped":0,"pct":36.17},"branches":{"total":12,"covered":5,"skipped":0,"pct":41.66}}
,"D:\\VUE\\JBGZ_front\\src\\views\\recruiterPage\\company\\Authen.vue": {"lines":{"total":35,"covered":11,"skipped":0,"pct":31.42},"functions":{"total":12,"covered":4,"skipped":0,"pct":33.33},"statements":{"total":35,"covered":11,"skipped":0,"pct":31.42},"branches":{"total":10,"covered":3,"skipped":0,"pct":30}}
,"D:\\VUE\\JBGZ_front\\src\\views\\recruiterPage\\company\\CompanyInfo.vue": {"lines":{"total":76,"covered":21,"skipped":0,"pct":27.63},"functions":{"total":25,"covered":8,"skipped":0,"pct":32},"statements":{"total":77,"covered":21,"skipped":0,"pct":27.27},"branches":{"total":20,"covered":2,"skipped":0,"pct":10}}
,"D:\\VUE\\JBGZ_front\\src\\views\\recruiterPage\\company\\Draft.vue": {"lines":{"total":77,"covered":0,"skipped":0,"pct":0},"functions":{"total":21,"covered":0,"skipped":0,"pct":0},"statements":{"total":80,"covered":0,"skipped":0,"pct":0},"branches":{"total":14,"covered":0,"skipped":0,"pct":0}}
,"D:\\VUE\\JBGZ_front\\src\\views\\recruiterPage\\company\\Message.vue": {"lines":{"total":38,"covered":16,"skipped":0,"pct":42.1},"functions":{"total":22,"covered":8,"skipped":0,"pct":36.36},"statements":{"total":38,"covered":16,"skipped":0,"pct":42.1},"branches":{"total":10,"covered":2,"skipped":0,"pct":20}}
}
