TN:
SF:src\App.vue
FNF:0
FNH:0
LF:0
LH:0
BRF:0
BRH:0
end_of_record
TN:
SF:src\main.js
FNF:0
FNH:0
LF:0
LH:0
BRF:0
BRH:0
end_of_record
TN:
SF:src\api\restapi.js
FNF:0
FNH:0
LF:0
LH:0
BRF:0
BRH:0
end_of_record
TN:
SF:src\assets\iconfont\iconfont.js
FNF:0
FNH:0
LF:0
LH:0
BRF:0
BRH:0
end_of_record
TN:
SF:src\components\Conversations.vue
FNF:0
FNH:0
LF:0
LH:0
BRF:0
BRH:0
end_of_record
TN:
SF:src\components\GaodeMap.vue
FNF:0
FNH:0
LF:0
LH:0
BRF:0
BRH:0
end_of_record
TN:
SF:src\components\GaodeMapforJobDetail.vue
FNF:0
FNH:0
LF:0
LH:0
BRF:0
BRH:0
end_of_record
TN:
SF:src\components\Nav.vue
FNF:0
FNH:0
LF:0
LH:0
BRF:0
BRH:0
end_of_record
TN:
SF:src\components\PrivateChat.vue
FNF:0
FNH:0
LF:0
LH:0
BRF:0
BRH:0
end_of_record
TN:
SF:src\components\RecruiterNav.vue
FNF:0
FNH:0
LF:0
LH:0
BRF:0
BRH:0
end_of_record
TN:
SF:src\components\companyNav.vue
FNF:0
FNH:0
LF:0
LH:0
BRF:0
BRH:0
end_of_record
TN:
SF:src\components\personNav.vue
FNF:0
FNH:0
LF:0
LH:0
BRF:0
BRH:0
end_of_record
TN:
SF:src\router\index.js
FNF:0
FNH:0
LF:0
LH:0
BRF:0
BRH:0
end_of_record
TN:
SF:src\utils\EmojiDecoder.js
FNF:0
FNH:0
LF:0
LH:0
BRF:0
BRH:0
end_of_record
TN:
SF:src\utils\utils.js
FNF:0
FNH:0
LF:0
LH:0
BRF:0
BRH:0
end_of_record
TN:
SF:src\views\Login.vue
FNF:0
FNH:0
LF:0
LH:0
BRF:0
BRH:0
end_of_record
TN:
SF:src\views\adminPage\CompanyAuthentication.vue
FNF:0
FNH:0
LF:0
LH:0
BRF:0
BRH:0
end_of_record
TN:
SF:src\views\adminPage\Job.vue
FNF:0
FNH:0
LF:0
LH:0
BRF:0
BRH:0
end_of_record
TN:
SF:src\views\adminPage\JobReport.vue
FNF:0
FNH:0
LF:0
LH:0
BRF:0
BRH:0
end_of_record
TN:
SF:src\views\adminPage\JobType.vue
FNF:0
FNH:0
LF:0
LH:0
BRF:0
BRH:0
end_of_record
TN:
SF:src\views\adminPage\Notice.vue
FNF:0
FNH:0
LF:0
LH:0
BRF:0
BRH:0
end_of_record
TN:
SF:src\views\adminPage\Notification.vue
FNF:0
FNH:0
LF:0
LH:0
BRF:0
BRH:0
end_of_record
TN:
SF:src\views\adminPage\Order.vue
FNF:0
FNH:0
LF:0
LH:0
BRF:0
BRH:0
end_of_record
TN:
SF:src\views\adminPage\PersonAuthentication.vue
FNF:0
FNH:0
LF:0
LH:0
BRF:0
BRH:0
end_of_record
TN:
SF:src\views\jobhunterPage\HomeView.vue
FNF:0
FNH:0
LF:0
LH:0
BRF:0
BRH:0
end_of_record
TN:
SF:src\views\jobhunterPage\Job.vue
FNF:0
FNH:0
LF:0
LH:0
BRF:0
BRH:0
end_of_record
TN:
SF:src\views\jobhunterPage\JobDetail.vue
FNF:0
FNH:0
LF:0
LH:0
BRF:0
BRH:0
end_of_record
TN:
SF:src\views\jobhunterPage\person\Authen.vue
FNF:0
FNH:0
LF:0
LH:0
BRF:0
BRH:0
end_of_record
TN:
SF:src\views\jobhunterPage\person\Favorites.vue
FNF:0
FNH:0
LF:0
LH:0
BRF:0
BRH:0
end_of_record
TN:
SF:src\views\jobhunterPage\person\Message.vue
FNF:0
FNH:0
LF:0
LH:0
BRF:0
BRH:0
end_of_record
TN:
SF:src\views\jobhunterPage\person\Order.vue
FNF:0
FNH:0
LF:0
LH:0
BRF:0
BRH:0
end_of_record
TN:
SF:src\views\jobhunterPage\person\PersonInfo.vue
FNF:0
FNH:0
LF:0
LH:0
BRF:0
BRH:0
end_of_record
TN:
SF:src\views\recruiterPage\HomeView.vue
FNF:0
FNH:0
LF:0
LH:0
BRF:0
BRH:0
end_of_record
TN:
SF:src\views\recruiterPage\JobDetail.vue
FNF:0
FNH:0
LF:0
LH:0
BRF:0
BRH:0
end_of_record
TN:
SF:src\views\recruiterPage\JobManage.vue
FNF:0
FNH:0
LF:0
LH:0
BRF:0
BRH:0
end_of_record
TN:
SF:src\views\recruiterPage\UpJob.vue
FNF:0
FNH:0
LF:0
LH:0
BRF:0
BRH:0
end_of_record
TN:
SF:src\views\recruiterPage\company\Authen.vue
FNF:0
FNH:0
LF:0
LH:0
BRF:0
BRH:0
end_of_record
TN:
SF:src\views\recruiterPage\company\CompanyInfo.vue
FNF:0
FNH:0
LF:0
LH:0
BRF:0
BRH:0
end_of_record
TN:
SF:src\views\recruiterPage\company\Draft.vue
FNF:0
FNH:0
LF:0
LH:0
BRF:0
BRH:0
end_of_record
TN:
SF:src\views\recruiterPage\company\Message.vue
FNF:0
FNH:0
LF:0
LH:0
BRF:0
BRH:0
end_of_record
TN:
SF:E:\大三下\软件测试\兼饼果职\JBGZ_front_5_10_13\JBGZ_front\src\App.vue
FN:3,render
FNF:1
FNH:1
FNDA:1,render
DA:4,1
DA:6,1
LF:2
LH:2
BRF:0
BRH:0
end_of_record
TN:
SF:E:\大三下\软件测试\兼饼果职\JBGZ_front_5_10_13\JBGZ_front\src\main.js
FNF:0
FNH:0
DA:8,1
DA:14,1
DA:15,1
DA:16,293
DA:18,1
DA:19,1
DA:20,1
DA:21,1
LF:8
LH:8
BRF:0
BRH:0
end_of_record
TN:
SF:E:\大三下\软件测试\兼饼果职\JBGZ_front_5_10_13\JBGZ_front\src\api\restapi.js
FNF:0
FNH:0
LF:0
LH:0
BRF:0
BRH:0
end_of_record
TN:
SF:E:\大三下\软件测试\兼饼果职\JBGZ_front_5_10_13\JBGZ_front\src\assets\iconfont\iconfont.js
FNF:0
FNH:0
LF:0
LH:0
BRF:0
BRH:0
end_of_record
TN:
SF:E:\大三下\软件测试\兼饼果职\JBGZ_front_5_10_13\JBGZ_front\src\components\Conversations.vue
FN:7,(anonymous_0)
FN:26,loadConversations
FN:28,(anonymous_2)
FN:32,(anonymous_3)
FN:38,listenConversationUpdate
FN:43,renderConversations
FN:48,showRightClickMenu
FN:55,hideRightClickMenu
FN:59,topConversation
FN:65,(anonymous_9)
FN:68,(anonymous_10)
FN:74,deleteConversation
FN:79,(anonymous_12)
FN:82,(anonymous_13)
FN:89,chatLocation
FN:113,(anonymous_15)
FN:115,(anonymous_16)
FN:123,(anonymous_17)
FNF:18
FNH:9
FNDA:3,(anonymous_0)
FNDA:3,loadConversations
FNDA:3,(anonymous_2)
FNDA:0,(anonymous_3)
FNDA:3,listenConversationUpdate
FNDA:7,renderConversations
FNDA:0,showRightClickMenu
FNDA:5,hideRightClickMenu
FNDA:0,topConversation
FNDA:0,(anonymous_9)
FNDA:0,(anonymous_10)
FNDA:0,deleteConversation
FNDA:0,(anonymous_12)
FNDA:0,(anonymous_13)
FNDA:15,chatLocation
FNDA:3,(anonymous_15)
FNDA:5,(anonymous_16)
FNDA:0,(anonymous_17)
DA:8,3
DA:9,3
DA:10,3
DA:17,3
DA:19,3
DA:27,3
DA:29,3
DA:30,3
DA:33,0
DA:40,3
DA:44,7
DA:49,0
DA:50,0
DA:51,0
DA:52,0
DA:56,5
DA:60,0
DA:61,0
DA:62,0
DA:66,0
DA:69,0
DA:75,0
DA:76,0
DA:77,0
DA:80,0
DA:83,0
DA:91,15
DA:92,12
DA:93,12
DA:101,3
DA:102,3
DA:103,3
DA:113,3
DA:115,3
DA:116,5
DA:119,3
DA:120,3
DA:123,3
DA:124,0
DA:127,3
LF:40
LH:24
BRDA:61,0,0,0
BRDA:61,0,1,0
BRDA:75,1,0,0
BRDA:75,1,1,0
BRDA:91,2,0,12
BRDA:91,2,1,3
BRDA:101,3,0,3
BRDA:101,3,1,0
BRF:8
BRH:3
end_of_record
TN:
SF:E:\大三下\软件测试\兼饼果职\JBGZ_front_5_10_13\JBGZ_front\src\components\GaodeMap.vue
FN:10,(anonymous_0)
FN:19,(anonymous_1)
FN:26,(anonymous_2)
FN:31,(anonymous_3)
FN:39,(anonymous_4)
FN:119,(anonymous_5)
FN:124,(anonymous_6)
FN:127,(anonymous_7)
FN:134,(anonymous_8)
FNF:9
FNH:0
FNDA:0,(anonymous_0)
FNDA:0,(anonymous_1)
FNDA:0,(anonymous_2)
FNDA:0,(anonymous_3)
FNDA:0,(anonymous_4)
FNDA:0,(anonymous_5)
FNDA:0,(anonymous_6)
FNDA:0,(anonymous_7)
FNDA:0,(anonymous_8)
DA:5,1
DA:11,0
DA:13,0
DA:20,0
DA:27,0
DA:32,0
DA:38,0
DA:39,0
DA:40,0
DA:47,0
DA:50,0
DA:87,0
DA:117,0
DA:120,0
DA:125,0
DA:128,0
DA:129,0
DA:130,0
DA:131,0
DA:136,0
LF:20
LH:1
BRF:0
BRH:0
end_of_record
TN:
SF:E:\大三下\软件测试\兼饼果职\JBGZ_front_5_10_13\JBGZ_front\src\components\GaodeMapforJobDetail.vue
FN:13,(anonymous_0)
FN:20,(anonymous_1)
FN:25,(anonymous_2)
FN:31,(anonymous_3)
FN:36,(anonymous_4)
FNF:5
FNH:0
FNDA:0,(anonymous_0)
FNDA:0,(anonymous_1)
FNDA:0,(anonymous_2)
FNDA:0,(anonymous_3)
FNDA:0,(anonymous_4)
DA:4,1
DA:14,0
DA:15,0
DA:21,0
DA:26,0
DA:32,0
DA:38,0
LF:7
LH:1
BRF:0
BRH:0
end_of_record
TN:
SF:E:\大三下\软件测试\兼饼果职\JBGZ_front_5_10_13\JBGZ_front\src\components\Nav.vue
FN:5,(anonymous_0)
FN:13,(anonymous_1)
FN:19,(anonymous_2)
FN:23,(anonymous_3)
FN:32,(anonymous_4)
FN:36,(anonymous_5)
FNF:6
FNH:3
FNDA:2,(anonymous_0)
FNDA:2,(anonymous_1)
FNDA:2,(anonymous_2)
FNDA:0,(anonymous_3)
FNDA:0,(anonymous_4)
FNDA:0,(anonymous_5)
DA:6,2
DA:14,2
DA:15,2
DA:20,2
DA:21,2
DA:24,0
DA:27,2
DA:28,0
DA:33,0
DA:34,0
DA:37,0
LF:11
LH:6
BRDA:14,0,0,2
BRDA:14,0,1,0
BRDA:27,1,0,0
BRDA:27,1,1,2
BRF:4
BRH:2
end_of_record
TN:
SF:E:\大三下\软件测试\兼饼果职\JBGZ_front_5_10_13\JBGZ_front\src\components\PrivateChat.vue
FN:7,(anonymous_0)
FN:16,(anonymous_1)
FN:30,(anonymous_2)
FN:65,(anonymous_3)
FN:75,(anonymous_4)
FN:88,(anonymous_5)
FN:95,(anonymous_6)
FN:118,(anonymous_7)
FN:195,onReceivedPrivateMessage
FN:215,getImageHeight
FN:225,sendTextMessage
FN:233,(anonymous_11)
FN:237,(anonymous_12)
FN:243,onInputFocus
FN:247,showEmojiBox
FN:251,chooseEmoji
FN:257,sendImageMessage
FN:259,(anonymous_17)
FN:263,(anonymous_18)
FN:266,(anonymous_19)
FN:269,(anonymous_20)
FN:276,sendFileMessage
FN:281,(anonymous_22)
FN:284,(anonymous_23)
FN:287,(anonymous_24)
FN:293,sendMessage
FN:300,(anonymous_26)
FN:303,(anonymous_27)
FN:314,showActionPopup
FN:325,deleteSingleMessage
FN:330,deleteMultipleMessages
FN:337,deleteMessage
FN:341,(anonymous_32)
FN:348,(anonymous_33)
FN:349,(anonymous_34)
FN:357,(anonymous_35)
FN:366,recallMessage
FN:368,(anonymous_37)
FN:376,(anonymous_38)
FN:379,(anonymous_39)
FN:385,editRecalledMessage
FN:389,showImagePreviewPopup
FN:394,hideImagePreviewPopup
FN:398,showCheckBox
FN:404,selectMessages
FN:415,loadHistoryMessage
FN:427,(anonymous_46)
FN:450,(anonymous_47)
FN:458,markPrivateMessageAsRead
FN:462,(anonymous_49)
FN:465,(anonymous_50)
FN:473,scrollToBottom
FN:474,(anonymous_52)
FN:479,renderMessageDate
FN:491,(anonymous_54)
FN:497,(anonymous_55)
FN:501,(anonymous_56)
FN:525,(anonymous_57)
FN:527,(anonymous_58)
FN:539,(anonymous_59)
FN:551,(anonymous_60)
FN:576,(anonymous_61)
FN:596,(anonymous_62)
FN:653,(anonymous_63)
FN:658,(anonymous_64)
FN:697,(anonymous_65)
FN:729,(anonymous_66)
FN:749,(anonymous_67)
FNF:68
FNH:23
FNDA:6,(anonymous_0)
FNDA:1,(anonymous_1)
FNDA:1,(anonymous_2)
FNDA:1,(anonymous_3)
FNDA:1,(anonymous_4)
FNDA:1,(anonymous_5)
FNDA:1,(anonymous_6)
FNDA:0,(anonymous_7)
FNDA:0,onReceivedPrivateMessage
FNDA:0,getImageHeight
FNDA:2,sendTextMessage
FNDA:2,(anonymous_11)
FNDA:0,(anonymous_12)
FNDA:2,onInputFocus
FNDA:0,showEmojiBox
FNDA:0,chooseEmoji
FNDA:0,sendImageMessage
FNDA:0,(anonymous_17)
FNDA:0,(anonymous_18)
FNDA:0,(anonymous_19)
FNDA:0,(anonymous_20)
FNDA:0,sendFileMessage
FNDA:0,(anonymous_22)
FNDA:0,(anonymous_23)
FNDA:0,(anonymous_24)
FNDA:2,sendMessage
FNDA:2,(anonymous_26)
FNDA:0,(anonymous_27)
FNDA:0,showActionPopup
FNDA:0,deleteSingleMessage
FNDA:0,deleteMultipleMessages
FNDA:0,deleteMessage
FNDA:0,(anonymous_32)
FNDA:0,(anonymous_33)
FNDA:0,(anonymous_34)
FNDA:0,(anonymous_35)
FNDA:0,recallMessage
FNDA:0,(anonymous_37)
FNDA:0,(anonymous_38)
FNDA:0,(anonymous_39)
FNDA:0,editRecalledMessage
FNDA:0,showImagePreviewPopup
FNDA:0,hideImagePreviewPopup
FNDA:0,showCheckBox
FNDA:0,selectMessages
FNDA:3,loadHistoryMessage
FNDA:3,(anonymous_46)
FNDA:0,(anonymous_47)
FNDA:3,markPrivateMessageAsRead
FNDA:3,(anonymous_49)
FNDA:0,(anonymous_50)
FNDA:5,scrollToBottom
FNDA:5,(anonymous_52)
FNDA:574,renderMessageDate
FNDA:3,(anonymous_54)
FNDA:0,(anonymous_55)
FNDA:60,(anonymous_56)
FNDA:0,(anonymous_57)
FNDA:574,(anonymous_58)
FNDA:0,(anonymous_59)
FNDA:0,(anonymous_60)
FNDA:0,(anonymous_61)
FNDA:0,(anonymous_62)
FNDA:0,(anonymous_63)
FNDA:0,(anonymous_64)
FNDA:50,(anonymous_65)
FNDA:0,(anonymous_66)
FNDA:0,(anonymous_67)
DA:7,6
DA:8,1
DA:9,1
DA:10,1
DA:11,1
DA:12,1
DA:16,1
DA:17,1
DA:20,1
DA:21,1
DA:25,1
DA:26,1
DA:30,1
DA:31,1
DA:32,1
DA:36,1
DA:40,1
DA:41,1
DA:42,1
DA:43,1
DA:44,1
DA:45,1
DA:46,1
DA:50,1
DA:54,1
DA:55,1
DA:56,1
DA:57,1
DA:58,1
DA:62,1
DA:63,1
DA:64,1
DA:65,1
DA:69,1
DA:70,1
DA:71,1
DA:75,1
DA:76,1
DA:80,1
DA:81,1
DA:82,1
DA:86,1
DA:87,1
DA:88,1
DA:94,1
DA:95,1
DA:101,1
DA:102,1
DA:103,1
DA:107,1
DA:108,1
DA:120,0
DA:121,0
DA:122,0
DA:123,0
DA:130,0
DA:131,0
DA:132,0
DA:133,0
DA:152,0
DA:158,0
DA:164,0
DA:170,0
DA:172,0
DA:179,0
DA:184,0
DA:190,0
DA:196,0
DA:197,0
DA:198,0
DA:200,0
DA:216,0
DA:217,0
DA:218,0
DA:219,0
DA:220,0
DA:221,0
DA:226,2
DA:227,0
DA:228,0
DA:230,2
DA:234,2
DA:235,2
DA:238,0
DA:244,2
DA:248,0
DA:252,0
DA:253,0
DA:254,0
DA:258,0
DA:259,0
DA:260,0
DA:264,0
DA:267,0
DA:270,0
DA:277,0
DA:278,0
DA:282,0
DA:285,0
DA:288,0
DA:294,2
DA:295,2
DA:296,2
DA:297,2
DA:298,2
DA:301,2
DA:304,0
DA:305,0
DA:306,0
DA:308,0
DA:315,0
DA:316,0
DA:317,0
DA:318,0
DA:320,0
DA:322,0
DA:326,0
DA:327,0
DA:331,0
DA:332,0
DA:333,0
DA:338,0
DA:339,0
DA:340,0
DA:341,0
DA:342,0
DA:343,0
DA:346,0
DA:349,0
DA:350,0
DA:351,0
DA:352,0
DA:355,0
DA:358,0
DA:362,0
DA:367,0
DA:368,0
DA:369,0
DA:370,0
DA:373,0
DA:374,0
DA:377,0
DA:380,0
DA:386,0
DA:390,0
DA:391,0
DA:395,0
DA:399,0
DA:400,0
DA:401,0
DA:405,0
DA:406,0
DA:408,0
DA:409,0
DA:410,0
DA:416,3
DA:419,3
DA:420,3
DA:421,0
DA:423,3
DA:428,3
DA:429,3
DA:430,3
DA:431,3
DA:432,0
DA:434,3
DA:435,0
DA:436,0
DA:438,3
DA:440,3
DA:441,0
DA:443,3
DA:444,3
DA:446,3
DA:452,0
DA:453,0
DA:459,3
DA:463,3
DA:466,0
DA:471,3
DA:472,3
DA:474,5
DA:475,5
DA:480,574
DA:481,57
DA:483,517
DA:484,284
DA:487,233
DA:491,3
DA:492,3
DA:494,3
DA:497,3
DA:498,0
DA:501,3
DA:502,60
DA:525,0
DA:528,574
DA:539,0
DA:551,0
DA:576,0
DA:596,0
DA:654,0
DA:658,0
DA:697,50
DA:729,0
DA:749,0
LF:206
LH:95
BRDA:196,0,0,0
BRDA:196,0,1,0
BRDA:216,1,0,0
BRDA:216,1,1,0
BRDA:216,2,0,0
BRDA:216,2,1,0
BRDA:218,3,0,0
BRDA:218,3,1,0
BRDA:220,4,0,0
BRDA:220,4,1,0
BRDA:220,5,0,0
BRDA:220,5,1,0
BRDA:226,6,0,0
BRDA:226,6,1,2
BRDA:304,7,0,0
BRDA:304,7,1,0
BRDA:317,8,0,0
BRDA:317,8,1,0
BRDA:317,9,0,0
BRDA:317,9,1,0
BRDA:317,9,2,0
BRDA:331,10,0,0
BRDA:331,10,1,0
BRDA:339,11,0,0
BRDA:339,11,1,0
BRDA:342,12,0,0
BRDA:342,12,1,0
BRDA:351,13,0,0
BRDA:351,13,1,0
BRDA:369,14,0,0
BRDA:369,14,1,0
BRDA:405,15,0,0
BRDA:405,15,1,0
BRDA:409,16,0,0
BRDA:409,16,1,0
BRDA:420,17,0,0
BRDA:420,17,1,3
BRDA:431,18,0,0
BRDA:431,18,1,3
BRDA:434,19,0,0
BRDA:434,19,1,3
BRDA:440,20,0,0
BRDA:440,20,1,3
BRDA:443,21,0,3
BRDA:443,21,1,0
BRDA:480,22,0,57
BRDA:480,22,1,517
BRDA:483,23,0,284
BRDA:483,23,1,233
BRDA:520,24,0,3
BRDA:520,24,1,57
BRDA:524,25,0,0
BRDA:524,25,1,57
BRDA:525,26,0,57
BRDA:525,26,1,3
BRDA:526,27,0,0
BRDA:526,27,1,57
BRDA:530,28,0,0
BRDA:530,28,1,574
BRDA:532,29,0,0
BRDA:532,29,1,0
BRDA:536,30,0,0
BRDA:536,30,1,0
BRDA:536,31,0,0
BRDA:536,31,1,0
BRDA:545,32,0,0
BRDA:545,32,1,574
BRDA:545,33,0,574
BRDA:545,33,1,0
BRDA:551,34,0,0
BRDA:551,34,1,0
BRDA:562,35,0,564
BRDA:562,35,1,10
BRDA:579,36,0,2
BRDA:579,36,1,572
BRDA:582,37,0,0
BRDA:582,37,1,574
BRDA:585,38,0,574
BRDA:585,38,1,0
BRDA:592,39,0,0
BRDA:592,39,1,574
BRDA:604,40,0,0
BRDA:604,40,1,574
BRDA:621,41,0,564
BRDA:621,41,1,10
BRDA:624,42,0,560
BRDA:624,42,1,4
BRDA:626,43,0,564
BRDA:626,43,1,0
BRDA:627,44,0,560
BRDA:627,44,1,4
BRDA:639,45,0,0
BRDA:639,45,1,60
BRDA:651,46,0,0
BRDA:651,46,1,60
BRDA:697,47,0,60
BRDA:697,47,1,3
BRDA:697,48,0,50
BRDA:697,48,1,0
BRDA:713,49,0,0
BRDA:713,49,1,60
BRDA:725,50,0,0
BRDA:725,50,1,60
BRDA:729,51,0,0
BRDA:729,51,1,0
BRDA:736,52,0,0
BRDA:736,52,1,0
BRDA:749,53,0,0
BRDA:749,53,1,0
BRF:109
BRH:41
end_of_record
TN:
SF:E:\大三下\软件测试\兼饼果职\JBGZ_front_5_10_13\JBGZ_front\src\components\RecruiterNav.vue
FN:8,(anonymous_0)
FN:13,(anonymous_1)
FN:18,(anonymous_2)
FN:22,(anonymous_3)
FNF:4
FNH:0
FNDA:0,(anonymous_0)
FNDA:0,(anonymous_1)
FNDA:0,(anonymous_2)
FNDA:0,(anonymous_3)
DA:9,0
DA:14,0
DA:19,0
DA:20,0
DA:23,0
LF:5
LH:0
BRF:0
BRH:0
end_of_record
TN:
SF:E:\大三下\软件测试\兼饼果职\JBGZ_front_5_10_13\JBGZ_front\src\components\companyNav.vue
FN:8,(anonymous_0)
FN:13,(anonymous_1)
FN:18,(anonymous_2)
FN:22,(anonymous_3)
FNF:4
FNH:3
FNDA:1,(anonymous_0)
FNDA:1,(anonymous_1)
FNDA:1,(anonymous_2)
FNDA:0,(anonymous_3)
DA:9,1
DA:14,1
DA:19,1
DA:20,1
DA:23,0
LF:5
LH:4
BRF:0
BRH:0
end_of_record
TN:
SF:E:\大三下\软件测试\兼饼果职\JBGZ_front_5_10_13\JBGZ_front\src\components\personNav.vue
FN:8,(anonymous_0)
FN:13,(anonymous_1)
FN:18,(anonymous_2)
FN:22,(anonymous_3)
FNF:4
FNH:3
FNDA:2,(anonymous_0)
FNDA:2,(anonymous_1)
FNDA:2,(anonymous_2)
FNDA:0,(anonymous_3)
DA:9,2
DA:14,2
DA:19,2
DA:20,2
DA:23,0
LF:5
LH:4
BRF:0
BRH:0
end_of_record
TN:
SF:E:\大三下\软件测试\兼饼果职\JBGZ_front_5_10_13\JBGZ_front\src\router\index.js
FNF:0
FNH:0
DA:34,1
DA:189,1
LF:2
LH:2
BRF:0
BRH:0
end_of_record
TN:
SF:E:\大三下\软件测试\兼饼果职\JBGZ_front_5_10_13\JBGZ_front\src\utils\EmojiDecoder.js
FN:7,(anonymous_0)
FN:18,(anonymous_1)
FN:19,(anonymous_2)
FNF:3
FNH:2
FNDA:3,(anonymous_0)
FNDA:574,(anonymous_1)
FNDA:0,(anonymous_2)
DA:2,3
DA:3,3
DA:4,3
DA:5,3
DA:8,3
DA:9,3
DA:10,3
DA:12,30
DA:13,30
DA:19,574
DA:20,0
LF:11
LH:10
BRDA:8,0,0,3
BRDA:8,0,1,0
BRDA:9,1,0,3
BRDA:9,1,1,0
BRDA:12,2,0,30
BRDA:12,2,1,0
BRDA:20,3,0,0
BRDA:20,3,1,0
BRF:8
BRH:3
end_of_record
TN:
SF:E:\大三下\软件测试\兼饼果职\JBGZ_front_5_10_13\JBGZ_front\src\utils\utils.js
FN:6,formatDate
FN:24,formateTime
FNF:2
FNH:1
FNDA:358,formatDate
FNDA:0,formateTime
DA:7,358
DA:8,358
DA:9,358
DA:10,358
DA:11,358
DA:12,358
DA:13,358
DA:14,358
DA:15,358
DA:16,358
DA:25,0
DA:26,0
DA:27,0
DA:28,0
DA:29,0
DA:30,0
DA:33,0
DA:34,0
DA:35,0
DA:36,0
DA:38,0
DA:39,0
DA:40,0
DA:41,0
DA:42,0
DA:43,0
DA:44,0
DA:45,0
DA:47,0
LF:29
LH:10
BRDA:7,0,0,358
BRDA:7,0,1,0
BRDA:9,1,0,358
BRDA:9,1,1,0
BRDA:11,2,0,0
BRDA:11,2,1,358
BRDA:15,3,0,4
BRDA:15,3,1,354
BRDA:38,4,0,0
BRDA:38,4,1,0
BRDA:40,5,0,0
BRDA:40,5,1,0
BRDA:42,6,0,0
BRDA:42,6,1,0
BRDA:44,7,0,0
BRDA:44,7,1,0
BRF:16
BRH:5
end_of_record
TN:
SF:E:\大三下\软件测试\兼饼果职\JBGZ_front_5_10_13\JBGZ_front\src\views\Login.vue
FN:10,(anonymous_0)
FN:38,(anonymous_1)
FN:41,(anonymous_2)
FN:44,(anonymous_3)
FN:57,(anonymous_4)
FN:72,(anonymous_5)
FN:79,(anonymous_6)
FN:91,(anonymous_7)
FN:98,(anonymous_8)
FN:109,(anonymous_9)
FN:114,(anonymous_10)
FN:122,(anonymous_11)
FN:131,(anonymous_12)
FN:136,(anonymous_13)
FN:167,(anonymous_14)
FN:179,(anonymous_15)
FN:185,(anonymous_16)
FN:207,(anonymous_17)
FN:219,(anonymous_18)
FN:224,(anonymous_19)
FN:232,(anonymous_20)
FN:281,(anonymous_21)
FN:296,(anonymous_22)
FN:301,(anonymous_23)
FN:309,(anonymous_24)
FN:317,(anonymous_25)
FN:322,(anonymous_26)
FN:356,(anonymous_27)
FN:363,(anonymous_28)
FN:369,(anonymous_29)
FNF:30
FNH:4
FNDA:1,(anonymous_0)
FNDA:0,(anonymous_1)
FNDA:0,(anonymous_2)
FNDA:1,(anonymous_3)
FNDA:1,(anonymous_4)
FNDA:1,(anonymous_5)
FNDA:0,(anonymous_6)
FNDA:0,(anonymous_7)
FNDA:0,(anonymous_8)
FNDA:0,(anonymous_9)
FNDA:0,(anonymous_10)
FNDA:0,(anonymous_11)
FNDA:0,(anonymous_12)
FNDA:0,(anonymous_13)
FNDA:0,(anonymous_14)
FNDA:0,(anonymous_15)
FNDA:0,(anonymous_16)
FNDA:0,(anonymous_17)
FNDA:0,(anonymous_18)
FNDA:0,(anonymous_19)
FNDA:0,(anonymous_20)
FNDA:0,(anonymous_21)
FNDA:0,(anonymous_22)
FNDA:0,(anonymous_23)
FNDA:0,(anonymous_24)
FNDA:0,(anonymous_25)
FNDA:0,(anonymous_26)
FNDA:0,(anonymous_27)
FNDA:0,(anonymous_28)
FNDA:0,(anonymous_29)
DA:11,1
DA:39,0
DA:42,0
DA:45,1
DA:46,0
DA:50,0
DA:52,1
DA:58,1
DA:59,1
DA:60,1
DA:61,1
DA:62,1
DA:66,1
DA:67,1
DA:68,1
DA:73,1
DA:74,1
DA:75,1
DA:76,1
DA:77,1
DA:80,0
DA:83,1
DA:84,0
DA:86,1
DA:87,0
DA:92,0
DA:93,0
DA:94,0
DA:95,0
DA:96,0
DA:99,0
DA:103,0
DA:110,0
DA:111,0
DA:115,0
DA:123,0
DA:124,0
DA:125,0
DA:126,0
DA:128,0
DA:132,0
DA:133,0
DA:137,0
DA:138,0
DA:142,0
DA:144,0
DA:145,0
DA:146,0
DA:150,0
DA:152,0
DA:153,0
DA:157,0
DA:160,0
DA:168,0
DA:169,0
DA:170,0
DA:174,0
DA:176,0
DA:180,0
DA:181,0
DA:186,0
DA:187,0
DA:191,0
DA:193,0
DA:194,0
DA:198,0
DA:200,0
DA:208,0
DA:209,0
DA:210,0
DA:214,0
DA:216,0
DA:220,0
DA:221,0
DA:225,0
DA:226,0
DA:233,0
DA:234,0
DA:238,0
DA:240,0
DA:241,0
DA:242,0
DA:246,0
DA:248,0
DA:249,0
DA:253,0
DA:255,0
DA:256,0
DA:260,0
DA:262,0
DA:263,0
DA:267,0
DA:269,0
DA:270,0
DA:274,0
DA:276,0
DA:282,0
DA:283,0
DA:284,0
DA:288,0
DA:290,0
DA:297,0
DA:298,0
DA:302,0
DA:310,0
DA:311,0
DA:312,0
DA:314,0
DA:318,0
DA:319,0
DA:323,0
DA:324,0
DA:328,0
DA:330,0
DA:331,0
DA:335,0
DA:337,0
DA:338,0
DA:342,0
DA:344,0
DA:345,0
DA:349,0
DA:351,0
DA:357,0
DA:358,0
DA:359,0
DA:363,0
DA:364,0
DA:366,0
DA:370,0
DA:371,0
LF:131
LH:18
BRDA:45,0,0,0
BRDA:45,0,1,1
BRDA:45,1,0,1
BRDA:45,1,1,1
BRDA:45,1,2,1
BRDA:45,1,3,1
BRDA:59,2,0,1
BRDA:59,2,1,0
BRDA:66,3,0,1
BRDA:66,3,1,0
BRDA:83,4,0,0
BRDA:83,4,1,1
BRDA:86,5,0,0
BRDA:86,5,1,1
BRDA:124,6,0,0
BRDA:124,6,1,0
BRDA:137,7,0,0
BRDA:137,7,1,0
BRDA:145,8,0,0
BRDA:145,8,1,0
BRDA:152,9,0,0
BRDA:152,9,1,0
BRDA:152,10,0,0
BRDA:152,10,1,0
BRDA:169,11,0,0
BRDA:169,11,1,0
BRDA:186,12,0,0
BRDA:186,12,1,0
BRDA:186,13,0,0
BRDA:186,13,1,0
BRDA:193,14,0,0
BRDA:193,14,1,0
BRDA:209,15,0,0
BRDA:209,15,1,0
BRDA:225,16,0,0
BRDA:225,16,1,0
BRDA:233,17,0,0
BRDA:233,17,1,0
BRDA:241,18,0,0
BRDA:241,18,1,0
BRDA:248,19,0,0
BRDA:248,19,1,0
BRDA:248,20,0,0
BRDA:248,20,1,0
BRDA:255,21,0,0
BRDA:255,21,1,0
BRDA:255,22,0,0
BRDA:255,22,1,0
BRDA:262,23,0,0
BRDA:262,23,1,0
BRDA:269,24,0,0
BRDA:269,24,1,0
BRDA:269,25,0,0
BRDA:269,25,1,0
BRDA:283,26,0,0
BRDA:283,26,1,0
BRDA:311,27,0,0
BRDA:311,27,1,0
BRDA:323,28,0,0
BRDA:323,28,1,0
BRDA:323,29,0,0
BRDA:323,29,1,0
BRDA:330,30,0,0
BRDA:330,30,1,0
BRDA:337,31,0,0
BRDA:337,31,1,0
BRDA:344,32,0,0
BRDA:344,32,1,0
BRDA:344,33,0,0
BRDA:344,33,1,0
BRDA:358,34,0,0
BRDA:358,34,1,0
BRF:72
BRH:9
end_of_record
TN:
SF:E:\大三下\软件测试\兼饼果职\JBGZ_front_5_10_13\JBGZ_front\src\views\adminPage\CompanyAuthentication.vue
FN:8,(anonymous_0)
FN:23,(anonymous_1)
FN:28,(anonymous_2)
FN:31,(anonymous_3)
FN:47,(anonymous_4)
FN:51,(anonymous_5)
FN:54,(anonymous_6)
FN:61,(anonymous_7)
FN:79,(anonymous_8)
FN:96,(anonymous_9)
FN:104,(anonymous_10)
FN:114,(anonymous_11)
FN:124,(anonymous_12)
FN:141,(anonymous_13)
FN:151,(anonymous_14)
FN:155,(anonymous_15)
FN:160,(anonymous_16)
FN:163,(anonymous_17)
FN:179,(anonymous_18)
FNF:19
FNH:0
FNDA:0,(anonymous_0)
FNDA:0,(anonymous_1)
FNDA:0,(anonymous_2)
FNDA:0,(anonymous_3)
FNDA:0,(anonymous_4)
FNDA:0,(anonymous_5)
FNDA:0,(anonymous_6)
FNDA:0,(anonymous_7)
FNDA:0,(anonymous_8)
FNDA:0,(anonymous_9)
FNDA:0,(anonymous_10)
FNDA:0,(anonymous_11)
FNDA:0,(anonymous_12)
FNDA:0,(anonymous_13)
FNDA:0,(anonymous_14)
FNDA:0,(anonymous_15)
FNDA:0,(anonymous_16)
FNDA:0,(anonymous_17)
FNDA:0,(anonymous_18)
DA:9,0
DA:24,0
DA:29,0
DA:30,0
DA:31,0
DA:32,0
DA:33,0
DA:34,0
DA:35,0
DA:37,0
DA:40,0
DA:41,0
DA:44,0
DA:48,0
DA:52,0
DA:55,0
DA:56,0
DA:57,0
DA:58,0
DA:62,0
DA:63,0
DA:64,0
DA:68,0
DA:70,0
DA:80,0
DA:81,0
DA:85,0
DA:86,0
DA:87,0
DA:90,0
DA:97,0
DA:98,0
DA:105,0
DA:115,0
DA:116,0
DA:125,0
DA:126,0
DA:130,0
DA:131,0
DA:132,0
DA:135,0
DA:142,0
DA:143,0
DA:152,0
DA:156,0
DA:161,0
DA:162,0
DA:163,0
DA:164,0
DA:165,0
DA:166,0
DA:167,0
DA:169,0
DA:172,0
DA:173,0
DA:176,0
DA:180,0
LF:57
LH:0
BRDA:29,0,0,0
BRDA:29,0,1,0
BRDA:32,1,0,0
BRDA:32,1,1,0
BRDA:32,2,0,0
BRDA:32,2,1,0
BRDA:34,3,0,0
BRDA:34,3,1,0
BRDA:34,4,0,0
BRDA:34,4,1,0
BRDA:55,5,0,0
BRDA:55,5,1,0
BRDA:63,6,0,0
BRDA:63,6,1,0
BRDA:63,7,0,0
BRDA:63,7,1,0
BRDA:80,8,0,0
BRDA:80,8,1,0
BRDA:125,9,0,0
BRDA:125,9,1,0
BRDA:161,10,0,0
BRDA:161,10,1,0
BRDA:164,11,0,0
BRDA:164,11,1,0
BRDA:164,12,0,0
BRDA:164,12,1,0
BRDA:166,13,0,0
BRDA:166,13,1,0
BRDA:166,14,0,0
BRDA:166,14,1,0
BRF:30
BRH:0
end_of_record
TN:
SF:E:\大三下\软件测试\兼饼果职\JBGZ_front_5_10_13\JBGZ_front\src\views\adminPage\Job.vue
FN:8,(anonymous_0)
FN:19,(anonymous_1)
FN:22,(anonymous_2)
FN:28,(anonymous_3)
FN:40,(anonymous_4)
FN:46,(anonymous_5)
FN:61,(anonymous_6)
FN:70,(anonymous_7)
FN:80,(anonymous_8)
FN:86,(anonymous_9)
FN:101,(anonymous_10)
FN:111,(anonymous_11)
FN:115,(anonymous_12)
FN:121,(anonymous_13)
FN:131,(anonymous_14)
FNF:15
FNH:0
FNDA:0,(anonymous_0)
FNDA:0,(anonymous_1)
FNDA:0,(anonymous_2)
FNDA:0,(anonymous_3)
FNDA:0,(anonymous_4)
FNDA:0,(anonymous_5)
FNDA:0,(anonymous_6)
FNDA:0,(anonymous_7)
FNDA:0,(anonymous_8)
FNDA:0,(anonymous_9)
FNDA:0,(anonymous_10)
FNDA:0,(anonymous_11)
FNDA:0,(anonymous_12)
FNDA:0,(anonymous_13)
FNDA:0,(anonymous_14)
DA:9,0
DA:20,0
DA:23,0
DA:24,0
DA:25,0
DA:29,0
DA:31,0
DA:41,0
DA:42,0
DA:47,0
DA:48,0
DA:52,0
DA:55,0
DA:62,0
DA:63,0
DA:71,0
DA:81,0
DA:82,0
DA:87,0
DA:88,0
DA:92,0
DA:95,0
DA:102,0
DA:103,0
DA:112,0
DA:117,0
DA:122,0
DA:123,0
DA:124,0
DA:125,0
DA:128,0
DA:132,0
LF:32
LH:0
BRDA:23,0,0,0
BRDA:23,0,1,0
BRDA:47,1,0,0
BRDA:47,1,1,0
BRDA:87,2,0,0
BRDA:87,2,1,0
BRDA:122,3,0,0
BRDA:122,3,1,0
BRF:8
BRH:0
end_of_record
TN:
SF:E:\大三下\软件测试\兼饼果职\JBGZ_front_5_10_13\JBGZ_front\src\views\adminPage\JobReport.vue
FN:8,(anonymous_0)
FN:24,(anonymous_1)
FN:27,(anonymous_2)
FN:33,(anonymous_3)
FN:39,(anonymous_4)
FN:48,(anonymous_5)
FN:53,(anonymous_6)
FN:72,(anonymous_7)
FN:87,(anonymous_8)
FN:95,(anonymous_9)
FN:105,(anonymous_10)
FN:116,(anonymous_11)
FN:131,(anonymous_12)
FN:142,(anonymous_13)
FN:157,(anonymous_14)
FN:166,(anonymous_15)
FN:170,(anonymous_16)
FN:176,(anonymous_17)
FN:186,(anonymous_18)
FNF:19
FNH:0
FNDA:0,(anonymous_0)
FNDA:0,(anonymous_1)
FNDA:0,(anonymous_2)
FNDA:0,(anonymous_3)
FNDA:0,(anonymous_4)
FNDA:0,(anonymous_5)
FNDA:0,(anonymous_6)
FNDA:0,(anonymous_7)
FNDA:0,(anonymous_8)
FNDA:0,(anonymous_9)
FNDA:0,(anonymous_10)
FNDA:0,(anonymous_11)
FNDA:0,(anonymous_12)
FNDA:0,(anonymous_13)
FNDA:0,(anonymous_14)
FNDA:0,(anonymous_15)
FNDA:0,(anonymous_16)
FNDA:0,(anonymous_17)
FNDA:0,(anonymous_18)
DA:9,0
DA:25,0
DA:28,0
DA:29,0
DA:30,0
DA:35,0
DA:40,0
DA:41,0
DA:42,0
DA:45,0
DA:49,0
DA:51,0
DA:54,0
DA:55,0
DA:56,0
DA:60,0
DA:62,0
DA:73,0
DA:74,0
DA:78,0
DA:81,0
DA:88,0
DA:89,0
DA:96,0
DA:106,0
DA:107,0
DA:117,0
DA:118,0
DA:122,0
DA:125,0
DA:132,0
DA:133,0
DA:138,0
DA:143,0
DA:144,0
DA:148,0
DA:151,0
DA:158,0
DA:159,0
DA:167,0
DA:172,0
DA:177,0
DA:178,0
DA:179,0
DA:180,0
DA:183,0
DA:187,0
LF:47
LH:0
BRDA:28,0,0,0
BRDA:28,0,1,0
BRDA:40,1,0,0
BRDA:40,1,1,0
BRDA:55,2,0,0
BRDA:55,2,1,0
BRDA:55,3,0,0
BRDA:55,3,1,0
BRDA:73,4,0,0
BRDA:73,4,1,0
BRDA:117,5,0,0
BRDA:117,5,1,0
BRDA:143,6,0,0
BRDA:143,6,1,0
BRDA:177,7,0,0
BRDA:177,7,1,0
BRF:16
BRH:0
end_of_record
TN:
SF:E:\大三下\软件测试\兼饼果职\JBGZ_front_5_10_13\JBGZ_front\src\views\adminPage\JobType.vue
FN:8,(anonymous_0)
FN:26,(anonymous_1)
FN:29,(anonymous_2)
FN:41,(anonymous_3)
FN:57,(anonymous_4)
FN:62,(anonymous_5)
FN:69,(anonymous_6)
FN:78,(anonymous_7)
FN:89,(anonymous_8)
FN:94,(anonymous_9)
FN:99,(anonymous_10)
FN:110,(anonymous_11)
FN:115,(anonymous_12)
FN:125,(anonymous_13)
FN:130,(anonymous_14)
FN:135,(anonymous_15)
FN:139,(anonymous_16)
FNF:17
FNH:0
FNDA:0,(anonymous_0)
FNDA:0,(anonymous_1)
FNDA:0,(anonymous_2)
FNDA:0,(anonymous_3)
FNDA:0,(anonymous_4)
FNDA:0,(anonymous_5)
FNDA:0,(anonymous_6)
FNDA:0,(anonymous_7)
FNDA:0,(anonymous_8)
FNDA:0,(anonymous_9)
FNDA:0,(anonymous_10)
FNDA:0,(anonymous_11)
FNDA:0,(anonymous_12)
FNDA:0,(anonymous_13)
FNDA:0,(anonymous_14)
FNDA:0,(anonymous_15)
FNDA:0,(anonymous_16)
DA:9,0
DA:27,0
DA:30,0
DA:31,0
DA:35,0
DA:37,0
DA:42,0
DA:43,0
DA:44,0
DA:47,0
DA:51,0
DA:54,0
DA:58,0
DA:59,0
DA:63,0
DA:64,0
DA:65,0
DA:66,0
DA:70,0
DA:79,0
DA:80,0
DA:84,0
DA:86,0
DA:90,0
DA:91,0
DA:95,0
DA:100,0
DA:101,0
DA:105,0
DA:107,0
DA:111,0
DA:112,0
DA:116,0
DA:126,0
DA:131,0
DA:136,0
DA:137,0
DA:140,0
LF:38
LH:0
BRDA:30,0,0,0
BRDA:30,0,1,0
BRDA:30,1,0,0
BRDA:30,1,1,0
BRDA:42,2,0,0
BRDA:42,2,1,0
BRDA:43,3,0,0
BRDA:43,3,1,0
BRDA:63,4,0,0
BRDA:63,4,1,0
BRDA:79,5,0,0
BRDA:79,5,1,0
BRDA:100,6,0,0
BRDA:100,6,1,0
BRF:14
BRH:0
end_of_record
TN:
SF:E:\大三下\软件测试\兼饼果职\JBGZ_front_5_10_13\JBGZ_front\src\views\adminPage\Notice.vue
FN:16,(anonymous_0)
FN:33,(anonymous_1)
FN:36,(anonymous_2)
FN:48,(anonymous_3)
FN:54,(anonymous_4)
FN:58,(anonymous_5)
FN:61,(anonymous_6)
FN:64,(anonymous_7)
FN:83,(anonymous_8)
FN:99,(anonymous_9)
FN:104,(anonymous_10)
FN:111,(anonymous_11)
FN:116,(anonymous_12)
FN:131,(anonymous_13)
FN:136,(anonymous_14)
FN:146,(anonymous_15)
FN:150,(anonymous_16)
FN:153,(anonymous_17)
FN:163,(anonymous_18)
FN:168,(anonymous_19)
FN:183,(anonymous_20)
FN:189,(anonymous_21)
FN:199,(anonymous_22)
FN:204,(anonymous_23)
FN:219,(anonymous_24)
FN:226,(anonymous_25)
FN:231,(anonymous_26)
FN:241,(anonymous_27)
FNF:28
FNH:0
FNDA:0,(anonymous_0)
FNDA:0,(anonymous_1)
FNDA:0,(anonymous_2)
FNDA:0,(anonymous_3)
FNDA:0,(anonymous_4)
FNDA:0,(anonymous_5)
FNDA:0,(anonymous_6)
FNDA:0,(anonymous_7)
FNDA:0,(anonymous_8)
FNDA:0,(anonymous_9)
FNDA:0,(anonymous_10)
FNDA:0,(anonymous_11)
FNDA:0,(anonymous_12)
FNDA:0,(anonymous_13)
FNDA:0,(anonymous_14)
FNDA:0,(anonymous_15)
FNDA:0,(anonymous_16)
FNDA:0,(anonymous_17)
FNDA:0,(anonymous_18)
FNDA:0,(anonymous_19)
FNDA:0,(anonymous_20)
FNDA:0,(anonymous_21)
FNDA:0,(anonymous_22)
FNDA:0,(anonymous_23)
FNDA:0,(anonymous_24)
FNDA:0,(anonymous_25)
FNDA:0,(anonymous_26)
FNDA:0,(anonymous_27)
DA:9,1
DA:17,0
DA:34,0
DA:38,0
DA:39,0
DA:40,0
DA:41,0
DA:42,0
DA:49,0
DA:51,0
DA:52,0
DA:53,0
DA:54,0
DA:55,0
DA:59,0
DA:62,0
DA:65,0
DA:66,0
DA:70,0
DA:72,0
DA:84,0
DA:85,0
DA:86,0
DA:90,0
DA:91,0
DA:93,0
DA:100,0
DA:101,0
DA:105,0
DA:106,0
DA:107,0
DA:108,0
DA:112,0
DA:117,0
DA:118,0
DA:119,0
DA:123,0
DA:125,0
DA:132,0
DA:133,0
DA:137,0
DA:147,0
DA:151,0
DA:154,0
DA:164,0
DA:169,0
DA:170,0
DA:171,0
DA:175,0
DA:177,0
DA:184,0
DA:185,0
DA:190,0
DA:200,0
DA:205,0
DA:206,0
DA:207,0
DA:211,0
DA:213,0
DA:220,0
DA:221,0
DA:227,0
DA:232,0
DA:233,0
DA:234,0
DA:235,0
DA:238,0
DA:242,0
LF:68
LH:1
BRDA:65,0,0,0
BRDA:65,0,1,0
BRDA:65,1,0,0
BRDA:65,1,1,0
BRDA:65,1,2,0
BRDA:85,2,0,0
BRDA:85,2,1,0
BRDA:105,3,0,0
BRDA:105,3,1,0
BRDA:118,4,0,0
BRDA:118,4,1,0
BRDA:170,5,0,0
BRDA:170,5,1,0
BRDA:206,6,0,0
BRDA:206,6,1,0
BRDA:232,7,0,0
BRDA:232,7,1,0
BRF:17
BRH:0
end_of_record
TN:
SF:E:\大三下\软件测试\兼饼果职\JBGZ_front_5_10_13\JBGZ_front\src\views\adminPage\Notification.vue
FNF:0
FNH:0
LF:0
LH:0
BRF:0
BRH:0
end_of_record
TN:
SF:E:\大三下\软件测试\兼饼果职\JBGZ_front_5_10_13\JBGZ_front\src\views\adminPage\Order.vue
FN:8,(anonymous_0)
FN:24,(anonymous_1)
FN:29,(anonymous_2)
FN:32,(anonymous_3)
FN:48,(anonymous_4)
FN:52,(anonymous_5)
FN:55,(anonymous_6)
FN:61,(anonymous_7)
FN:80,(anonymous_8)
FN:98,(anonymous_9)
FN:106,(anonymous_10)
FN:125,(anonymous_11)
FN:143,(anonymous_12)
FN:151,(anonymous_13)
FN:154,(anonymous_14)
FN:164,(anonymous_15)
FN:168,(anonymous_16)
FN:171,(anonymous_17)
FN:175,(anonymous_18)
FN:180,(anonymous_19)
FN:183,(anonymous_20)
FN:199,(anonymous_21)
FNF:22
FNH:0
FNDA:0,(anonymous_0)
FNDA:0,(anonymous_1)
FNDA:0,(anonymous_2)
FNDA:0,(anonymous_3)
FNDA:0,(anonymous_4)
FNDA:0,(anonymous_5)
FNDA:0,(anonymous_6)
FNDA:0,(anonymous_7)
FNDA:0,(anonymous_8)
FNDA:0,(anonymous_9)
FNDA:0,(anonymous_10)
FNDA:0,(anonymous_11)
FNDA:0,(anonymous_12)
FNDA:0,(anonymous_13)
FNDA:0,(anonymous_14)
FNDA:0,(anonymous_15)
FNDA:0,(anonymous_16)
FNDA:0,(anonymous_17)
FNDA:0,(anonymous_18)
FNDA:0,(anonymous_19)
FNDA:0,(anonymous_20)
FNDA:0,(anonymous_21)
DA:9,0
DA:25,0
DA:30,0
DA:31,0
DA:32,0
DA:33,0
DA:34,0
DA:35,0
DA:36,0
DA:38,0
DA:41,0
DA:42,0
DA:45,0
DA:49,0
DA:53,0
DA:56,0
DA:57,0
DA:58,0
DA:62,0
DA:63,0
DA:64,0
DA:68,0
DA:70,0
DA:81,0
DA:82,0
DA:86,0
DA:87,0
DA:88,0
DA:89,0
DA:92,0
DA:99,0
DA:100,0
DA:107,0
DA:108,0
DA:109,0
DA:113,0
DA:115,0
DA:126,0
DA:127,0
DA:131,0
DA:132,0
DA:133,0
DA:134,0
DA:137,0
DA:144,0
DA:145,0
DA:155,0
DA:165,0
DA:169,0
DA:172,0
DA:176,0
DA:181,0
DA:182,0
DA:183,0
DA:184,0
DA:185,0
DA:186,0
DA:187,0
DA:189,0
DA:192,0
DA:193,0
DA:196,0
DA:200,0
LF:63
LH:0
BRDA:30,0,0,0
BRDA:30,0,1,0
BRDA:33,1,0,0
BRDA:33,1,1,0
BRDA:33,2,0,0
BRDA:33,2,1,0
BRDA:35,3,0,0
BRDA:35,3,1,0
BRDA:35,4,0,0
BRDA:35,4,1,0
BRDA:56,5,0,0
BRDA:56,5,1,0
BRDA:63,6,0,0
BRDA:63,6,1,0
BRDA:63,7,0,0
BRDA:63,7,1,0
BRDA:81,8,0,0
BRDA:81,8,1,0
BRDA:108,9,0,0
BRDA:108,9,1,0
BRDA:108,10,0,0
BRDA:108,10,1,0
BRDA:126,11,0,0
BRDA:126,11,1,0
BRDA:181,12,0,0
BRDA:181,12,1,0
BRDA:184,13,0,0
BRDA:184,13,1,0
BRDA:184,14,0,0
BRDA:184,14,1,0
BRDA:186,15,0,0
BRDA:186,15,1,0
BRDA:186,16,0,0
BRDA:186,16,1,0
BRF:34
BRH:0
end_of_record
TN:
SF:E:\大三下\软件测试\兼饼果职\JBGZ_front_5_10_13\JBGZ_front\src\views\adminPage\PersonAuthentication.vue
FN:8,(anonymous_0)
FN:23,(anonymous_1)
FN:28,(anonymous_2)
FN:31,(anonymous_3)
FN:47,(anonymous_4)
FN:51,(anonymous_5)
FN:54,(anonymous_6)
FN:61,(anonymous_7)
FN:79,(anonymous_8)
FN:96,(anonymous_9)
FN:104,(anonymous_10)
FN:114,(anonymous_11)
FN:124,(anonymous_12)
FN:141,(anonymous_13)
FN:151,(anonymous_14)
FN:155,(anonymous_15)
FN:160,(anonymous_16)
FN:163,(anonymous_17)
FN:179,(anonymous_18)
FNF:19
FNH:0
FNDA:0,(anonymous_0)
FNDA:0,(anonymous_1)
FNDA:0,(anonymous_2)
FNDA:0,(anonymous_3)
FNDA:0,(anonymous_4)
FNDA:0,(anonymous_5)
FNDA:0,(anonymous_6)
FNDA:0,(anonymous_7)
FNDA:0,(anonymous_8)
FNDA:0,(anonymous_9)
FNDA:0,(anonymous_10)
FNDA:0,(anonymous_11)
FNDA:0,(anonymous_12)
FNDA:0,(anonymous_13)
FNDA:0,(anonymous_14)
FNDA:0,(anonymous_15)
FNDA:0,(anonymous_16)
FNDA:0,(anonymous_17)
FNDA:0,(anonymous_18)
DA:9,0
DA:24,0
DA:29,0
DA:30,0
DA:31,0
DA:32,0
DA:33,0
DA:34,0
DA:35,0
DA:37,0
DA:40,0
DA:41,0
DA:44,0
DA:48,0
DA:52,0
DA:55,0
DA:56,0
DA:57,0
DA:58,0
DA:62,0
DA:63,0
DA:64,0
DA:68,0
DA:70,0
DA:80,0
DA:81,0
DA:85,0
DA:86,0
DA:87,0
DA:90,0
DA:97,0
DA:98,0
DA:105,0
DA:115,0
DA:116,0
DA:125,0
DA:126,0
DA:130,0
DA:131,0
DA:132,0
DA:135,0
DA:142,0
DA:143,0
DA:152,0
DA:156,0
DA:161,0
DA:162,0
DA:163,0
DA:164,0
DA:165,0
DA:166,0
DA:167,0
DA:169,0
DA:172,0
DA:173,0
DA:176,0
DA:180,0
LF:57
LH:0
BRDA:29,0,0,0
BRDA:29,0,1,0
BRDA:32,1,0,0
BRDA:32,1,1,0
BRDA:32,2,0,0
BRDA:32,2,1,0
BRDA:34,3,0,0
BRDA:34,3,1,0
BRDA:34,4,0,0
BRDA:34,4,1,0
BRDA:55,5,0,0
BRDA:55,5,1,0
BRDA:63,6,0,0
BRDA:63,6,1,0
BRDA:63,7,0,0
BRDA:63,7,1,0
BRDA:80,8,0,0
BRDA:80,8,1,0
BRDA:125,9,0,0
BRDA:125,9,1,0
BRDA:161,10,0,0
BRDA:161,10,1,0
BRDA:164,11,0,0
BRDA:164,11,1,0
BRDA:164,12,0,0
BRDA:164,12,1,0
BRDA:166,13,0,0
BRDA:166,13,1,0
BRDA:166,14,0,0
BRDA:166,14,1,0
BRF:30
BRH:0
end_of_record
TN:
SF:E:\大三下\软件测试\兼饼果职\JBGZ_front_5_10_13\JBGZ_front\src\views\jobhunterPage\HomeView.vue
FN:12,(anonymous_0)
FN:22,(anonymous_1)
FN:27,(anonymous_2)
FN:31,(anonymous_3)
FN:37,(anonymous_4)
FN:42,(anonymous_5)
FN:49,(anonymous_6)
FN:59,(anonymous_7)
FNF:8
FNH:4
FNDA:1,(anonymous_0)
FNDA:0,(anonymous_1)
FNDA:0,(anonymous_2)
FNDA:1,(anonymous_3)
FNDA:1,(anonymous_4)
FNDA:0,(anonymous_5)
FNDA:1,(anonymous_6)
FNDA:0,(anonymous_7)
DA:13,1
DA:23,0
DA:24,0
DA:25,0
DA:28,0
DA:33,1
DA:38,1
DA:39,1
DA:40,1
DA:43,0
DA:45,1
DA:50,1
DA:51,1
DA:52,1
DA:53,1
DA:56,0
DA:60,0
LF:17
LH:10
BRDA:50,0,0,1
BRDA:50,0,1,0
BRF:2
BRH:1
end_of_record
TN:
SF:E:\大三下\软件测试\兼饼果职\JBGZ_front_5_10_13\JBGZ_front\src\views\jobhunterPage\Job.vue
FN:11,(anonymous_0)
FN:149,(anonymous_1)
FN:151,(anonymous_2)
FN:159,(anonymous_3)
FN:165,(anonymous_4)
FN:170,(anonymous_5)
FN:179,(anonymous_6)
FN:185,(anonymous_7)
FN:190,(anonymous_8)
FN:194,(anonymous_9)
FN:198,(anonymous_10)
FN:207,(anonymous_11)
FN:212,(anonymous_12)
FN:215,(anonymous_13)
FNF:14
FNH:7
FNDA:1,(anonymous_0)
FNDA:2,(anonymous_1)
FNDA:0,(anonymous_2)
FNDA:1,(anonymous_3)
FNDA:1,(anonymous_4)
FNDA:0,(anonymous_5)
FNDA:1,(anonymous_6)
FNDA:0,(anonymous_7)
FNDA:1,(anonymous_8)
FNDA:0,(anonymous_9)
FNDA:0,(anonymous_10)
FNDA:1,(anonymous_11)
FNDA:0,(anonymous_12)
FNDA:0,(anonymous_13)
DA:12,1
DA:150,2
DA:151,0
DA:152,0
DA:155,2
DA:161,1
DA:166,1
DA:167,1
DA:168,1
DA:171,0
DA:175,1
DA:180,1
DA:181,1
DA:182,1
DA:183,1
DA:186,0
DA:191,1
DA:195,0
DA:196,0
DA:197,0
DA:198,0
DA:199,0
DA:200,0
DA:208,1
DA:209,1
DA:210,1
DA:213,0
DA:216,0
LF:28
LH:16
BRDA:150,0,0,0
BRDA:150,0,1,2
BRF:2
BRH:1
end_of_record
TN:
SF:E:\大三下\软件测试\兼饼果职\JBGZ_front_5_10_13\JBGZ_front\src\views\jobhunterPage\JobDetail.vue
FN:10,(anonymous_0)
FN:12,(anonymous_1)
FN:27,(anonymous_2)
FN:55,(anonymous_3)
FN:66,(anonymous_4)
FN:74,(anonymous_5)
FN:82,(anonymous_6)
FN:95,(anonymous_7)
FN:104,(anonymous_8)
FN:113,(anonymous_9)
FN:119,(anonymous_10)
FN:123,(anonymous_11)
FN:132,(anonymous_12)
FN:135,(anonymous_13)
FN:144,(anonymous_14)
FN:148,(anonymous_15)
FN:157,(anonymous_16)
FN:166,(anonymous_17)
FN:171,(anonymous_18)
FN:174,(anonymous_19)
FN:207,(anonymous_20)
FN:210,(anonymous_21)
FN:221,(anonymous_22)
FN:228,(anonymous_23)
FN:238,(anonymous_24)
FN:244,(anonymous_25)
FN:259,(anonymous_26)
FN:274,(anonymous_27)
FN:282,(anonymous_28)
FN:299,(anonymous_29)
FN:315,(anonymous_30)
FN:323,(anonymous_31)
FN:333,(anonymous_32)
FN:338,(anonymous_33)
FN:353,(anonymous_34)
FNF:35
FNH:10
FNDA:1,(anonymous_0)
FNDA:0,(anonymous_1)
FNDA:1,(anonymous_2)
FNDA:1,(anonymous_3)
FNDA:1,(anonymous_4)
FNDA:0,(anonymous_5)
FNDA:1,(anonymous_6)
FNDA:0,(anonymous_7)
FNDA:1,(anonymous_8)
FNDA:1,(anonymous_9)
FNDA:0,(anonymous_10)
FNDA:0,(anonymous_11)
FNDA:1,(anonymous_12)
FNDA:0,(anonymous_13)
FNDA:1,(anonymous_14)
FNDA:0,(anonymous_15)
FNDA:1,(anonymous_16)
FNDA:0,(anonymous_17)
FNDA:0,(anonymous_18)
FNDA:0,(anonymous_19)
FNDA:0,(anonymous_20)
FNDA:0,(anonymous_21)
FNDA:0,(anonymous_22)
FNDA:0,(anonymous_23)
FNDA:0,(anonymous_24)
FNDA:0,(anonymous_25)
FNDA:0,(anonymous_26)
FNDA:0,(anonymous_27)
FNDA:0,(anonymous_28)
FNDA:0,(anonymous_29)
FNDA:0,(anonymous_30)
FNDA:0,(anonymous_31)
FNDA:0,(anonymous_32)
FNDA:0,(anonymous_33)
FNDA:0,(anonymous_34)
DA:11,1
DA:12,1
DA:13,0
DA:21,1
DA:28,1
DA:56,1
DA:57,1
DA:58,1
DA:59,1
DA:62,1
DA:67,1
DA:68,1
DA:69,1
DA:70,1
DA:75,0
DA:78,1
DA:83,1
DA:84,1
DA:85,1
DA:86,1
DA:89,0
DA:91,1
DA:92,0
DA:96,0
DA:100,1
DA:106,1
DA:107,1
DA:108,1
DA:109,1
DA:114,1
DA:115,1
DA:116,1
DA:117,1
DA:120,0
DA:124,0
DA:128,1
DA:133,1
DA:136,0
DA:140,1
DA:145,1
DA:146,1
DA:149,0
DA:153,1
DA:158,1
DA:159,1
DA:160,0
DA:163,1
DA:167,0
DA:172,0
DA:175,0
DA:176,0
DA:180,0
DA:182,0
DA:183,0
DA:184,0
DA:188,0
DA:190,0
DA:191,0
DA:195,0
DA:197,0
DA:199,0
DA:208,0
DA:211,0
DA:216,0
DA:222,0
DA:223,0
DA:224,0
DA:228,0
DA:229,0
DA:232,0
DA:239,0
DA:245,0
DA:246,0
DA:250,0
DA:252,0
DA:254,0
DA:260,0
DA:261,0
DA:262,0
DA:268,0
DA:275,0
DA:276,0
DA:283,0
DA:284,0
DA:288,0
DA:290,0
DA:300,0
DA:301,0
DA:302,0
DA:306,0
DA:309,0
DA:316,0
DA:317,0
DA:324,0
DA:334,0
DA:339,0
DA:340,0
DA:344,0
DA:347,0
DA:354,0
DA:355,0
LF:101
LH:37
BRDA:67,0,0,1
BRDA:67,0,1,0
BRDA:68,1,0,1
BRDA:68,1,1,0
BRDA:69,2,0,1
BRDA:69,2,1,0
BRDA:85,3,0,1
BRDA:85,3,1,0
BRDA:85,4,0,1
BRDA:85,4,1,0
BRDA:85,4,2,0
BRDA:91,5,0,0
BRDA:91,5,1,1
BRDA:159,6,0,0
BRDA:159,6,1,1
BRDA:175,7,0,0
BRDA:175,7,1,0
BRDA:183,8,0,0
BRDA:183,8,1,0
BRDA:183,9,0,0
BRDA:183,9,1,0
BRDA:183,9,2,0
BRDA:183,9,3,0
BRDA:190,10,0,0
BRDA:190,10,1,0
BRDA:190,11,0,0
BRDA:190,11,1,0
BRDA:197,12,0,0
BRDA:197,12,1,0
BRDA:197,13,0,0
BRDA:197,13,1,0
BRDA:223,14,0,0
BRDA:223,14,1,0
BRDA:245,15,0,0
BRDA:245,15,1,0
BRDA:245,16,0,0
BRDA:245,16,1,0
BRDA:261,17,0,0
BRDA:261,17,1,0
BRDA:283,18,0,0
BRDA:283,18,1,0
BRDA:283,19,0,0
BRDA:283,19,1,0
BRDA:301,20,0,0
BRDA:301,20,1,0
BRDA:339,21,0,0
BRDA:339,21,1,0
BRF:47
BRH:7
end_of_record
TN:
SF:E:\大三下\软件测试\兼饼果职\JBGZ_front_5_10_13\JBGZ_front\src\views\jobhunterPage\person\Authen.vue
FN:15,(anonymous_0)
FN:32,(anonymous_1)
FN:35,(anonymous_2)
FN:47,(anonymous_3)
FN:53,(anonymous_4)
FN:57,(anonymous_5)
FN:60,(anonymous_6)
FN:77,(anonymous_7)
FN:92,(anonymous_8)
FN:98,(anonymous_9)
FN:103,(anonymous_10)
FN:109,(anonymous_11)
FN:118,(anonymous_12)
FNF:13
FNH:0
FNDA:0,(anonymous_0)
FNDA:0,(anonymous_1)
FNDA:0,(anonymous_2)
FNDA:0,(anonymous_3)
FNDA:0,(anonymous_4)
FNDA:0,(anonymous_5)
FNDA:0,(anonymous_6)
FNDA:0,(anonymous_7)
FNDA:0,(anonymous_8)
FNDA:0,(anonymous_9)
FNDA:0,(anonymous_10)
FNDA:0,(anonymous_11)
FNDA:0,(anonymous_12)
DA:8,1
DA:16,0
DA:33,0
DA:37,0
DA:38,0
DA:39,0
DA:40,0
DA:41,0
DA:48,0
DA:50,0
DA:51,0
DA:52,0
DA:53,0
DA:54,0
DA:58,0
DA:61,0
DA:62,0
DA:63,0
DA:64,0
DA:65,0
DA:66,0
DA:70,0
DA:72,0
DA:78,0
DA:79,0
DA:80,0
DA:84,0
DA:86,0
DA:93,0
DA:94,0
DA:96,0
DA:99,0
DA:100,0
DA:104,0
DA:105,0
DA:110,0
DA:111,0
DA:112,0
DA:115,0
DA:119,0
LF:40
LH:1
BRDA:65,0,0,0
BRDA:65,0,1,0
BRDA:65,1,0,0
BRDA:65,1,1,0
BRDA:65,1,2,0
BRDA:79,2,0,0
BRDA:79,2,1,0
BRDA:110,3,0,0
BRDA:110,3,1,0
BRF:9
BRH:0
end_of_record
TN:
SF:E:\大三下\软件测试\兼饼果职\JBGZ_front_5_10_13\JBGZ_front\src\views\jobhunterPage\person\Favorites.vue
FN:9,(anonymous_0)
FN:26,(anonymous_1)
FN:29,(anonymous_2)
FN:35,(anonymous_3)
FN:56,(anonymous_4)
FN:68,(anonymous_5)
FN:84,(anonymous_6)
FN:88,(anonymous_7)
FN:98,(anonymous_8)
FN:103,(anonymous_9)
FN:118,(anonymous_10)
FN:127,(anonymous_11)
FN:139,(anonymous_12)
FN:155,(anonymous_13)
FN:159,(anonymous_14)
FN:169,(anonymous_15)
FN:174,(anonymous_16)
FN:190,(anonymous_17)
FN:199,(anonymous_18)
FN:203,(anonymous_19)
FN:220,(anonymous_20)
FN:238,(anonymous_21)
FN:246,(anonymous_22)
FN:251,(anonymous_23)
FN:261,(anonymous_24)
FN:266,(anonymous_25)
FN:271,(anonymous_26)
FN:281,(anonymous_27)
FNF:28
FNH:0
FNDA:0,(anonymous_0)
FNDA:0,(anonymous_1)
FNDA:0,(anonymous_2)
FNDA:0,(anonymous_3)
FNDA:0,(anonymous_4)
FNDA:0,(anonymous_5)
FNDA:0,(anonymous_6)
FNDA:0,(anonymous_7)
FNDA:0,(anonymous_8)
FNDA:0,(anonymous_9)
FNDA:0,(anonymous_10)
FNDA:0,(anonymous_11)
FNDA:0,(anonymous_12)
FNDA:0,(anonymous_13)
FNDA:0,(anonymous_14)
FNDA:0,(anonymous_15)
FNDA:0,(anonymous_16)
FNDA:0,(anonymous_17)
FNDA:0,(anonymous_18)
FNDA:0,(anonymous_19)
FNDA:0,(anonymous_20)
FNDA:0,(anonymous_21)
FNDA:0,(anonymous_22)
FNDA:0,(anonymous_23)
FNDA:0,(anonymous_24)
FNDA:0,(anonymous_25)
FNDA:0,(anonymous_26)
FNDA:0,(anonymous_27)
DA:10,0
DA:27,0
DA:30,0
DA:31,0
DA:32,0
DA:36,0
DA:37,0
DA:41,0
DA:54,0
DA:57,0
DA:58,0
DA:62,0
DA:64,0
DA:69,0
DA:70,0
DA:74,0
DA:75,0
DA:78,0
DA:85,0
DA:89,0
DA:99,0
DA:104,0
DA:105,0
DA:109,0
DA:112,0
DA:119,0
DA:120,0
DA:128,0
DA:129,0
DA:133,0
DA:135,0
DA:140,0
DA:141,0
DA:145,0
DA:146,0
DA:149,0
DA:156,0
DA:160,0
DA:170,0
DA:175,0
DA:176,0
DA:180,0
DA:181,0
DA:184,0
DA:191,0
DA:192,0
DA:200,0
DA:201,0
DA:204,0
DA:205,0
DA:209,0
DA:211,0
DA:221,0
DA:222,0
DA:223,0
DA:227,0
DA:228,0
DA:229,0
DA:232,0
DA:239,0
DA:240,0
DA:247,0
DA:252,0
DA:253,0
DA:254,0
DA:255,0
DA:258,0
DA:262,0
DA:267,0
DA:272,0
DA:273,0
DA:274,0
DA:275,0
DA:278,0
DA:282,0
LF:75
LH:0
BRDA:30,0,0,0
BRDA:30,0,1,0
BRDA:36,1,0,0
BRDA:36,1,1,0
BRDA:36,2,0,0
BRDA:36,2,1,0
BRDA:57,3,0,0
BRDA:57,3,1,0
BRDA:57,4,0,0
BRDA:57,4,1,0
BRDA:69,5,0,0
BRDA:69,5,1,0
BRDA:104,6,0,0
BRDA:104,6,1,0
BRDA:128,7,0,0
BRDA:128,7,1,0
BRDA:128,8,0,0
BRDA:128,8,1,0
BRDA:140,9,0,0
BRDA:140,9,1,0
BRDA:175,10,0,0
BRDA:175,10,1,0
BRDA:204,11,0,0
BRDA:204,11,1,0
BRDA:204,12,0,0
BRDA:204,12,1,0
BRDA:222,13,0,0
BRDA:222,13,1,0
BRDA:252,14,0,0
BRDA:252,14,1,0
BRDA:272,15,0,0
BRDA:272,15,1,0
BRF:32
BRH:0
end_of_record
TN:
SF:E:\大三下\软件测试\兼饼果职\JBGZ_front_5_10_13\JBGZ_front\src\views\jobhunterPage\person\Message.vue
FN:15,(anonymous_0)
FN:21,connectGoEasy
FN:25,(anonymous_2)
FN:28,(anonymous_3)
FN:31,(anonymous_4)
FN:37,setUnreadNumber
FN:42,(anonymous_6)
FN:58,(anonymous_7)
FN:75,(anonymous_8)
FN:96,(anonymous_9)
FN:106,(anonymous_10)
FN:109,(anonymous_11)
FN:119,(anonymous_12)
FN:122,(anonymous_13)
FN:132,(anonymous_14)
FN:135,(anonymous_15)
FN:145,(anonymous_16)
FN:150,(anonymous_17)
FN:165,(anonymous_18)
FN:175,(anonymous_19)
FN:180,(anonymous_20)
FN:189,(anonymous_21)
FNF:22
FNH:9
FNDA:2,(anonymous_0)
FNDA:2,connectGoEasy
FNDA:2,(anonymous_2)
FNDA:0,(anonymous_3)
FNDA:2,(anonymous_4)
FNDA:2,setUnreadNumber
FNDA:2,(anonymous_6)
FNDA:2,(anonymous_7)
FNDA:0,(anonymous_8)
FNDA:0,(anonymous_9)
FNDA:0,(anonymous_10)
FNDA:0,(anonymous_11)
FNDA:0,(anonymous_12)
FNDA:0,(anonymous_13)
FNDA:0,(anonymous_14)
FNDA:0,(anonymous_15)
FNDA:0,(anonymous_16)
FNDA:0,(anonymous_17)
FNDA:0,(anonymous_18)
FNDA:2,(anonymous_19)
FNDA:2,(anonymous_20)
FNDA:0,(anonymous_21)
DA:16,2
DA:17,2
DA:19,2
DA:22,2
DA:26,2
DA:29,0
DA:32,2
DA:38,2
DA:39,2
DA:42,2
DA:43,2
DA:44,2
DA:47,0
DA:48,0
DA:50,2
DA:53,2
DA:59,2
DA:76,0
DA:77,0
DA:81,0
DA:94,0
DA:97,0
DA:110,0
DA:123,0
DA:136,0
DA:146,0
DA:151,0
DA:152,0
DA:156,0
DA:159,0
DA:166,0
DA:167,0
DA:176,2
DA:181,2
DA:182,2
DA:183,2
DA:186,0
DA:190,0
LF:38
LH:18
BRDA:43,0,0,2
BRDA:43,0,1,0
BRDA:76,1,0,0
BRDA:76,1,1,0
BRDA:76,2,0,0
BRDA:76,2,1,0
BRDA:151,3,0,0
BRDA:151,3,1,0
BRDA:181,4,0,2
BRDA:181,4,1,0
BRF:10
BRH:2
end_of_record
TN:
SF:E:\大三下\软件测试\兼饼果职\JBGZ_front_5_10_13\JBGZ_front\src\views\jobhunterPage\person\Order.vue
FN:9,(anonymous_0)
FN:41,(anonymous_1)
FN:46,(anonymous_2)
FN:52,(anonymous_3)
FN:56,(anonymous_4)
FN:60,(anonymous_5)
FN:72,(anonymous_6)
FN:82,(anonymous_7)
FN:90,(anonymous_8)
FN:103,(anonymous_9)
FN:119,(anonymous_10)
FN:123,(anonymous_11)
FN:133,(anonymous_12)
FN:138,(anonymous_13)
FN:148,(anonymous_14)
FN:157,(anonymous_15)
FN:167,(anonymous_16)
FN:172,(anonymous_17)
FN:182,(anonymous_18)
FN:191,(anonymous_19)
FN:201,(anonymous_20)
FN:206,(anonymous_21)
FN:216,(anonymous_22)
FN:225,(anonymous_23)
FN:231,(anonymous_24)
FN:236,(anonymous_25)
FN:242,(anonymous_26)
FNF:27
FNH:0
FNDA:0,(anonymous_0)
FNDA:0,(anonymous_1)
FNDA:0,(anonymous_2)
FNDA:0,(anonymous_3)
FNDA:0,(anonymous_4)
FNDA:0,(anonymous_5)
FNDA:0,(anonymous_6)
FNDA:0,(anonymous_7)
FNDA:0,(anonymous_8)
FNDA:0,(anonymous_9)
FNDA:0,(anonymous_10)
FNDA:0,(anonymous_11)
FNDA:0,(anonymous_12)
FNDA:0,(anonymous_13)
FNDA:0,(anonymous_14)
FNDA:0,(anonymous_15)
FNDA:0,(anonymous_16)
FNDA:0,(anonymous_17)
FNDA:0,(anonymous_18)
FNDA:0,(anonymous_19)
FNDA:0,(anonymous_20)
FNDA:0,(anonymous_21)
FNDA:0,(anonymous_22)
FNDA:0,(anonymous_23)
FNDA:0,(anonymous_24)
FNDA:0,(anonymous_25)
FNDA:0,(anonymous_26)
DA:10,0
DA:42,0
DA:47,0
DA:48,0
DA:49,0
DA:53,0
DA:57,0
DA:58,0
DA:61,0
DA:62,0
DA:66,0
DA:68,0
DA:73,0
DA:74,0
DA:79,0
DA:80,0
DA:83,0
DA:84,0
DA:91,0
DA:92,0
DA:96,0
DA:98,0
DA:104,0
DA:105,0
DA:109,0
DA:110,0
DA:113,0
DA:120,0
DA:124,0
DA:134,0
DA:139,0
DA:140,0
DA:141,0
DA:145,0
DA:149,0
DA:150,0
DA:158,0
DA:168,0
DA:173,0
DA:174,0
DA:175,0
DA:179,0
DA:183,0
DA:184,0
DA:192,0
DA:202,0
DA:207,0
DA:208,0
DA:209,0
DA:213,0
DA:217,0
DA:218,0
DA:226,0
DA:227,0
DA:228,0
DA:232,0
DA:237,0
DA:238,0
DA:239,0
DA:243,0
LF:60
LH:0
BRDA:47,0,0,0
BRDA:47,0,1,0
BRDA:61,1,0,0
BRDA:61,1,1,0
BRDA:73,2,0,0
BRDA:73,2,1,0
BRDA:91,3,0,0
BRDA:91,3,1,0
BRDA:91,4,0,0
BRDA:91,4,1,0
BRDA:104,5,0,0
BRDA:104,5,1,0
BRDA:139,6,0,0
BRDA:139,6,1,0
BRDA:173,7,0,0
BRDA:173,7,1,0
BRDA:207,8,0,0
BRDA:207,8,1,0
BRDA:237,9,0,0
BRDA:237,9,1,0
BRF:20
BRH:0
end_of_record
TN:
SF:E:\大三下\软件测试\兼饼果职\JBGZ_front_5_10_13\JBGZ_front\src\views\jobhunterPage\person\PersonInfo.vue
FN:15,(anonymous_0)
FN:36,(anonymous_1)
FN:53,(anonymous_2)
FN:62,(anonymous_3)
FN:70,(anonymous_4)
FN:73,(anonymous_5)
FN:85,(anonymous_6)
FN:91,(anonymous_7)
FN:95,(anonymous_8)
FN:98,(anonymous_9)
FN:102,(anonymous_10)
FN:111,(anonymous_11)
FN:123,(anonymous_12)
FN:131,(anonymous_13)
FN:141,(anonymous_14)
FN:149,(anonymous_15)
FN:161,(anonymous_16)
FN:166,(anonymous_17)
FN:174,(anonymous_18)
FN:202,(anonymous_19)
FN:209,(anonymous_20)
FN:215,(anonymous_21)
FN:221,(anonymous_22)
FN:227,(anonymous_23)
FN:239,(anonymous_24)
FNF:25
FNH:0
FNDA:0,(anonymous_0)
FNDA:0,(anonymous_1)
FNDA:0,(anonymous_2)
FNDA:0,(anonymous_3)
FNDA:0,(anonymous_4)
FNDA:0,(anonymous_5)
FNDA:0,(anonymous_6)
FNDA:0,(anonymous_7)
FNDA:0,(anonymous_8)
FNDA:0,(anonymous_9)
FNDA:0,(anonymous_10)
FNDA:0,(anonymous_11)
FNDA:0,(anonymous_12)
FNDA:0,(anonymous_13)
FNDA:0,(anonymous_14)
FNDA:0,(anonymous_15)
FNDA:0,(anonymous_16)
FNDA:0,(anonymous_17)
FNDA:0,(anonymous_18)
FNDA:0,(anonymous_19)
FNDA:0,(anonymous_20)
FNDA:0,(anonymous_21)
FNDA:0,(anonymous_22)
FNDA:0,(anonymous_23)
FNDA:0,(anonymous_24)
DA:8,1
DA:16,0
DA:38,0
DA:41,0
DA:42,0
DA:54,0
DA:55,0
DA:59,0
DA:63,0
DA:64,0
DA:71,0
DA:75,0
DA:76,0
DA:77,0
DA:78,0
DA:79,0
DA:86,0
DA:88,0
DA:89,0
DA:90,0
DA:91,0
DA:92,0
DA:96,0
DA:99,0
DA:100,0
DA:103,0
DA:104,0
DA:105,0
DA:106,0
DA:107,0
DA:108,0
DA:109,0
DA:112,0
DA:113,0
DA:118,0
DA:124,0
DA:125,0
DA:132,0
DA:133,0
DA:138,0
DA:139,0
DA:142,0
DA:150,0
DA:151,0
DA:152,0
DA:156,0
DA:158,0
DA:162,0
DA:163,0
DA:167,0
DA:168,0
DA:175,0
DA:176,0
DA:180,0
DA:182,0
DA:183,0
DA:187,0
DA:189,0
DA:190,0
DA:194,0
DA:196,0
DA:197,0
DA:203,0
DA:204,0
DA:205,0
DA:209,0
DA:210,0
DA:212,0
DA:216,0
DA:217,0
DA:222,0
DA:223,0
DA:228,0
DA:229,0
DA:230,0
DA:231,0
DA:240,0
LF:77
LH:1
BRDA:54,0,0,0
BRDA:54,0,1,0
BRDA:124,1,0,0
BRDA:124,1,1,0
BRDA:151,2,0,0
BRDA:151,2,1,0
BRDA:167,3,0,0
BRDA:167,3,1,0
BRDA:175,4,0,0
BRDA:175,4,1,0
BRDA:182,5,0,0
BRDA:182,5,1,0
BRDA:182,6,0,0
BRDA:182,6,1,0
BRDA:189,7,0,0
BRDA:189,7,1,0
BRDA:189,8,0,0
BRDA:189,8,1,0
BRDA:204,9,0,0
BRDA:204,9,1,0
BRF:20
BRH:0
end_of_record
TN:
SF:E:\大三下\软件测试\兼饼果职\JBGZ_front_5_10_13\JBGZ_front\src\views\recruiterPage\HomeView.vue
FN:12,(anonymous_0)
FN:21,(anonymous_1)
FN:25,(anonymous_2)
FN:30,(anonymous_3)
FN:40,(anonymous_4)
FNF:5
FNH:0
FNDA:0,(anonymous_0)
FNDA:0,(anonymous_1)
FNDA:0,(anonymous_2)
FNDA:0,(anonymous_3)
FNDA:0,(anonymous_4)
DA:13,0
DA:22,0
DA:26,0
DA:31,0
DA:32,0
DA:33,0
DA:34,0
DA:37,0
DA:41,0
LF:9
LH:0
BRDA:31,0,0,0
BRDA:31,0,1,0
BRF:2
BRH:0
end_of_record
TN:
SF:E:\大三下\软件测试\兼饼果职\JBGZ_front_5_10_13\JBGZ_front\src\views\recruiterPage\JobDetail.vue
FN:15,(anonymous_0)
FN:17,(anonymous_1)
FN:30,(anonymous_2)
FN:73,(anonymous_3)
FN:79,(anonymous_4)
FN:87,(anonymous_5)
FN:92,(anonymous_6)
FN:96,(anonymous_7)
FN:105,(anonymous_8)
FN:108,(anonymous_9)
FN:112,(anonymous_10)
FN:116,(anonymous_11)
FN:121,(anonymous_12)
FN:129,(anonymous_13)
FN:131,(anonymous_14)
FN:135,(anonymous_15)
FN:141,(anonymous_16)
FN:147,(anonymous_17)
FN:150,(anonymous_18)
FN:154,(anonymous_19)
FN:158,(anonymous_20)
FN:163,(anonymous_21)
FN:171,(anonymous_22)
FN:175,(anonymous_23)
FN:179,(anonymous_24)
FN:182,(anonymous_25)
FN:213,(anonymous_26)
FN:218,(anonymous_27)
FN:235,(anonymous_28)
FN:244,(anonymous_29)
FN:254,(anonymous_30)
FN:259,(anonymous_31)
FN:269,(anonymous_32)
FN:278,(anonymous_33)
FN:288,(anonymous_34)
FN:293,(anonymous_35)
FN:303,(anonymous_36)
FN:312,(anonymous_37)
FN:322,(anonymous_38)
FN:327,(anonymous_39)
FN:337,(anonymous_40)
FN:346,(anonymous_41)
FN:350,(anonymous_42)
FN:362,(anonymous_43)
FN:378,(anonymous_44)
FN:386,(anonymous_45)
FN:399,(anonymous_46)
FN:416,(anonymous_47)
FNF:48
FNH:0
FNDA:0,(anonymous_0)
FNDA:0,(anonymous_1)
FNDA:0,(anonymous_2)
FNDA:0,(anonymous_3)
FNDA:0,(anonymous_4)
FNDA:0,(anonymous_5)
FNDA:0,(anonymous_6)
FNDA:0,(anonymous_7)
FNDA:0,(anonymous_8)
FNDA:0,(anonymous_9)
FNDA:0,(anonymous_10)
FNDA:0,(anonymous_11)
FNDA:0,(anonymous_12)
FNDA:0,(anonymous_13)
FNDA:0,(anonymous_14)
FNDA:0,(anonymous_15)
FNDA:0,(anonymous_16)
FNDA:0,(anonymous_17)
FNDA:0,(anonymous_18)
FNDA:0,(anonymous_19)
FNDA:0,(anonymous_20)
FNDA:0,(anonymous_21)
FNDA:0,(anonymous_22)
FNDA:0,(anonymous_23)
FNDA:0,(anonymous_24)
FNDA:0,(anonymous_25)
FNDA:0,(anonymous_26)
FNDA:0,(anonymous_27)
FNDA:0,(anonymous_28)
FNDA:0,(anonymous_29)
FNDA:0,(anonymous_30)
FNDA:0,(anonymous_31)
FNDA:0,(anonymous_32)
FNDA:0,(anonymous_33)
FNDA:0,(anonymous_34)
FNDA:0,(anonymous_35)
FNDA:0,(anonymous_36)
FNDA:0,(anonymous_37)
FNDA:0,(anonymous_38)
FNDA:0,(anonymous_39)
FNDA:0,(anonymous_40)
FNDA:0,(anonymous_41)
FNDA:0,(anonymous_42)
FNDA:0,(anonymous_43)
FNDA:0,(anonymous_44)
FNDA:0,(anonymous_45)
FNDA:0,(anonymous_46)
FNDA:0,(anonymous_47)
DA:16,0
DA:17,0
DA:18,0
DA:26,0
DA:31,0
DA:75,0
DA:80,0
DA:81,0
DA:82,0
DA:83,0
DA:88,0
DA:89,0
DA:90,0
DA:93,0
DA:97,0
DA:101,0
DA:106,0
DA:107,0
DA:108,0
DA:109,0
DA:111,0
DA:112,0
DA:113,0
DA:115,0
DA:116,0
DA:117,0
DA:119,0
DA:122,0
DA:125,0
DA:131,0
DA:132,0
DA:136,0
DA:143,0
DA:148,0
DA:149,0
DA:150,0
DA:151,0
DA:153,0
DA:154,0
DA:155,0
DA:157,0
DA:158,0
DA:159,0
DA:161,0
DA:164,0
DA:167,0
DA:173,0
DA:176,0
DA:180,0
DA:183,0
DA:184,0
DA:188,0
DA:190,0
DA:191,0
DA:195,0
DA:197,0
DA:198,0
DA:202,0
DA:204,0
DA:214,0
DA:219,0
DA:220,0
DA:221,0
DA:225,0
DA:228,0
DA:232,0
DA:236,0
DA:237,0
DA:245,0
DA:255,0
DA:260,0
DA:261,0
DA:262,0
DA:266,0
DA:270,0
DA:271,0
DA:279,0
DA:289,0
DA:294,0
DA:295,0
DA:296,0
DA:300,0
DA:304,0
DA:305,0
DA:313,0
DA:323,0
DA:328,0
DA:329,0
DA:330,0
DA:334,0
DA:338,0
DA:339,0
DA:347,0
DA:348,0
DA:351,0
DA:352,0
DA:356,0
DA:358,0
DA:363,0
DA:364,0
DA:370,0
DA:375,0
DA:376,0
DA:379,0
DA:380,0
DA:387,0
DA:388,0
DA:392,0
DA:394,0
DA:400,0
DA:401,0
DA:402,0
DA:406,0
DA:407,0
DA:410,0
DA:417,0
LF:116
LH:0
BRDA:183,0,0,0
BRDA:183,0,1,0
BRDA:190,1,0,0
BRDA:190,1,1,0
BRDA:197,2,0,0
BRDA:197,2,1,0
BRDA:219,3,0,0
BRDA:219,3,1,0
BRDA:260,4,0,0
BRDA:260,4,1,0
BRDA:294,5,0,0
BRDA:294,5,1,0
BRDA:328,6,0,0
BRDA:328,6,1,0
BRDA:351,7,0,0
BRDA:351,7,1,0
BRDA:363,8,0,0
BRDA:363,8,1,0
BRDA:387,9,0,0
BRDA:387,9,1,0
BRDA:387,10,0,0
BRDA:387,10,1,0
BRDA:401,11,0,0
BRDA:401,11,1,0
BRF:24
BRH:0
end_of_record
TN:
SF:E:\大三下\软件测试\兼饼果职\JBGZ_front_5_10_13\JBGZ_front\src\views\recruiterPage\JobManage.vue
FN:10,(anonymous_0)
FN:156,(anonymous_1)
FN:158,(anonymous_2)
FN:166,(anonymous_3)
FN:171,(anonymous_4)
FN:174,(anonymous_5)
FN:179,(anonymous_6)
FN:184,(anonymous_7)
FN:187,(anonymous_8)
FN:192,(anonymous_9)
FN:194,(anonymous_10)
FNF:11
FNH:0
FNDA:0,(anonymous_0)
FNDA:0,(anonymous_1)
FNDA:0,(anonymous_2)
FNDA:0,(anonymous_3)
FNDA:0,(anonymous_4)
FNDA:0,(anonymous_5)
FNDA:0,(anonymous_6)
FNDA:0,(anonymous_7)
FNDA:0,(anonymous_8)
FNDA:0,(anonymous_9)
FNDA:0,(anonymous_10)
DA:11,0
DA:157,0
DA:158,0
DA:159,0
DA:162,0
DA:167,0
DA:172,0
DA:173,0
DA:174,0
DA:175,0
DA:177,0
DA:180,0
DA:185,0
DA:188,0
DA:189,0
DA:190,0
DA:193,0
DA:194,0
DA:195,0
DA:197,0
LF:20
LH:0
BRDA:157,0,0,0
BRDA:157,0,1,0
BRF:2
BRH:0
end_of_record
TN:
SF:E:\大三下\软件测试\兼饼果职\JBGZ_front_5_10_13\JBGZ_front\src\views\recruiterPage\UpJob.vue
FN:14,(anonymous_0)
FN:41,(anonymous_1)
FN:45,(anonymous_2)
FN:49,(anonymous_3)
FN:58,(anonymous_4)
FN:76,(anonymous_5)
FN:83,(anonymous_6)
FN:93,(anonymous_7)
FN:101,(anonymous_8)
FN:112,(anonymous_9)
FN:119,(anonymous_10)
FN:129,(anonymous_11)
FN:138,(anonymous_12)
FN:142,(anonymous_13)
FN:149,(anonymous_14)
FN:155,(anonymous_15)
FN:158,(anonymous_16)
FN:166,(anonymous_17)
FN:174,(anonymous_18)
FNF:19
FNH:0
FNDA:0,(anonymous_0)
FNDA:0,(anonymous_1)
FNDA:0,(anonymous_2)
FNDA:0,(anonymous_3)
FNDA:0,(anonymous_4)
FNDA:0,(anonymous_5)
FNDA:0,(anonymous_6)
FNDA:0,(anonymous_7)
FNDA:0,(anonymous_8)
FNDA:0,(anonymous_9)
FNDA:0,(anonymous_10)
FNDA:0,(anonymous_11)
FNDA:0,(anonymous_12)
FNDA:0,(anonymous_13)
FNDA:0,(anonymous_14)
FNDA:0,(anonymous_15)
FNDA:0,(anonymous_16)
FNDA:0,(anonymous_17)
FNDA:0,(anonymous_18)
DA:15,0
DA:42,0
DA:46,0
DA:47,0
DA:48,0
DA:49,0
DA:50,0
DA:51,0
DA:59,0
DA:60,0
DA:64,0
DA:66,0
DA:67,0
DA:77,0
DA:78,0
DA:79,0
DA:83,0
DA:84,0
DA:87,0
DA:94,0
DA:95,0
DA:102,0
DA:103,0
DA:113,0
DA:114,0
DA:115,0
DA:119,0
DA:120,0
DA:123,0
DA:130,0
DA:131,0
DA:139,0
DA:144,0
DA:145,0
DA:150,0
DA:151,0
DA:156,0
DA:159,0
DA:162,0
DA:167,0
DA:168,0
DA:169,0
DA:170,0
DA:175,0
LF:44
LH:0
BRDA:59,0,0,0
BRDA:59,0,1,0
BRDA:78,1,0,0
BRDA:78,1,1,0
BRDA:114,2,0,0
BRDA:114,2,1,0
BRDA:167,3,0,0
BRDA:167,3,1,0
BRDA:168,4,0,0
BRDA:168,4,1,0
BRDA:169,5,0,0
BRDA:169,5,1,0
BRF:12
BRH:0
end_of_record
TN:
SF:E:\大三下\软件测试\兼饼果职\JBGZ_front_5_10_13\JBGZ_front\src\views\recruiterPage\company\Authen.vue
FN:15,(anonymous_0)
FN:33,(anonymous_1)
FN:36,(anonymous_2)
FN:48,(anonymous_3)
FN:54,(anonymous_4)
FN:58,(anonymous_5)
FN:61,(anonymous_6)
FN:75,(anonymous_7)
FN:90,(anonymous_8)
FN:97,(anonymous_9)
FN:103,(anonymous_10)
FN:112,(anonymous_11)
FNF:12
FNH:0
FNDA:0,(anonymous_0)
FNDA:0,(anonymous_1)
FNDA:0,(anonymous_2)
FNDA:0,(anonymous_3)
FNDA:0,(anonymous_4)
FNDA:0,(anonymous_5)
FNDA:0,(anonymous_6)
FNDA:0,(anonymous_7)
FNDA:0,(anonymous_8)
FNDA:0,(anonymous_9)
FNDA:0,(anonymous_10)
FNDA:0,(anonymous_11)
DA:8,1
DA:16,0
DA:34,0
DA:38,0
DA:39,0
DA:40,0
DA:41,0
DA:42,0
DA:49,0
DA:51,0
DA:52,0
DA:53,0
DA:54,0
DA:55,0
DA:59,0
DA:62,0
DA:63,0
DA:64,0
DA:68,0
DA:70,0
DA:76,0
DA:77,0
DA:78,0
DA:82,0
DA:84,0
DA:91,0
DA:92,0
DA:94,0
DA:98,0
DA:99,0
DA:104,0
DA:105,0
DA:106,0
DA:109,0
DA:113,0
LF:35
LH:1
BRDA:63,0,0,0
BRDA:63,0,1,0
BRDA:63,1,0,0
BRDA:63,1,1,0
BRDA:63,1,2,0
BRDA:63,1,3,0
BRDA:77,2,0,0
BRDA:77,2,1,0
BRDA:104,3,0,0
BRDA:104,3,1,0
BRF:10
BRH:0
end_of_record
TN:
SF:E:\大三下\软件测试\兼饼果职\JBGZ_front_5_10_13\JBGZ_front\src\views\recruiterPage\company\CompanyInfo.vue
FN:14,(anonymous_0)
FN:35,(anonymous_1)
FN:51,(anonymous_2)
FN:60,(anonymous_3)
FN:68,(anonymous_4)
FN:71,(anonymous_5)
FN:83,(anonymous_6)
FN:89,(anonymous_7)
FN:93,(anonymous_8)
FN:96,(anonymous_9)
FN:100,(anonymous_10)
FN:108,(anonymous_11)
FN:118,(anonymous_12)
FN:126,(anonymous_13)
FN:136,(anonymous_14)
FN:144,(anonymous_15)
FN:156,(anonymous_16)
FN:161,(anonymous_17)
FN:169,(anonymous_18)
FN:197,(anonymous_19)
FN:204,(anonymous_20)
FN:210,(anonymous_21)
FN:216,(anonymous_22)
FN:222,(anonymous_23)
FN:233,(anonymous_24)
FNF:25
FNH:0
FNDA:0,(anonymous_0)
FNDA:0,(anonymous_1)
FNDA:0,(anonymous_2)
FNDA:0,(anonymous_3)
FNDA:0,(anonymous_4)
FNDA:0,(anonymous_5)
FNDA:0,(anonymous_6)
FNDA:0,(anonymous_7)
FNDA:0,(anonymous_8)
FNDA:0,(anonymous_9)
FNDA:0,(anonymous_10)
FNDA:0,(anonymous_11)
FNDA:0,(anonymous_12)
FNDA:0,(anonymous_13)
FNDA:0,(anonymous_14)
FNDA:0,(anonymous_15)
FNDA:0,(anonymous_16)
FNDA:0,(anonymous_17)
FNDA:0,(anonymous_18)
FNDA:0,(anonymous_19)
FNDA:0,(anonymous_20)
FNDA:0,(anonymous_21)
FNDA:0,(anonymous_22)
FNDA:0,(anonymous_23)
FNDA:0,(anonymous_24)
DA:7,1
DA:15,0
DA:37,0
DA:40,0
DA:41,0
DA:45,0
DA:52,0
DA:53,0
DA:57,0
DA:61,0
DA:62,0
DA:69,0
DA:73,0
DA:74,0
DA:75,0
DA:76,0
DA:77,0
DA:84,0
DA:86,0
DA:87,0
DA:88,0
DA:89,0
DA:90,0
DA:94,0
DA:97,0
DA:98,0
DA:101,0
DA:102,0
DA:103,0
DA:104,0
DA:105,0
DA:106,0
DA:109,0
DA:113,0
DA:119,0
DA:120,0
DA:127,0
DA:128,0
DA:133,0
DA:134,0
DA:137,0
DA:145,0
DA:146,0
DA:147,0
DA:151,0
DA:153,0
DA:157,0
DA:158,0
DA:162,0
DA:163,0
DA:170,0
DA:171,0
DA:175,0
DA:177,0
DA:178,0
DA:182,0
DA:184,0
DA:185,0
DA:189,0
DA:191,0
DA:192,0
DA:198,0
DA:199,0
DA:200,0
DA:204,0
DA:205,0
DA:207,0
DA:211,0
DA:212,0
DA:217,0
DA:218,0
DA:223,0
DA:224,0
DA:225,0
DA:226,0
DA:234,0
LF:76
LH:1
BRDA:52,0,0,0
BRDA:52,0,1,0
BRDA:119,1,0,0
BRDA:119,1,1,0
BRDA:146,2,0,0
BRDA:146,2,1,0
BRDA:162,3,0,0
BRDA:162,3,1,0
BRDA:170,4,0,0
BRDA:170,4,1,0
BRDA:177,5,0,0
BRDA:177,5,1,0
BRDA:177,6,0,0
BRDA:177,6,1,0
BRDA:184,7,0,0
BRDA:184,7,1,0
BRDA:184,8,0,0
BRDA:184,8,1,0
BRDA:199,9,0,0
BRDA:199,9,1,0
BRF:20
BRH:0
end_of_record
TN:
SF:E:\大三下\软件测试\兼饼果职\JBGZ_front_5_10_13\JBGZ_front\src\views\recruiterPage\company\Draft.vue
FN:10,(anonymous_0)
FN:36,(anonymous_1)
FN:39,(anonymous_2)
FN:49,(anonymous_3)
FN:54,(anonymous_4)
FN:69,(anonymous_5)
FN:78,(anonymous_6)
FN:92,(anonymous_7)
FN:112,(anonymous_8)
FN:129,(anonymous_9)
FN:137,(anonymous_10)
FN:162,(anonymous_11)
FN:171,(anonymous_12)
FN:181,(anonymous_13)
FN:186,(anonymous_14)
FN:202,(anonymous_15)
FN:212,(anonymous_16)
FN:217,(anonymous_17)
FN:227,(anonymous_18)
FN:234,(anonymous_19)
FN:238,(anonymous_20)
FNF:21
FNH:0
FNDA:0,(anonymous_0)
FNDA:0,(anonymous_1)
FNDA:0,(anonymous_2)
FNDA:0,(anonymous_3)
FNDA:0,(anonymous_4)
FNDA:0,(anonymous_5)
FNDA:0,(anonymous_6)
FNDA:0,(anonymous_7)
FNDA:0,(anonymous_8)
FNDA:0,(anonymous_9)
FNDA:0,(anonymous_10)
FNDA:0,(anonymous_11)
FNDA:0,(anonymous_12)
FNDA:0,(anonymous_13)
FNDA:0,(anonymous_14)
FNDA:0,(anonymous_15)
FNDA:0,(anonymous_16)
FNDA:0,(anonymous_17)
FNDA:0,(anonymous_18)
FNDA:0,(anonymous_19)
FNDA:0,(anonymous_20)
DA:11,0
DA:37,0
DA:40,0
DA:50,0
DA:55,0
DA:56,0
DA:60,0
DA:63,0
DA:70,0
DA:71,0
DA:79,0
DA:80,0
DA:81,0
DA:84,0
DA:85,0
DA:86,0
DA:87,0
DA:88,0
DA:93,0
DA:94,0
DA:95,0
DA:96,0
DA:97,0
DA:98,0
DA:99,0
DA:100,0
DA:101,0
DA:102,0
DA:103,0
DA:104,0
DA:105,0
DA:106,0
DA:107,0
DA:108,0
DA:113,0
DA:114,0
DA:115,0
DA:116,0
DA:117,0
DA:120,0
DA:130,0
DA:138,0
DA:139,0
DA:143,0
DA:146,0
DA:150,0
DA:151,0
DA:152,0
DA:153,0
DA:154,0
DA:155,0
DA:156,0
DA:157,0
DA:158,0
DA:159,0
DA:163,0
DA:164,0
DA:172,0
DA:182,0
DA:187,0
DA:188,0
DA:192,0
DA:195,0
DA:199,0
DA:203,0
DA:204,0
DA:213,0
DA:218,0
DA:219,0
DA:220,0
DA:221,0
DA:224,0
DA:228,0
DA:230,0
DA:235,0
DA:236,0
DA:239,0
LF:77
LH:0
BRDA:55,0,0,0
BRDA:55,0,1,0
BRDA:86,1,0,0
BRDA:86,1,1,0
BRDA:106,2,0,0
BRDA:106,2,1,0
BRDA:115,3,0,0
BRDA:115,3,1,0
BRDA:138,4,0,0
BRDA:138,4,1,0
BRDA:187,5,0,0
BRDA:187,5,1,0
BRDA:218,6,0,0
BRDA:218,6,1,0
BRF:14
BRH:0
end_of_record
TN:
SF:E:\大三下\软件测试\兼饼果职\JBGZ_front_5_10_13\JBGZ_front\src\views\recruiterPage\company\Message.vue
FN:11,(anonymous_0)
FN:17,connectGoEasy
FN:21,(anonymous_2)
FN:24,(anonymous_3)
FN:27,(anonymous_4)
FN:33,setUnreadNumber
FN:38,(anonymous_6)
FN:54,(anonymous_7)
FN:71,(anonymous_8)
FN:92,(anonymous_9)
FN:102,(anonymous_10)
FN:105,(anonymous_11)
FN:115,(anonymous_12)
FN:118,(anonymous_13)
FN:128,(anonymous_14)
FN:131,(anonymous_15)
FN:141,(anonymous_16)
FN:146,(anonymous_17)
FN:161,(anonymous_18)
FN:171,(anonymous_19)
FN:176,(anonymous_20)
FN:185,(anonymous_21)
FNF:22
FNH:9
FNDA:1,(anonymous_0)
FNDA:1,connectGoEasy
FNDA:1,(anonymous_2)
FNDA:0,(anonymous_3)
FNDA:1,(anonymous_4)
FNDA:2,setUnreadNumber
FNDA:1,(anonymous_6)
FNDA:1,(anonymous_7)
FNDA:0,(anonymous_8)
FNDA:0,(anonymous_9)
FNDA:0,(anonymous_10)
FNDA:0,(anonymous_11)
FNDA:0,(anonymous_12)
FNDA:0,(anonymous_13)
FNDA:0,(anonymous_14)
FNDA:0,(anonymous_15)
FNDA:0,(anonymous_16)
FNDA:0,(anonymous_17)
FNDA:0,(anonymous_18)
FNDA:1,(anonymous_19)
FNDA:1,(anonymous_20)
FNDA:0,(anonymous_21)
DA:12,1
DA:13,1
DA:15,1
DA:18,1
DA:22,1
DA:25,0
DA:28,1
DA:34,2
DA:35,2
DA:38,1
DA:39,1
DA:40,1
DA:43,0
DA:44,0
DA:46,1
DA:49,1
DA:55,1
DA:72,0
DA:73,0
DA:77,0
DA:90,0
DA:93,0
DA:106,0
DA:119,0
DA:132,0
DA:142,0
DA:147,0
DA:148,0
DA:152,0
DA:155,0
DA:162,0
DA:163,0
DA:172,1
DA:177,1
DA:178,1
DA:179,1
DA:182,0
DA:186,0
LF:38
LH:18
BRDA:39,0,0,1
BRDA:39,0,1,0
BRDA:72,1,0,0
BRDA:72,1,1,0
BRDA:72,2,0,0
BRDA:72,2,1,0
BRDA:147,3,0,0
BRDA:147,3,1,0
BRDA:177,4,0,1
BRDA:177,4,1,0
BRF:10
BRH:2
end_of_record
