TN:
SF:src\App.vue
FN:3,render
FNF:1
FNH:1
FNDA:153,render
DA:4,153
DA:6,153
LF:2
LH:2
BRF:0
BRH:0
end_of_record
TN:
SF:src\main.js
FNF:0
FNH:0
DA:8,153
DA:14,153
DA:15,153
DA:16,44829
DA:18,153
DA:19,153
DA:20,153
DA:21,153
LF:8
LH:8
BRF:0
BRH:0
end_of_record
TN:
SF:src\api\restapi.js
FNF:0
FNH:0
LF:0
LH:0
BRF:0
BRH:0
end_of_record
TN:
SF:src\assets\iconfont\iconfont.js
FNF:0
FNH:0
LF:0
LH:0
BRF:0
BRH:0
end_of_record
TN:
SF:src\components\Conversations.vue
FN:7,(anonymous_0)
FN:26,loadConversations
FN:28,(anonymous_2)
FN:32,(anonymous_3)
FN:38,listenConversationUpdate
FN:43,renderConversations
FN:48,showRightClickMenu
FN:55,hideRightClickMenu
FN:59,topConversation
FN:65,(anonymous_9)
FN:68,(anonymous_10)
FN:74,deleteConversation
FN:79,(anonymous_12)
FN:82,(anonymous_13)
FN:89,chatLocation
FN:113,(anonymous_15)
FN:115,(anonymous_16)
FN:123,(anonymous_17)
FNF:18
FNH:9
FNDA:8,(anonymous_0)
FNDA:8,loadConversations
FNDA:6,(anonymous_2)
FNDA:0,(anonymous_3)
FNDA:8,listenConversationUpdate
FNDA:8,renderConversations
FNDA:0,showRightClickMenu
FNDA:8,hideRightClickMenu
FNDA:0,topConversation
FNDA:0,(anonymous_9)
FNDA:0,(anonymous_10)
FNDA:0,deleteConversation
FNDA:0,(anonymous_12)
FNDA:0,(anonymous_13)
FNDA:26,chatLocation
FNDA:8,(anonymous_15)
FNDA:8,(anonymous_16)
FNDA:0,(anonymous_17)
DA:8,8
DA:9,8
DA:10,8
DA:17,8
DA:19,8
DA:27,8
DA:29,6
DA:30,6
DA:33,0
DA:40,8
DA:44,8
DA:49,0
DA:50,0
DA:51,0
DA:52,0
DA:56,8
DA:60,0
DA:61,0
DA:62,0
DA:66,0
DA:69,0
DA:75,0
DA:76,0
DA:77,0
DA:80,0
DA:83,0
DA:91,26
DA:92,18
DA:93,18
DA:101,8
DA:102,8
DA:103,8
DA:113,8
DA:115,8
DA:116,8
DA:119,8
DA:120,8
DA:123,8
DA:124,0
DA:127,8
LF:40
LH:24
BRDA:61,0,0,0
BRDA:61,0,1,0
BRDA:75,1,0,0
BRDA:75,1,1,0
BRDA:91,2,0,18
BRDA:91,2,1,8
BRDA:101,3,0,8
BRDA:101,3,1,0
BRF:8
BRH:3
end_of_record
TN:
SF:src\components\GaodeMap.vue
FN:10,(anonymous_0)
FN:19,(anonymous_1)
FN:26,(anonymous_2)
FN:31,(anonymous_3)
FN:39,(anonymous_4)
FN:119,(anonymous_5)
FN:124,(anonymous_6)
FN:127,(anonymous_7)
FN:134,(anonymous_8)
FNF:9
FNH:0
FNDA:0,(anonymous_0)
FNDA:0,(anonymous_1)
FNDA:0,(anonymous_2)
FNDA:0,(anonymous_3)
FNDA:0,(anonymous_4)
FNDA:0,(anonymous_5)
FNDA:0,(anonymous_6)
FNDA:0,(anonymous_7)
FNDA:0,(anonymous_8)
DA:5,153
DA:11,0
DA:13,0
DA:20,0
DA:27,0
DA:32,0
DA:38,0
DA:39,0
DA:40,0
DA:47,0
DA:50,0
DA:87,0
DA:117,0
DA:120,0
DA:125,0
DA:128,0
DA:129,0
DA:130,0
DA:131,0
DA:136,0
LF:20
LH:1
BRF:0
BRH:0
end_of_record
TN:
SF:src\components\GaodeMapforJobDetail.vue
FN:13,(anonymous_0)
FN:20,(anonymous_1)
FN:25,(anonymous_2)
FN:31,(anonymous_3)
FN:36,(anonymous_4)
FNF:5
FNH:0
FNDA:0,(anonymous_0)
FNDA:0,(anonymous_1)
FNDA:0,(anonymous_2)
FNDA:0,(anonymous_3)
FNDA:0,(anonymous_4)
DA:4,153
DA:14,0
DA:15,0
DA:21,0
DA:26,0
DA:32,0
DA:38,0
LF:7
LH:1
BRF:0
BRH:0
end_of_record
TN:
SF:src\components\Nav.vue
FN:5,(anonymous_0)
FN:13,(anonymous_1)
FN:19,(anonymous_2)
FN:23,(anonymous_3)
FN:32,(anonymous_4)
FN:36,(anonymous_5)
FNF:6
FNH:3
FNDA:78,(anonymous_0)
FNDA:78,(anonymous_1)
FNDA:75,(anonymous_2)
FNDA:0,(anonymous_3)
FNDA:0,(anonymous_4)
FNDA:0,(anonymous_5)
DA:6,78
DA:14,78
DA:15,78
DA:20,75
DA:21,75
DA:24,0
DA:27,78
DA:28,0
DA:33,0
DA:34,0
DA:37,0
LF:11
LH:6
BRDA:14,0,0,78
BRDA:14,0,1,0
BRDA:27,1,0,0
BRDA:27,1,1,78
BRF:4
BRH:2
end_of_record
TN:
SF:src\components\PrivateChat.vue
FN:7,(anonymous_0)
FN:16,(anonymous_1)
FN:30,(anonymous_2)
FN:65,(anonymous_3)
FN:75,(anonymous_4)
FN:88,(anonymous_5)
FN:95,(anonymous_6)
FN:118,(anonymous_7)
FN:195,onReceivedPrivateMessage
FN:215,getImageHeight
FN:225,sendTextMessage
FN:233,(anonymous_11)
FN:237,(anonymous_12)
FN:243,onInputFocus
FN:247,showEmojiBox
FN:251,chooseEmoji
FN:257,sendImageMessage
FN:259,(anonymous_17)
FN:263,(anonymous_18)
FN:266,(anonymous_19)
FN:269,(anonymous_20)
FN:276,sendFileMessage
FN:281,(anonymous_22)
FN:284,(anonymous_23)
FN:287,(anonymous_24)
FN:293,sendMessage
FN:300,(anonymous_26)
FN:303,(anonymous_27)
FN:314,showActionPopup
FN:325,deleteSingleMessage
FN:330,deleteMultipleMessages
FN:337,deleteMessage
FN:341,(anonymous_32)
FN:348,(anonymous_33)
FN:349,(anonymous_34)
FN:357,(anonymous_35)
FN:366,recallMessage
FN:368,(anonymous_37)
FN:376,(anonymous_38)
FN:379,(anonymous_39)
FN:385,editRecalledMessage
FN:389,showImagePreviewPopup
FN:394,hideImagePreviewPopup
FN:398,showCheckBox
FN:404,selectMessages
FN:415,loadHistoryMessage
FN:427,(anonymous_46)
FN:450,(anonymous_47)
FN:458,markPrivateMessageAsRead
FN:462,(anonymous_49)
FN:465,(anonymous_50)
FN:473,scrollToBottom
FN:474,(anonymous_52)
FN:479,renderMessageDate
FN:491,(anonymous_54)
FN:497,(anonymous_55)
FN:501,(anonymous_56)
FN:525,(anonymous_57)
FN:527,(anonymous_58)
FN:539,(anonymous_59)
FN:551,(anonymous_60)
FN:576,(anonymous_61)
FN:596,(anonymous_62)
FN:653,(anonymous_63)
FN:658,(anonymous_64)
FN:697,(anonymous_65)
FN:729,(anonymous_66)
FN:749,(anonymous_67)
FNF:68
FNH:24
FNDA:918,(anonymous_0)
FNDA:153,(anonymous_1)
FNDA:153,(anonymous_2)
FNDA:153,(anonymous_3)
FNDA:153,(anonymous_4)
FNDA:153,(anonymous_5)
FNDA:153,(anonymous_6)
FNDA:8,(anonymous_7)
FNDA:0,onReceivedPrivateMessage
FNDA:0,getImageHeight
FNDA:2,sendTextMessage
FNDA:2,(anonymous_11)
FNDA:0,(anonymous_12)
FNDA:2,onInputFocus
FNDA:0,showEmojiBox
FNDA:0,chooseEmoji
FNDA:0,sendImageMessage
FNDA:0,(anonymous_17)
FNDA:0,(anonymous_18)
FNDA:0,(anonymous_19)
FNDA:0,(anonymous_20)
FNDA:0,sendFileMessage
FNDA:0,(anonymous_22)
FNDA:0,(anonymous_23)
FNDA:0,(anonymous_24)
FNDA:2,sendMessage
FNDA:2,(anonymous_26)
FNDA:0,(anonymous_27)
FNDA:0,showActionPopup
FNDA:0,deleteSingleMessage
FNDA:0,deleteMultipleMessages
FNDA:0,deleteMessage
FNDA:0,(anonymous_32)
FNDA:0,(anonymous_33)
FNDA:0,(anonymous_34)
FNDA:0,(anonymous_35)
FNDA:0,recallMessage
FNDA:0,(anonymous_37)
FNDA:0,(anonymous_38)
FNDA:0,(anonymous_39)
FNDA:0,editRecalledMessage
FNDA:0,showImagePreviewPopup
FNDA:0,hideImagePreviewPopup
FNDA:0,showCheckBox
FNDA:0,selectMessages
FNDA:8,loadHistoryMessage
FNDA:6,(anonymous_46)
FNDA:0,(anonymous_47)
FNDA:4,markPrivateMessageAsRead
FNDA:4,(anonymous_49)
FNDA:0,(anonymous_50)
FNDA:6,scrollToBottom
FNDA:6,(anonymous_52)
FNDA:44,renderMessageDate
FNDA:8,(anonymous_54)
FNDA:0,(anonymous_55)
FNDA:68,(anonymous_56)
FNDA:0,(anonymous_57)
FNDA:44,(anonymous_58)
FNDA:0,(anonymous_59)
FNDA:0,(anonymous_60)
FNDA:0,(anonymous_61)
FNDA:0,(anonymous_62)
FNDA:0,(anonymous_63)
FNDA:0,(anonymous_64)
FNDA:50,(anonymous_65)
FNDA:0,(anonymous_66)
FNDA:0,(anonymous_67)
DA:7,918
DA:8,153
DA:9,153
DA:10,153
DA:11,153
DA:12,153
DA:16,153
DA:17,153
DA:20,153
DA:21,153
DA:25,153
DA:26,153
DA:30,153
DA:31,153
DA:32,153
DA:36,153
DA:40,153
DA:41,153
DA:42,153
DA:43,153
DA:44,153
DA:45,153
DA:46,153
DA:50,153
DA:54,153
DA:55,153
DA:56,153
DA:57,153
DA:58,153
DA:62,153
DA:63,153
DA:64,153
DA:65,153
DA:69,153
DA:70,153
DA:71,153
DA:75,153
DA:76,153
DA:80,153
DA:81,153
DA:82,153
DA:86,153
DA:87,153
DA:88,153
DA:94,153
DA:95,153
DA:101,153
DA:102,153
DA:103,153
DA:107,153
DA:108,153
DA:120,8
DA:121,8
DA:122,8
DA:123,8
DA:130,8
DA:131,8
DA:132,8
DA:133,8
DA:152,8
DA:158,8
DA:164,8
DA:170,8
DA:172,8
DA:179,8
DA:184,8
DA:190,8
DA:196,0
DA:197,0
DA:198,0
DA:200,0
DA:216,0
DA:217,0
DA:218,0
DA:219,0
DA:220,0
DA:221,0
DA:226,2
DA:227,0
DA:228,0
DA:230,2
DA:234,2
DA:235,2
DA:238,0
DA:244,2
DA:248,0
DA:252,0
DA:253,0
DA:254,0
DA:258,0
DA:259,0
DA:260,0
DA:264,0
DA:267,0
DA:270,0
DA:277,0
DA:278,0
DA:282,0
DA:285,0
DA:288,0
DA:294,2
DA:295,2
DA:296,2
DA:297,2
DA:298,2
DA:301,2
DA:304,0
DA:305,0
DA:306,0
DA:308,0
DA:315,0
DA:316,0
DA:317,0
DA:318,0
DA:320,0
DA:322,0
DA:326,0
DA:327,0
DA:331,0
DA:332,0
DA:333,0
DA:338,0
DA:339,0
DA:340,0
DA:341,0
DA:342,0
DA:343,0
DA:346,0
DA:349,0
DA:350,0
DA:351,0
DA:352,0
DA:355,0
DA:358,0
DA:362,0
DA:367,0
DA:368,0
DA:369,0
DA:370,0
DA:373,0
DA:374,0
DA:377,0
DA:380,0
DA:386,0
DA:390,0
DA:391,0
DA:395,0
DA:399,0
DA:400,0
DA:401,0
DA:405,0
DA:406,0
DA:408,0
DA:409,0
DA:410,0
DA:416,8
DA:419,8
DA:420,8
DA:421,0
DA:423,8
DA:428,6
DA:429,6
DA:430,6
DA:431,6
DA:432,2
DA:434,4
DA:435,0
DA:436,0
DA:438,4
DA:440,4
DA:441,0
DA:443,4
DA:444,4
DA:446,4
DA:452,0
DA:453,0
DA:459,4
DA:463,4
DA:466,0
DA:471,8
DA:472,8
DA:474,6
DA:475,6
DA:480,44
DA:481,8
DA:483,36
DA:484,32
DA:487,4
DA:491,8
DA:492,8
DA:494,8
DA:497,8
DA:498,0
DA:501,8
DA:502,68
DA:525,0
DA:528,44
DA:539,0
DA:551,0
DA:576,0
DA:596,0
DA:654,0
DA:658,0
DA:697,50
DA:729,0
DA:749,0
LF:206
LH:112
BRDA:196,0,0,0
BRDA:196,0,1,0
BRDA:216,1,0,0
BRDA:216,1,1,0
BRDA:216,2,0,0
BRDA:216,2,1,0
BRDA:218,3,0,0
BRDA:218,3,1,0
BRDA:220,4,0,0
BRDA:220,4,1,0
BRDA:220,5,0,0
BRDA:220,5,1,0
BRDA:226,6,0,0
BRDA:226,6,1,2
BRDA:304,7,0,0
BRDA:304,7,1,0
BRDA:317,8,0,0
BRDA:317,8,1,0
BRDA:317,9,0,0
BRDA:317,9,1,0
BRDA:317,9,2,0
BRDA:331,10,0,0
BRDA:331,10,1,0
BRDA:339,11,0,0
BRDA:339,11,1,0
BRDA:342,12,0,0
BRDA:342,12,1,0
BRDA:351,13,0,0
BRDA:351,13,1,0
BRDA:369,14,0,0
BRDA:369,14,1,0
BRDA:405,15,0,0
BRDA:405,15,1,0
BRDA:409,16,0,0
BRDA:409,16,1,0
BRDA:420,17,0,0
BRDA:420,17,1,8
BRDA:431,18,0,2
BRDA:431,18,1,4
BRDA:434,19,0,0
BRDA:434,19,1,4
BRDA:440,20,0,0
BRDA:440,20,1,4
BRDA:443,21,0,4
BRDA:443,21,1,0
BRDA:480,22,0,8
BRDA:480,22,1,36
BRDA:483,23,0,32
BRDA:483,23,1,4
BRDA:520,24,0,8
BRDA:520,24,1,60
BRDA:524,25,0,56
BRDA:524,25,1,4
BRDA:525,26,0,60
BRDA:525,26,1,6
BRDA:526,27,0,56
BRDA:526,27,1,4
BRDA:530,28,0,0
BRDA:530,28,1,44
BRDA:532,29,0,0
BRDA:532,29,1,0
BRDA:536,30,0,0
BRDA:536,30,1,0
BRDA:536,31,0,0
BRDA:536,31,1,0
BRDA:545,32,0,0
BRDA:545,32,1,44
BRDA:545,33,0,44
BRDA:545,33,1,0
BRDA:551,34,0,0
BRDA:551,34,1,0
BRDA:562,35,0,4
BRDA:562,35,1,40
BRDA:579,36,0,2
BRDA:579,36,1,42
BRDA:582,37,0,0
BRDA:582,37,1,44
BRDA:585,38,0,44
BRDA:585,38,1,0
BRDA:592,39,0,0
BRDA:592,39,1,44
BRDA:604,40,0,0
BRDA:604,40,1,44
BRDA:621,41,0,4
BRDA:621,41,1,40
BRDA:624,42,0,0
BRDA:624,42,1,4
BRDA:626,43,0,4
BRDA:626,43,1,0
BRDA:627,44,0,0
BRDA:627,44,1,4
BRDA:639,45,0,0
BRDA:639,45,1,68
BRDA:651,46,0,0
BRDA:651,46,1,68
BRDA:697,47,0,68
BRDA:697,47,1,8
BRDA:697,48,0,50
BRDA:697,48,1,0
BRDA:713,49,0,0
BRDA:713,49,1,68
BRDA:725,50,0,0
BRDA:725,50,1,68
BRDA:729,51,0,0
BRDA:729,51,1,0
BRDA:736,52,0,0
BRDA:736,52,1,0
BRDA:749,53,0,0
BRDA:749,53,1,0
BRF:109
BRH:42
end_of_record
TN:
SF:src\components\RecruiterNav.vue
FN:8,(anonymous_0)
FN:13,(anonymous_1)
FN:18,(anonymous_2)
FN:22,(anonymous_3)
FNF:4
FNH:3
FNDA:61,(anonymous_0)
FNDA:61,(anonymous_1)
FNDA:60,(anonymous_2)
FNDA:0,(anonymous_3)
DA:9,61
DA:14,61
DA:19,60
DA:20,60
DA:23,0
LF:5
LH:4
BRF:0
BRH:0
end_of_record
TN:
SF:src\components\companyNav.vue
FN:8,(anonymous_0)
FN:13,(anonymous_1)
FN:18,(anonymous_2)
FN:22,(anonymous_3)
FNF:4
FNH:3
FNDA:13,(anonymous_0)
FNDA:13,(anonymous_1)
FNDA:12,(anonymous_2)
FNDA:0,(anonymous_3)
DA:9,13
DA:14,13
DA:19,12
DA:20,12
DA:23,0
LF:5
LH:4
BRF:0
BRH:0
end_of_record
TN:
SF:src\components\personNav.vue
FN:8,(anonymous_0)
FN:13,(anonymous_1)
FN:18,(anonymous_2)
FN:22,(anonymous_3)
FNF:4
FNH:3
FNDA:58,(anonymous_0)
FNDA:58,(anonymous_1)
FNDA:54,(anonymous_2)
FNDA:0,(anonymous_3)
DA:9,58
DA:14,58
DA:19,54
DA:20,54
DA:23,0
LF:5
LH:4
BRF:0
BRH:0
end_of_record
TN:
SF:src\router\index.js
FNF:0
FNH:0
DA:34,153
DA:189,153
LF:2
LH:2
BRF:0
BRH:0
end_of_record
TN:
SF:src\utils\EmojiDecoder.js
FN:7,(anonymous_0)
FN:18,(anonymous_1)
FN:19,(anonymous_2)
FNF:3
FNH:2
FNDA:8,(anonymous_0)
FNDA:44,(anonymous_1)
FNDA:0,(anonymous_2)
DA:2,8
DA:3,8
DA:4,8
DA:5,8
DA:8,8
DA:9,8
DA:10,8
DA:12,80
DA:13,80
DA:19,44
DA:20,0
LF:11
LH:10
BRDA:8,0,0,8
BRDA:8,0,1,0
BRDA:9,1,0,8
BRDA:9,1,1,0
BRDA:12,2,0,80
BRDA:12,2,1,0
BRDA:20,3,0,0
BRDA:20,3,1,0
BRF:8
BRH:3
end_of_record
TN:
SF:src\utils\utils.js
FN:6,formatDate
FN:24,formateTime
FNF:2
FNH:1
FNDA:68,formatDate
FNDA:0,formateTime
DA:7,68
DA:8,68
DA:9,68
DA:10,68
DA:11,68
DA:12,68
DA:13,68
DA:14,68
DA:15,68
DA:16,68
DA:25,0
DA:26,0
DA:27,0
DA:28,0
DA:29,0
DA:30,0
DA:33,0
DA:34,0
DA:35,0
DA:36,0
DA:38,0
DA:39,0
DA:40,0
DA:41,0
DA:42,0
DA:43,0
DA:44,0
DA:45,0
DA:47,0
LF:29
LH:10
BRDA:7,0,0,68
BRDA:7,0,1,0
BRDA:9,1,0,68
BRDA:9,1,1,0
BRDA:11,2,0,0
BRDA:11,2,1,68
BRDA:15,3,0,36
BRDA:15,3,1,32
BRDA:38,4,0,0
BRDA:38,4,1,0
BRDA:40,5,0,0
BRDA:40,5,1,0
BRDA:42,6,0,0
BRDA:42,6,1,0
BRDA:44,7,0,0
BRDA:44,7,1,0
BRF:16
BRH:5
end_of_record
TN:
SF:src\views\Login.vue
FN:10,(anonymous_0)
FN:38,(anonymous_1)
FN:41,(anonymous_2)
FN:44,(anonymous_3)
FN:57,(anonymous_4)
FN:72,(anonymous_5)
FN:79,(anonymous_6)
FN:91,(anonymous_7)
FN:98,(anonymous_8)
FN:109,(anonymous_9)
FN:114,(anonymous_10)
FN:122,(anonymous_11)
FN:130,(anonymous_12)
FN:135,(anonymous_13)
FN:166,(anonymous_14)
FN:178,(anonymous_15)
FN:184,(anonymous_16)
FN:206,(anonymous_17)
FN:218,(anonymous_18)
FN:223,(anonymous_19)
FN:231,(anonymous_20)
FN:280,(anonymous_21)
FN:295,(anonymous_22)
FN:300,(anonymous_23)
FN:308,(anonymous_24)
FN:316,(anonymous_25)
FN:321,(anonymous_26)
FN:355,(anonymous_27)
FN:362,(anonymous_28)
FN:368,(anonymous_29)
FNF:30
FNH:14
FNDA:137,(anonymous_0)
FNDA:5,(anonymous_1)
FNDA:0,(anonymous_2)
FNDA:128,(anonymous_3)
FNDA:128,(anonymous_4)
FNDA:54,(anonymous_5)
FNDA:0,(anonymous_6)
FNDA:41,(anonymous_7)
FNDA:0,(anonymous_8)
FNDA:0,(anonymous_9)
FNDA:4,(anonymous_10)
FNDA:4,(anonymous_11)
FNDA:0,(anonymous_12)
FNDA:10,(anonymous_13)
FNDA:3,(anonymous_14)
FNDA:0,(anonymous_15)
FNDA:6,(anonymous_16)
FNDA:2,(anonymous_17)
FNDA:0,(anonymous_18)
FNDA:0,(anonymous_19)
FNDA:0,(anonymous_20)
FNDA:0,(anonymous_21)
FNDA:0,(anonymous_22)
FNDA:3,(anonymous_23)
FNDA:2,(anonymous_24)
FNDA:0,(anonymous_25)
FNDA:0,(anonymous_26)
FNDA:0,(anonymous_27)
FNDA:0,(anonymous_28)
FNDA:0,(anonymous_29)
DA:11,137
DA:39,5
DA:42,0
DA:45,128
DA:46,0
DA:50,0
DA:52,128
DA:58,128
DA:59,128
DA:60,121
DA:61,121
DA:62,121
DA:66,121
DA:67,54
DA:68,54
DA:73,54
DA:74,54
DA:75,54
DA:76,54
DA:77,54
DA:80,0
DA:83,121
DA:84,26
DA:86,121
DA:87,41
DA:92,41
DA:93,41
DA:94,41
DA:95,41
DA:96,41
DA:99,0
DA:103,7
DA:110,0
DA:111,0
DA:115,4
DA:123,4
DA:124,4
DA:125,3
DA:127,1
DA:131,0
DA:132,0
DA:136,10
DA:137,1
DA:141,1
DA:143,9
DA:144,9
DA:145,4
DA:149,4
DA:151,5
DA:152,0
DA:156,0
DA:159,5
DA:167,3
DA:168,3
DA:169,3
DA:173,3
DA:175,0
DA:179,0
DA:180,0
DA:185,6
DA:186,1
DA:190,1
DA:192,5
DA:193,3
DA:197,3
DA:199,2
DA:207,2
DA:208,2
DA:209,2
DA:213,2
DA:215,0
DA:219,0
DA:220,0
DA:224,0
DA:225,0
DA:232,0
DA:233,0
DA:237,0
DA:239,0
DA:240,0
DA:241,0
DA:245,0
DA:247,0
DA:248,0
DA:252,0
DA:254,0
DA:255,0
DA:259,0
DA:261,0
DA:262,0
DA:266,0
DA:268,0
DA:269,0
DA:273,0
DA:275,0
DA:281,0
DA:282,0
DA:283,0
DA:287,0
DA:289,0
DA:296,0
DA:297,0
DA:301,3
DA:309,2
DA:310,2
DA:311,0
DA:313,2
DA:317,0
DA:318,0
DA:322,0
DA:323,0
DA:327,0
DA:329,0
DA:330,0
DA:334,0
DA:336,0
DA:337,0
DA:341,0
DA:343,0
DA:344,0
DA:348,0
DA:350,0
DA:356,0
DA:357,0
DA:358,0
DA:362,0
DA:363,0
DA:365,0
DA:369,0
DA:370,0
LF:130
LH:60
BRDA:45,0,0,0
BRDA:45,0,1,128
BRDA:45,1,0,128
BRDA:45,1,1,128
BRDA:45,1,2,128
BRDA:45,1,3,128
BRDA:59,2,0,121
BRDA:59,2,1,7
BRDA:66,3,0,54
BRDA:66,3,1,67
BRDA:83,4,0,26
BRDA:83,4,1,95
BRDA:86,5,0,41
BRDA:86,5,1,80
BRDA:124,6,0,3
BRDA:124,6,1,1
BRDA:136,7,0,1
BRDA:136,7,1,9
BRDA:144,8,0,4
BRDA:144,8,1,5
BRDA:151,9,0,0
BRDA:151,9,1,5
BRDA:151,10,0,5
BRDA:151,10,1,5
BRDA:168,11,0,3
BRDA:168,11,1,0
BRDA:185,12,0,1
BRDA:185,12,1,5
BRDA:185,13,0,6
BRDA:185,13,1,5
BRDA:192,14,0,3
BRDA:192,14,1,2
BRDA:208,15,0,2
BRDA:208,15,1,0
BRDA:224,16,0,0
BRDA:224,16,1,0
BRDA:232,17,0,0
BRDA:232,17,1,0
BRDA:240,18,0,0
BRDA:240,18,1,0
BRDA:247,19,0,0
BRDA:247,19,1,0
BRDA:247,20,0,0
BRDA:247,20,1,0
BRDA:254,21,0,0
BRDA:254,21,1,0
BRDA:254,22,0,0
BRDA:254,22,1,0
BRDA:261,23,0,0
BRDA:261,23,1,0
BRDA:268,24,0,0
BRDA:268,24,1,0
BRDA:268,25,0,0
BRDA:268,25,1,0
BRDA:282,26,0,0
BRDA:282,26,1,0
BRDA:310,27,0,0
BRDA:310,27,1,2
BRDA:322,28,0,0
BRDA:322,28,1,0
BRDA:322,29,0,0
BRDA:322,29,1,0
BRDA:329,30,0,0
BRDA:329,30,1,0
BRDA:336,31,0,0
BRDA:336,31,1,0
BRDA:343,32,0,0
BRDA:343,32,1,0
BRDA:343,33,0,0
BRDA:343,33,1,0
BRDA:357,34,0,0
BRDA:357,34,1,0
BRF:72
BRH:31
end_of_record
TN:
SF:src\views\adminPage\CompanyAuthentication.vue
FN:8,(anonymous_0)
FN:23,(anonymous_1)
FN:28,(anonymous_2)
FN:31,(anonymous_3)
FN:47,(anonymous_4)
FN:51,(anonymous_5)
FN:54,(anonymous_6)
FN:61,(anonymous_7)
FN:79,(anonymous_8)
FN:96,(anonymous_9)
FN:104,(anonymous_10)
FN:114,(anonymous_11)
FN:124,(anonymous_12)
FN:141,(anonymous_13)
FN:151,(anonymous_14)
FN:155,(anonymous_15)
FN:160,(anonymous_16)
FN:163,(anonymous_17)
FN:179,(anonymous_18)
FNF:19
FNH:12
FNDA:4,(anonymous_0)
FNDA:4,(anonymous_1)
FNDA:0,(anonymous_2)
FNDA:0,(anonymous_3)
FNDA:0,(anonymous_4)
FNDA:0,(anonymous_5)
FNDA:4,(anonymous_6)
FNDA:4,(anonymous_7)
FNDA:2,(anonymous_8)
FNDA:0,(anonymous_9)
FNDA:2,(anonymous_10)
FNDA:2,(anonymous_11)
FNDA:2,(anonymous_12)
FNDA:0,(anonymous_13)
FNDA:112,(anonymous_14)
FNDA:4,(anonymous_15)
FNDA:4,(anonymous_16)
FNDA:1046,(anonymous_17)
FNDA:0,(anonymous_18)
DA:9,4
DA:24,4
DA:29,0
DA:30,0
DA:31,0
DA:32,0
DA:33,0
DA:34,0
DA:35,0
DA:37,0
DA:40,0
DA:41,0
DA:44,0
DA:48,0
DA:52,0
DA:55,4
DA:56,4
DA:57,4
DA:58,4
DA:62,4
DA:63,4
DA:64,2
DA:68,2
DA:70,2
DA:80,2
DA:81,2
DA:85,2
DA:86,2
DA:87,2
DA:90,0
DA:97,0
DA:98,0
DA:105,2
DA:115,2
DA:116,2
DA:125,2
DA:126,2
DA:130,2
DA:131,2
DA:132,2
DA:135,0
DA:142,0
DA:143,0
DA:152,112
DA:156,4
DA:161,4
DA:162,4
DA:163,4
DA:164,1046
DA:165,370
DA:166,676
DA:167,0
DA:169,676
DA:172,4
DA:173,4
DA:176,0
DA:180,0
LF:57
LH:35
BRDA:29,0,0,0
BRDA:29,0,1,0
BRDA:32,1,0,0
BRDA:32,1,1,0
BRDA:32,2,0,0
BRDA:32,2,1,0
BRDA:34,3,0,0
BRDA:34,3,1,0
BRDA:34,4,0,0
BRDA:34,4,1,0
BRDA:55,5,0,4
BRDA:55,5,1,0
BRDA:63,6,0,2
BRDA:63,6,1,2
BRDA:63,7,0,4
BRDA:63,7,1,4
BRDA:80,8,0,2
BRDA:80,8,1,0
BRDA:125,9,0,2
BRDA:125,9,1,0
BRDA:161,10,0,4
BRDA:161,10,1,0
BRDA:164,11,0,370
BRDA:164,11,1,676
BRDA:164,12,0,1046
BRDA:164,12,1,738
BRDA:166,13,0,0
BRDA:166,13,1,676
BRDA:166,14,0,676
BRDA:166,14,1,308
BRF:30
BRH:15
end_of_record
TN:
SF:src\views\adminPage\Job.vue
FN:8,(anonymous_0)
FN:19,(anonymous_1)
FN:22,(anonymous_2)
FN:28,(anonymous_3)
FN:40,(anonymous_4)
FN:46,(anonymous_5)
FN:61,(anonymous_6)
FN:70,(anonymous_7)
FN:80,(anonymous_8)
FN:86,(anonymous_9)
FN:101,(anonymous_10)
FN:111,(anonymous_11)
FN:115,(anonymous_12)
FN:121,(anonymous_13)
FN:131,(anonymous_14)
FNF:15
FNH:6
FNDA:4,(anonymous_0)
FNDA:0,(anonymous_1)
FNDA:1,(anonymous_2)
FNDA:0,(anonymous_3)
FNDA:0,(anonymous_4)
FNDA:0,(anonymous_5)
FNDA:0,(anonymous_6)
FNDA:1,(anonymous_7)
FNDA:1,(anonymous_8)
FNDA:0,(anonymous_9)
FNDA:0,(anonymous_10)
FNDA:0,(anonymous_11)
FNDA:4,(anonymous_12)
FNDA:3,(anonymous_13)
FNDA:0,(anonymous_14)
DA:9,4
DA:20,0
DA:23,1
DA:24,1
DA:25,1
DA:29,0
DA:31,0
DA:41,0
DA:42,0
DA:47,0
DA:48,0
DA:52,0
DA:55,0
DA:62,0
DA:63,0
DA:71,1
DA:81,1
DA:82,1
DA:87,0
DA:88,0
DA:92,0
DA:95,0
DA:102,0
DA:103,0
DA:112,0
DA:117,4
DA:122,3
DA:123,3
DA:124,3
DA:125,3
DA:128,0
DA:132,0
LF:32
LH:12
BRDA:23,0,0,1
BRDA:23,0,1,0
BRDA:47,1,0,0
BRDA:47,1,1,0
BRDA:87,2,0,0
BRDA:87,2,1,0
BRDA:122,3,0,3
BRDA:122,3,1,0
BRF:8
BRH:2
end_of_record
TN:
SF:src\views\adminPage\JobReport.vue
FN:8,(anonymous_0)
FN:24,(anonymous_1)
FN:27,(anonymous_2)
FN:33,(anonymous_3)
FN:39,(anonymous_4)
FN:48,(anonymous_5)
FN:53,(anonymous_6)
FN:72,(anonymous_7)
FN:87,(anonymous_8)
FN:95,(anonymous_9)
FN:105,(anonymous_10)
FN:116,(anonymous_11)
FN:131,(anonymous_12)
FN:142,(anonymous_13)
FN:157,(anonymous_14)
FN:166,(anonymous_15)
FN:170,(anonymous_16)
FN:176,(anonymous_17)
FN:186,(anonymous_18)
FNF:19
FNH:8
FNDA:4,(anonymous_0)
FNDA:0,(anonymous_1)
FNDA:4,(anonymous_2)
FNDA:4,(anonymous_3)
FNDA:4,(anonymous_4)
FNDA:0,(anonymous_5)
FNDA:2,(anonymous_6)
FNDA:0,(anonymous_7)
FNDA:0,(anonymous_8)
FNDA:0,(anonymous_9)
FNDA:0,(anonymous_10)
FNDA:0,(anonymous_11)
FNDA:0,(anonymous_12)
FNDA:0,(anonymous_13)
FNDA:0,(anonymous_14)
FNDA:80,(anonymous_15)
FNDA:4,(anonymous_16)
FNDA:4,(anonymous_17)
FNDA:0,(anonymous_18)
DA:9,4
DA:25,0
DA:28,4
DA:29,4
DA:30,4
DA:35,4
DA:40,4
DA:41,4
DA:42,4
DA:45,0
DA:49,0
DA:51,4
DA:54,2
DA:55,2
DA:56,0
DA:60,0
DA:62,2
DA:73,0
DA:74,0
DA:78,0
DA:81,0
DA:88,0
DA:89,0
DA:96,0
DA:106,0
DA:107,0
DA:117,0
DA:118,0
DA:122,0
DA:125,0
DA:132,0
DA:133,0
DA:138,0
DA:143,0
DA:144,0
DA:148,0
DA:151,0
DA:158,0
DA:159,0
DA:167,80
DA:172,4
DA:177,4
DA:178,4
DA:179,4
DA:180,4
DA:183,0
DA:187,0
LF:47
LH:18
BRDA:28,0,0,4
BRDA:28,0,1,0
BRDA:40,1,0,4
BRDA:40,1,1,0
BRDA:55,2,0,0
BRDA:55,2,1,2
BRDA:55,3,0,2
BRDA:55,3,1,2
BRDA:73,4,0,0
BRDA:73,4,1,0
BRDA:117,5,0,0
BRDA:117,5,1,0
BRDA:143,6,0,0
BRDA:143,6,1,0
BRDA:177,7,0,4
BRDA:177,7,1,0
BRF:16
BRH:6
end_of_record
TN:
SF:src\views\adminPage\JobType.vue
FN:8,(anonymous_0)
FN:26,(anonymous_1)
FN:29,(anonymous_2)
FN:41,(anonymous_3)
FN:57,(anonymous_4)
FN:62,(anonymous_5)
FN:69,(anonymous_6)
FN:78,(anonymous_7)
FN:89,(anonymous_8)
FN:94,(anonymous_9)
FN:99,(anonymous_10)
FN:110,(anonymous_11)
FN:115,(anonymous_12)
FN:125,(anonymous_13)
FN:130,(anonymous_14)
FN:135,(anonymous_15)
FN:139,(anonymous_16)
FNF:17
FNH:12
FNDA:9,(anonymous_0)
FNDA:0,(anonymous_1)
FNDA:1,(anonymous_2)
FNDA:1,(anonymous_3)
FNDA:0,(anonymous_4)
FNDA:2,(anonymous_5)
FNDA:1,(anonymous_6)
FNDA:1,(anonymous_7)
FNDA:0,(anonymous_8)
FNDA:1,(anonymous_9)
FNDA:1,(anonymous_10)
FNDA:0,(anonymous_11)
FNDA:1,(anonymous_12)
FNDA:1,(anonymous_13)
FNDA:9,(anonymous_14)
FNDA:9,(anonymous_15)
FNDA:0,(anonymous_16)
DA:9,9
DA:27,0
DA:30,1
DA:31,0
DA:35,0
DA:37,1
DA:42,1
DA:43,1
DA:44,0
DA:47,1
DA:51,1
DA:54,0
DA:58,0
DA:59,0
DA:63,2
DA:64,2
DA:65,2
DA:66,2
DA:70,1
DA:79,1
DA:80,1
DA:84,1
DA:86,0
DA:90,0
DA:91,0
DA:95,1
DA:100,1
DA:101,1
DA:105,1
DA:107,0
DA:111,0
DA:112,0
DA:116,1
DA:126,1
DA:131,9
DA:136,9
DA:137,9
DA:140,0
LF:38
LH:24
BRDA:30,0,0,0
BRDA:30,0,1,1
BRDA:30,1,0,1
BRDA:30,1,1,1
BRDA:42,2,0,1
BRDA:42,2,1,0
BRDA:43,3,0,0
BRDA:43,3,1,1
BRDA:63,4,0,2
BRDA:63,4,1,0
BRDA:79,5,0,1
BRDA:79,5,1,0
BRDA:100,6,0,1
BRDA:100,6,1,0
BRF:14
BRH:8
end_of_record
TN:
SF:src\views\adminPage\Notice.vue
FN:16,(anonymous_0)
FN:33,(anonymous_1)
FN:36,(anonymous_2)
FN:48,(anonymous_3)
FN:54,(anonymous_4)
FN:58,(anonymous_5)
FN:61,(anonymous_6)
FN:64,(anonymous_7)
FN:83,(anonymous_8)
FN:99,(anonymous_9)
FN:104,(anonymous_10)
FN:111,(anonymous_11)
FN:116,(anonymous_12)
FN:131,(anonymous_13)
FN:136,(anonymous_14)
FN:146,(anonymous_15)
FN:150,(anonymous_16)
FN:153,(anonymous_17)
FN:163,(anonymous_18)
FN:168,(anonymous_19)
FN:183,(anonymous_20)
FN:189,(anonymous_21)
FN:199,(anonymous_22)
FN:204,(anonymous_23)
FN:219,(anonymous_24)
FN:226,(anonymous_25)
FN:231,(anonymous_26)
FN:241,(anonymous_27)
FNF:28
FNH:8
FNDA:2,(anonymous_0)
FNDA:0,(anonymous_1)
FNDA:0,(anonymous_2)
FNDA:0,(anonymous_3)
FNDA:0,(anonymous_4)
FNDA:0,(anonymous_5)
FNDA:1,(anonymous_6)
FNDA:0,(anonymous_7)
FNDA:0,(anonymous_8)
FNDA:0,(anonymous_9)
FNDA:1,(anonymous_10)
FNDA:0,(anonymous_11)
FNDA:0,(anonymous_12)
FNDA:0,(anonymous_13)
FNDA:0,(anonymous_14)
FNDA:0,(anonymous_15)
FNDA:8,(anonymous_16)
FNDA:1,(anonymous_17)
FNDA:1,(anonymous_18)
FNDA:0,(anonymous_19)
FNDA:0,(anonymous_20)
FNDA:0,(anonymous_21)
FNDA:0,(anonymous_22)
FNDA:0,(anonymous_23)
FNDA:0,(anonymous_24)
FNDA:2,(anonymous_25)
FNDA:1,(anonymous_26)
FNDA:0,(anonymous_27)
DA:9,153
DA:17,2
DA:34,0
DA:38,0
DA:39,0
DA:40,0
DA:41,0
DA:42,0
DA:49,0
DA:51,0
DA:52,0
DA:53,0
DA:54,0
DA:55,0
DA:59,0
DA:62,1
DA:65,0
DA:66,0
DA:70,0
DA:72,0
DA:84,0
DA:85,0
DA:86,0
DA:90,0
DA:91,0
DA:93,0
DA:100,0
DA:101,0
DA:105,1
DA:106,1
DA:107,1
DA:108,1
DA:112,0
DA:117,0
DA:118,0
DA:119,0
DA:123,0
DA:125,0
DA:132,0
DA:133,0
DA:137,0
DA:147,0
DA:151,8
DA:154,1
DA:164,1
DA:169,0
DA:170,0
DA:171,0
DA:175,0
DA:177,0
DA:184,0
DA:185,0
DA:190,0
DA:200,0
DA:205,0
DA:206,0
DA:207,0
DA:211,0
DA:213,0
DA:220,0
DA:221,0
DA:227,2
DA:232,1
DA:233,1
DA:234,1
DA:235,1
DA:238,0
DA:242,0
LF:68
LH:15
BRDA:65,0,0,0
BRDA:65,0,1,0
BRDA:65,1,0,0
BRDA:65,1,1,0
BRDA:65,1,2,0
BRDA:85,2,0,0
BRDA:85,2,1,0
BRDA:105,3,0,1
BRDA:105,3,1,0
BRDA:118,4,0,0
BRDA:118,4,1,0
BRDA:170,5,0,0
BRDA:170,5,1,0
BRDA:206,6,0,0
BRDA:206,6,1,0
BRDA:232,7,0,1
BRDA:232,7,1,0
BRF:17
BRH:2
end_of_record
TN:
SF:src\views\adminPage\Notification.vue
FNF:0
FNH:0
LF:0
LH:0
BRF:0
BRH:0
end_of_record
TN:
SF:src\views\adminPage\Order.vue
FN:8,(anonymous_0)
FN:24,(anonymous_1)
FN:29,(anonymous_2)
FN:32,(anonymous_3)
FN:48,(anonymous_4)
FN:52,(anonymous_5)
FN:55,(anonymous_6)
FN:61,(anonymous_7)
FN:80,(anonymous_8)
FN:98,(anonymous_9)
FN:106,(anonymous_10)
FN:125,(anonymous_11)
FN:143,(anonymous_12)
FN:151,(anonymous_13)
FN:154,(anonymous_14)
FN:164,(anonymous_15)
FN:168,(anonymous_16)
FN:171,(anonymous_17)
FN:175,(anonymous_18)
FN:180,(anonymous_19)
FN:183,(anonymous_20)
FN:199,(anonymous_21)
FNF:22
FNH:10
FNDA:6,(anonymous_0)
FNDA:4,(anonymous_1)
FNDA:2,(anonymous_2)
FNDA:474,(anonymous_3)
FNDA:0,(anonymous_4)
FNDA:0,(anonymous_5)
FNDA:6,(anonymous_6)
FNDA:4,(anonymous_7)
FNDA:4,(anonymous_8)
FNDA:0,(anonymous_9)
FNDA:0,(anonymous_10)
FNDA:0,(anonymous_11)
FNDA:0,(anonymous_12)
FNDA:0,(anonymous_13)
FNDA:0,(anonymous_14)
FNDA:0,(anonymous_15)
FNDA:0,(anonymous_16)
FNDA:0,(anonymous_17)
FNDA:6,(anonymous_18)
FNDA:6,(anonymous_19)
FNDA:1034,(anonymous_20)
FNDA:0,(anonymous_21)
DA:9,6
DA:25,4
DA:30,2
DA:31,2
DA:32,2
DA:33,474
DA:34,4
DA:35,470
DA:36,3
DA:38,467
DA:41,2
DA:42,2
DA:45,0
DA:49,0
DA:53,0
DA:56,6
DA:57,4
DA:58,4
DA:62,4
DA:63,4
DA:64,0
DA:68,0
DA:70,4
DA:81,4
DA:82,4
DA:86,4
DA:87,4
DA:88,4
DA:89,4
DA:92,0
DA:99,0
DA:100,0
DA:107,0
DA:108,0
DA:109,0
DA:113,0
DA:115,0
DA:126,0
DA:127,0
DA:131,0
DA:132,0
DA:133,0
DA:134,0
DA:137,0
DA:144,0
DA:145,0
DA:155,0
DA:165,0
DA:169,0
DA:172,0
DA:176,6
DA:181,6
DA:182,6
DA:183,6
DA:184,1034
DA:185,4
DA:186,1030
DA:187,12
DA:189,1018
DA:192,6
DA:193,6
DA:196,0
DA:200,0
LF:63
LH:35
BRDA:30,0,0,2
BRDA:30,0,1,0
BRDA:33,1,0,4
BRDA:33,1,1,470
BRDA:33,2,0,474
BRDA:33,2,1,4
BRDA:35,3,0,3
BRDA:35,3,1,467
BRDA:35,4,0,470
BRDA:35,4,1,470
BRDA:56,5,0,4
BRDA:56,5,1,2
BRDA:63,6,0,0
BRDA:63,6,1,4
BRDA:63,7,0,4
BRDA:63,7,1,4
BRDA:81,8,0,4
BRDA:81,8,1,0
BRDA:108,9,0,0
BRDA:108,9,1,0
BRDA:108,10,0,0
BRDA:108,10,1,0
BRDA:126,11,0,0
BRDA:126,11,1,0
BRDA:181,12,0,6
BRDA:181,12,1,0
BRDA:184,13,0,4
BRDA:184,13,1,1030
BRDA:184,14,0,1034
BRDA:184,14,1,8
BRDA:186,15,0,12
BRDA:186,15,1,1018
BRDA:186,16,0,1030
BRDA:186,16,1,1026
BRF:34
BRH:24
end_of_record
TN:
SF:src\views\adminPage\PersonAuthentication.vue
FN:8,(anonymous_0)
FN:23,(anonymous_1)
FN:28,(anonymous_2)
FN:31,(anonymous_3)
FN:47,(anonymous_4)
FN:51,(anonymous_5)
FN:54,(anonymous_6)
FN:61,(anonymous_7)
FN:79,(anonymous_8)
FN:96,(anonymous_9)
FN:104,(anonymous_10)
FN:114,(anonymous_11)
FN:124,(anonymous_12)
FN:141,(anonymous_13)
FN:151,(anonymous_14)
FN:155,(anonymous_15)
FN:160,(anonymous_16)
FN:163,(anonymous_17)
FN:179,(anonymous_18)
FNF:19
FNH:12
FNDA:26,(anonymous_0)
FNDA:2,(anonymous_1)
FNDA:0,(anonymous_2)
FNDA:0,(anonymous_3)
FNDA:0,(anonymous_4)
FNDA:0,(anonymous_5)
FNDA:2,(anonymous_6)
FNDA:2,(anonymous_7)
FNDA:1,(anonymous_8)
FNDA:0,(anonymous_9)
FNDA:1,(anonymous_10)
FNDA:1,(anonymous_11)
FNDA:1,(anonymous_12)
FNDA:0,(anonymous_13)
FNDA:56,(anonymous_14)
FNDA:26,(anonymous_15)
FNDA:24,(anonymous_16)
FNDA:9715,(anonymous_17)
FNDA:0,(anonymous_18)
DA:9,26
DA:24,2
DA:29,0
DA:30,0
DA:31,0
DA:32,0
DA:33,0
DA:34,0
DA:35,0
DA:37,0
DA:40,0
DA:41,0
DA:44,0
DA:48,0
DA:52,0
DA:55,2
DA:56,2
DA:57,2
DA:58,2
DA:62,2
DA:63,2
DA:64,1
DA:68,1
DA:70,1
DA:80,1
DA:81,1
DA:85,1
DA:86,1
DA:87,1
DA:90,0
DA:97,0
DA:98,0
DA:105,1
DA:115,1
DA:116,1
DA:125,1
DA:126,1
DA:130,1
DA:131,1
DA:132,1
DA:135,0
DA:142,0
DA:143,0
DA:152,56
DA:156,26
DA:161,24
DA:162,24
DA:163,24
DA:164,9715
DA:165,2139
DA:166,7576
DA:167,266
DA:169,7310
DA:172,24
DA:173,24
DA:176,0
DA:180,0
LF:57
LH:36
BRDA:29,0,0,0
BRDA:29,0,1,0
BRDA:32,1,0,0
BRDA:32,1,1,0
BRDA:32,2,0,0
BRDA:32,2,1,0
BRDA:34,3,0,0
BRDA:34,3,1,0
BRDA:34,4,0,0
BRDA:34,4,1,0
BRDA:55,5,0,2
BRDA:55,5,1,0
BRDA:63,6,0,1
BRDA:63,6,1,1
BRDA:63,7,0,2
BRDA:63,7,1,2
BRDA:80,8,0,1
BRDA:80,8,1,0
BRDA:125,9,0,1
BRDA:125,9,1,0
BRDA:161,10,0,24
BRDA:161,10,1,0
BRDA:164,11,0,2139
BRDA:164,11,1,7576
BRDA:164,12,0,9715
BRDA:164,12,1,5011
BRDA:166,13,0,266
BRDA:166,13,1,7310
BRDA:166,14,0,7576
BRDA:166,14,1,4704
BRF:30
BRH:16
end_of_record
TN:
SF:src\views\jobhunterPage\HomeView.vue
FN:12,(anonymous_0)
FN:22,(anonymous_1)
FN:27,(anonymous_2)
FN:31,(anonymous_3)
FN:37,(anonymous_4)
FN:42,(anonymous_5)
FN:49,(anonymous_6)
FN:59,(anonymous_7)
FNF:8
FNH:4
FNDA:54,(anonymous_0)
FNDA:0,(anonymous_1)
FNDA:0,(anonymous_2)
FNDA:54,(anonymous_3)
FNDA:51,(anonymous_4)
FNDA:0,(anonymous_5)
FNDA:53,(anonymous_6)
FNDA:0,(anonymous_7)
DA:13,54
DA:23,0
DA:24,0
DA:25,0
DA:28,0
DA:33,54
DA:38,51
DA:39,51
DA:40,51
DA:43,0
DA:45,54
DA:50,53
DA:51,53
DA:52,53
DA:53,53
DA:56,0
DA:60,0
LF:17
LH:10
BRDA:50,0,0,53
BRDA:50,0,1,0
BRF:2
BRH:1
end_of_record
TN:
SF:src\views\jobhunterPage\Job.vue
FN:11,(anonymous_0)
FN:149,(anonymous_1)
FN:151,(anonymous_2)
FN:159,(anonymous_3)
FN:165,(anonymous_4)
FN:170,(anonymous_5)
FN:179,(anonymous_6)
FN:185,(anonymous_7)
FN:190,(anonymous_8)
FN:194,(anonymous_9)
FN:198,(anonymous_10)
FN:207,(anonymous_11)
FN:212,(anonymous_12)
FN:215,(anonymous_13)
FNF:14
FNH:10
FNDA:20,(anonymous_0)
FNDA:54,(anonymous_1)
FNDA:1238,(anonymous_2)
FNDA:20,(anonymous_3)
FNDA:20,(anonymous_4)
FNDA:0,(anonymous_5)
FNDA:20,(anonymous_6)
FNDA:0,(anonymous_7)
FNDA:3,(anonymous_8)
FNDA:0,(anonymous_9)
FNDA:0,(anonymous_10)
FNDA:10,(anonymous_11)
FNDA:16,(anonymous_12)
FNDA:2,(anonymous_13)
DA:12,20
DA:150,54
DA:151,18
DA:152,1238
DA:155,36
DA:161,20
DA:166,20
DA:167,20
DA:168,20
DA:171,0
DA:175,20
DA:180,20
DA:181,20
DA:182,20
DA:183,20
DA:186,0
DA:191,3
DA:195,0
DA:196,0
DA:197,0
DA:198,0
DA:199,0
DA:200,0
DA:208,10
DA:209,10
DA:210,10
DA:213,16
DA:216,2
LF:28
LH:20
BRDA:150,0,0,18
BRDA:150,0,1,36
BRF:2
BRH:2
end_of_record
TN:
SF:src\views\jobhunterPage\JobDetail.vue
FN:10,(anonymous_0)
FN:12,(anonymous_1)
FN:27,(anonymous_2)
FN:55,(anonymous_3)
FN:66,(anonymous_4)
FN:74,(anonymous_5)
FN:82,(anonymous_6)
FN:95,(anonymous_7)
FN:104,(anonymous_8)
FN:113,(anonymous_9)
FN:119,(anonymous_10)
FN:123,(anonymous_11)
FN:132,(anonymous_12)
FN:135,(anonymous_13)
FN:144,(anonymous_14)
FN:148,(anonymous_15)
FN:157,(anonymous_16)
FN:166,(anonymous_17)
FN:171,(anonymous_18)
FN:174,(anonymous_19)
FN:207,(anonymous_20)
FN:210,(anonymous_21)
FN:221,(anonymous_22)
FN:228,(anonymous_23)
FN:238,(anonymous_24)
FN:244,(anonymous_25)
FN:259,(anonymous_26)
FN:274,(anonymous_27)
FN:282,(anonymous_28)
FN:299,(anonymous_29)
FN:315,(anonymous_30)
FN:323,(anonymous_31)
FN:333,(anonymous_32)
FN:338,(anonymous_33)
FN:353,(anonymous_34)
FNF:35
FNH:22
FNDA:16,(anonymous_0)
FNDA:2,(anonymous_1)
FNDA:16,(anonymous_2)
FNDA:16,(anonymous_3)
FNDA:14,(anonymous_4)
FNDA:1,(anonymous_5)
FNDA:12,(anonymous_6)
FNDA:2,(anonymous_7)
FNDA:12,(anonymous_8)
FNDA:12,(anonymous_9)
FNDA:0,(anonymous_10)
FNDA:2,(anonymous_11)
FNDA:14,(anonymous_12)
FNDA:0,(anonymous_13)
FNDA:14,(anonymous_14)
FNDA:0,(anonymous_15)
FNDA:12,(anonymous_16)
FNDA:2,(anonymous_17)
FNDA:0,(anonymous_18)
FNDA:2,(anonymous_19)
FNDA:0,(anonymous_20)
FNDA:0,(anonymous_21)
FNDA:1,(anonymous_22)
FNDA:0,(anonymous_23)
FNDA:0,(anonymous_24)
FNDA:2,(anonymous_25)
FNDA:1,(anonymous_26)
FNDA:0,(anonymous_27)
FNDA:1,(anonymous_28)
FNDA:0,(anonymous_29)
FNDA:0,(anonymous_30)
FNDA:1,(anonymous_31)
FNDA:1,(anonymous_32)
FNDA:0,(anonymous_33)
FNDA:0,(anonymous_34)
DA:11,16
DA:12,16
DA:13,2
DA:21,16
DA:28,16
DA:56,16
DA:57,16
DA:58,16
DA:59,16
DA:62,16
DA:67,14
DA:68,14
DA:69,14
DA:70,11
DA:75,1
DA:78,16
DA:83,12
DA:84,12
DA:85,12
DA:86,10
DA:89,2
DA:91,12
DA:92,0
DA:96,2
DA:100,16
DA:106,12
DA:107,12
DA:108,12
DA:109,12
DA:114,12
DA:115,12
DA:116,12
DA:117,12
DA:120,0
DA:124,2
DA:128,16
DA:133,14
DA:136,0
DA:140,16
DA:145,14
DA:146,14
DA:149,0
DA:153,16
DA:158,12
DA:159,12
DA:160,2
DA:163,10
DA:167,2
DA:172,0
DA:175,2
DA:176,1
DA:180,1
DA:182,1
DA:183,1
DA:184,0
DA:188,0
DA:190,1
DA:191,0
DA:195,0
DA:197,1
DA:199,0
DA:208,0
DA:211,0
DA:216,1
DA:222,1
DA:223,1
DA:224,1
DA:228,1
DA:229,1
DA:232,0
DA:239,0
DA:245,2
DA:246,0
DA:250,0
DA:252,2
DA:254,2
DA:260,1
DA:261,1
DA:262,1
DA:268,0
DA:275,0
DA:276,0
DA:283,1
DA:284,0
DA:288,0
DA:290,1
DA:300,0
DA:301,0
DA:302,0
DA:306,0
DA:309,0
DA:316,0
DA:317,0
DA:324,1
DA:334,1
DA:339,0
DA:340,0
DA:344,0
DA:347,0
DA:354,0
DA:355,0
LF:101
LH:67
BRDA:67,0,0,14
BRDA:67,0,1,0
BRDA:68,1,0,14
BRDA:68,1,1,0
BRDA:69,2,0,11
BRDA:69,2,1,2
BRDA:85,3,0,10
BRDA:85,3,1,2
BRDA:85,4,0,12
BRDA:85,4,1,11
BRDA:85,4,2,11
BRDA:91,5,0,0
BRDA:91,5,1,12
BRDA:159,6,0,2
BRDA:159,6,1,10
BRDA:175,7,0,1
BRDA:175,7,1,1
BRDA:183,8,0,0
BRDA:183,8,1,1
BRDA:183,9,0,1
BRDA:183,9,1,1
BRDA:183,9,2,0
BRDA:183,9,3,0
BRDA:190,10,0,0
BRDA:190,10,1,1
BRDA:190,11,0,1
BRDA:190,11,1,1
BRDA:197,12,0,0
BRDA:197,12,1,1
BRDA:197,13,0,1
BRDA:197,13,1,1
BRDA:223,14,0,1
BRDA:223,14,1,0
BRDA:245,15,0,0
BRDA:245,15,1,2
BRDA:245,16,0,2
BRDA:245,16,1,2
BRDA:261,17,0,1
BRDA:261,17,1,0
BRDA:283,18,0,0
BRDA:283,18,1,1
BRDA:283,19,0,1
BRDA:283,19,1,1
BRDA:301,20,0,0
BRDA:301,20,1,0
BRDA:339,21,0,0
BRDA:339,21,1,0
BRF:47
BRH:31
end_of_record
TN:
SF:src\views\jobhunterPage\person\Authen.vue
FN:15,(anonymous_0)
FN:32,(anonymous_1)
FN:35,(anonymous_2)
FN:47,(anonymous_3)
FN:53,(anonymous_4)
FN:57,(anonymous_5)
FN:60,(anonymous_6)
FN:77,(anonymous_7)
FN:92,(anonymous_8)
FN:98,(anonymous_9)
FN:103,(anonymous_10)
FN:109,(anonymous_11)
FN:118,(anonymous_12)
FNF:13
FNH:4
FNDA:4,(anonymous_0)
FNDA:0,(anonymous_1)
FNDA:0,(anonymous_2)
FNDA:0,(anonymous_3)
FNDA:0,(anonymous_4)
FNDA:0,(anonymous_5)
FNDA:1,(anonymous_6)
FNDA:0,(anonymous_7)
FNDA:0,(anonymous_8)
FNDA:0,(anonymous_9)
FNDA:4,(anonymous_10)
FNDA:4,(anonymous_11)
FNDA:0,(anonymous_12)
DA:8,153
DA:16,4
DA:33,0
DA:37,0
DA:38,0
DA:39,0
DA:40,0
DA:41,0
DA:48,0
DA:50,0
DA:51,0
DA:52,0
DA:53,0
DA:54,0
DA:58,0
DA:61,1
DA:62,1
DA:63,1
DA:64,1
DA:65,1
DA:66,1
DA:70,1
DA:72,0
DA:78,0
DA:79,0
DA:80,0
DA:84,0
DA:86,0
DA:93,0
DA:94,0
DA:96,0
DA:99,0
DA:100,0
DA:104,4
DA:105,4
DA:110,4
DA:111,4
DA:112,4
DA:115,0
DA:119,0
LF:40
LH:14
BRDA:65,0,0,1
BRDA:65,0,1,0
BRDA:65,1,0,1
BRDA:65,1,1,0
BRDA:65,1,2,0
BRDA:79,2,0,0
BRDA:79,2,1,0
BRDA:110,3,0,4
BRDA:110,3,1,0
BRF:9
BRH:3
end_of_record
TN:
SF:src\views\jobhunterPage\person\Favorites.vue
FN:9,(anonymous_0)
FN:26,(anonymous_1)
FN:29,(anonymous_2)
FN:35,(anonymous_3)
FN:56,(anonymous_4)
FN:68,(anonymous_5)
FN:84,(anonymous_6)
FN:88,(anonymous_7)
FN:98,(anonymous_8)
FN:103,(anonymous_9)
FN:118,(anonymous_10)
FN:127,(anonymous_11)
FN:139,(anonymous_12)
FN:155,(anonymous_13)
FN:159,(anonymous_14)
FN:169,(anonymous_15)
FN:174,(anonymous_16)
FN:190,(anonymous_17)
FN:199,(anonymous_18)
FN:203,(anonymous_19)
FN:220,(anonymous_20)
FN:238,(anonymous_21)
FN:246,(anonymous_22)
FN:251,(anonymous_23)
FN:261,(anonymous_24)
FN:266,(anonymous_25)
FN:271,(anonymous_26)
FN:281,(anonymous_27)
FNF:28
FNH:19
FNDA:10,(anonymous_0)
FNDA:0,(anonymous_1)
FNDA:10,(anonymous_2)
FNDA:0,(anonymous_3)
FNDA:4,(anonymous_4)
FNDA:2,(anonymous_5)
FNDA:0,(anonymous_6)
FNDA:2,(anonymous_7)
FNDA:2,(anonymous_8)
FNDA:2,(anonymous_9)
FNDA:0,(anonymous_10)
FNDA:4,(anonymous_11)
FNDA:2,(anonymous_12)
FNDA:0,(anonymous_13)
FNDA:2,(anonymous_14)
FNDA:2,(anonymous_15)
FNDA:2,(anonymous_16)
FNDA:0,(anonymous_17)
FNDA:2,(anonymous_18)
FNDA:4,(anonymous_19)
FNDA:2,(anonymous_20)
FNDA:0,(anonymous_21)
FNDA:10,(anonymous_22)
FNDA:2,(anonymous_23)
FNDA:0,(anonymous_24)
FNDA:10,(anonymous_25)
FNDA:10,(anonymous_26)
FNDA:0,(anonymous_27)
DA:10,10
DA:27,0
DA:30,10
DA:31,8
DA:32,8
DA:36,0
DA:37,0
DA:41,0
DA:54,0
DA:57,4
DA:58,2
DA:62,2
DA:64,2
DA:69,2
DA:70,2
DA:74,2
DA:75,2
DA:78,0
DA:85,0
DA:89,2
DA:99,2
DA:104,2
DA:105,2
DA:109,2
DA:112,0
DA:119,0
DA:120,0
DA:128,4
DA:129,2
DA:133,2
DA:135,2
DA:140,2
DA:141,2
DA:145,2
DA:146,2
DA:149,0
DA:156,0
DA:160,2
DA:170,2
DA:175,2
DA:176,2
DA:180,2
DA:181,2
DA:184,0
DA:191,0
DA:192,0
DA:200,2
DA:201,2
DA:204,4
DA:205,2
DA:209,2
DA:211,2
DA:221,2
DA:222,2
DA:223,2
DA:227,2
DA:228,2
DA:229,2
DA:232,0
DA:239,0
DA:240,0
DA:247,10
DA:252,2
DA:253,2
DA:254,2
DA:255,2
DA:258,0
DA:262,0
DA:267,10
DA:272,10
DA:273,10
DA:274,10
DA:275,10
DA:278,0
DA:282,0
LF:75
LH:53
BRDA:30,0,0,8
BRDA:30,0,1,2
BRDA:36,1,0,0
BRDA:36,1,1,0
BRDA:36,2,0,0
BRDA:36,2,1,0
BRDA:57,3,0,2
BRDA:57,3,1,2
BRDA:57,4,0,4
BRDA:57,4,1,4
BRDA:69,5,0,2
BRDA:69,5,1,0
BRDA:104,6,0,2
BRDA:104,6,1,0
BRDA:128,7,0,2
BRDA:128,7,1,2
BRDA:128,8,0,4
BRDA:128,8,1,2
BRDA:140,9,0,2
BRDA:140,9,1,0
BRDA:175,10,0,2
BRDA:175,10,1,0
BRDA:204,11,0,2
BRDA:204,11,1,2
BRDA:204,12,0,4
BRDA:204,12,1,2
BRDA:222,13,0,2
BRDA:222,13,1,0
BRDA:252,14,0,2
BRDA:252,14,1,0
BRDA:272,15,0,10
BRDA:272,15,1,0
BRF:32
BRH:21
end_of_record
TN:
SF:src\views\jobhunterPage\person\Message.vue
FN:15,(anonymous_0)
FN:21,connectGoEasy
FN:25,(anonymous_2)
FN:28,(anonymous_3)
FN:31,(anonymous_4)
FN:37,setUnreadNumber
FN:42,(anonymous_6)
FN:58,(anonymous_7)
FN:75,(anonymous_8)
FN:96,(anonymous_9)
FN:106,(anonymous_10)
FN:109,(anonymous_11)
FN:119,(anonymous_12)
FN:122,(anonymous_13)
FN:132,(anonymous_14)
FN:135,(anonymous_15)
FN:145,(anonymous_16)
FN:150,(anonymous_17)
FN:165,(anonymous_18)
FN:175,(anonymous_19)
FN:180,(anonymous_20)
FN:189,(anonymous_21)
FNF:22
FNH:9
FNDA:2,(anonymous_0)
FNDA:2,connectGoEasy
FNDA:2,(anonymous_2)
FNDA:0,(anonymous_3)
FNDA:2,(anonymous_4)
FNDA:2,setUnreadNumber
FNDA:2,(anonymous_6)
FNDA:2,(anonymous_7)
FNDA:0,(anonymous_8)
FNDA:0,(anonymous_9)
FNDA:0,(anonymous_10)
FNDA:0,(anonymous_11)
FNDA:0,(anonymous_12)
FNDA:0,(anonymous_13)
FNDA:0,(anonymous_14)
FNDA:0,(anonymous_15)
FNDA:0,(anonymous_16)
FNDA:0,(anonymous_17)
FNDA:0,(anonymous_18)
FNDA:2,(anonymous_19)
FNDA:2,(anonymous_20)
FNDA:0,(anonymous_21)
DA:16,2
DA:17,2
DA:19,2
DA:22,2
DA:26,2
DA:29,0
DA:32,2
DA:38,2
DA:39,2
DA:42,2
DA:43,2
DA:44,2
DA:47,0
DA:48,0
DA:50,2
DA:53,2
DA:59,2
DA:76,0
DA:77,0
DA:81,0
DA:94,0
DA:97,0
DA:110,0
DA:123,0
DA:136,0
DA:146,0
DA:151,0
DA:152,0
DA:156,0
DA:159,0
DA:166,0
DA:167,0
DA:176,2
DA:181,2
DA:182,2
DA:183,2
DA:186,0
DA:190,0
LF:38
LH:18
BRDA:43,0,0,2
BRDA:43,0,1,0
BRDA:76,1,0,0
BRDA:76,1,1,0
BRDA:76,2,0,0
BRDA:76,2,1,0
BRDA:151,3,0,0
BRDA:151,3,1,0
BRDA:181,4,0,2
BRDA:181,4,1,0
BRF:10
BRH:2
end_of_record
TN:
SF:src\views\jobhunterPage\person\Order.vue
FN:9,(anonymous_0)
FN:41,(anonymous_1)
FN:46,(anonymous_2)
FN:52,(anonymous_3)
FN:56,(anonymous_4)
FN:60,(anonymous_5)
FN:72,(anonymous_6)
FN:82,(anonymous_7)
FN:90,(anonymous_8)
FN:103,(anonymous_9)
FN:119,(anonymous_10)
FN:123,(anonymous_11)
FN:133,(anonymous_12)
FN:138,(anonymous_13)
FN:148,(anonymous_14)
FN:157,(anonymous_15)
FN:167,(anonymous_16)
FN:172,(anonymous_17)
FN:182,(anonymous_18)
FN:191,(anonymous_19)
FN:201,(anonymous_20)
FN:206,(anonymous_21)
FN:216,(anonymous_22)
FN:225,(anonymous_23)
FN:231,(anonymous_24)
FN:236,(anonymous_25)
FN:242,(anonymous_26)
FNF:27
FNH:20
FNDA:12,(anonymous_0)
FNDA:9,(anonymous_1)
FNDA:5,(anonymous_2)
FNDA:0,(anonymous_3)
FNDA:2,(anonymous_4)
FNDA:2,(anonymous_5)
FNDA:2,(anonymous_6)
FNDA:0,(anonymous_7)
FNDA:5,(anonymous_8)
FNDA:3,(anonymous_9)
FNDA:0,(anonymous_10)
FNDA:2,(anonymous_11)
FNDA:2,(anonymous_12)
FNDA:1,(anonymous_13)
FNDA:0,(anonymous_14)
FNDA:2,(anonymous_15)
FNDA:2,(anonymous_16)
FNDA:2,(anonymous_17)
FNDA:0,(anonymous_18)
FNDA:2,(anonymous_19)
FNDA:2,(anonymous_20)
FNDA:2,(anonymous_21)
FNDA:0,(anonymous_22)
FNDA:2,(anonymous_23)
FNDA:12,(anonymous_24)
FNDA:12,(anonymous_25)
FNDA:0,(anonymous_26)
DA:10,12
DA:42,9
DA:47,5
DA:48,5
DA:49,5
DA:53,0
DA:57,2
DA:58,2
DA:61,2
DA:62,0
DA:66,0
DA:68,2
DA:73,2
DA:74,2
DA:79,2
DA:80,2
DA:83,0
DA:84,0
DA:91,5
DA:92,2
DA:96,2
DA:98,3
DA:104,3
DA:105,2
DA:109,2
DA:110,2
DA:113,1
DA:120,0
DA:124,2
DA:134,2
DA:139,1
DA:140,1
DA:141,1
DA:145,1
DA:149,0
DA:150,0
DA:158,2
DA:168,2
DA:173,2
DA:174,2
DA:175,2
DA:179,2
DA:183,0
DA:184,0
DA:192,2
DA:202,2
DA:207,2
DA:208,2
DA:209,2
DA:213,2
DA:217,0
DA:218,0
DA:226,2
DA:227,2
DA:228,2
DA:232,12
DA:237,12
DA:238,12
DA:239,12
DA:243,0
LF:60
LH:47
BRDA:47,0,0,5
BRDA:47,0,1,0
BRDA:61,1,0,0
BRDA:61,1,1,2
BRDA:73,2,0,2
BRDA:73,2,1,0
BRDA:91,3,0,2
BRDA:91,3,1,3
BRDA:91,4,0,5
BRDA:91,4,1,3
BRDA:104,5,0,2
BRDA:104,5,1,1
BRDA:139,6,0,1
BRDA:139,6,1,0
BRDA:173,7,0,2
BRDA:173,7,1,0
BRDA:207,8,0,2
BRDA:207,8,1,0
BRDA:237,9,0,12
BRDA:237,9,1,0
BRF:20
BRH:13
end_of_record
TN:
SF:src\views\jobhunterPage\person\PersonInfo.vue
FN:15,(anonymous_0)
FN:36,(anonymous_1)
FN:53,(anonymous_2)
FN:62,(anonymous_3)
FN:70,(anonymous_4)
FN:73,(anonymous_5)
FN:85,(anonymous_6)
FN:91,(anonymous_7)
FN:95,(anonymous_8)
FN:98,(anonymous_9)
FN:102,(anonymous_10)
FN:111,(anonymous_11)
FN:123,(anonymous_12)
FN:131,(anonymous_13)
FN:141,(anonymous_14)
FN:149,(anonymous_15)
FN:161,(anonymous_16)
FN:166,(anonymous_17)
FN:174,(anonymous_18)
FN:202,(anonymous_19)
FN:209,(anonymous_20)
FN:215,(anonymous_21)
FN:221,(anonymous_22)
FN:227,(anonymous_23)
FN:239,(anonymous_24)
FNF:25
FNH:8
FNDA:30,(anonymous_0)
FNDA:0,(anonymous_1)
FNDA:0,(anonymous_2)
FNDA:0,(anonymous_3)
FNDA:0,(anonymous_4)
FNDA:0,(anonymous_5)
FNDA:0,(anonymous_6)
FNDA:0,(anonymous_7)
FNDA:0,(anonymous_8)
FNDA:2,(anonymous_9)
FNDA:0,(anonymous_10)
FNDA:2,(anonymous_11)
FNDA:2,(anonymous_12)
FNDA:0,(anonymous_13)
FNDA:2,(anonymous_14)
FNDA:2,(anonymous_15)
FNDA:0,(anonymous_16)
FNDA:0,(anonymous_17)
FNDA:0,(anonymous_18)
FNDA:0,(anonymous_19)
FNDA:0,(anonymous_20)
FNDA:0,(anonymous_21)
FNDA:30,(anonymous_22)
FNDA:30,(anonymous_23)
FNDA:0,(anonymous_24)
DA:8,153
DA:16,30
DA:38,0
DA:41,0
DA:42,0
DA:54,0
DA:55,0
DA:59,0
DA:63,0
DA:64,0
DA:71,0
DA:75,0
DA:76,0
DA:77,0
DA:78,0
DA:79,0
DA:86,0
DA:88,0
DA:89,0
DA:90,0
DA:91,0
DA:92,0
DA:96,0
DA:99,2
DA:100,2
DA:103,0
DA:104,0
DA:105,0
DA:106,0
DA:107,0
DA:108,0
DA:109,0
DA:112,2
DA:113,2
DA:118,2
DA:124,2
DA:125,2
DA:132,0
DA:133,0
DA:138,2
DA:139,2
DA:142,2
DA:150,2
DA:151,2
DA:152,2
DA:156,2
DA:158,0
DA:162,0
DA:163,0
DA:167,0
DA:168,0
DA:175,0
DA:176,0
DA:180,0
DA:182,0
DA:183,0
DA:187,0
DA:189,0
DA:190,0
DA:194,0
DA:196,0
DA:197,0
DA:203,0
DA:204,0
DA:205,0
DA:209,0
DA:210,0
DA:212,0
DA:216,0
DA:217,0
DA:222,30
DA:223,30
DA:228,30
DA:229,30
DA:230,30
DA:231,30
DA:240,0
LF:77
LH:22
BRDA:54,0,0,0
BRDA:54,0,1,0
BRDA:124,1,0,2
BRDA:124,1,1,0
BRDA:151,2,0,2
BRDA:151,2,1,0
BRDA:167,3,0,0
BRDA:167,3,1,0
BRDA:175,4,0,0
BRDA:175,4,1,0
BRDA:182,5,0,0
BRDA:182,5,1,0
BRDA:182,6,0,0
BRDA:182,6,1,0
BRDA:189,7,0,0
BRDA:189,7,1,0
BRDA:189,8,0,0
BRDA:189,8,1,0
BRDA:204,9,0,0
BRDA:204,9,1,0
BRF:20
BRH:2
end_of_record
TN:
SF:src\views\recruiterPage\HomeView.vue
FN:12,(anonymous_0)
FN:21,(anonymous_1)
FN:25,(anonymous_2)
FN:30,(anonymous_3)
FN:40,(anonymous_4)
FNF:5
FNH:3
FNDA:41,(anonymous_0)
FNDA:0,(anonymous_1)
FNDA:41,(anonymous_2)
FNDA:40,(anonymous_3)
FNDA:0,(anonymous_4)
DA:13,41
DA:22,0
DA:26,41
DA:31,40
DA:32,40
DA:33,40
DA:34,40
DA:37,0
DA:41,0
LF:9
LH:6
BRDA:31,0,0,40
BRDA:31,0,1,0
BRF:2
BRH:1
end_of_record
TN:
SF:src\views\recruiterPage\JobDetail.vue
FN:15,(anonymous_0)
FN:17,(anonymous_1)
FN:30,(anonymous_2)
FN:73,(anonymous_3)
FN:79,(anonymous_4)
FN:87,(anonymous_5)
FN:92,(anonymous_6)
FN:96,(anonymous_7)
FN:105,(anonymous_8)
FN:108,(anonymous_9)
FN:112,(anonymous_10)
FN:116,(anonymous_11)
FN:121,(anonymous_12)
FN:129,(anonymous_13)
FN:131,(anonymous_14)
FN:135,(anonymous_15)
FN:141,(anonymous_16)
FN:147,(anonymous_17)
FN:150,(anonymous_18)
FN:154,(anonymous_19)
FN:158,(anonymous_20)
FN:163,(anonymous_21)
FN:171,(anonymous_22)
FN:175,(anonymous_23)
FN:179,(anonymous_24)
FN:182,(anonymous_25)
FN:213,(anonymous_26)
FN:218,(anonymous_27)
FN:235,(anonymous_28)
FN:244,(anonymous_29)
FN:254,(anonymous_30)
FN:259,(anonymous_31)
FN:269,(anonymous_32)
FN:278,(anonymous_33)
FN:288,(anonymous_34)
FN:293,(anonymous_35)
FN:303,(anonymous_36)
FN:312,(anonymous_37)
FN:322,(anonymous_38)
FN:327,(anonymous_39)
FN:337,(anonymous_40)
FN:346,(anonymous_41)
FN:350,(anonymous_42)
FN:362,(anonymous_43)
FN:378,(anonymous_44)
FN:386,(anonymous_45)
FN:399,(anonymous_46)
FN:416,(anonymous_47)
FNF:48
FNH:27
FNDA:18,(anonymous_0)
FNDA:2,(anonymous_1)
FNDA:18,(anonymous_2)
FNDA:18,(anonymous_3)
FNDA:18,(anonymous_4)
FNDA:17,(anonymous_5)
FNDA:0,(anonymous_6)
FNDA:0,(anonymous_7)
FNDA:17,(anonymous_8)
FNDA:1375,(anonymous_9)
FNDA:1375,(anonymous_10)
FNDA:1375,(anonymous_11)
FNDA:0,(anonymous_12)
FNDA:17,(anonymous_13)
FNDA:353,(anonymous_14)
FNDA:0,(anonymous_15)
FNDA:6,(anonymous_16)
FNDA:2,(anonymous_17)
FNDA:206,(anonymous_18)
FNDA:206,(anonymous_19)
FNDA:206,(anonymous_20)
FNDA:0,(anonymous_21)
FNDA:2,(anonymous_22)
FNDA:0,(anonymous_23)
FNDA:0,(anonymous_24)
FNDA:5,(anonymous_25)
FNDA:0,(anonymous_26)
FNDA:0,(anonymous_27)
FNDA:0,(anonymous_28)
FNDA:0,(anonymous_29)
FNDA:0,(anonymous_30)
FNDA:0,(anonymous_31)
FNDA:0,(anonymous_32)
FNDA:2,(anonymous_33)
FNDA:2,(anonymous_34)
FNDA:2,(anonymous_35)
FNDA:0,(anonymous_36)
FNDA:2,(anonymous_37)
FNDA:2,(anonymous_38)
FNDA:2,(anonymous_39)
FNDA:0,(anonymous_40)
FNDA:0,(anonymous_41)
FNDA:0,(anonymous_42)
FNDA:0,(anonymous_43)
FNDA:0,(anonymous_44)
FNDA:3,(anonymous_45)
FNDA:2,(anonymous_46)
FNDA:0,(anonymous_47)
DA:16,18
DA:17,18
DA:18,2
DA:26,18
DA:31,18
DA:75,18
DA:80,18
DA:81,18
DA:82,18
DA:83,18
DA:88,17
DA:89,17
DA:90,17
DA:93,0
DA:97,0
DA:101,18
DA:106,17
DA:107,17
DA:108,17
DA:109,1375
DA:111,17
DA:112,17
DA:113,1375
DA:115,17
DA:116,17
DA:117,1375
DA:119,17
DA:122,0
DA:125,18
DA:131,17
DA:132,353
DA:136,0
DA:143,6
DA:148,2
DA:149,2
DA:150,2
DA:151,206
DA:153,2
DA:154,2
DA:155,206
DA:157,2
DA:158,2
DA:159,206
DA:161,2
DA:164,0
DA:167,6
DA:173,2
DA:176,0
DA:180,0
DA:183,5
DA:184,2
DA:188,2
DA:190,3
DA:191,2
DA:195,2
DA:197,1
DA:198,1
DA:202,1
DA:204,0
DA:214,0
DA:219,0
DA:220,0
DA:221,0
DA:225,0
DA:228,0
DA:232,0
DA:236,0
DA:237,0
DA:245,0
DA:255,0
DA:260,0
DA:261,0
DA:262,0
DA:266,0
DA:270,0
DA:271,0
DA:279,2
DA:289,2
DA:294,2
DA:295,2
DA:296,2
DA:300,2
DA:304,0
DA:305,0
DA:313,2
DA:323,2
DA:328,2
DA:329,2
DA:330,2
DA:334,2
DA:338,0
DA:339,0
DA:347,0
DA:348,0
DA:351,0
DA:352,0
DA:356,0
DA:358,0
DA:363,0
DA:364,0
DA:370,0
DA:375,0
DA:376,0
DA:379,0
DA:380,0
DA:387,3
DA:388,1
DA:392,1
DA:394,2
DA:400,2
DA:401,2
DA:402,2
DA:406,2
DA:407,2
DA:410,0
DA:417,0
LF:116
LH:72
BRDA:183,0,0,2
BRDA:183,0,1,3
BRDA:190,1,0,2
BRDA:190,1,1,1
BRDA:197,2,0,1
BRDA:197,2,1,0
BRDA:219,3,0,0
BRDA:219,3,1,0
BRDA:260,4,0,0
BRDA:260,4,1,0
BRDA:294,5,0,2
BRDA:294,5,1,0
BRDA:328,6,0,2
BRDA:328,6,1,0
BRDA:351,7,0,0
BRDA:351,7,1,0
BRDA:363,8,0,0
BRDA:363,8,1,0
BRDA:387,9,0,1
BRDA:387,9,1,2
BRDA:387,10,0,3
BRDA:387,10,1,2
BRDA:401,11,0,2
BRDA:401,11,1,0
BRF:24
BRH:12
end_of_record
TN:
SF:src\views\recruiterPage\JobManage.vue
FN:10,(anonymous_0)
FN:156,(anonymous_1)
FN:158,(anonymous_2)
FN:166,(anonymous_3)
FN:171,(anonymous_4)
FN:174,(anonymous_5)
FN:179,(anonymous_6)
FN:184,(anonymous_7)
FN:187,(anonymous_8)
FN:192,(anonymous_9)
FN:194,(anonymous_10)
FNF:11
FNH:9
FNDA:20,(anonymous_0)
FNDA:58,(anonymous_1)
FNDA:0,(anonymous_2)
FNDA:20,(anonymous_3)
FNDA:20,(anonymous_4)
FNDA:7000,(anonymous_5)
FNDA:0,(anonymous_6)
FNDA:20,(anonymous_7)
FNDA:18,(anonymous_8)
FNDA:40,(anonymous_9)
FNDA:6322,(anonymous_10)
DA:11,20
DA:157,58
DA:158,0
DA:159,0
DA:162,58
DA:167,20
DA:172,20
DA:173,20
DA:174,20
DA:175,7000
DA:177,20
DA:180,0
DA:185,20
DA:188,18
DA:189,18
DA:190,18
DA:193,40
DA:194,40
DA:195,6322
DA:197,18
LF:20
LH:17
BRDA:157,0,0,0
BRDA:157,0,1,58
BRF:2
BRH:1
end_of_record
TN:
SF:src\views\recruiterPage\UpJob.vue
FN:14,(anonymous_0)
FN:41,(anonymous_1)
FN:44,(anonymous_2)
FN:62,(anonymous_3)
FN:69,(anonymous_4)
FN:79,(anonymous_5)
FN:88,(anonymous_6)
FN:92,(anonymous_7)
FN:102,(anonymous_8)
FN:113,(anonymous_9)
FN:120,(anonymous_10)
FN:130,(anonymous_11)
FN:139,(anonymous_12)
FN:143,(anonymous_13)
FN:150,(anonymous_14)
FN:156,(anonymous_15)
FN:159,(anonymous_16)
FN:167,(anonymous_17)
FN:175,(anonymous_18)
FNF:19
FNH:7
FNDA:14,(anonymous_0)
FNDA:0,(anonymous_1)
FNDA:8,(anonymous_2)
FNDA:0,(anonymous_3)
FNDA:0,(anonymous_4)
FNDA:0,(anonymous_5)
FNDA:0,(anonymous_6)
FNDA:0,(anonymous_7)
FNDA:2,(anonymous_8)
FNDA:0,(anonymous_9)
FNDA:0,(anonymous_10)
FNDA:0,(anonymous_11)
FNDA:0,(anonymous_12)
FNDA:0,(anonymous_13)
FNDA:14,(anonymous_14)
FNDA:10,(anonymous_15)
FNDA:0,(anonymous_16)
FNDA:10,(anonymous_17)
FNDA:2,(anonymous_18)
DA:15,14
DA:42,0
DA:45,8
DA:46,2
DA:50,2
DA:52,6
DA:53,6
DA:63,0
DA:64,0
DA:65,0
DA:69,0
DA:70,0
DA:73,0
DA:80,0
DA:81,0
DA:89,0
DA:90,0
DA:91,0
DA:92,0
DA:93,0
DA:94,0
DA:103,2
DA:104,2
DA:114,0
DA:115,0
DA:116,0
DA:120,0
DA:121,0
DA:124,0
DA:131,0
DA:132,0
DA:140,0
DA:145,0
DA:146,0
DA:151,14
DA:152,14
DA:157,10
DA:160,0
DA:163,14
DA:168,10
DA:169,10
DA:170,10
DA:171,8
DA:176,2
LF:44
LH:17
BRDA:45,0,0,2
BRDA:45,0,1,6
BRDA:64,1,0,0
BRDA:64,1,1,0
BRDA:115,2,0,0
BRDA:115,2,1,0
BRDA:168,3,0,10
BRDA:168,3,1,0
BRDA:169,4,0,10
BRDA:169,4,1,0
BRDA:170,5,0,8
BRDA:170,5,1,0
BRF:12
BRH:5
end_of_record
TN:
SF:src\views\recruiterPage\company\Authen.vue
FN:15,(anonymous_0)
FN:33,(anonymous_1)
FN:36,(anonymous_2)
FN:48,(anonymous_3)
FN:54,(anonymous_4)
FN:58,(anonymous_5)
FN:61,(anonymous_6)
FN:75,(anonymous_7)
FN:90,(anonymous_8)
FN:97,(anonymous_9)
FN:103,(anonymous_10)
FN:112,(anonymous_11)
FNF:12
FNH:4
FNDA:2,(anonymous_0)
FNDA:0,(anonymous_1)
FNDA:0,(anonymous_2)
FNDA:0,(anonymous_3)
FNDA:0,(anonymous_4)
FNDA:0,(anonymous_5)
FNDA:2,(anonymous_6)
FNDA:0,(anonymous_7)
FNDA:0,(anonymous_8)
FNDA:2,(anonymous_9)
FNDA:2,(anonymous_10)
FNDA:0,(anonymous_11)
DA:8,153
DA:16,2
DA:34,0
DA:38,0
DA:39,0
DA:40,0
DA:41,0
DA:42,0
DA:49,0
DA:51,0
DA:52,0
DA:53,0
DA:54,0
DA:55,0
DA:59,0
DA:62,2
DA:63,2
DA:64,2
DA:68,2
DA:70,0
DA:76,0
DA:77,0
DA:78,0
DA:82,0
DA:84,0
DA:91,0
DA:92,0
DA:94,0
DA:98,2
DA:99,2
DA:104,2
DA:105,2
DA:106,2
DA:109,0
DA:113,0
LF:35
LH:11
BRDA:63,0,0,2
BRDA:63,0,1,0
BRDA:63,1,0,2
BRDA:63,1,1,0
BRDA:63,1,2,0
BRDA:63,1,3,0
BRDA:77,2,0,0
BRDA:77,2,1,0
BRDA:104,3,0,2
BRDA:104,3,1,0
BRF:10
BRH:3
end_of_record
TN:
SF:src\views\recruiterPage\company\CompanyInfo.vue
FN:14,(anonymous_0)
FN:35,(anonymous_1)
FN:51,(anonymous_2)
FN:60,(anonymous_3)
FN:68,(anonymous_4)
FN:71,(anonymous_5)
FN:83,(anonymous_6)
FN:89,(anonymous_7)
FN:93,(anonymous_8)
FN:96,(anonymous_9)
FN:100,(anonymous_10)
FN:108,(anonymous_11)
FN:118,(anonymous_12)
FN:126,(anonymous_13)
FN:136,(anonymous_14)
FN:144,(anonymous_15)
FN:156,(anonymous_16)
FN:161,(anonymous_17)
FN:169,(anonymous_18)
FN:197,(anonymous_19)
FN:204,(anonymous_20)
FN:210,(anonymous_21)
FN:216,(anonymous_22)
FN:222,(anonymous_23)
FN:233,(anonymous_24)
FNF:25
FNH:8
FNDA:5,(anonymous_0)
FNDA:0,(anonymous_1)
FNDA:0,(anonymous_2)
FNDA:0,(anonymous_3)
FNDA:0,(anonymous_4)
FNDA:0,(anonymous_5)
FNDA:0,(anonymous_6)
FNDA:0,(anonymous_7)
FNDA:0,(anonymous_8)
FNDA:1,(anonymous_9)
FNDA:0,(anonymous_10)
FNDA:1,(anonymous_11)
FNDA:1,(anonymous_12)
FNDA:0,(anonymous_13)
FNDA:2,(anonymous_14)
FNDA:2,(anonymous_15)
FNDA:0,(anonymous_16)
FNDA:0,(anonymous_17)
FNDA:0,(anonymous_18)
FNDA:0,(anonymous_19)
FNDA:0,(anonymous_20)
FNDA:0,(anonymous_21)
FNDA:5,(anonymous_22)
FNDA:5,(anonymous_23)
FNDA:0,(anonymous_24)
DA:7,153
DA:15,5
DA:37,0
DA:40,0
DA:41,0
DA:45,0
DA:52,0
DA:53,0
DA:57,0
DA:61,0
DA:62,0
DA:69,0
DA:73,0
DA:74,0
DA:75,0
DA:76,0
DA:77,0
DA:84,0
DA:86,0
DA:87,0
DA:88,0
DA:89,0
DA:90,0
DA:94,0
DA:97,1
DA:98,1
DA:101,0
DA:102,0
DA:103,0
DA:104,0
DA:105,0
DA:106,0
DA:109,1
DA:113,1
DA:119,1
DA:120,1
DA:127,0
DA:128,0
DA:133,1
DA:134,1
DA:137,2
DA:145,2
DA:146,2
DA:147,2
DA:151,2
DA:153,0
DA:157,0
DA:158,0
DA:162,0
DA:163,0
DA:170,0
DA:171,0
DA:175,0
DA:177,0
DA:178,0
DA:182,0
DA:184,0
DA:185,0
DA:189,0
DA:191,0
DA:192,0
DA:198,0
DA:199,0
DA:200,0
DA:204,0
DA:205,0
DA:207,0
DA:211,0
DA:212,0
DA:217,5
DA:218,5
DA:223,5
DA:224,5
DA:225,5
DA:226,5
DA:234,0
LF:76
LH:21
BRDA:52,0,0,0
BRDA:52,0,1,0
BRDA:119,1,0,1
BRDA:119,1,1,0
BRDA:146,2,0,2
BRDA:146,2,1,0
BRDA:162,3,0,0
BRDA:162,3,1,0
BRDA:170,4,0,0
BRDA:170,4,1,0
BRDA:177,5,0,0
BRDA:177,5,1,0
BRDA:177,6,0,0
BRDA:177,6,1,0
BRDA:184,7,0,0
BRDA:184,7,1,0
BRDA:184,8,0,0
BRDA:184,8,1,0
BRDA:199,9,0,0
BRDA:199,9,1,0
BRF:20
BRH:2
end_of_record
TN:
SF:src\views\recruiterPage\company\Draft.vue
FN:10,(anonymous_0)
FN:36,(anonymous_1)
FN:39,(anonymous_2)
FN:49,(anonymous_3)
FN:54,(anonymous_4)
FN:69,(anonymous_5)
FN:78,(anonymous_6)
FN:92,(anonymous_7)
FN:112,(anonymous_8)
FN:129,(anonymous_9)
FN:137,(anonymous_10)
FN:162,(anonymous_11)
FN:171,(anonymous_12)
FN:181,(anonymous_13)
FN:186,(anonymous_14)
FN:202,(anonymous_15)
FN:212,(anonymous_16)
FN:217,(anonymous_17)
FN:227,(anonymous_18)
FN:234,(anonymous_19)
FN:238,(anonymous_20)
FNF:21
FNH:0
FNDA:0,(anonymous_0)
FNDA:0,(anonymous_1)
FNDA:0,(anonymous_2)
FNDA:0,(anonymous_3)
FNDA:0,(anonymous_4)
FNDA:0,(anonymous_5)
FNDA:0,(anonymous_6)
FNDA:0,(anonymous_7)
FNDA:0,(anonymous_8)
FNDA:0,(anonymous_9)
FNDA:0,(anonymous_10)
FNDA:0,(anonymous_11)
FNDA:0,(anonymous_12)
FNDA:0,(anonymous_13)
FNDA:0,(anonymous_14)
FNDA:0,(anonymous_15)
FNDA:0,(anonymous_16)
FNDA:0,(anonymous_17)
FNDA:0,(anonymous_18)
FNDA:0,(anonymous_19)
FNDA:0,(anonymous_20)
DA:11,0
DA:37,0
DA:40,0
DA:50,0
DA:55,0
DA:56,0
DA:60,0
DA:63,0
DA:70,0
DA:71,0
DA:79,0
DA:80,0
DA:81,0
DA:84,0
DA:85,0
DA:86,0
DA:87,0
DA:88,0
DA:93,0
DA:94,0
DA:95,0
DA:96,0
DA:97,0
DA:98,0
DA:99,0
DA:100,0
DA:101,0
DA:102,0
DA:103,0
DA:104,0
DA:105,0
DA:106,0
DA:107,0
DA:108,0
DA:113,0
DA:114,0
DA:115,0
DA:116,0
DA:117,0
DA:120,0
DA:130,0
DA:138,0
DA:139,0
DA:143,0
DA:146,0
DA:150,0
DA:151,0
DA:152,0
DA:153,0
DA:154,0
DA:155,0
DA:156,0
DA:157,0
DA:158,0
DA:159,0
DA:163,0
DA:164,0
DA:172,0
DA:182,0
DA:187,0
DA:188,0
DA:192,0
DA:195,0
DA:199,0
DA:203,0
DA:204,0
DA:213,0
DA:218,0
DA:219,0
DA:220,0
DA:221,0
DA:224,0
DA:228,0
DA:230,0
DA:235,0
DA:236,0
DA:239,0
LF:77
LH:0
BRDA:55,0,0,0
BRDA:55,0,1,0
BRDA:86,1,0,0
BRDA:86,1,1,0
BRDA:106,2,0,0
BRDA:106,2,1,0
BRDA:115,3,0,0
BRDA:115,3,1,0
BRDA:138,4,0,0
BRDA:138,4,1,0
BRDA:187,5,0,0
BRDA:187,5,1,0
BRDA:218,6,0,0
BRDA:218,6,1,0
BRF:14
BRH:0
end_of_record
TN:
SF:src\views\recruiterPage\company\Message.vue
FN:11,(anonymous_0)
FN:17,connectGoEasy
FN:21,(anonymous_2)
FN:24,(anonymous_3)
FN:27,(anonymous_4)
FN:33,setUnreadNumber
FN:38,(anonymous_6)
FN:54,(anonymous_7)
FN:71,(anonymous_8)
FN:92,(anonymous_9)
FN:102,(anonymous_10)
FN:105,(anonymous_11)
FN:115,(anonymous_12)
FN:118,(anonymous_13)
FN:128,(anonymous_14)
FN:131,(anonymous_15)
FN:141,(anonymous_16)
FN:146,(anonymous_17)
FN:161,(anonymous_18)
FN:171,(anonymous_19)
FN:176,(anonymous_20)
FN:185,(anonymous_21)
FNF:22
FNH:8
FNDA:6,(anonymous_0)
FNDA:6,connectGoEasy
FNDA:4,(anonymous_2)
FNDA:0,(anonymous_3)
FNDA:6,(anonymous_4)
FNDA:0,setUnreadNumber
FNDA:6,(anonymous_6)
FNDA:6,(anonymous_7)
FNDA:0,(anonymous_8)
FNDA:0,(anonymous_9)
FNDA:0,(anonymous_10)
FNDA:0,(anonymous_11)
FNDA:0,(anonymous_12)
FNDA:0,(anonymous_13)
FNDA:0,(anonymous_14)
FNDA:0,(anonymous_15)
FNDA:0,(anonymous_16)
FNDA:0,(anonymous_17)
FNDA:0,(anonymous_18)
FNDA:6,(anonymous_19)
FNDA:5,(anonymous_20)
FNDA:0,(anonymous_21)
DA:12,6
DA:13,6
DA:15,6
DA:18,6
DA:22,4
DA:25,0
DA:28,6
DA:34,0
DA:35,0
DA:38,6
DA:39,6
DA:40,6
DA:43,0
DA:44,0
DA:46,6
DA:49,6
DA:55,6
DA:72,0
DA:73,0
DA:77,0
DA:90,0
DA:93,0
DA:106,0
DA:119,0
DA:132,0
DA:142,0
DA:147,0
DA:148,0
DA:152,0
DA:155,0
DA:162,0
DA:163,0
DA:172,6
DA:177,5
DA:178,5
DA:179,5
DA:182,0
DA:186,0
LF:38
LH:16
BRDA:39,0,0,6
BRDA:39,0,1,0
BRDA:72,1,0,0
BRDA:72,1,1,0
BRDA:72,2,0,0
BRDA:72,2,1,0
BRDA:147,3,0,0
BRDA:147,3,1,0
BRDA:177,4,0,5
BRDA:177,4,1,0
BRF:10
BRH:2
end_of_record
