{
  "stats": {
    "suites": 1,
    "tests": 2,
    "passes": 2,
    "pending": 0,
    "failures": 0,
    "start": "2023-06-21T02:54:12.473Z",
    "end": "2023-06-21T02:54:23.235Z",
    "duration": 10762,
    "testsRegistered": 2,
    "passPercent": 100,
    "pendingPercent": 0,
    "other": 0,
    "hasOther": false,
    "skipped": 0,
    "hasSkipped": false
  },
  "results": [
    {
      "uuid": "63aa2cbb-23b0-4f6f-b7fe-4927b4f40a16",
      "title": "",
      "fullFile": "tests/e2e/specs/JobManageSys/UpJob.js",
      "file": "tests/e2e/specs/JobManageSys/UpJob.js",
      "beforeHooks": [],
      "afterHooks": [],
      "tests": [],
      "suites": [
        {
          "uuid": "327c0a14-2230-4996-8d28-699252556e51",
          "title": "兼职管理子系统-发布兼职",
          "fullFile": "",
          "file": "",
          "beforeHooks": [],
          "afterHooks": [],
          "tests": [
            {
              "title": "直接发布兼职",
              "fullTitle": "兼职管理子系统-发布兼职 直接发布兼职",
              "timedOut": null,
              "duration": 5252,
              "state": "passed",
              "speed": "medium",
              "pass": true,
              "fail": false,
              "pending": false,
              "context": null,
              "code": "//招聘方登录-ID\ncy.visit('/'); //访问网站\ncy.get(':nth-child(1) > .el-form-item__content > .el-input > .el-input__wrapper').type(\"10018\");\ncy.get(':nth-child(2) > .el-form-item__content > .el-input > .el-input__wrapper').type(\"021121\"); //输入账号密码\ncy.get(\"#login\").click(); //点击登录按钮\ncy.get('#message_1').should('contain', '登录成功');\ncy.url().should('contain', 'recruiter'); //断言\ncy.get('a > .el-button').click(); //点击发布兼职按钮\ncy.url().should('contain', 'upJob'); //断言\ncy.get(':nth-child(1) > .el-form-item__content > .el-input > .el-input__wrapper').type('短视频后期剪辑'); //填写兼职名称\ncy.get('.select-trigger > .el-input > .el-input__wrapper').click(); //选择兼职类型\ncy.get('.el-select-dropdown__wrap > .el-scrollbar__view > :nth-child(4)').click(); //选择专业技能\ncy.get('.el-form > :nth-child(3) > .el-form-item__content > .el-input-number > .el-input > .el-input__wrapper').type(500); //填写薪水\ncy.get('#jobtime1').type('2023-06-21 10:47:49');\ncy.get('#jobtime2').type('2023-06-28 12:00:00'); //选择兼职时间\ncy.get(':nth-child(2) > .el-form-item > .el-form-item__content > .el-input-number > .el-input > .el-input__wrapper').type(8); //每日时长\n// cy.get('.el-cascader > .el-input > .el-input__wrapper').click()\n// //选择兼职地区\n// cy.wait(200)\n// cy.get('.el-cascader > .el-input > .el-input__wrapper > :nth-child(2)').click()\ncy.get(':nth-child(7) > .el-form-item__content > .el-input-number > .el-input > .el-input__wrapper').type(4); //填入招募人数\ncy.get('#inputJobDetail').type('负责公司明星账号短视频的后期与剪辑包装,负责剪辑作品的风格把控以及内容规划、制定及执行；跟踪传播效果，根据分析数据及反馈，及时调整风格方向，提升品牌影响力与活跃度；'); //填入兼职详情\ncy.get('.el-button--primary').click(); //点击发布",
              "err": {},
              "uuid": "c11565bb-bd0c-435f-b43f-f332f160c305",
              "parentUUID": "327c0a14-2230-4996-8d28-699252556e51",
              "isHook": false,
              "skipped": false
            },
            {
              "title": "保存兼职到草稿箱",
              "fullTitle": "兼职管理子系统-发布兼职 保存兼职到草稿箱",
              "timedOut": null,
              "duration": 4745,
              "state": "passed",
              "speed": "fast",
              "pass": true,
              "fail": false,
              "pending": false,
              "context": null,
              "code": "//招聘方登录-ID\ncy.visit('/'); //访问网站\ncy.get(':nth-child(1) > .el-form-item__content > .el-input > .el-input__wrapper').type(\"10018\");\ncy.get(':nth-child(2) > .el-form-item__content > .el-input > .el-input__wrapper').type(\"021121\"); //输入账号密码\ncy.get(\"#login\").click(); //点击登录按钮\ncy.get('#message_1').should('contain', '登录成功');\ncy.url().should('contain', 'recruiter'); //断言\ncy.get('a > .el-button').click(); //点击发布兼职按钮\ncy.url().should('contain', 'upJob'); //断言\ncy.get(':nth-child(1) > .el-form-item__content > .el-input > .el-input__wrapper').type('短视频编导'); //填写兼职名称\ncy.get('.select-trigger > .el-input > .el-input__wrapper').click(); //选择兼职类型\ncy.get('.el-select-dropdown__wrap > .el-scrollbar__view > :nth-child(4)').click(); //选择专业技能\ncy.get('.el-form > :nth-child(3) > .el-form-item__content > .el-input-number > .el-input > .el-input__wrapper').type(500); //填写薪水\ncy.get('#jobtime1').type('2023-06-21 10:47:49');\ncy.get('#jobtime2').type('2023-06-28 12:00:00'); //选择兼职时间\ncy.get(':nth-child(2) > .el-form-item > .el-form-item__content > .el-input-number > .el-input > .el-input__wrapper').type(8); //每日时长\n// cy.get('.el-cascader > .el-input > .el-input__wrapper').click()\n// //选择兼职地区\n// cy.wait(200)\n// cy.get('.el-cascader > .el-input > .el-input__wrapper > :nth-child(2)').click()\ncy.get(':nth-child(7) > .el-form-item__content > .el-input-number > .el-input > .el-input__wrapper').type(4); //填入招募人数\ncy.get('#inputJobDetail').type('负责公司明星账号短视频的后期与剪辑包装,负责剪辑作品的风格把控以及内容规划、制定及执行；跟踪传播效果，根据分析数据及反馈，及时调整风格方向，提升品牌影响力与活跃度；'); //填入兼职详情\ncy.get(':nth-child(9) > .el-form-item__content > :nth-child(2)').click(); //点击存为草稿",
              "err": {},
              "uuid": "99e491e7-7ceb-4a33-b961-3cea8ef21673",
              "parentUUID": "327c0a14-2230-4996-8d28-699252556e51",
              "isHook": false,
              "skipped": false
            }
          ],
          "suites": [],
          "passes": [
            "c11565bb-bd0c-435f-b43f-f332f160c305",
            "99e491e7-7ceb-4a33-b961-3cea8ef21673"
          ],
          "failures": [],
          "pending": [],
          "skipped": [],
          "duration": 9997,
          "root": false,
          "rootEmpty": false,
          "_timeout": 2000
        }
      ],
      "passes": [],
      "failures": [],
      "pending": [],
      "skipped": [],
      "duration": 0,
      "root": true,
      "rootEmpty": true,
      "_timeout": 2000
    }
  ],
  "meta": {
    "mocha": {
      "version": "7.0.1"
    },
    "mochawesome": {
      "options": {
        "quiet": false,
        "reportFilename": "mochawesome",
        "saveHtml": false,
        "saveJson": true,
        "consoleReporter": "spec",
        "useInlineDiffs": false,
        "code": true
      },
      "version": "7.1.3"
    },
    "marge": {
      "options": {
        "reportDir": "tests/e2e/results/reports",
        "overwrite": false,
        "html": false,
        "json": true,
        "toConsole": true
      },
      "version": "6.2.0"
    }
  }
}