{
  "stats": {
    "suites": 1,
    "tests": 7,
    "passes": 7,
    "pending": 0,
    "failures": 0,
    "start": "2023-06-21T04:14:03.238Z",
    "end": "2023-06-21T04:14:33.225Z",
    "duration": 29987,
    "testsRegistered": 7,
    "passPercent": 100,
    "pendingPercent": 0,
    "other": 0,
    "hasOther": false,
    "skipped": 0,
    "hasSkipped": false
  },
  "results": [
    {
      "uuid": "3c7b66e5-02bf-4205-898c-629d148f6989",
      "title": "",
      "fullFile": "tests/e2e/specs/SelectJobSubSys/FilterJob.js",
      "file": "tests/e2e/specs/SelectJobSubSys/FilterJob.js",
      "beforeHooks": [],
      "afterHooks": [],
      "tests": [],
      "suites": [
        {
          "uuid": "33bfe435-1f10-49b1-8030-24966f3bfc22",
          "title": "选择兼职子系统-筛选兼职",
          "fullFile": "",
          "file": "",
          "beforeHooks": [],
          "afterHooks": [],
          "tests": [
            {
              "title": "根据类型筛选兼职-全部",
              "fullTitle": "选择兼职子系统-筛选兼职 根据类型筛选兼职-全部",
              "timedOut": null,
              "duration": 3013,
              "state": "passed",
              "speed": "fast",
              "pass": true,
              "fail": false,
              "pending": false,
              "context": null,
              "code": "//求职者登录-ID\ncy.visit('/'); //访问网站\ncy.get(':nth-child(1) > .el-form-item__content > .el-input > .el-input__wrapper').type(\"10014\");\ncy.get(':nth-child(2) > .el-form-item__content > .el-input > .el-input__wrapper').type(\"021121\"); //输入账号密码\ncy.get(\"#login\").click(); //点击登录按钮\ncy.get('#message_1').should('contain', '登录成功');\ncy.url().should('contain', 'jobhunter'); //断言\ncy.get(\"#jobButton\").click(); //点击寻找兼职按钮\ncy.url().should('contain', 'jobhunter/job'); //断言 \ncy.wait(500);\ncy.get(\"#qbButton\").click(); //选择全部 \ncy.get('.body').should('contain', '天'); //断言\ncy.wait(500);",
              "err": {},
              "uuid": "7c6c6cba-9251-4fbb-97a0-6c62f1c801da",
              "parentUUID": "33bfe435-1f10-49b1-8030-24966f3bfc22",
              "isHook": false,
              "skipped": false
            },
            {
              "title": "根据类型筛选兼职-服务行业",
              "fullTitle": "选择兼职子系统-筛选兼职 根据类型筛选兼职-服务行业",
              "timedOut": null,
              "duration": 4288,
              "state": "passed",
              "speed": "fast",
              "pass": true,
              "fail": false,
              "pending": false,
              "context": null,
              "code": "//求职者登录-ID\ncy.visit('/'); //访问网站\ncy.get(':nth-child(1) > .el-form-item__content > .el-input > .el-input__wrapper').type(\"10014\");\ncy.get(':nth-child(2) > .el-form-item__content > .el-input > .el-input__wrapper').type(\"021121\"); //输入账号密码\ncy.get(\"#login\").click(); //点击登录按钮\ncy.get('#message_1').should('contain', '登录成功');\ncy.url().should('contain', 'jobhunter'); //断言\ncy.wait(500);\ncy.get(\"#jobButton\").click(); //点击寻找兼职按钮\ncy.url().should('contain', 'jobhunter/job'); //断言 \ncy.wait(1000);\ncy.get(':nth-child(2) > .el-space > :nth-child(2) > div > .el-button > span').click(); //点击服务行业\ncy.get('.body').should('contain', '服务行业'); //断言\ncy.wait(1000);",
              "err": {},
              "uuid": "3ebb4eea-35d9-48f8-8c13-e0633fdb3e5f",
              "parentUUID": "33bfe435-1f10-49b1-8030-24966f3bfc22",
              "isHook": false,
              "skipped": false
            },
            {
              "title": "根据类型筛选兼职-教育行业",
              "fullTitle": "选择兼职子系统-筛选兼职 根据类型筛选兼职-教育行业",
              "timedOut": null,
              "duration": 4146,
              "state": "passed",
              "speed": "fast",
              "pass": true,
              "fail": false,
              "pending": false,
              "context": null,
              "code": "//求职者登录-ID\ncy.visit('/'); //访问网站\ncy.get(':nth-child(1) > .el-form-item__content > .el-input > .el-input__wrapper').type(\"10014\");\ncy.get(':nth-child(2) > .el-form-item__content > .el-input > .el-input__wrapper').type(\"021121\"); //输入账号密码\ncy.get(\"#login\").click(); //点击登录按钮\ncy.get('#message_1').should('contain', '登录成功');\ncy.url().should('contain', 'jobhunter'); //断言\ncy.wait(500);\ncy.get(\"#jobButton\").click(); //点击寻找兼职按钮\ncy.url().should('contain', 'jobhunter/job'); //断言 \ncy.wait(1000);\ncy.get(':nth-child(2) > .el-space > :nth-child(3) > div > .el-button > span').click(); //点击教育行业\ncy.get('.body').should('contain', '教育行业'); //断言\ncy.wait(1000);",
              "err": {},
              "uuid": "1c73f7f8-706b-497d-8b33-47de080af55f",
              "parentUUID": "33bfe435-1f10-49b1-8030-24966f3bfc22",
              "isHook": false,
              "skipped": false
            },
            {
              "title": "根据类型筛选兼职-会展演出",
              "fullTitle": "选择兼职子系统-筛选兼职 根据类型筛选兼职-会展演出",
              "timedOut": null,
              "duration": 4200,
              "state": "passed",
              "speed": "fast",
              "pass": true,
              "fail": false,
              "pending": false,
              "context": null,
              "code": "//求职者登录-ID\ncy.visit('/'); //访问网站\ncy.get(':nth-child(1) > .el-form-item__content > .el-input > .el-input__wrapper').type(\"10014\");\ncy.get(':nth-child(2) > .el-form-item__content > .el-input > .el-input__wrapper').type(\"021121\"); //输入账号密码\ncy.get(\"#login\").click(); //点击登录按钮\ncy.get('#message_1').should('contain', '登录成功');\ncy.url().should('contain', 'jobhunter'); //断言\ncy.wait(500);\ncy.get(\"#jobButton\").click(); //点击寻找兼职按钮\ncy.url().should('contain', 'jobhunter/job'); //断言 \ncy.wait(1000);\ncy.get(':nth-child(2) > .el-space > :nth-child(4) > div > .el-button > span').click(); //点击会展演出\ncy.get('.body').should('contain', '会展演出'); //断言\ncy.wait(1000);",
              "err": {},
              "uuid": "42d7636c-f3c7-4a3a-8b4f-dc6a70f0c0f2",
              "parentUUID": "33bfe435-1f10-49b1-8030-24966f3bfc22",
              "isHook": false,
              "skipped": false
            },
            {
              "title": "根据类型筛选兼职-专业技能",
              "fullTitle": "选择兼职子系统-筛选兼职 根据类型筛选兼职-专业技能",
              "timedOut": null,
              "duration": 4164,
              "state": "passed",
              "speed": "fast",
              "pass": true,
              "fail": false,
              "pending": false,
              "context": null,
              "code": "//求职者登录-ID\ncy.visit('/'); //访问网站\ncy.get(':nth-child(1) > .el-form-item__content > .el-input > .el-input__wrapper').type(\"10014\");\ncy.get(':nth-child(2) > .el-form-item__content > .el-input > .el-input__wrapper').type(\"021121\"); //输入账号密码\ncy.get(\"#login\").click(); //点击登录按钮\ncy.get('#message_1').should('contain', '登录成功');\ncy.url().should('contain', 'jobhunter'); //断言\ncy.wait(500);\ncy.get(\"#jobButton\").click(); //点击寻找兼职按钮\ncy.url().should('contain', 'jobhunter/job'); //断言 \ncy.wait(1000);\ncy.get(':nth-child(2) > .el-space > :nth-child(5) > div > .el-button > span').click(); //点击专业技能\ncy.get('.body').should('contain', '专业技能'); //断言\ncy.wait(1000);",
              "err": {},
              "uuid": "244384f6-a6df-4f4f-ba3c-5e314f271143",
              "parentUUID": "33bfe435-1f10-49b1-8030-24966f3bfc22",
              "isHook": false,
              "skipped": false
            },
            {
              "title": "根据类型筛选兼职-市场推广",
              "fullTitle": "选择兼职子系统-筛选兼职 根据类型筛选兼职-市场推广",
              "timedOut": null,
              "duration": 4254,
              "state": "passed",
              "speed": "fast",
              "pass": true,
              "fail": false,
              "pending": false,
              "context": null,
              "code": "//求职者登录-ID\ncy.visit('/'); //访问网站\ncy.get(':nth-child(1) > .el-form-item__content > .el-input > .el-input__wrapper').type(\"10014\");\ncy.get(':nth-child(2) > .el-form-item__content > .el-input > .el-input__wrapper').type(\"021121\"); //输入账号密码\ncy.get(\"#login\").click(); //点击登录按钮\ncy.get('#message_1').should('contain', '登录成功');\ncy.url().should('contain', 'jobhunter'); //断言\ncy.wait(500);\ncy.get(\"#jobButton\").click(); //点击寻找兼职按钮\ncy.url().should('contain', 'jobhunter/job'); //断言 \ncy.wait(1000);\ncy.get(':nth-child(2) > .el-space > :nth-child(6) > div > .el-button > span').click(); //点击市场推广\ncy.get('.body').should('contain', '市场推广'); //断言\ncy.wait(1000);",
              "err": {},
              "uuid": "d078f3f3-46a9-4f80-81c4-e8da48ed6bb5",
              "parentUUID": "33bfe435-1f10-49b1-8030-24966f3bfc22",
              "isHook": false,
              "skipped": false
            },
            {
              "title": "根据类型筛选兼职-其它",
              "fullTitle": "选择兼职子系统-筛选兼职 根据类型筛选兼职-其它",
              "timedOut": null,
              "duration": 4545,
              "state": "passed",
              "speed": "fast",
              "pass": true,
              "fail": false,
              "pending": false,
              "context": null,
              "code": "//求职者登录-ID\ncy.visit('/'); //访问网站\ncy.get(':nth-child(1) > .el-form-item__content > .el-input > .el-input__wrapper').type(\"10014\");\ncy.get(':nth-child(2) > .el-form-item__content > .el-input > .el-input__wrapper').type(\"021121\"); //输入账号密码\ncy.get(\"#login\").click(); //点击登录按钮\ncy.get('#message_1').should('contain', '登录成功');\ncy.url().should('contain', 'jobhunter'); //断言\ncy.wait(500);\ncy.get(\"#jobButton\").click(); //点击寻找兼职按钮\ncy.url().should('contain', 'jobhunter/job'); //断言 \ncy.wait(1000);\ncy.get(':nth-child(2) > .el-space > :nth-child(7) > div > .el-button > span').click(); //点击其它\ncy.get('.body').should('contain', '其它'); //断言\ncy.wait(1000);",
              "err": {},
              "uuid": "4656d5bb-c079-499a-bf61-b0b74eeafd41",
              "parentUUID": "33bfe435-1f10-49b1-8030-24966f3bfc22",
              "isHook": false,
              "skipped": false
            }
          ],
          "suites": [],
          "passes": [
            "7c6c6cba-9251-4fbb-97a0-6c62f1c801da",
            "3ebb4eea-35d9-48f8-8c13-e0633fdb3e5f",
            "1c73f7f8-706b-497d-8b33-47de080af55f",
            "42d7636c-f3c7-4a3a-8b4f-dc6a70f0c0f2",
            "244384f6-a6df-4f4f-ba3c-5e314f271143",
            "d078f3f3-46a9-4f80-81c4-e8da48ed6bb5",
            "4656d5bb-c079-499a-bf61-b0b74eeafd41"
          ],
          "failures": [],
          "pending": [],
          "skipped": [],
          "duration": 28610,
          "root": false,
          "rootEmpty": false,
          "_timeout": 2000
        }
      ],
      "passes": [],
      "failures": [],
      "pending": [],
      "skipped": [],
      "duration": 0,
      "root": true,
      "rootEmpty": true,
      "_timeout": 2000
    }
  ],
  "meta": {
    "mocha": {
      "version": "7.0.1"
    },
    "mochawesome": {
      "options": {
        "quiet": false,
        "reportFilename": "mochawesome",
        "saveHtml": false,
        "saveJson": true,
        "consoleReporter": "spec",
        "useInlineDiffs": false,
        "code": true
      },
      "version": "7.1.3"
    },
    "marge": {
      "options": {
        "reportDir": "tests/e2e/results/reports",
        "overwrite": false,
        "html": false,
        "json": true,
        "toConsole": true
      },
      "version": "6.2.0"
    }
  }
}