{
  "stats": {
    "suites": 1,
    "tests": 2,
    "passes": 2,
    "pending": 0,
    "failures": 0,
    "start": "2023-06-21T01:44:20.284Z",
    "end": "2023-06-21T01:44:26.787Z",
    "duration": 6503,
    "testsRegistered": 2,
    "passPercent": 100,
    "pendingPercent": 0,
    "other": 0,
    "hasOther": false,
    "skipped": 0,
    "hasSkipped": false
  },
  "results": [
    {
      "uuid": "8f22f50a-0800-423f-9e24-69061a145e4f",
      "title": "",
      "fullFile": "tests/e2e/specs/UserInfoManageSubSys/Information/changePWD.js",
      "file": "tests/e2e/specs/UserInfoManageSubSys/Information/changePWD.js",
      "beforeHooks": [],
      "afterHooks": [],
      "tests": [],
      "suites": [
        {
          "uuid": "d9c83729-8cee-4ed1-9c5a-c49471890892",
          "title": "用户信息管理子系统-用户修改密码",
          "fullFile": "",
          "file": "",
          "beforeHooks": [],
          "afterHooks": [],
          "tests": [
            {
              "title": "求职者修改密码",
              "fullTitle": "用户信息管理子系统-用户修改密码 求职者修改密码",
              "timedOut": null,
              "duration": 2952,
              "state": "passed",
              "speed": "fast",
              "pass": true,
              "fail": false,
              "pending": false,
              "context": null,
              "code": "//求职者登录\ncy.visit('/'); //访问网站\ncy.get(':nth-child(1) > .el-form-item__content > .el-input > .el-input__wrapper').type(\"10014\");\ncy.get(':nth-child(2) > .el-form-item__content > .el-input > .el-input__wrapper').type(\"021121\"); //输入账号密码\ncy.get(\"#login\").click(); //点击登录按钮\ncy.get('.nav > [href=\"/jobhunter/person\"]').click(); //跳转至个人中心-我的信息页面\ncy.get('.el-col-8 > :nth-child(3)').click(); //点击修改密码按钮\ncy.wait(200);\ncy.get('.el-input-group__append > .el-button').click(); //点击获取验证码按钮\ncy.get('#message_2').should('contain', '验证码已发送至您的邮箱'); //断言",
              "err": {},
              "uuid": "de51bca8-b292-447e-9f37-bd4e84cdaee2",
              "parentUUID": "d9c83729-8cee-4ed1-9c5a-c49471890892",
              "isHook": false,
              "skipped": false
            },
            {
              "title": "招聘方修改密码",
              "fullTitle": "用户信息管理子系统-用户修改密码 招聘方修改密码",
              "timedOut": null,
              "duration": 3488,
              "state": "passed",
              "speed": "fast",
              "pass": true,
              "fail": false,
              "pending": false,
              "context": null,
              "code": "//求职者登录\ncy.visit('/'); //访问网站\ncy.get(':nth-child(1) > .el-form-item__content > .el-input > .el-input__wrapper').type(\"10018\");\ncy.get(':nth-child(2) > .el-form-item__content > .el-input > .el-input__wrapper').type(\"021121\"); //输入账号密码\ncy.get(\"#login\").click(); //点击登录按钮\ncy.get('.nav > [href=\"/recruiter/company\"]').click(); //跳转至企业中心-企业信息页面\ncy.get('.el-col-8 > :nth-child(3)').click(); //点击修改密码按钮\ncy.wait(200);\ncy.get('.el-input-group__append > .el-button').click(); //点击获取验证码按钮\ncy.get('#message_2').should('contain', '验证码已发送至您的邮箱'); //断言",
              "err": {},
              "uuid": "dd57c04d-cd3d-42dc-b207-0e0b27c491a9",
              "parentUUID": "d9c83729-8cee-4ed1-9c5a-c49471890892",
              "isHook": false,
              "skipped": false
            }
          ],
          "suites": [],
          "passes": [
            "de51bca8-b292-447e-9f37-bd4e84cdaee2",
            "dd57c04d-cd3d-42dc-b207-0e0b27c491a9"
          ],
          "failures": [],
          "pending": [],
          "skipped": [],
          "duration": 6440,
          "root": false,
          "rootEmpty": false,
          "_timeout": 2000
        }
      ],
      "passes": [],
      "failures": [],
      "pending": [],
      "skipped": [],
      "duration": 0,
      "root": true,
      "rootEmpty": true,
      "_timeout": 2000
    }
  ],
  "meta": {
    "mocha": {
      "version": "7.0.1"
    },
    "mochawesome": {
      "options": {
        "quiet": false,
        "reportFilename": "mochawesome",
        "saveHtml": false,
        "saveJson": true,
        "consoleReporter": "spec",
        "useInlineDiffs": false,
        "code": true
      },
      "version": "7.1.3"
    },
    "marge": {
      "options": {
        "reportDir": "tests/e2e/results/reports",
        "overwrite": false,
        "html": false,
        "json": true,
        "toConsole": true
      },
      "version": "6.2.0"
    }
  }
}