{
  "stats": {
    "suites": 1,
    "tests": 2,
    "passes": 2,
    "pending": 0,
    "failures": 0,
    "start": "2023-06-21T05:09:03.497Z",
    "end": "2023-06-21T05:09:20.151Z",
    "duration": 16654,
    "testsRegistered": 2,
    "passPercent": 100,
    "pendingPercent": 0,
    "other": 0,
    "hasOther": false,
    "skipped": 0,
    "hasSkipped": false
  },
  "results": [
    {
      "uuid": "57e396b7-3df9-4f18-9038-93989b7ad123",
      "title": "",
      "fullFile": "tests/e2e/specs/SelectJobSubSys/ApplyJob.js",
      "file": "tests/e2e/specs/SelectJobSubSys/ApplyJob.js",
      "beforeHooks": [],
      "afterHooks": [],
      "tests": [],
      "suites": [
        {
          "uuid": "a199e9ef-2eb0-48da-bb7c-a2b681a2efce",
          "title": "选择兼职子系统-报名兼职",
          "fullFile": "",
          "file": "",
          "beforeHooks": [],
          "afterHooks": [],
          "tests": [
            {
              "title": "报名兼职",
              "fullTitle": "选择兼职子系统-报名兼职 报名兼职",
              "timedOut": null,
              "duration": 5979,
              "state": "passed",
              "speed": "medium",
              "pass": true,
              "fail": false,
              "pending": false,
              "context": null,
              "code": "//求职者登录-ID\ncy.visit('/'); //访问网站\ncy.get(':nth-child(1) > .el-form-item__content > .el-input > .el-input__wrapper').type(\"10014\");\ncy.get(':nth-child(2) > .el-form-item__content > .el-input > .el-input__wrapper').type(\"021121\"); //输入账号密码\ncy.get(\"#login\").click(); //点击登录按钮\ncy.get('#message_1').should('contain', '登录成功');\ncy.url().should('contain', 'jobhunter'); //断言\ncy.get(\"#jobButton\").click(); //点击寻找兼职按钮\ncy.url().should('contain', 'jobhunter/job'); //断言 \n// cy.wait(2000)\n// cy.get('button.el-button').filter(':contains(\"查看详情\")').filter(':visible').first().click();\n// //点击“查看详情”\n// cy.url().should('contain', 'jobDetail')\n// //断言\ncy.wait(500);\ncy.get('.el-pager > :nth-child(8)').click(); //第17\ncy.wait(500);\ncy.get('button.el-button').filter(':contains(\"查看详情\")').filter(':visible').first().click(); // 点击“查看详情”\ncy.url().should('contain', 'jobDetail'); //断言\ncy.wait(500);\ncy.get('[style=\"margin: 20px auto;\"] > .el-button--primary').click(); //点击报名兼职\ncy.wait(500);\ncy.get('#ziwjieshao').type(\"本人本科学历，有多次家教经验，认真耐心\"); //填写自我介绍\ncy.wait(500);\ncy.get('.dialog-footer > :nth-child(1)').click(); //点击确定\ncy.url().should('contain', 'jobDetail'); //断言",
              "err": {},
              "uuid": "617d4660-b0ac-4a36-b0bb-7b775449821f",
              "parentUUID": "a199e9ef-2eb0-48da-bb7c-a2b681a2efce",
              "isHook": false,
              "skipped": false
            },
            {
              "title": "取消报名兼职",
              "fullTitle": "选择兼职子系统-报名兼职 取消报名兼职",
              "timedOut": null,
              "duration": 6330,
              "state": "passed",
              "speed": "medium",
              "pass": true,
              "fail": false,
              "pending": false,
              "context": null,
              "code": "//求职者登录-ID\ncy.visit('/'); //访问网站\ncy.get(':nth-child(1) > .el-form-item__content > .el-input > .el-input__wrapper').type(\"10014\");\ncy.get(':nth-child(2) > .el-form-item__content > .el-input > .el-input__wrapper').type(\"021121\"); //输入账号密码\ncy.get(\"#login\").click(); //点击登录按钮\ncy.get('#message_1').should('contain', '登录成功');\ncy.url().should('contain', 'jobhunter'); //断言\ncy.get('.nav > [href=\"/jobhunter/person\"]').click(); //点击个人中心\ncy.get('.el-menu > :nth-child(4)').click(); //点击我的兼职\ncy.wait(3000);\ncy.get(':nth-child(1) > .el-card__body > :nth-child(1) > .el-col-3 > .el-button').click(); //点击取消报名\ncy.get('.el-button--primary').click(); //点击确认",
              "err": {},
              "uuid": "d0b8bd89-074c-4a42-9eba-5e4a8fbd7710",
              "parentUUID": "a199e9ef-2eb0-48da-bb7c-a2b681a2efce",
              "isHook": false,
              "skipped": false
            }
          ],
          "suites": [],
          "passes": [
            "617d4660-b0ac-4a36-b0bb-7b775449821f",
            "d0b8bd89-074c-4a42-9eba-5e4a8fbd7710"
          ],
          "failures": [],
          "pending": [],
          "skipped": [],
          "duration": 12309,
          "root": false,
          "rootEmpty": false,
          "_timeout": 2000
        }
      ],
      "passes": [],
      "failures": [],
      "pending": [],
      "skipped": [],
      "duration": 0,
      "root": true,
      "rootEmpty": true,
      "_timeout": 2000
    }
  ],
  "meta": {
    "mocha": {
      "version": "7.0.1"
    },
    "mochawesome": {
      "options": {
        "quiet": false,
        "reportFilename": "mochawesome",
        "saveHtml": false,
        "saveJson": true,
        "consoleReporter": "spec",
        "useInlineDiffs": false,
        "code": true
      },
      "version": "7.1.3"
    },
    "marge": {
      "options": {
        "reportDir": "tests/e2e/results/reports",
        "overwrite": false,
        "html": false,
        "json": true,
        "toConsole": true
      },
      "version": "6.2.0"
    }
  }
}