{
  "stats": {
    "suites": 1,
    "tests": 3,
    "passes": 3,
    "pending": 0,
    "failures": 0,
    "start": "2023-06-21T05:01:40.394Z",
    "end": "2023-06-21T05:01:53.205Z",
    "duration": 12811,
    "testsRegistered": 3,
    "passPercent": 100,
    "pendingPercent": 0,
    "other": 0,
    "hasOther": false,
    "skipped": 0,
    "hasSkipped": false
  },
  "results": [
    {
      "uuid": "fe631272-ecc6-4d8d-927e-adfcb87aab0f",
      "title": "",
      "fullFile": "tests/e2e/specs/JobManageSys/admin/JobTypeMan.js",
      "file": "tests/e2e/specs/JobManageSys/admin/JobTypeMan.js",
      "beforeHooks": [],
      "afterHooks": [],
      "tests": [],
      "suites": [
        {
          "uuid": "d0c590d0-f6e9-4dbc-b5c7-5cd8e3521187",
          "title": "兼职信息管理子系统-兼职类型管理",
          "fullFile": "",
          "file": "",
          "beforeHooks": [],
          "afterHooks": [],
          "tests": [
            {
              "title": "兼职类型管理-增加兼职类型",
              "fullTitle": "兼职信息管理子系统-兼职类型管理 兼职类型管理-增加兼职类型",
              "timedOut": null,
              "duration": 3764,
              "state": "passed",
              "speed": "fast",
              "pass": true,
              "fail": false,
              "pending": false,
              "context": null,
              "code": "//管理员登录-邮箱\ncy.visit('/'); //访问网站\ncy.get(':nth-child(1) > .el-form-item__content > .el-input > .el-input__wrapper').type(\"admin@qq.com\");\ncy.get(':nth-child(2) > .el-form-item__content > .el-input > .el-input__wrapper').type(\"admin\"); //输入账号密码\ncy.get(\"#login\").click(); //点击登录按钮\ncy.get('#message_1').should('contain', '登录成功');\ncy.url().should('contain', 'admin'); //断言-登录成功\ncy.wait(200);\ncy.get('[aria-expanded=\"false\"] > .el-sub-menu__title').click(); //点击兼职管理\ncy.get(':nth-child(3) > .el-menu > :nth-child(3)').click(); //点击兼职类型\ncy.wait(500);\ncy.get('.card-header > .el-button').click(); //点击“添加兼职类型”按钮\ncy.wait(500);\ncy.get('.el-input__wrapper').type('家政'); //输入兼职名称：“家政”\ncy.get('.dialog-footer > .el-button--primary').click(); //点击提示框的确认按钮\ncy.get('.el-card__body').should('contain', '家政'); //断言",
              "err": {},
              "uuid": "c9ebb316-13f0-4437-9ff6-c39d4ae29560",
              "parentUUID": "d0c590d0-f6e9-4dbc-b5c7-5cd8e3521187",
              "isHook": false,
              "skipped": false
            },
            {
              "title": "兼职类型管理-修改兼职类型",
              "fullTitle": "兼职信息管理子系统-兼职类型管理 兼职类型管理-修改兼职类型",
              "timedOut": null,
              "duration": 3652,
              "state": "passed",
              "speed": "fast",
              "pass": true,
              "fail": false,
              "pending": false,
              "context": null,
              "code": "//管理员登录-邮箱\ncy.visit('/'); //访问网站\ncy.get(':nth-child(1) > .el-form-item__content > .el-input > .el-input__wrapper').type(\"admin@qq.com\");\ncy.get(':nth-child(2) > .el-form-item__content > .el-input > .el-input__wrapper').type(\"admin\"); //输入账号密码\ncy.get(\"#login\").click(); //点击登录按钮\ncy.get('#message_1').should('contain', '登录成功');\ncy.url().should('contain', 'admin'); //断言-登录成功\ncy.wait(200);\ncy.get('[aria-expanded=\"false\"] > .el-sub-menu__title').click(); //点击兼职管理\ncy.get(':nth-child(3) > .el-menu > :nth-child(3)').click(); //点击兼职类型\ncy.wait(500);\ncy.get(':nth-child(1) > .el-table_2_column_12 > .cell > :nth-child(1) > span').click(); //点击修改按钮\ncy.get('.el-input__wrapper').type('管理'); //填写修改后的名称\ncy.get('.dialog-footer > .el-button--primary').click(); //点击确认按钮\ncy.wait(1000);\ncy.get('.el-card__body').should('contain', '家政管理'); //断言",
              "err": {},
              "uuid": "c93d6a0e-98d8-46fa-b8ed-f16026a7b0d6",
              "parentUUID": "d0c590d0-f6e9-4dbc-b5c7-5cd8e3521187",
              "isHook": false,
              "skipped": false
            },
            {
              "title": "兼职类型管理-删除兼职类型",
              "fullTitle": "兼职信息管理子系统-兼职类型管理 兼职类型管理-删除兼职类型",
              "timedOut": null,
              "duration": 4754,
              "state": "passed",
              "speed": "fast",
              "pass": true,
              "fail": false,
              "pending": false,
              "context": null,
              "code": "//管理员登录-邮箱\ncy.visit('/'); //访问网站\ncy.get(':nth-child(1) > .el-form-item__content > .el-input > .el-input__wrapper').type(\"admin@qq.com\");\ncy.get(':nth-child(2) > .el-form-item__content > .el-input > .el-input__wrapper').type(\"admin\"); //输入账号密码\ncy.get(\"#login\").click(); //点击登录按钮\ncy.get('#message_1').should('contain', '登录成功');\ncy.url().should('contain', 'admin'); //断言-登录成功\ncy.wait(200);\ncy.get('[aria-expanded=\"false\"] > .el-sub-menu__title').click(); //点击兼职管理\ncy.get(':nth-child(3) > .el-menu > :nth-child(3)').click(); //点击兼职类型\ncy.wait(1000);\ncy.get(':nth-child(1) > .el-table_2_column_12 > .cell > :nth-child(2) > span').click(); //点击删除按钮\ncy.wait(1000);\ncy.get('.el-message-box__btns > .el-button--primary').click(); //点击确认按钮\ncy.wait(1000);",
              "err": {},
              "uuid": "c0f7022a-829e-47f4-a4df-ab91f81e49f1",
              "parentUUID": "d0c590d0-f6e9-4dbc-b5c7-5cd8e3521187",
              "isHook": false,
              "skipped": false
            }
          ],
          "suites": [],
          "passes": [
            "c9ebb316-13f0-4437-9ff6-c39d4ae29560",
            "c93d6a0e-98d8-46fa-b8ed-f16026a7b0d6",
            "c0f7022a-829e-47f4-a4df-ab91f81e49f1"
          ],
          "failures": [],
          "pending": [],
          "skipped": [],
          "duration": 12170,
          "root": false,
          "rootEmpty": false,
          "_timeout": 2000
        }
      ],
      "passes": [],
      "failures": [],
      "pending": [],
      "skipped": [],
      "duration": 0,
      "root": true,
      "rootEmpty": true,
      "_timeout": 2000
    }
  ],
  "meta": {
    "mocha": {
      "version": "7.0.1"
    },
    "mochawesome": {
      "options": {
        "quiet": false,
        "reportFilename": "mochawesome",
        "saveHtml": false,
        "saveJson": true,
        "consoleReporter": "spec",
        "useInlineDiffs": false,
        "code": true
      },
      "version": "7.1.3"
    },
    "marge": {
      "options": {
        "reportDir": "tests/e2e/results/reports",
        "overwrite": false,
        "html": false,
        "json": true,
        "toConsole": true
      },
      "version": "6.2.0"
    }
  }
}