{
  "stats": {
    "suites": 1,
    "tests": 2,
    "passes": 2,
    "pending": 0,
    "failures": 0,
    "start": "2023-06-21T06:21:40.715Z",
    "end": "2023-06-21T06:21:53.104Z",
    "duration": 12389,
    "testsRegistered": 2,
    "passPercent": 100,
    "pendingPercent": 0,
    "other": 0,
    "hasOther": false,
    "skipped": 0,
    "hasSkipped": false
  },
  "results": [
    {
      "uuid": "52b4a598-c0b2-46e9-a685-ed94836d40ca",
      "title": "",
      "fullFile": "tests/e2e/specs/SelectJobSubSys/StarJob.js",
      "file": "tests/e2e/specs/SelectJobSubSys/StarJob.js",
      "beforeHooks": [],
      "afterHooks": [],
      "tests": [],
      "suites": [
        {
          "uuid": "7585a329-321a-448b-8184-ada63b35a93c",
          "title": "选择兼职子系统-收藏兼职",
          "fullFile": "",
          "file": "",
          "beforeHooks": [],
          "afterHooks": [],
          "tests": [
            {
              "title": "收藏兼职",
              "fullTitle": "选择兼职子系统-收藏兼职 收藏兼职",
              "timedOut": null,
              "duration": 6402,
              "state": "passed",
              "speed": "medium",
              "pass": true,
              "fail": false,
              "pending": false,
              "context": null,
              "code": "//求职者登录-ID\ncy.visit('/'); //访问网站\ncy.get(':nth-child(1) > .el-form-item__content > .el-input > .el-input__wrapper').type(\"10014\");\ncy.get(':nth-child(2) > .el-form-item__content > .el-input > .el-input__wrapper').type(\"021121\"); //输入账号密码\ncy.get(\"#login\").click(); //点击登录按钮\ncy.get('#message_1').should('contain', '登录成功');\ncy.url().should('contain', 'jobhunter'); //断言\ncy.get(\"#jobButton\").click(); //点击寻找兼职按钮\ncy.url().should('contain', 'jobhunter/job'); //断言 \ncy.wait(2000);\ncy.get('button.el-button').filter(':contains(\"查看详情\")').filter(':visible').first().click(); //点击“查看详情”\ncy.url().should('contain', 'jobDetail');\ncy.wait(500); // cy.get('.el-button--primary > span > .el-icon > svg')\ncy.get('.el-button--warning').click(); //点击收藏兼职\ncy.wait(500);\ncy.get('.el-input__wrapper').click(); //点击收藏夹选择框\ncy.get('.el-scrollbar__view > :nth-child(3)').click();\ncy.wait(500); //点击选择测试收藏夹\ncy.get('.dialog-footer > :nth-child(1)').click(); //点击确认\ncy.url().should('contain', 'jobDetail'); //断言",
              "err": {},
              "uuid": "a4d46c03-ce29-4b3c-a73f-52f97c8eccf8",
              "parentUUID": "7585a329-321a-448b-8184-ada63b35a93c",
              "isHook": false,
              "skipped": false
            },
            {
              "title": "取消收藏兼职",
              "fullTitle": "选择兼职子系统-收藏兼职 取消收藏兼职",
              "timedOut": null,
              "duration": 5101,
              "state": "passed",
              "speed": "medium",
              "pass": true,
              "fail": false,
              "pending": false,
              "context": null,
              "code": "//求职者登录-ID\ncy.visit('/'); //访问网站\ncy.get(':nth-child(1) > .el-form-item__content > .el-input > .el-input__wrapper').type(\"10014\");\ncy.get(':nth-child(2) > .el-form-item__content > .el-input > .el-input__wrapper').type(\"021121\"); //输入账号密码\ncy.get(\"#login\").click(); //点击登录按钮\ncy.get('#message_1').should('contain', '登录成功');\ncy.url().should('contain', 'jobhunter'); //断言\ncy.get(\"#jobButton\").click(); //点击寻找兼职按钮\ncy.url().should('contain', 'jobhunter/job'); //断言 \ncy.wait(2000);\ncy.get('button.el-button').filter(':contains(\"查看详情\")').filter(':visible').first().click(); //点击“查看详情”\ncy.url().should('contain', 'jobDetail');\ncy.wait(500);\ncy.get('.el-button--warning').click(); //点击取消收藏兼职\ncy.get('.el-message-box__btns > .el-button--primary').click(); //点击确认\ncy.url().should('contain', 'jobDetail'); //断言",
              "err": {},
              "uuid": "572e3801-d09b-4c93-a827-3828554552a0",
              "parentUUID": "7585a329-321a-448b-8184-ada63b35a93c",
              "isHook": false,
              "skipped": false
            }
          ],
          "suites": [],
          "passes": [
            "a4d46c03-ce29-4b3c-a73f-52f97c8eccf8",
            "572e3801-d09b-4c93-a827-3828554552a0"
          ],
          "failures": [],
          "pending": [],
          "skipped": [],
          "duration": 11503,
          "root": false,
          "rootEmpty": false,
          "_timeout": 2000
        }
      ],
      "passes": [],
      "failures": [],
      "pending": [],
      "skipped": [],
      "duration": 0,
      "root": true,
      "rootEmpty": true,
      "_timeout": 2000
    }
  ],
  "meta": {
    "mocha": {
      "version": "7.0.1"
    },
    "mochawesome": {
      "options": {
        "quiet": false,
        "reportFilename": "mochawesome",
        "saveHtml": false,
        "saveJson": true,
        "consoleReporter": "spec",
        "useInlineDiffs": false,
        "code": true
      },
      "version": "7.1.3"
    },
    "marge": {
      "options": {
        "reportDir": "tests/e2e/results/reports",
        "overwrite": false,
        "html": false,
        "json": true,
        "toConsole": true
      },
      "version": "6.2.0"
    }
  }
}