{
  "stats": {
    "suites": 1,
    "tests": 1,
    "passes": 0,
    "pending": 0,
    "failures": 1,
    "start": "2023-06-21T01:41:44.618Z",
    "end": "2023-06-21T01:41:52.382Z",
    "duration": 7764,
    "testsRegistered": 1,
    "passPercent": 0,
    "pendingPercent": 0,
    "other": 0,
    "hasOther": false,
    "skipped": 0,
    "hasSkipped": false
  },
  "results": [
    {
      "uuid": "33e22ee2-4102-4441-b7fa-db3e25d81504",
      "title": "",
      "fullFile": "tests/e2e/specs/MessageSys/user/ViewNotice.js",
      "file": "tests/e2e/specs/MessageSys/user/ViewNotice.js",
      "beforeHooks": [],
      "afterHooks": [],
      "tests": [],
      "suites": [
        {
          "uuid": "4c7022c4-6858-4d00-9bb9-2a98175e5692",
          "title": "消息通知子系统-查看公告",
          "fullFile": "",
          "file": "",
          "beforeHooks": [],
          "afterHooks": [],
          "tests": [
            {
              "title": "查看公告",
              "fullTitle": "消息通知子系统-查看公告 查看公告",
              "timedOut": null,
              "duration": 7690,
              "state": "failed",
              "speed": null,
              "pass": false,
              "fail": true,
              "pending": false,
              "context": null,
              "code": "//求职者登录-ID\ncy.visit('/'); //访问网站\ncy.get(':nth-child(1) > .el-form-item__content > .el-input > .el-input__wrapper').type(\"10014\");\ncy.get(':nth-child(2) > .el-form-item__content > .el-input > .el-input__wrapper').type(\"021121\"); //输入账号密码\ncy.get(\"#login\").click(); //点击登录按钮\ncy.get('#message_1').should('contain', '登录成功');\ncy.url().should('contain', 'jobhunter'); //断言\ncy.wait(2000);\ncy.get(':nth-child(2) > .el-card > .el-card__body > [style=\"padding: 10px;\"] > .el-button').click(); //点击查看详情\ncy.get('[style=\"z-index: 2008;\"] > .el-drawer').should('be.visible');",
              "err": {
                "message": "AssertionError: Timed out retrying after 4000ms: Expected to find element: `[style=\"z-index: 2008;\"] > .el-drawer`, but never found it.",
                "estack": "AssertionError: Timed out retrying after 4000ms: Expected to find element: `[style=\"z-index: 2008;\"] > .el-drawer`, but never found it.\n    at Context.eval (http://localhost:8080/__cypress/tests?p=tests\\e2e\\specs\\MessageSys\\user\\ViewNotice.js:115:53)",
                "diff": null
              },
              "uuid": "b73524e9-3713-4006-b040-7e7818571de5",
              "parentUUID": "4c7022c4-6858-4d00-9bb9-2a98175e5692",
              "isHook": false,
              "skipped": false
            }
          ],
          "suites": [],
          "passes": [],
          "failures": [
            "b73524e9-3713-4006-b040-7e7818571de5"
          ],
          "pending": [],
          "skipped": [],
          "duration": 7690,
          "root": false,
          "rootEmpty": false,
          "_timeout": 2000
        }
      ],
      "passes": [],
      "failures": [],
      "pending": [],
      "skipped": [],
      "duration": 0,
      "root": true,
      "rootEmpty": true,
      "_timeout": 2000
    }
  ],
  "meta": {
    "mocha": {
      "version": "7.0.1"
    },
    "mochawesome": {
      "options": {
        "quiet": false,
        "reportFilename": "mochawesome",
        "saveHtml": false,
        "saveJson": true,
        "consoleReporter": "spec",
        "useInlineDiffs": false,
        "code": true
      },
      "version": "7.1.3"
    },
    "marge": {
      "options": {
        "reportDir": "tests/e2e/results/reports",
        "overwrite": false,
        "html": false,
        "json": true,
        "toConsole": true
      },
      "version": "6.2.0"
    }
  }
}