{
  "stats": {
    "suites": 1,
    "tests": 2,
    "passes": 2,
    "pending": 0,
    "failures": 0,
    "start": "2023-06-21T01:42:46.495Z",
    "end": "2023-06-21T01:42:56.442Z",
    "duration": 9947,
    "testsRegistered": 2,
    "passPercent": 100,
    "pendingPercent": 0,
    "other": 0,
    "hasOther": false,
    "skipped": 0,
    "hasSkipped": false
  },
  "results": [
    {
      "uuid": "7a615e4c-8404-4834-99d5-68b475e66b3b",
      "title": "",
      "fullFile": "tests/e2e/specs/SelectJobSubSys/SearchJob.js",
      "file": "tests/e2e/specs/SelectJobSubSys/SearchJob.js",
      "beforeHooks": [],
      "afterHooks": [],
      "tests": [],
      "suites": [
        {
          "uuid": "43255840-0b54-463e-a27a-9578628b3913",
          "title": "选择兼职子系统-搜索兼职",
          "fullFile": "",
          "file": "",
          "beforeHooks": [],
          "afterHooks": [],
          "tests": [
            {
              "title": "搜索短视频",
              "fullTitle": "选择兼职子系统-搜索兼职 搜索短视频",
              "timedOut": null,
              "duration": 4809,
              "state": "passed",
              "speed": "fast",
              "pass": true,
              "fail": false,
              "pending": false,
              "context": null,
              "code": "//求职者登录-ID\ncy.visit('/'); //访问网站\ncy.get(':nth-child(1) > .el-form-item__content > .el-input > .el-input__wrapper').type(\"10014\");\ncy.get(':nth-child(2) > .el-form-item__content > .el-input > .el-input__wrapper').type(\"021121\"); //输入账号密码\ncy.get(\"#login\").click(); //点击登录按钮\ncy.get('#message_1').should('contain', '登录成功');\ncy.url().should('contain', 'jobhunter'); //断言\ncy.get(\"#jobButton\").click(); //点击寻找兼职按钮\ncy.url().should('contain', 'jobhunter/job'); //断言 \ncy.get(\"#searchBox\").type('短视频'); //输入搜索词 \ncy.get('.body').should('contain', '短视频'); //断言",
              "err": {},
              "uuid": "27323f0c-d933-4d54-9e40-f985415905f7",
              "parentUUID": "43255840-0b54-463e-a27a-9578628b3913",
              "isHook": false,
              "skipped": false
            },
            {
              "title": "搜索测试",
              "fullTitle": "选择兼职子系统-搜索兼职 搜索测试",
              "timedOut": null,
              "duration": 4861,
              "state": "passed",
              "speed": "fast",
              "pass": true,
              "fail": false,
              "pending": false,
              "context": null,
              "code": "//求职者登录-ID\ncy.visit('/'); //访问网站\ncy.get(':nth-child(1) > .el-form-item__content > .el-input > .el-input__wrapper').type(\"10014\");\ncy.get(':nth-child(2) > .el-form-item__content > .el-input > .el-input__wrapper').type(\"021121\"); //输入账号密码\ncy.get(\"#login\").click(); //点击登录按钮\ncy.get('#message_1').should('contain', '登录成功');\ncy.url().should('contain', 'jobhunter'); //断言\ncy.get(\"#jobButton\").click(); //点击寻找兼职按钮\ncy.url().should('contain', 'jobhunter/job'); //断言 searchBox\ncy.get(\"#searchBox\").type('测试'); //输入搜索词 jobList\ncy.get('.body').should('contain', '测试'); //断言",
              "err": {},
              "uuid": "7b70b156-dedf-4ea5-99f2-47eefc4d22cc",
              "parentUUID": "43255840-0b54-463e-a27a-9578628b3913",
              "isHook": false,
              "skipped": false
            }
          ],
          "suites": [],
          "passes": [
            "27323f0c-d933-4d54-9e40-f985415905f7",
            "7b70b156-dedf-4ea5-99f2-47eefc4d22cc"
          ],
          "failures": [],
          "pending": [],
          "skipped": [],
          "duration": 9670,
          "root": false,
          "rootEmpty": false,
          "_timeout": 2000
        }
      ],
      "passes": [],
      "failures": [],
      "pending": [],
      "skipped": [],
      "duration": 0,
      "root": true,
      "rootEmpty": true,
      "_timeout": 2000
    }
  ],
  "meta": {
    "mocha": {
      "version": "7.0.1"
    },
    "mochawesome": {
      "options": {
        "quiet": false,
        "reportFilename": "mochawesome",
        "saveHtml": false,
        "saveJson": true,
        "consoleReporter": "spec",
        "useInlineDiffs": false,
        "code": true
      },
      "version": "7.1.3"
    },
    "marge": {
      "options": {
        "reportDir": "tests/e2e/results/reports",
        "overwrite": false,
        "html": false,
        "json": true,
        "toConsole": true
      },
      "version": "6.2.0"
    }
  }
}