{
  "stats": {
    "suites": 1,
    "tests": 2,
    "passes": 2,
    "pending": 0,
    "failures": 0,
    "start": "2023-06-21T02:53:24.756Z",
    "end": "2023-06-21T02:53:39.878Z",
    "duration": 15122,
    "testsRegistered": 2,
    "passPercent": 100,
    "pendingPercent": 0,
    "other": 0,
    "hasOther": false,
    "skipped": 0,
    "hasSkipped": false
  },
  "results": [
    {
      "uuid": "37cc8644-33e0-4cf8-99dc-871a4f2aa2d6",
      "title": "",
      "fullFile": "tests/e2e/specs/JobManageSys/admin/HandleJobReport.js",
      "file": "tests/e2e/specs/JobManageSys/admin/HandleJobReport.js",
      "beforeHooks": [],
      "afterHooks": [],
      "tests": [],
      "suites": [
        {
          "uuid": "576b8032-02cc-48b0-bfa5-d405eca6bb98",
          "title": "兼职信息管理子系统-处理兼职举报",
          "fullFile": "",
          "file": "",
          "beforeHooks": [],
          "afterHooks": [],
          "tests": [
            {
              "title": "处理兼职举报-通过",
              "fullTitle": "兼职信息管理子系统-处理兼职举报 处理兼职举报-通过",
              "timedOut": null,
              "duration": 7915,
              "state": "passed",
              "speed": "medium",
              "pass": true,
              "fail": false,
              "pending": false,
              "context": null,
              "code": "//管理员登录-邮箱\ncy.visit('/'); //访问网站\ncy.get(':nth-child(1) > .el-form-item__content > .el-input > .el-input__wrapper').type(\"admin@qq.com\");\ncy.get(':nth-child(2) > .el-form-item__content > .el-input > .el-input__wrapper').type(\"admin\"); //输入账号密码\ncy.get(\"#login\").click(); //点击登录按钮\ncy.get('#message_1').should('contain', '登录成功');\ncy.url().should('contain', 'admin'); //断言-登录成功\ncy.wait(200);\ncy.get('[aria-expanded=\"false\"] > .el-sub-menu__title').click(); //点击兼职管理\ncy.get(':nth-child(3) > .el-menu > :nth-child(2)').click(); //点击审核兼职\ncy.wait(500);\ncy.get('.el-table__column-filter-trigger > .el-icon > svg').click();\ncy.get(':nth-child(3) > .el-checkbox__label').click();\ncy.get('.el-table-filter__bottom > :nth-child(1)').click();\ncy.wait(1000);\ncy.get(':nth-child(1) > .el-table_2_column_15 > .cell > .el-button').click(); //点击审核\ncy.wait(200);\ncy.get('.dialog-footer > .el-button--primary').click(); // 点击审核通过\ncy.get('.el-message-box__btns > .el-button--primary').click(); //点击确认\ncy.url().should('contain', 'admin/jobReport'); //断言",
              "err": {},
              "uuid": "08c1cab1-4e84-4b01-8280-30fca43c09a2",
              "parentUUID": "576b8032-02cc-48b0-bfa5-d405eca6bb98",
              "isHook": false,
              "skipped": false
            },
            {
              "title": "处理兼职举报-通过",
              "fullTitle": "兼职信息管理子系统-处理兼职举报 处理兼职举报-通过",
              "timedOut": null,
              "duration": 5749,
              "state": "passed",
              "speed": "medium",
              "pass": true,
              "fail": false,
              "pending": false,
              "context": null,
              "code": "//管理员登录-邮箱\ncy.visit('/'); //访问网站\ncy.get(':nth-child(1) > .el-form-item__content > .el-input > .el-input__wrapper').type(\"admin@qq.com\");\ncy.get(':nth-child(2) > .el-form-item__content > .el-input > .el-input__wrapper').type(\"admin\"); //输入账号密码\ncy.get(\"#login\").click(); //点击登录按钮\ncy.get('#message_1').should('contain', '登录成功');\ncy.url().should('contain', 'admin'); //断言-登录成功\ncy.wait(200);\ncy.get('[aria-expanded=\"false\"] > .el-sub-menu__title').click(); //点击兼职管理\ncy.get(':nth-child(3) > .el-menu > :nth-child(2)').click(); //点击审核兼职\ncy.wait(500);\ncy.get('.el-table__column-filter-trigger > .el-icon > svg').click();\ncy.get(':nth-child(3) > .el-checkbox__label').click();\ncy.get('.el-table-filter__bottom > :nth-child(1)').click();\ncy.wait(1000);\ncy.get(':nth-child(1) > .el-table_2_column_15 > .cell > .el-button').click(); //点击审核\ncy.wait(200);\ncy.get('.el-button--danger').click(); // 点击驳回\ncy.get('#bohuiInput').type('驳回测试'); //输入结果反馈\ncy.get('[style=\"z-index: 2013;\"] > .el-overlay-dialog > .el-dialog > .el-dialog__footer > .dialog-footer > .el-button--primary').click(); //点击确认\ncy.url().should('contain', 'admin/jobReport'); //断言",
              "err": {},
              "uuid": "9d3fb003-d0e5-4e67-b189-e4abe74b49f8",
              "parentUUID": "576b8032-02cc-48b0-bfa5-d405eca6bb98",
              "isHook": false,
              "skipped": false
            }
          ],
          "suites": [],
          "passes": [
            "08c1cab1-4e84-4b01-8280-30fca43c09a2",
            "9d3fb003-d0e5-4e67-b189-e4abe74b49f8"
          ],
          "failures": [],
          "pending": [],
          "skipped": [],
          "duration": 13664,
          "root": false,
          "rootEmpty": false,
          "_timeout": 2000
        }
      ],
      "passes": [],
      "failures": [],
      "pending": [],
      "skipped": [],
      "duration": 0,
      "root": true,
      "rootEmpty": true,
      "_timeout": 2000
    }
  ],
  "meta": {
    "mocha": {
      "version": "7.0.1"
    },
    "mochawesome": {
      "options": {
        "quiet": false,
        "reportFilename": "mochawesome",
        "saveHtml": false,
        "saveJson": true,
        "consoleReporter": "spec",
        "useInlineDiffs": false,
        "code": true
      },
      "version": "7.1.3"
    },
    "marge": {
      "options": {
        "reportDir": "tests/e2e/results/reports",
        "overwrite": false,
        "html": false,
        "json": true,
        "toConsole": true
      },
      "version": "6.2.0"
    }
  }
}