{
  "stats": {
    "suites": 1,
    "tests": 2,
    "passes": 0,
    "pending": 0,
    "failures": 2,
    "start": "2023-06-21T13:21:33.639Z",
    "end": "2023-06-21T13:22:01.713Z",
    "duration": 22481,
    "testsRegistered": 2,
    "passPercent": 0,
    "pendingPercent": 0,
    "other": 0,
    "hasOther": false,
    "skipped": 0,
    "hasSkipped": false
  },
  "results": [
    {
      "uuid": "d69eabef-4b62-4f66-af5b-2ab82b5f0b1f",
      "title": "",
      "fullFile": "tests/e2e/specs/SelectJobSubSys/ApplyJob.js",
      "file": "tests/e2e/specs/SelectJobSubSys/ApplyJob.js",
      "beforeHooks": [],
      "afterHooks": [],
      "tests": [],
      "suites": [
        {
          "uuid": "64fe51fd-660b-4dad-bb03-61fad799f92b",
          "title": "选择兼职子系统-报名兼职",
          "fullFile": "",
          "file": "",
          "beforeHooks": [],
          "afterHooks": [],
          "tests": [
            {
              "title": "报名兼职",
              "fullTitle": "选择兼职子系统-报名兼职 报名兼职",
              "timedOut": null,
              "duration": 10773,
              "state": "failed",
              "speed": null,
              "pass": false,
              "fail": true,
              "pending": false,
              "context": null,
              "code": "//求职者登录-ID\ncy.visit('/'); //访问网站\ncy.get(':nth-child(1) > .el-form-item__content > .el-input > .el-input__wrapper').type(\"10071\");\ncy.get(':nth-child(2) > .el-form-item__content > .el-input > .el-input__wrapper').type(\"666\"); //输入账号密码\ncy.get(\"#login\").click(); //点击登录按钮\n// cy.get('#message_1').should('contain', '登录成功');\ncy.url().should('contain', 'jobhunter'); //断言\ncy.get(\"#jobButton\").click(); //点击寻找兼职按钮\ncy.wait(2000);\ncy.get('button.el-button').filter(':contains(\"查看详情\")').filter(':visible').first().click(); //点击“查看详情”\ncy.url().should('contain', 'jobDetail'); //断言\ncy.wait(500);\ncy.get('[style=\"margin: 20px auto;\"] > .el-button--primary').click(); //点击报名兼职\ncy.wait(500);\ncy.get('#ziwjieshao').type(\"本人本科学历，有多次家教经验，认真耐心\"); //填写自我介绍\ncy.wait(500);\ncy.get('.dialog-footer > :nth-child(1)').click(); //点击确定\ncy.wait(500);\ncy.contains('p', '请先进行实名认证').should('exist'); //断言\n//求职者登录-ID\ncy.visit('/'); //访问网站\ncy.get(':nth-child(1) > .el-form-item__content > .el-input > .el-input__wrapper').type(\"10014\");\ncy.get(':nth-child(2) > .el-form-item__content > .el-input > .el-input__wrapper').type(\"021121\"); //输入账号密码\ncy.get(\"#login\").click(); //点击登录按钮\ncy.get('#message_1').should('contain', '登录成功');\ncy.url().should('contain', 'jobhunter'); //断言\ncy.get(\"#jobButton\").click(); //点击寻找兼职按钮\ncy.url().should('contain', 'jobhunter/job'); //断言 \n// cy.wait(2000)\n// cy.get('button.el-button').filter(':contains(\"查看详情\")').filter(':visible').first().click();\n// //点击“查看详情”\n// cy.url().should('contain', 'jobDetail')\n// //断言\ncy.wait(500);\ncy.get('.el-pager > :nth-child(8)').click(); //第17\ncy.wait(500);\ncy.get('button.el-button').filter(':contains(\"查看详情\")').filter(':visible').first().click(); // 点击“查看详情”\ncy.url().should('contain', 'jobDetail'); //断言\ncy.wait(500);\ncy.get('[style=\"margin: 20px auto;\"] > .el-button--primary').click(); //点击报名兼职\ncy.wait(500);\ncy.get('#ziwjieshao').type(\"本人本科学历，有多次家教经验，认真耐心\"); //填写自我介绍\ncy.wait(500);\ncy.get('.dialog-footer > :nth-child(1)').click(); //点击确定\ncy.wait(500);\ncy.url().should('contain', 'jobDetail'); //断言",
              "err": {
                "message": "AssertionError: Timed out retrying after 4000ms: Expected to find content: '请先进行实名认证' within the selector: 'p' but never did.",
                "estack": "AssertionError: Timed out retrying after 4000ms: Expected to find content: '请先进行实名认证' within the selector: 'p' but never did.\n    at Context.eval (http://localhost:8080/__cypress/tests?p=tests\\e2e\\specs\\SelectJobSubSys\\ApplyJob.js:129:34)",
                "diff": null
              },
              "uuid": "cb9745b4-1e0e-49a0-8117-d5a0b9bdc780",
              "parentUUID": "64fe51fd-660b-4dad-bb03-61fad799f92b",
              "isHook": false,
              "skipped": false
            },
            {
              "title": "取消报名兼职",
              "fullTitle": "选择兼职子系统-报名兼职 取消报名兼职",
              "timedOut": null,
              "duration": 10948,
              "state": "failed",
              "speed": null,
              "pass": false,
              "fail": true,
              "pending": false,
              "context": null,
              "code": "//求职者登录-ID\ncy.visit('/'); //访问网站\ncy.get(':nth-child(1) > .el-form-item__content > .el-input > .el-input__wrapper').type(\"10014\");\ncy.get(':nth-child(2) > .el-form-item__content > .el-input > .el-input__wrapper').type(\"021121\"); //输入账号密码\ncy.get(\"#login\").click(); //点击登录按钮\n// cy.get('#message_1').should('contain', '登录成功');\ncy.url().should('contain', 'jobhunter'); //断言\ncy.wait(500);\ncy.get('.nav > [href=\"/jobhunter/person\"]').click(); //点击个人中心\ncy.wait(500);\ncy.get('.el-menu > :nth-child(4)').click(); //点击我的兼职\ncy.wait(3000);\ncy.get(':nth-child(1) > .el-card__body > :nth-child(1) > .el-col-3 > .el-button').click(); //点击取消报名\ncy.wait(500);\ncy.get('.el-button--primary').click(); //点击确认",
              "err": {
                "message": "CypressError: Timed out retrying after 4050ms: `cy.click()` failed because this element is not visible:\n\n`<button class=\"el-button button\" aria-disabled=\"false\" type=\"button\" data-v-e8c346a2=\"\" style=\"--el-button-bg-color:#444076; --el-button-text-color:var(--el-color-white); --el-button-border-color:#444076; --el-button-hover-bg-color:rgb(124, 121, 159); --el-button-hover-text-color:var(--el-color-white); --el-button-hover-border-color:rgb(124, 121, 159); --el-button-active-bg-color:rgb(58, 55, 98); --el-button-active-border-color:rgb(58, 55, 98);\">...</button>`\n\nThis element `<button.el-button.button>` is not visible because its parent `<div.el-card.is-hover-shadow.box-card>` has CSS property: `display: none`\n\nFix this problem, or use `{force: true}` to disable error checking.\n\nhttps://on.cypress.io/element-cannot-be-interacted-with",
                "estack": "CypressError: Timed out retrying after 4050ms: `cy.click()` failed because this element is not visible:\n\n`<button class=\"el-button button\" aria-disabled=\"false\" type=\"button\" data-v-e8c346a2=\"\" style=\"--el-button-bg-color:#444076; --el-button-text-color:var(--el-color-white); --el-button-border-color:#444076; --el-button-hover-bg-color:rgb(124, 121, 159); --el-button-hover-text-color:var(--el-color-white); --el-button-hover-border-color:rgb(124, 121, 159); --el-button-active-bg-color:rgb(58, 55, 98); --el-button-active-border-color:rgb(58, 55, 98);\">...</button>`\n\nThis element `<button.el-button.button>` is not visible because its parent `<div.el-card.is-hover-shadow.box-card>` has CSS property: `display: none`\n\nFix this problem, or use `{force: true}` to disable error checking.\n\nhttps://on.cypress.io/element-cannot-be-interacted-with\n    at runVisibilityCheck (http://localhost:8080/__cypress/runner/cypress_runner.js:168736:76)\n    at $Cy.ensureStrictVisibility (http://localhost:8080/__cypress/runner/cypress_runner.js:168752:12)\n    at runAllChecks (http://localhost:8080/__cypress/runner/cypress_runner.js:154700:14)\n    at retryActionability (http://localhost:8080/__cypress/runner/cypress_runner.js:154755:16)\n    at tryCatcher (http://localhost:8080/__cypress/runner/cypress_runner.js:13022:23)\n    at Function.Promise.attempt.Promise.try (http://localhost:8080/__cypress/runner/cypress_runner.js:10296:29)\n    at whenStable (http://localhost:8080/__cypress/runner/cypress_runner.js:173835:65)\n    at http://localhost:8080/__cypress/runner/cypress_runner.js:173290:14\n    at tryCatcher (http://localhost:8080/__cypress/runner/cypress_runner.js:13022:23)\n    at Promise._settlePromiseFromHandler (http://localhost:8080/__cypress/runner/cypress_runner.js:10957:31)\n    at Promise._settlePromise (http://localhost:8080/__cypress/runner/cypress_runner.js:11014:18)\n    at Promise._settlePromise0 (http://localhost:8080/__cypress/runner/cypress_runner.js:11059:10)\n    at Promise._settlePromises (http://localhost:8080/__cypress/runner/cypress_runner.js:11139:18)\n    at Promise._fulfill (http://localhost:8080/__cypress/runner/cypress_runner.js:11083:18)\n    at http://localhost:8080/__cypress/runner/cypress_runner.js:12697:46\nFrom Your Spec Code:\n    at Context.eval (http://localhost:8080/__cypress/tests?p=tests\\e2e\\specs\\SelectJobSubSys\\ApplyJob.js:190:87)",
                "diff": null
              },
              "uuid": "9972216a-e7fb-462f-97ee-0e93f3ebb458",
              "parentUUID": "64fe51fd-660b-4dad-bb03-61fad799f92b",
              "isHook": false,
              "skipped": false
            }
          ],
          "suites": [],
          "passes": [],
          "failures": [
            "cb9745b4-1e0e-49a0-8117-d5a0b9bdc780",
            "9972216a-e7fb-462f-97ee-0e93f3ebb458"
          ],
          "pending": [],
          "skipped": [],
          "duration": 21721,
          "root": false,
          "rootEmpty": false,
          "_timeout": 2000
        }
      ],
      "passes": [],
      "failures": [],
      "pending": [],
      "skipped": [],
      "duration": 0,
      "root": true,
      "rootEmpty": true,
      "_timeout": 2000
    }
  ],
  "meta": {
    "mocha": {
      "version": "7.0.1"
    },
    "mochawesome": {
      "options": {
        "quiet": false,
        "reportFilename": "mochawesome",
        "saveHtml": false,
        "saveJson": true,
        "consoleReporter": "spec",
        "useInlineDiffs": false,
        "code": true
      },
      "version": "7.1.3"
    },
    "marge": {
      "options": {
        "reportDir": "tests/e2e/results/reports",
        "overwrite": false,
        "html": false,
        "json": true,
        "toConsole": true
      },
      "version": "6.2.0"
    }
  }
}