{
  "stats": {
    "suites": 1,
    "tests": 1,
    "passes": 1,
    "pending": 0,
    "failures": 0,
    "start": "2023-06-21T07:05:43.340Z",
    "end": "2023-06-21T07:05:50.637Z",
    "duration": 7297,
    "testsRegistered": 1,
    "passPercent": 100,
    "pendingPercent": 0,
    "other": 0,
    "hasOther": false,
    "skipped": 0,
    "hasSkipped": false
  },
  "results": [
    {
      "uuid": "d301559d-0152-440b-bb09-4ba6fecf41ec",
      "title": "",
      "fullFile": "tests/e2e/specs/MessageSys/user/SendMessage.js",
      "file": "tests/e2e/specs/MessageSys/user/SendMessage.js",
      "beforeHooks": [],
      "afterHooks": [],
      "tests": [],
      "suites": [
        {
          "uuid": "818c2d57-df32-4ce0-ab50-ab8094bb0163",
          "title": "消息通知子系统-发送消息",
          "fullFile": "",
          "file": "",
          "beforeHooks": [],
          "afterHooks": [],
          "tests": [
            {
              "title": "发送消息",
              "fullTitle": "消息通知子系统-发送消息 发送消息",
              "timedOut": null,
              "duration": 6630,
              "state": "passed",
              "speed": "medium",
              "pass": true,
              "fail": false,
              "pending": false,
              "context": null,
              "code": "//求职者登录-ID\ncy.visit('/'); //访问网站\ncy.get(':nth-child(1) > .el-form-item__content > .el-input > .el-input__wrapper').type(\"10014\");\ncy.get(':nth-child(2) > .el-form-item__content > .el-input > .el-input__wrapper').type(\"021121\"); //输入账号密码\ncy.get(\"#login\").click(); //点击登录按钮\ncy.get('#message_1').should('contain', '登录成功');\ncy.url().should('contain', 'jobhunter'); //断言\ncy.get(\"#jobButton\").click(); //点击寻找兼职按钮\ncy.url().should('contain', 'jobhunter/job'); //断言 \ncy.wait(1000);\ncy.get('button.el-button').filter(':contains(\"查看详情\")').filter(':visible').first().click(); //点击“查看详情”\ncy.url().should('contain', 'jobDetail'); //断言\ncy.wait(1000);\ncy.get('.el-col-3 > :nth-child(2) > .el-button').click(); //点击联系招聘方\ncy.wait(500);\ncy.get('.input-content').type(\"你好！消息测试2023年6月20日14:28:01\"); //输入消息\ncy.get('.send-button').click(); //点击发送按钮\ncy.get('.chat-main').should('contain', '你好！消息测试2023年6月20日14:28:01');",
              "err": {},
              "uuid": "7b22922f-68d4-4175-9528-7c1ae8a52815",
              "parentUUID": "818c2d57-df32-4ce0-ab50-ab8094bb0163",
              "isHook": false,
              "skipped": false
            }
          ],
          "suites": [],
          "passes": [
            "7b22922f-68d4-4175-9528-7c1ae8a52815"
          ],
          "failures": [],
          "pending": [],
          "skipped": [],
          "duration": 6630,
          "root": false,
          "rootEmpty": false,
          "_timeout": 2000
        }
      ],
      "passes": [],
      "failures": [],
      "pending": [],
      "skipped": [],
      "duration": 0,
      "root": true,
      "rootEmpty": true,
      "_timeout": 2000
    }
  ],
  "meta": {
    "mocha": {
      "version": "7.0.1"
    },
    "mochawesome": {
      "options": {
        "quiet": false,
        "reportFilename": "mochawesome",
        "saveHtml": false,
        "saveJson": true,
        "consoleReporter": "spec",
        "useInlineDiffs": false,
        "code": true
      },
      "version": "7.1.3"
    },
    "marge": {
      "options": {
        "reportDir": "tests/e2e/results/reports",
        "overwrite": false,
        "html": false,
        "json": true,
        "toConsole": true
      },
      "version": "6.2.0"
    }
  }
}