{
  "stats": {
    "suites": 1,
    "tests": 1,
    "passes": 1,
    "pending": 0,
    "failures": 0,
    "start": "2023-06-21T02:59:12.691Z",
    "end": "2023-06-21T02:59:19.158Z",
    "duration": 6467,
    "testsRegistered": 1,
    "passPercent": 100,
    "pendingPercent": 0,
    "other": 0,
    "hasOther": false,
    "skipped": 0,
    "hasSkipped": false
  },
  "results": [
    {
      "uuid": "6096d218-04da-493f-86a2-e6f21f8a421e",
      "title": "",
      "fullFile": "tests/e2e/specs/MessageSys/admin/ReleaseNotice.js",
      "file": "tests/e2e/specs/MessageSys/admin/ReleaseNotice.js",
      "beforeHooks": [],
      "afterHooks": [],
      "tests": [],
      "suites": [
        {
          "uuid": "e12a47e9-c32c-411e-a778-ca6b7fb4d2e7",
          "title": "消息通知子系统-发布公告",
          "fullFile": "",
          "file": "",
          "beforeHooks": [],
          "afterHooks": [],
          "tests": [
            {
              "title": "发布公告公告",
              "fullTitle": "消息通知子系统-发布公告 发布公告公告",
              "timedOut": null,
              "duration": 5640,
              "state": "passed",
              "speed": "medium",
              "pass": true,
              "fail": false,
              "pending": false,
              "context": null,
              "code": "//管理员登录-邮箱\ncy.visit('/'); //访问网站\ncy.get(':nth-child(1) > .el-form-item__content > .el-input > .el-input__wrapper').type(\"admin@qq.com\");\ncy.get(':nth-child(2) > .el-form-item__content > .el-input > .el-input__wrapper').type(\"admin\"); //输入账号密码\ncy.get(\"#login\").click(); //点击登录按钮\ncy.get('#message_1').should('contain', '登录成功');\ncy.url().should('contain', 'admin'); //断言\ncy.get('.el-menu--vertical > :nth-child(4)').click(); //点击公告管理\n// cy.get(':nth-child(1) > .el-table_1_column_7 > .cell > :nth-child(1) > span')\ncy.wait(2000);\ncy.get(':nth-child(1) > .el-table_2_column_15 > .cell > :nth-child(1) > span').click(); //点击发布\ncy.get('.el-message-box__btns > .el-button--primary').click(); //点击确认按钮\ncy.get('tbody > :nth-child(1) > .el-table_1_column_7 > .cell').should('contain', '撤销');",
              "err": {},
              "uuid": "0f5a066e-7682-481a-bf58-caa357938dc3",
              "parentUUID": "e12a47e9-c32c-411e-a778-ca6b7fb4d2e7",
              "isHook": false,
              "skipped": false
            }
          ],
          "suites": [],
          "passes": [
            "0f5a066e-7682-481a-bf58-caa357938dc3"
          ],
          "failures": [],
          "pending": [],
          "skipped": [],
          "duration": 5640,
          "root": false,
          "rootEmpty": false,
          "_timeout": 2000
        }
      ],
      "passes": [],
      "failures": [],
      "pending": [],
      "skipped": [],
      "duration": 0,
      "root": true,
      "rootEmpty": true,
      "_timeout": 2000
    }
  ],
  "meta": {
    "mocha": {
      "version": "7.0.1"
    },
    "mochawesome": {
      "options": {
        "quiet": false,
        "reportFilename": "mochawesome",
        "saveHtml": false,
        "saveJson": true,
        "consoleReporter": "spec",
        "useInlineDiffs": false,
        "code": true
      },
      "version": "7.1.3"
    },
    "marge": {
      "options": {
        "reportDir": "tests/e2e/results/reports",
        "overwrite": false,
        "html": false,
        "json": true,
        "toConsole": true
      },
      "version": "6.2.0"
    }
  }
}