{
  "stats": {
    "suites": 1,
    "tests": 5,
    "passes": 4,
    "pending": 0,
    "failures": 1,
    "start": "2023-06-21T05:11:47.782Z",
    "end": "2023-06-21T05:12:08.605Z",
    "duration": 20823,
    "testsRegistered": 5,
    "passPercent": 80,
    "pendingPercent": 0,
    "other": 0,
    "hasOther": false,
    "skipped": 0,
    "hasSkipped": false
  },
  "results": [
    {
      "uuid": "49767432-6e42-4a86-a831-126f69feb20a",
      "title": "",
      "fullFile": "tests/e2e/specs/UserInfoManageSubSys/Favorites/favorites.js",
      "file": "tests/e2e/specs/UserInfoManageSubSys/Favorites/favorites.js",
      "beforeHooks": [],
      "afterHooks": [],
      "tests": [],
      "suites": [
        {
          "uuid": "2e6c612d-9592-4b15-b6a9-cbfe537ce062",
          "title": "用户信息管理子系统-我的收藏",
          "fullFile": "",
          "file": "",
          "beforeHooks": [],
          "afterHooks": [],
          "tests": [
            {
              "title": "用户新建收藏夹",
              "fullTitle": "用户信息管理子系统-我的收藏 用户新建收藏夹",
              "timedOut": null,
              "duration": 4748,
              "state": "passed",
              "speed": "fast",
              "pass": true,
              "fail": false,
              "pending": false,
              "context": null,
              "code": "//收藏夹名称为空\ncy.visit('/'); //访问网站\ncy.get(':nth-child(1) > .el-form-item__content > .el-input > .el-input__wrapper').type(\"10014\");\ncy.get(':nth-child(2) > .el-form-item__content > .el-input > .el-input__wrapper').type(\"021121\"); //输入账号密码\ncy.get(\"#login\").click(); //点击登录按钮\ncy.get('.nav > [href=\"/jobhunter/person\"]').click(); //跳转至个人中心-我的信息页面\ncy.get('.el-menu > :nth-child(3)').click(); //跳转至我的收藏界面\ncy.get('.el-header > .el-button').click(); //点击新建收藏夹\ncy.get('.dialog-footer > .el-button--primary').click(); //点击确认\ncy.contains('p', '收藏夹名称不能为空').should('exist'); //断言\n//收藏夹名称不为空\ncy.visit('/'); //访问网站\ncy.get(':nth-child(1) > .el-form-item__content > .el-input > .el-input__wrapper').type(\"10014\");\ncy.get(':nth-child(2) > .el-form-item__content > .el-input > .el-input__wrapper').type(\"021121\"); //输入账号密码\ncy.get(\"#login\").click(); //点击登录按钮\ncy.get('.nav > [href=\"/jobhunter/person\"]').click(); //跳转至个人中心-我的信息页面\ncy.get('.el-menu > :nth-child(3)').click(); //跳转至我的收藏界面\ncy.get('.el-header > .el-button').click(); //点击新建收藏夹\ncy.get('.el-input__wrapper').type(\"newTestDir\"); //填写收藏夹名称\ncy.get('.dialog-footer > .el-button--primary').click(); //点击确认\ncy.contains('p', '添加成功').should('exist'); //断言",
              "err": {},
              "uuid": "a87d22c5-9a91-4bae-872f-48aea240a9b3",
              "parentUUID": "2e6c612d-9592-4b15-b6a9-cbfe537ce062",
              "isHook": false,
              "skipped": false
            },
            {
              "title": "用户重命名收藏夹",
              "fullTitle": "用户信息管理子系统-我的收藏 用户重命名收藏夹",
              "timedOut": null,
              "duration": 4995,
              "state": "passed",
              "speed": "fast",
              "pass": true,
              "fail": false,
              "pending": false,
              "context": null,
              "code": "//收藏夹名称为空\ncy.visit('/'); //访问网站\ncy.get(':nth-child(1) > .el-form-item__content > .el-input > .el-input__wrapper').type(\"10014\");\ncy.get(':nth-child(2) > .el-form-item__content > .el-input > .el-input__wrapper').type(\"021121\"); //输入账号密码\ncy.get(\"#login\").click(); //点击登录按钮\ncy.get('.nav > [href=\"/jobhunter/person\"]').click(); //跳转至个人中心-我的信息页面\ncy.get('.el-menu > :nth-child(3)').click(); //跳转至我的收藏界面\ncy.contains('tr', 'newTestDir').find('.el-table_1_column_2 > .cell > .el-button--primary').click(); //点击重命名按钮\ncy.get('.el-input__wrapper').clear();\ncy.get('.dialog-footer > .el-button--primary').click(); //点击确认\ncy.contains('p', '收藏夹名称不能为空').should('exist'); //断言\n//收藏夹名称不为空\ncy.visit('/'); //访问网站\ncy.get(':nth-child(1) > .el-form-item__content > .el-input > .el-input__wrapper').type(\"10014\");\ncy.get(':nth-child(2) > .el-form-item__content > .el-input > .el-input__wrapper').type(\"021121\"); //输入账号密码\ncy.get(\"#login\").click(); //点击登录按钮\ncy.get('.nav > [href=\"/jobhunter/person\"]').click(); //跳转至个人中心-我的信息页面\ncy.get('.el-menu > :nth-child(3)').click(); //跳转至我的收藏界面\ncy.contains('tr', 'newTestDir').find('.el-table_1_column_2 > .cell > .el-button--primary').click(); //点击重命名按钮\ncy.get('.el-input__wrapper').clear();\ncy.get('.el-input__wrapper').type(\"newTestDir1\"); //重命名收藏夹名称\ncy.get('.dialog-footer > .el-button--primary').click(); //点击确认\ncy.contains('p', '修改成功').should('exist'); //断言",
              "err": {},
              "uuid": "48385ab0-ac81-458e-8734-9b5af6472f19",
              "parentUUID": "2e6c612d-9592-4b15-b6a9-cbfe537ce062",
              "isHook": false,
              "skipped": false
            },
            {
              "title": "用户移除收藏夹",
              "fullTitle": "用户信息管理子系统-我的收藏 用户移除收藏夹",
              "timedOut": null,
              "duration": 2064,
              "state": "passed",
              "speed": "fast",
              "pass": true,
              "fail": false,
              "pending": false,
              "context": null,
              "code": "cy.visit('/'); //访问网站\ncy.get(':nth-child(1) > .el-form-item__content > .el-input > .el-input__wrapper').type(\"10014\");\ncy.get(':nth-child(2) > .el-form-item__content > .el-input > .el-input__wrapper').type(\"021121\"); //输入账号密码\ncy.get(\"#login\").click(); //点击登录按钮\ncy.get('.nav > [href=\"/jobhunter/person\"]').click(); //跳转至个人中心-我的信息页面\ncy.get('.el-menu > :nth-child(3)').click(); //跳转至我的收藏界面\ncy.contains('tr', 'newTestDir1').find('.el-table_1_column_2 > .cell > .el-button--danger').click(); //点击删除按钮\ncy.get('.el-message-box__btns > .el-button--primary').click(); //点击确认\ncy.contains('p', '已删除该收藏夹').should('exist'); //断言",
              "err": {},
              "uuid": "3c43e036-a905-4957-8326-8dfb2f4b3056",
              "parentUUID": "2e6c612d-9592-4b15-b6a9-cbfe537ce062",
              "isHook": false,
              "skipped": false
            },
            {
              "title": "用户移除某收藏",
              "fullTitle": "用户信息管理子系统-我的收藏 用户移除某收藏",
              "timedOut": null,
              "duration": 2208,
              "state": "passed",
              "speed": "fast",
              "pass": true,
              "fail": false,
              "pending": false,
              "context": null,
              "code": "cy.visit('/'); //访问网站\ncy.get(':nth-child(1) > .el-form-item__content > .el-input > .el-input__wrapper').type(\"10014\");\ncy.get(':nth-child(2) > .el-form-item__content > .el-input > .el-input__wrapper').type(\"021121\"); //输入账号密码\ncy.get(\"#login\").click(); //点击登录按钮\ncy.get('.nav > [href=\"/jobhunter/person\"]').click(); //跳转至个人中心-我的信息页面\ncy.get('.el-menu > :nth-child(3)').click(); //跳转至我的收藏界面\ncy.contains('tr', '默认收藏夹').find('.el-table_1_column_2 > .cell > .el-button--success').click(); //点击详情按钮\ncy.get('.el-scrollbar__view > :nth-child(1) > .el-button--danger').click(); //点击取消收藏\ncy.get('.el-message-box__btns > .el-button--primary').click(); //点击确认\ncy.contains('p', '已取消该收藏').should('exist'); //断言",
              "err": {},
              "uuid": "e20a82f8-060e-40c4-94fa-efb18a864ee2",
              "parentUUID": "2e6c612d-9592-4b15-b6a9-cbfe537ce062",
              "isHook": false,
              "skipped": false
            },
            {
              "title": "用户移动某收藏",
              "fullTitle": "用户信息管理子系统-我的收藏 用户移动某收藏",
              "timedOut": null,
              "duration": 5970,
              "state": "failed",
              "speed": null,
              "pass": false,
              "fail": true,
              "pending": false,
              "context": null,
              "code": "//未选择收藏夹\ncy.visit('/'); //访问网站\ncy.get(':nth-child(1) > .el-form-item__content > .el-input > .el-input__wrapper').type(\"10014\");\ncy.get(':nth-child(2) > .el-form-item__content > .el-input > .el-input__wrapper').type(\"021121\"); //输入账号密码\ncy.get(\"#login\").click(); //点击登录按钮\ncy.get('.nav > [href=\"/jobhunter/person\"]').click(); //跳转至个人中心-我的信息页面\ncy.get('.el-menu > :nth-child(3)').click(); //跳转至我的收藏界面\ncy.contains('tr', '默认收藏夹').find('.el-table_1_column_2 > .cell > .el-button--success').click(); //点击详情按钮\ncy.get('.el-scrollbar__view > :nth-child(1) > .el-button--primary').click(); //点击移动收藏\ncy.get('.dialog-footer > :nth-child(1)').click(); //点击确认\ncy.contains('p', '请选择收藏夹').should('exist'); //断言\n//选择收藏夹\ncy.visit('/'); //访问网站\ncy.get(':nth-child(1) > .el-form-item__content > .el-input > .el-input__wrapper').type(\"10014\");\ncy.get(':nth-child(2) > .el-form-item__content > .el-input > .el-input__wrapper').type(\"021121\"); //输入账号密码\ncy.get(\"#login\").click(); //点击登录按钮\ncy.get('.nav > [href=\"/jobhunter/person\"]').click(); //跳转至个人中心-我的信息页面\ncy.get('.el-menu > :nth-child(3)').click(); //跳转至我的收藏界面\ncy.contains('tr', '默认收藏夹').find('.el-table_1_column_2 > .cell > .el-button--success').click(); //点击详情按钮\ncy.get('.el-scrollbar__view > :nth-child(1) > .el-button--primary').click(); //点击移动收藏\ncy.get('.el-input__suffix-inner').click(); //点击下拉按钮\ncy.contains('span', '测试收藏夹').click(); //选择收藏夹\ncy.get('.dialog-footer > :nth-child(1)').click(); //点击确认\ncy.contains('p', '移动成功').should('exist'); //断言",
              "err": {
                "message": "AssertionError: Timed out retrying after 4000ms: Expected to find element: `.el-scrollbar__view > :nth-child(1) > .el-button--primary`, but never found it.",
                "estack": "AssertionError: Timed out retrying after 4000ms: Expected to find element: `.el-scrollbar__view > :nth-child(1) > .el-button--primary`, but never found it.\n    at Context.eval (http://localhost:8080/__cypress/tests?p=tests\\e2e\\specs\\UserInfoManageSubSys\\Favorites\\favorites.js:234:8)",
                "diff": null
              },
              "uuid": "f139bdef-4d77-429c-8cb4-a9ebe18031a3",
              "parentUUID": "2e6c612d-9592-4b15-b6a9-cbfe537ce062",
              "isHook": false,
              "skipped": false
            }
          ],
          "suites": [],
          "passes": [
            "a87d22c5-9a91-4bae-872f-48aea240a9b3",
            "48385ab0-ac81-458e-8734-9b5af6472f19",
            "3c43e036-a905-4957-8326-8dfb2f4b3056",
            "e20a82f8-060e-40c4-94fa-efb18a864ee2"
          ],
          "failures": [
            "f139bdef-4d77-429c-8cb4-a9ebe18031a3"
          ],
          "pending": [],
          "skipped": [],
          "duration": 19985,
          "root": false,
          "rootEmpty": false,
          "_timeout": 2000
        }
      ],
      "passes": [],
      "failures": [],
      "pending": [],
      "skipped": [],
      "duration": 0,
      "root": true,
      "rootEmpty": true,
      "_timeout": 2000
    }
  ],
  "meta": {
    "mocha": {
      "version": "7.0.1"
    },
    "mochawesome": {
      "options": {
        "quiet": false,
        "reportFilename": "mochawesome",
        "saveHtml": false,
        "saveJson": true,
        "consoleReporter": "spec",
        "useInlineDiffs": false,
        "code": true
      },
      "version": "7.1.3"
    },
    "marge": {
      "options": {
        "reportDir": "tests/e2e/results/reports",
        "overwrite": false,
        "html": false,
        "json": true,
        "toConsole": true
      },
      "version": "6.2.0"
    }
  }
}