{
  "stats": {
    "suites": 1,
    "tests": 2,
    "passes": 0,
    "pending": 0,
    "failures": 2,
    "start": "2023-06-21T04:04:45.304Z",
    "end": "2023-06-21T04:05:56.410Z",
    "duration": 71106,
    "testsRegistered": 2,
    "passPercent": 0,
    "pendingPercent": 0,
    "other": 0,
    "hasOther": false,
    "skipped": 0,
    "hasSkipped": false
  },
  "results": [
    {
      "uuid": "acc162f0-fb68-464a-a327-c821dd3d9e7f",
      "title": "",
      "fullFile": "tests/e2e/specs/APItest/ChatAPItest.js",
      "file": "tests/e2e/specs/APItest/ChatAPItest.js",
      "beforeHooks": [],
      "afterHooks": [],
      "tests": [],
      "suites": [
        {
          "uuid": "2615a1ba-802c-4a9d-93af-0c0c50568373",
          "title": "接口测试-聊天接口",
          "fullFile": "",
          "file": "",
          "beforeHooks": [],
          "afterHooks": [],
          "tests": [
            {
              "title": "发送消息",
              "fullTitle": "接口测试-聊天接口 发送消息",
              "timedOut": null,
              "duration": 31173,
              "state": "failed",
              "speed": null,
              "pass": false,
              "fail": true,
              "pending": false,
              "context": null,
              "code": "//求职者登录-ID\ncy.visit('/'); //访问网站\ncy.get(':nth-child(1) > .el-form-item__content > .el-input > .el-input__wrapper').type(\"10014\");\ncy.get(':nth-child(2) > .el-form-item__content > .el-input > .el-input__wrapper').type(\"021121\"); //输入账号密码\ncy.get(\"#login\").click(); //点击登录按钮\ncy.get('#message_1').should('contain', '登录成功');\ncy.url().should('contain', 'jobhunter'); //断言\ncy.get(\"#jobButton\").click(); //点击寻找兼职按钮\ncy.url().should('contain', 'jobhunter/job'); //断言 \ncy.wait(1000);\ncy.get('button.el-button').filter(':contains(\"查看详情\")').filter(':visible').first().click(); //点击“查看详情”\ncy.url().should('contain', 'jobDetail'); //断言\ncy.wait(1000);\ncy.get('.el-col-3 > :nth-child(2) > .el-button').click(); //点击联系招聘方\ncy.wait(500);\ncy.get('.input-content').type(\"你好！消息测试2023年6月20日14:28:01\"); //输入消息\ncy.get('.send-button').click(); //点击发送按钮\ncy.get('.chat-main').should('contain', '你好！消息测试2023年6月20日14:28:01');",
              "err": {
                "message": "CypressError: `cy.visit()` failed trying to load:\n\nhttp://localhost:8080/\n\nWe attempted to make an http request to this URL but the request failed without a response.\n\nWe received this error at the network level:\n\n  > Error: ESOCKETTIMEDOUT\n\nCommon situations why this would fail:\n  - you don't have internet access\n  - you forgot to run / boot your web server\n  - your web server isn't accessible\n  - you have weird network configuration settings on your computer",
                "estack": "CypressError: `cy.visit()` failed trying to load:\n\nhttp://localhost:8080/\n\nWe attempted to make an http request to this URL but the request failed without a response.\n\nWe received this error at the network level:\n\n  > Error: ESOCKETTIMEDOUT\n\nCommon situations why this would fail:\n  - you don't have internet access\n  - you forgot to run / boot your web server\n  - your web server isn't accessible\n  - you have weird network configuration settings on your computer\n    at http://localhost:8080/__cypress/runner/cypress_runner.js:163608:82\n    at visitFailedByErr (http://localhost:8080/__cypress/runner/cypress_runner.js:162912:12)\n    at http://localhost:8080/__cypress/runner/cypress_runner.js:163607:11\n    at tryCatcher (http://localhost:8080/__cypress/runner/cypress_runner.js:13022:23)\n    at Promise._settlePromiseFromHandler (http://localhost:8080/__cypress/runner/cypress_runner.js:10957:31)\n    at Promise._settlePromise (http://localhost:8080/__cypress/runner/cypress_runner.js:11014:18)\n    at Promise._settlePromise0 (http://localhost:8080/__cypress/runner/cypress_runner.js:11059:10)\n    at Promise._settlePromises (http://localhost:8080/__cypress/runner/cypress_runner.js:11135:18)\n    at _drainQueueStep (http://localhost:8080/__cypress/runner/cypress_runner.js:7729:12)\n    at _drainQueue (http://localhost:8080/__cypress/runner/cypress_runner.js:7722:9)\n    at Async.../../node_modules/bluebird/js/release/async.js.Async._drainQueues (http://localhost:8080/__cypress/runner/cypress_runner.js:7738:5)\n    at Async.drainQueues (http://localhost:8080/__cypress/runner/cypress_runner.js:7608:14)\nFrom Your Spec Code:\n    at Context.eval (http://localhost:8080/__cypress/tests?p=tests\\e2e\\specs\\APItest\\ChatAPItest.js:102:8)\n\nFrom Node.js Internals:\n  Error: ESOCKETTIMEDOUT\n      at ClientRequest.<anonymous> (C:\\Users\\lenovo\\AppData\\Local\\Cypress\\Cache\\9.7.0\\Cypress\\resources\\app\\node_modules\\@cypress\\request\\request.js:808:19)\n      at Object.onceWrapper (node:events:509:28)\n      at ClientRequest.emit (node:events:390:28)\n      at Socket.emitRequestTimeout (node:_http_client:763:9)\n      at Object.onceWrapper (node:events:509:28)\n      at Socket.emit (node:events:402:35)\n      at Socket._onTimeout (node:net:501:8)\n      at listOnTimeout (node:internal/timers:557:17)\n      at processTimers (node:internal/timers:500:7)\n  ",
                "diff": null
              },
              "uuid": "84a95787-8b44-4086-8d56-484d45cc0f3c",
              "parentUUID": "2615a1ba-802c-4a9d-93af-0c0c50568373",
              "isHook": false,
              "skipped": false
            },
            {
              "title": "查看消息",
              "fullTitle": "接口测试-聊天接口 查看消息",
              "timedOut": null,
              "duration": 31709,
              "state": "failed",
              "speed": null,
              "pass": false,
              "fail": true,
              "pending": false,
              "context": null,
              "code": "//招聘方登录-ID\ncy.visit('/'); //访问网站\ncy.get(':nth-child(1) > .el-form-item__content > .el-input > .el-input__wrapper').type(\"10018\");\ncy.get(':nth-child(2) > .el-form-item__content > .el-input > .el-input__wrapper').type(\"021121\"); //输入账号密码\ncy.get(\"#login\").click(); //点击登录按钮\ncy.get('#message_1').should('contain', '登录成功');\ncy.url().should('contain', 'recruiter'); //断言 是否登录成功\ncy.wait(1500);\ncy.get('a > .el-icon > svg').click(); //点击消息通知按钮\ncy.url().should('contain', 'conversation'); //断言 是否成功跳转到消息界面\ncy.get('.conversation').click(); //点击某一头像\ncy.get('.chat-title').should('be.visible'); //断言 是否出现了聊天信息",
              "err": {
                "message": "CypressError: `cy.visit()` failed trying to load:\n\nhttp://localhost:8080/\n\nWe attempted to make an http request to this URL but the request failed without a response.\n\nWe received this error at the network level:\n\n  > Error: ESOCKETTIMEDOUT\n\nCommon situations why this would fail:\n  - you don't have internet access\n  - you forgot to run / boot your web server\n  - your web server isn't accessible\n  - you have weird network configuration settings on your computer",
                "estack": "CypressError: `cy.visit()` failed trying to load:\n\nhttp://localhost:8080/\n\nWe attempted to make an http request to this URL but the request failed without a response.\n\nWe received this error at the network level:\n\n  > Error: ESOCKETTIMEDOUT\n\nCommon situations why this would fail:\n  - you don't have internet access\n  - you forgot to run / boot your web server\n  - your web server isn't accessible\n  - you have weird network configuration settings on your computer\n    at http://localhost:8080/__cypress/runner/cypress_runner.js:163608:82\n    at visitFailedByErr (http://localhost:8080/__cypress/runner/cypress_runner.js:162912:12)\n    at http://localhost:8080/__cypress/runner/cypress_runner.js:163607:11\n    at tryCatcher (http://localhost:8080/__cypress/runner/cypress_runner.js:13022:23)\n    at Promise._settlePromiseFromHandler (http://localhost:8080/__cypress/runner/cypress_runner.js:10957:31)\n    at Promise._settlePromise (http://localhost:8080/__cypress/runner/cypress_runner.js:11014:18)\n    at Promise._settlePromise0 (http://localhost:8080/__cypress/runner/cypress_runner.js:11059:10)\n    at Promise._settlePromises (http://localhost:8080/__cypress/runner/cypress_runner.js:11135:18)\n    at _drainQueueStep (http://localhost:8080/__cypress/runner/cypress_runner.js:7729:12)\n    at _drainQueue (http://localhost:8080/__cypress/runner/cypress_runner.js:7722:9)\n    at Async.../../node_modules/bluebird/js/release/async.js.Async._drainQueues (http://localhost:8080/__cypress/runner/cypress_runner.js:7738:5)\n    at Async.drainQueues (http://localhost:8080/__cypress/runner/cypress_runner.js:7608:14)\nFrom Your Spec Code:\n    at Context.eval (http://localhost:8080/__cypress/tests?p=tests\\e2e\\specs\\APItest\\ChatAPItest.js:133:8)\n\nFrom Node.js Internals:\n  Error: ESOCKETTIMEDOUT\n      at ClientRequest.<anonymous> (C:\\Users\\lenovo\\AppData\\Local\\Cypress\\Cache\\9.7.0\\Cypress\\resources\\app\\node_modules\\@cypress\\request\\request.js:808:19)\n      at Object.onceWrapper (node:events:509:28)\n      at ClientRequest.emit (node:events:390:28)\n      at Socket.emitRequestTimeout (node:_http_client:763:9)\n      at Object.onceWrapper (node:events:509:28)\n      at Socket.emit (node:events:402:35)\n      at Socket._onTimeout (node:net:501:8)\n      at listOnTimeout (node:internal/timers:557:17)\n      at processTimers (node:internal/timers:500:7)\n  ",
                "diff": null
              },
              "uuid": "e2b4fb13-634e-4eee-927f-4463f33b9748",
              "parentUUID": "2615a1ba-802c-4a9d-93af-0c0c50568373",
              "isHook": false,
              "skipped": false
            }
          ],
          "suites": [],
          "passes": [],
          "failures": [
            "84a95787-8b44-4086-8d56-484d45cc0f3c",
            "e2b4fb13-634e-4eee-927f-4463f33b9748"
          ],
          "pending": [],
          "skipped": [],
          "duration": 62882,
          "root": false,
          "rootEmpty": false,
          "_timeout": 2000
        }
      ],
      "passes": [],
      "failures": [],
      "pending": [],
      "skipped": [],
      "duration": 0,
      "root": true,
      "rootEmpty": true,
      "_timeout": 2000
    }
  ],
  "meta": {
    "mocha": {
      "version": "7.0.1"
    },
    "mochawesome": {
      "options": {
        "quiet": false,
        "reportFilename": "mochawesome",
        "saveHtml": false,
        "saveJson": true,
        "consoleReporter": "spec",
        "useInlineDiffs": false,
        "code": true
      },
      "version": "7.1.3"
    },
    "marge": {
      "options": {
        "reportDir": "tests/e2e/results/reports",
        "overwrite": false,
        "html": false,
        "json": true,
        "toConsole": true
      },
      "version": "6.2.0"
    }
  }
}