{
  "stats": {
    "suites": 1,
    "tests": 7,
    "passes": 7,
    "pending": 0,
    "failures": 0,
    "start": "2023-06-19T03:34:38.290Z",
    "end": "2023-06-19T03:35:11.535Z",
    "duration": 33245,
    "testsRegistered": 7,
    "passPercent": 100,
    "pendingPercent": 0,
    "other": 0,
    "hasOther": false,
    "skipped": 0,
    "hasSkipped": false
  },
  "results": [
    {
      "uuid": "78db02d4-d908-4ea3-9958-9cb9c5e05e03",
      "title": "",
      "fullFile": "tests/e2e/specs/JobOrderSubSys/recruiter.js",
      "file": "tests/e2e/specs/JobOrderSubSys/recruiter.js",
      "beforeHooks": [],
      "afterHooks": [],
      "tests": [],
      "suites": [
        {
          "uuid": "a1068401-bc61-4a7e-8a07-916c925ad872",
          "title": "兼职订单子系统-招聘方",
          "fullFile": "",
          "file": "",
          "beforeHooks": [],
          "afterHooks": [],
          "tests": [
            {
              "title": "查看求职者报名列表",
              "fullTitle": "兼职订单子系统-招聘方 查看求职者报名列表",
              "timedOut": null,
              "duration": 1975,
              "state": "passed",
              "speed": "fast",
              "pass": true,
              "fail": false,
              "pending": false,
              "context": null,
              "code": "cy.visit('/'); //访问网站\ncy.get(':nth-child(1) > .el-form-item__content > .el-input > .el-input__wrapper').type(\"10018\");\ncy.get(':nth-child(2) > .el-form-item__content > .el-input > .el-input__wrapper').type(\"021121\"); //输入账号密码\ncy.get(\"#login\").click(); //点击登录按钮\ncy.get('[href=\"/recruiter/jobManage\"]').click(); //跳转至兼职管理界面\ncy.url().should('contain', '/recruiter/jobManage'); //断言\ncy.wait(200);\ncy.get(':nth-child(3) > div > .el-button > span').click(); //点击筛选“已通过”的兼职\ncy.get('.el-card > .el-card__body').contains('.work_name', '大学生线上讲解小学数学长期兼职').parents('.el-card > .el-card__body').within(() => {\n  // Click the \"查看详情\" button\n  cy.contains('.el-button', '查看详情').click();\n}); //跳转至兼职“大学生线上讲解小学数学长期兼职”详情页\ncy.url().should('contain', '/recruiter/jobDetail');\ncy.get('.workName').should('contain', '大学生线上讲解小学数学长期兼职'); //断言",
              "err": {},
              "uuid": "624d4542-dfcf-40c0-a728-2490b68c355f",
              "parentUUID": "a1068401-bc61-4a7e-8a07-916c925ad872",
              "isHook": false,
              "skipped": false
            },
            {
              "title": "与报名者交流",
              "fullTitle": "兼职订单子系统-招聘方 与报名者交流",
              "timedOut": null,
              "duration": 3053,
              "state": "passed",
              "speed": "fast",
              "pass": true,
              "fail": false,
              "pending": false,
              "context": null,
              "code": "cy.visit('/'); //访问网站\ncy.get(':nth-child(1) > .el-form-item__content > .el-input > .el-input__wrapper').type(\"10018\");\ncy.get(':nth-child(2) > .el-form-item__content > .el-input > .el-input__wrapper').type(\"021121\"); //输入账号密码\ncy.get(\"#login\").click(); //点击登录按钮\ncy.get('[href=\"/recruiter/jobManage\"]').click(); //跳转至兼职管理界面\ncy.wait(200);\ncy.get(':nth-child(3) > div > .el-button > span').click(); //点击筛选“已通过”的兼职\ncy.get('.el-card > .el-card__body').contains('.work_name', '大学生线上讲解小学数学长期兼职').parents('.el-card > .el-card__body').within(() => {\n  // Click the \"查看详情\" button\n  cy.contains('.el-button', '查看详情').click();\n}); //跳转至兼职“大学生线上讲解小学数学长期兼职”详情页\ncy.get(':nth-child(3) > :nth-child(4)').scrollIntoView();\ncy.wait(500); //查看求职者报名列表\ncy.get('button.el-button').filter(':contains(\"私信\")').filter(':visible').first().click(); //点击私信\ncy.url().should('contain', '/recruiter/message/conversations/privatechat'); //断言",
              "err": {},
              "uuid": "ada5bca9-1d0a-4e38-93a4-2d2e41ab22bc",
              "parentUUID": "a1068401-bc61-4a7e-8a07-916c925ad872",
              "isHook": false,
              "skipped": false
            },
            {
              "title": "录用求职者",
              "fullTitle": "兼职订单子系统-招聘方 录用求职者",
              "timedOut": null,
              "duration": 3062,
              "state": "passed",
              "speed": "fast",
              "pass": true,
              "fail": false,
              "pending": false,
              "context": null,
              "code": "cy.visit('/'); //访问网站\ncy.get(':nth-child(1) > .el-form-item__content > .el-input > .el-input__wrapper').type(\"10018\");\ncy.get(':nth-child(2) > .el-form-item__content > .el-input > .el-input__wrapper').type(\"021121\"); //输入账号密码\ncy.get(\"#login\").click(); //点击登录按钮\ncy.get('[href=\"/recruiter/jobManage\"]').click(); //跳转至兼职管理界面\ncy.wait(200);\ncy.get(':nth-child(3) > div > .el-button > span').click(); //点击筛选“已通过”的兼职\ncy.get('.el-card > .el-card__body').contains('.work_name', '大学生线上讲解小学数学长期兼职').parents('.el-card > .el-card__body').within(() => {\n  // Click the \"查看详情\" button\n  cy.contains('.el-button', '查看详情').click();\n}); //跳转至兼职“大学生线上讲解小学数学长期兼职”详情页\ncy.get(':nth-child(3) > :nth-child(4)').scrollIntoView();\ncy.wait(500); //查看求职者报名列表\ncy.get('button.el-button').filter(':contains(\"录用\")').filter(':visible').first().click(); //点击录用\ncy.get('.el-message-box__btns > .el-button--primary').click(); //点击确认\ncy.contains('p', '录用成功').should('exist'); //断言",
              "err": {},
              "uuid": "44ebe5e8-7667-4e7e-8744-7fe047aa1135",
              "parentUUID": "a1068401-bc61-4a7e-8a07-916c925ad872",
              "isHook": false,
              "skipped": false
            },
            {
              "title": "拒绝录用求职者",
              "fullTitle": "兼职订单子系统-招聘方 拒绝录用求职者",
              "timedOut": null,
              "duration": 2956,
              "state": "passed",
              "speed": "fast",
              "pass": true,
              "fail": false,
              "pending": false,
              "context": null,
              "code": "cy.visit('/'); //访问网站\ncy.get(':nth-child(1) > .el-form-item__content > .el-input > .el-input__wrapper').type(\"10018\");\ncy.get(':nth-child(2) > .el-form-item__content > .el-input > .el-input__wrapper').type(\"021121\"); //输入账号密码\ncy.get(\"#login\").click(); //点击登录按钮\ncy.get('[href=\"/recruiter/jobManage\"]').click(); //跳转至兼职管理界面\ncy.wait(200);\ncy.get(':nth-child(3) > div > .el-button > span').click(); //点击筛选“已通过”的兼职\ncy.get('.el-card > .el-card__body').contains('.work_name', '大学生线上讲解小学数学长期兼职').parents('.el-card > .el-card__body').within(() => {\n  // Click the \"查看详情\" button\n  cy.contains('.el-button', '查看详情').click();\n}); //跳转至兼职“大学生线上讲解小学数学长期兼职”详情页\ncy.get(':nth-child(3) > :nth-child(4)').scrollIntoView();\ncy.wait(500); //查看求职者报名列表\ncy.get('button.el-button').filter(':contains(\"拒绝\")').filter(':visible').first().click(); //点击拒绝\ncy.get('.el-message-box__btns > .el-button--primary').click(); //点击确认\ncy.contains('p', '拒绝成功').should('exist'); //断言",
              "err": {},
              "uuid": "44fde902-12b2-49d4-8115-41ee8c3d9d61",
              "parentUUID": "a1068401-bc61-4a7e-8a07-916c925ad872",
              "isHook": false,
              "skipped": false
            },
            {
              "title": "确认求职者工作完成",
              "fullTitle": "兼职订单子系统-招聘方 确认求职者工作完成",
              "timedOut": null,
              "duration": 2691,
              "state": "passed",
              "speed": "fast",
              "pass": true,
              "fail": false,
              "pending": false,
              "context": null,
              "code": "cy.visit('/'); //访问网站\ncy.get(':nth-child(1) > .el-form-item__content > .el-input > .el-input__wrapper').type(\"10018\");\ncy.get(':nth-child(2) > .el-form-item__content > .el-input > .el-input__wrapper').type(\"021121\"); //输入账号密码\ncy.get(\"#login\").click(); //点击登录按钮\ncy.get('[href=\"/recruiter/jobManage\"]').click(); //跳转至兼职管理界面\ncy.wait(200);\ncy.get(':nth-child(3) > div > .el-button > span').click(); //点击筛选“已通过”的兼职\ncy.get('.el-card > .el-card__body').contains('.work_name', '大学生线上讲解小学数学长期兼职').parents('.el-card > .el-card__body').within(() => {\n  // Click the \"查看详情\" button\n  cy.contains('.el-button', '查看详情').click();\n}); //跳转至兼职“大学生线上讲解小学数学长期兼职”详情页\ncy.get(':nth-child(3) > :nth-child(6)').scrollIntoView();\ncy.wait(500); //查看求职者已完成列表\ncy.get('button.el-button').filter(':contains(\"确认工作完成\")').filter(':visible').first().click(); //点击确认工作完成\ncy.get('.el-message-box__btns > .el-button--primary').click(); //点击确认\ncy.contains('p', '操作成功').should('exist'); //断言",
              "err": {},
              "uuid": "1876f847-e166-4304-a92e-41956ce913b7",
              "parentUUID": "a1068401-bc61-4a7e-8a07-916c925ad872",
              "isHook": false,
              "skipped": false
            },
            {
              "title": "对求职者打分",
              "fullTitle": "兼职订单子系统-招聘方 对求职者打分",
              "timedOut": null,
              "duration": 4385,
              "state": "passed",
              "speed": "fast",
              "pass": true,
              "fail": false,
              "pending": false,
              "context": null,
              "code": "cy.visit('/'); //访问网站\ncy.get(':nth-child(1) > .el-form-item__content > .el-input > .el-input__wrapper').type(\"10018\");\ncy.get(':nth-child(2) > .el-form-item__content > .el-input > .el-input__wrapper').type(\"021121\"); //输入账号密码\ncy.get(\"#login\").click(); //点击登录按钮\ncy.get('[href=\"/recruiter/jobManage\"]').click(); //跳转至兼职管理界面\ncy.wait(1000);\ncy.get(':nth-child(3) > div > .el-button > span').click(); //点击筛选“已通过”的兼职\ncy.get('.el-card > .el-card__body').contains('.work_name', '大学生线上讲解小学数学长期兼职').parents('.el-card > .el-card__body').within(() => {\n  // Click the \"查看详情\" button\n  cy.contains('.el-button', '查看详情').click();\n}); //跳转至兼职“大学生线上讲解小学数学长期兼职”详情页\ncy.get(':nth-child(3) > :nth-child(7)').scrollIntoView();\ncy.wait(500); //查看求职者已完成列表\ncy.get('button.el-button').filter(':contains(\"评分\")').filter(':visible').first().click(); //点击评分\ncy.get('#scoreValue > :nth-child(5)').click(); //评分\ncy.get('.dialog-footer > :nth-child(2)').click(); //点击确认\ncy.wait(200);\ncy.contains('p', '打分成功').should('exist'); //断言",
              "err": {},
              "uuid": "9a4e45a7-a12f-4d2b-9929-e5908b184af6",
              "parentUUID": "a1068401-bc61-4a7e-8a07-916c925ad872",
              "isHook": false,
              "skipped": false
            },
            {
              "title": "对自己收到的不合理的评价提出申诉",
              "fullTitle": "兼职订单子系统-招聘方 对自己收到的不合理的评价提出申诉",
              "timedOut": null,
              "duration": 14528,
              "state": "passed",
              "speed": "slow",
              "pass": true,
              "fail": false,
              "pending": false,
              "context": null,
              "code": "//申诉理由为空\ncy.visit('/'); //访问网站\ncy.get(':nth-child(1) > .el-form-item__content > .el-input > .el-input__wrapper').type(\"10018\");\ncy.get(':nth-child(2) > .el-form-item__content > .el-input > .el-input__wrapper').type(\"021121\"); //输入账号密码\ncy.get(\"#login\").click(); //点击登录按钮\ncy.get('[href=\"/recruiter/jobManage\"]').click(); //跳转至兼职管理界面\ncy.wait(1000);\ncy.get(':nth-child(3) > div > .el-button > span').click(); //点击筛选“已通过”的兼职\ncy.get('.el-card > .el-card__body').contains('.work_name', '大学生线上讲解小学数学长期兼职').parents('.el-card > .el-card__body').within(() => {\n  // Click the \"查看详情\" button\n  cy.contains('.el-button', '查看详情').click();\n}); //跳转至兼职“大学生线上讲解小学数学长期兼职”详情页\ncy.get(':nth-child(3) > :nth-child(7)').scrollIntoView();\ncy.wait(500); //查看求职者已完成列表\ncy.get('button.el-button').filter(':contains(\"申诉\")').filter(':visible').first().click(); //点击申诉\ncy.get('.el-textarea__inner').clear();\ncy.get('.dialog-footer > .el-button--primary').click(); //点击确认\ncy.contains('p', '不能为空').should('exist'); //断言\n//用户未提交申诉，或者提交的申诉状态为未通过\ncy.visit('/'); //访问网站\ncy.get(':nth-child(1) > .el-form-item__content > .el-input > .el-input__wrapper').type(\"10018\");\ncy.get(':nth-child(2) > .el-form-item__content > .el-input > .el-input__wrapper').type(\"021121\"); //输入账号密码\ncy.get(\"#login\").click(); //点击登录按钮\ncy.get('[href=\"/recruiter/jobManage\"]').click(); //跳转至兼职管理界面\ncy.wait(1000);\ncy.get(':nth-child(3) > div > .el-button > span').click(); //点击筛选“已通过”的兼职\ncy.get('.el-card > .el-card__body').contains('.work_name', '大学生线上讲解小学数学长期兼职').parents('.el-card > .el-card__body').within(() => {\n  // Click the \"查看详情\" button\n  cy.contains('.el-button', '查看详情').click();\n}); //跳转至兼职“大学生线上讲解小学数学长期兼职”详情页\ncy.get(':nth-child(3) > :nth-child(7)').scrollIntoView();\ncy.wait(500); //查看求职者已完成列表\ncy.get('button.el-button').filter(':contains(\"申诉\")').filter(':visible').first().click(); //点击申诉\ncy.get('.el-textarea__inner').clear();\ncy.get('.el-textarea__inner').type(\"打分不合理\");\ncy.get('.dialog-footer > .el-button--primary').click(); //点击确认\ncy.contains('p', '已提交申诉').should('exist'); //断言\n//用户已提交申诉，状态为审核中\ncy.visit('/'); //访问网站\ncy.get(':nth-child(1) > .el-form-item__content > .el-input > .el-input__wrapper').type(\"10018\");\ncy.get(':nth-child(2) > .el-form-item__content > .el-input > .el-input__wrapper').type(\"021121\"); //输入账号密码\ncy.get(\"#login\").click(); //点击登录按钮\ncy.get('[href=\"/recruiter/jobManage\"]').click(); //跳转至兼职管理界面\ncy.wait(1000);\ncy.get(':nth-child(3) > div > .el-button > span').click(); //点击筛选“已通过”的兼职\ncy.get('.el-card > .el-card__body').contains('.work_name', '大学生线上讲解小学数学长期兼职').parents('.el-card > .el-card__body').within(() => {\n  // Click the \"查看详情\" button\n  cy.contains('.el-button', '查看详情').click();\n}); //跳转至兼职“大学生线上讲解小学数学长期兼职”详情页\ncy.get(':nth-child(3) > :nth-child(7)').scrollIntoView();\ncy.wait(500); //查看求职者已完成列表\ncy.get('button.el-button').filter(':contains(\"申诉\")').filter(':visible').first().click(); //点击申诉\ncy.get('.el-textarea__inner').clear();\ncy.get('.el-textarea__inner').type(\"打分不合理\");\ncy.get('.dialog-footer > .el-button--primary').click(); //点击确认\ncy.contains('p', '您的申诉审核中').should('exist'); //断言",
              "err": {},
              "uuid": "0fa3d219-e586-4c8d-b1c5-1c79ae33913e",
              "parentUUID": "a1068401-bc61-4a7e-8a07-916c925ad872",
              "isHook": false,
              "skipped": false
            }
          ],
          "suites": [],
          "passes": [
            "624d4542-dfcf-40c0-a728-2490b68c355f",
            "ada5bca9-1d0a-4e38-93a4-2d2e41ab22bc",
            "44ebe5e8-7667-4e7e-8744-7fe047aa1135",
            "44fde902-12b2-49d4-8115-41ee8c3d9d61",
            "1876f847-e166-4304-a92e-41956ce913b7",
            "9a4e45a7-a12f-4d2b-9929-e5908b184af6",
            "0fa3d219-e586-4c8d-b1c5-1c79ae33913e"
          ],
          "failures": [],
          "pending": [],
          "skipped": [],
          "duration": 32650,
          "root": false,
          "rootEmpty": false,
          "_timeout": 2000
        }
      ],
      "passes": [],
      "failures": [],
      "pending": [],
      "skipped": [],
      "duration": 0,
      "root": true,
      "rootEmpty": true,
      "_timeout": 2000
    }
  ],
  "meta": {
    "mocha": {
      "version": "7.0.1"
    },
    "mochawesome": {
      "options": {
        "quiet": false,
        "reportFilename": "mochawesome",
        "saveHtml": false,
        "saveJson": true,
        "consoleReporter": "spec",
        "useInlineDiffs": false,
        "code": true
      },
      "version": "7.1.3"
    },
    "marge": {
      "options": {
        "reportDir": "tests/e2e/results/reports",
        "overwrite": false,
        "html": false,
        "json": true,
        "toConsole": true
      },
      "version": "6.2.0"
    }
  }
}