{
  "stats": {
    "suites": 1,
    "tests": 1,
    "passes": 1,
    "pending": 0,
    "failures": 0,
    "start": "2023-06-21T07:05:54.391Z",
    "end": "2023-06-21T07:05:59.202Z",
    "duration": 4811,
    "testsRegistered": 1,
    "passPercent": 100,
    "pendingPercent": 0,
    "other": 0,
    "hasOther": false,
    "skipped": 0,
    "hasSkipped": false
  },
  "results": [
    {
      "uuid": "7ce12ea0-1614-40c3-9db5-bdd3dca166a3",
      "title": "",
      "fullFile": "tests/e2e/specs/MessageSys/user/ViewMessage.js",
      "file": "tests/e2e/specs/MessageSys/user/ViewMessage.js",
      "beforeHooks": [],
      "afterHooks": [],
      "tests": [],
      "suites": [
        {
          "uuid": "ef7951cb-eb59-49ea-b56e-dfb96fb1e533",
          "title": "消息通知子系统-查看消息",
          "fullFile": "",
          "file": "",
          "beforeHooks": [],
          "afterHooks": [],
          "tests": [
            {
              "title": "招聘发查看消息",
              "fullTitle": "消息通知子系统-查看消息 招聘发查看消息",
              "timedOut": null,
              "duration": 3973,
              "state": "passed",
              "speed": "fast",
              "pass": true,
              "fail": false,
              "pending": false,
              "context": null,
              "code": "//招聘方登录-ID\ncy.visit('/'); //访问网站\ncy.get(':nth-child(1) > .el-form-item__content > .el-input > .el-input__wrapper').type(\"10018\");\ncy.get(':nth-child(2) > .el-form-item__content > .el-input > .el-input__wrapper').type(\"021121\"); //输入账号密码\ncy.get(\"#login\").click(); //点击登录按钮\ncy.get('#message_1').should('contain', '登录成功');\ncy.url().should('contain', 'recruiter'); //断言 是否登录成功\ncy.wait(1500);\ncy.get('a > .el-icon > svg').click(); //点击消息通知按钮\ncy.url().should('contain', 'conversation'); //断言 是否成功跳转到消息界面\ncy.get('.conversation').click(); //点击某一头像\ncy.get('.chat-title').should('be.visible'); //断言 是否出现了聊天信息",
              "err": {},
              "uuid": "f0e6c70c-3b4f-443c-93b2-65dfcd303953",
              "parentUUID": "ef7951cb-eb59-49ea-b56e-dfb96fb1e533",
              "isHook": false,
              "skipped": false
            }
          ],
          "suites": [],
          "passes": [
            "f0e6c70c-3b4f-443c-93b2-65dfcd303953"
          ],
          "failures": [],
          "pending": [],
          "skipped": [],
          "duration": 3973,
          "root": false,
          "rootEmpty": false,
          "_timeout": 2000
        }
      ],
      "passes": [],
      "failures": [],
      "pending": [],
      "skipped": [],
      "duration": 0,
      "root": true,
      "rootEmpty": true,
      "_timeout": 2000
    }
  ],
  "meta": {
    "mocha": {
      "version": "7.0.1"
    },
    "mochawesome": {
      "options": {
        "quiet": false,
        "reportFilename": "mochawesome",
        "saveHtml": false,
        "saveJson": true,
        "consoleReporter": "spec",
        "useInlineDiffs": false,
        "code": true
      },
      "version": "7.1.3"
    },
    "marge": {
      "options": {
        "reportDir": "tests/e2e/results/reports",
        "overwrite": false,
        "html": false,
        "json": true,
        "toConsole": true
      },
      "version": "6.2.0"
    }
  }
}