{
  "stats": {
    "suites": 1,
    "tests": 1,
    "passes": 1,
    "pending": 0,
    "failures": 0,
    "start": "2023-06-21T01:41:55.598Z",
    "end": "2023-06-21T01:42:00.910Z",
    "duration": 5312,
    "testsRegistered": 1,
    "passPercent": 100,
    "pendingPercent": 0,
    "other": 0,
    "hasOther": false,
    "skipped": 0,
    "hasSkipped": false
  },
  "results": [
    {
      "uuid": "8ef0f6f7-d6bf-4cee-a77b-056f6bc27c50",
      "title": "",
      "fullFile": "tests/e2e/specs/SelectJobSubSys/ApplyJob.js",
      "file": "tests/e2e/specs/SelectJobSubSys/ApplyJob.js",
      "beforeHooks": [],
      "afterHooks": [],
      "tests": [],
      "suites": [
        {
          "uuid": "72b4d475-8090-4df9-8063-b8b2731301df",
          "title": "选择兼职子系统-报名兼职",
          "fullFile": "",
          "file": "",
          "beforeHooks": [],
          "afterHooks": [],
          "tests": [
            {
              "title": "报名兼职",
              "fullTitle": "选择兼职子系统-报名兼职 报名兼职",
              "timedOut": null,
              "duration": 5219,
              "state": "passed",
              "speed": "medium",
              "pass": true,
              "fail": false,
              "pending": false,
              "context": null,
              "code": "//求职者登录-ID\ncy.visit('/'); //访问网站\ncy.get(':nth-child(1) > .el-form-item__content > .el-input > .el-input__wrapper').type(\"10014\");\ncy.get(':nth-child(2) > .el-form-item__content > .el-input > .el-input__wrapper').type(\"021121\"); //输入账号密码\ncy.get(\"#login\").click(); //点击登录按钮\ncy.get('#message_1').should('contain', '登录成功');\ncy.url().should('contain', 'jobhunter'); //断言\ncy.get(\"#jobButton\").click(); //点击寻找兼职按钮\ncy.url().should('contain', 'jobhunter/job'); //断言 \ncy.wait(2000);\ncy.get('button.el-button').filter(':contains(\"查看详情\")').filter(':visible').first().click(); //点击“查看详情”\ncy.url().should('contain', 'jobDetail'); //断言\ncy.get('.el-button--primary > span > .el-icon > svg').click(); //点击报名兼职\ncy.get('#ziwjieshao').type(\"本人本科学历，有多次家教经验，认真耐心\"); //填写自我介绍\ncy.get('.dialog-footer > :nth-child(1)').click(); //点击确定\ncy.url().should('contain', 'jobDetail'); //断言",
              "err": {},
              "uuid": "e39209a3-e841-48ce-8bd1-b31ae004f3a9",
              "parentUUID": "72b4d475-8090-4df9-8063-b8b2731301df",
              "isHook": false,
              "skipped": false
            }
          ],
          "suites": [],
          "passes": [
            "e39209a3-e841-48ce-8bd1-b31ae004f3a9"
          ],
          "failures": [],
          "pending": [],
          "skipped": [],
          "duration": 5219,
          "root": false,
          "rootEmpty": false,
          "_timeout": 2000
        }
      ],
      "passes": [],
      "failures": [],
      "pending": [],
      "skipped": [],
      "duration": 0,
      "root": true,
      "rootEmpty": true,
      "_timeout": 2000
    }
  ],
  "meta": {
    "mocha": {
      "version": "7.0.1"
    },
    "mochawesome": {
      "options": {
        "quiet": false,
        "reportFilename": "mochawesome",
        "saveHtml": false,
        "saveJson": true,
        "consoleReporter": "spec",
        "useInlineDiffs": false,
        "code": true
      },
      "version": "7.1.3"
    },
    "marge": {
      "options": {
        "reportDir": "tests/e2e/results/reports",
        "overwrite": false,
        "html": false,
        "json": true,
        "toConsole": true
      },
      "version": "6.2.0"
    }
  }
}