{
  "stats": {
    "suites": 1,
    "tests": 1,
    "passes": 0,
    "pending": 0,
    "failures": 1,
    "start": "2023-06-21T03:01:20.187Z",
    "end": "2023-06-21T03:01:29.605Z",
    "duration": 9418,
    "testsRegistered": 1,
    "passPercent": 0,
    "pendingPercent": 0,
    "other": 0,
    "hasOther": false,
    "skipped": 0,
    "hasSkipped": false
  },
  "results": [
    {
      "uuid": "e7537b54-e219-4d34-a453-e1c51222e6f7",
      "title": "",
      "fullFile": "tests/e2e/specs/SelectJobSubSys/StarJob.js",
      "file": "tests/e2e/specs/SelectJobSubSys/StarJob.js",
      "beforeHooks": [],
      "afterHooks": [],
      "tests": [],
      "suites": [
        {
          "uuid": "fc52e73d-e50f-4b07-859e-dd23bed8737a",
          "title": "选择兼职子系统-收藏兼职",
          "fullFile": "",
          "file": "",
          "beforeHooks": [],
          "afterHooks": [],
          "tests": [
            {
              "title": "收藏兼职",
              "fullTitle": "选择兼职子系统-收藏兼职 收藏兼职",
              "timedOut": null,
              "duration": 8729,
              "state": "failed",
              "speed": null,
              "pass": false,
              "fail": true,
              "pending": false,
              "context": null,
              "code": "//求职者登录-ID\ncy.visit('/'); //访问网站\ncy.get(':nth-child(1) > .el-form-item__content > .el-input > .el-input__wrapper').type(\"10014\");\ncy.get(':nth-child(2) > .el-form-item__content > .el-input > .el-input__wrapper').type(\"021121\"); //输入账号密码\ncy.get(\"#login\").click(); //点击登录按钮\ncy.get('#message_1').should('contain', '登录成功');\ncy.url().should('contain', 'jobhunter'); //断言\ncy.get(\"#jobButton\").click(); //点击寻找兼职按钮\ncy.url().should('contain', 'jobhunter/job'); //断言 \ncy.wait(2000);\ncy.get('button.el-button').filter(':contains(\"查看详情\")').filter(':visible').first().click(); //点击“查看详情”\ncy.url().should('contain', 'jobDetail'); // cy.get('.el-button--primary > span > .el-icon > svg')\ncy.get('.el-button--warning').click(); //点击收藏兼职\ncy.get('.el-input__wrapper').click(); //点击收藏夹选择框\ncy.get('.el-scrollbar__view > :nth-child(3)').click(); //点击选择测试收藏夹\ncy.get('.dialog-footer > :nth-child(1)').click(); //点击确认\ncy.url().should('contain', 'jobDetail'); //断言",
              "err": {
                "message": "CypressError: Timed out retrying after 4050ms: `cy.click()` failed because this element is detached from the DOM.\n\n`<button class=\"el-button el-button--warning is-plain is-circle el-tooltip__trigger\" aria-disabled=\"false\" type=\"button\" data-v-2146a0a2=\"\">...</button>`\n\nCypress requires elements be attached in the DOM to interact with them.\n\nThe previous command that ran was:\n\n  > `cy.get()`\n\nThis DOM element likely became detached somewhere between the previous and current command.\n\nCommon situations why this happens:\n  - Your JS framework re-rendered asynchronously\n  - Your app code reacted to an event firing and removed the element\n\nYou typically need to re-query for the element or add 'guards' which delay Cypress from running new commands.\n\nhttps://on.cypress.io/element-has-detached-from-dom",
                "estack": "CypressError: Timed out retrying after 4050ms: `cy.click()` failed because this element is detached from the DOM.\n\n`<button class=\"el-button el-button--warning is-plain is-circle el-tooltip__trigger\" aria-disabled=\"false\" type=\"button\" data-v-2146a0a2=\"\">...</button>`\n\nCypress requires elements be attached in the DOM to interact with them.\n\nThe previous command that ran was:\n\n  > `cy.get()`\n\nThis DOM element likely became detached somewhere between the previous and current command.\n\nCommon situations why this happens:\n  - Your JS framework re-rendered asynchronously\n  - Your app code reacted to an event firing and removed the element\n\nYou typically need to re-query for the element or add 'guards' which delay Cypress from running new commands.\n\nhttps://on.cypress.io/element-has-detached-from-dom\n    at $Cy.ensureAttached (http://localhost:8080/__cypress/runner/cypress_runner.js:168765:76)\n    at runAllChecks (http://localhost:8080/__cypress/runner/cypress_runner.js:154675:12)\n    at retryActionability (http://localhost:8080/__cypress/runner/cypress_runner.js:154755:16)\n    at tryCatcher (http://localhost:8080/__cypress/runner/cypress_runner.js:13022:23)\n    at Function.Promise.attempt.Promise.try (http://localhost:8080/__cypress/runner/cypress_runner.js:10296:29)\n    at whenStable (http://localhost:8080/__cypress/runner/cypress_runner.js:173835:65)\n    at http://localhost:8080/__cypress/runner/cypress_runner.js:173290:14\n    at tryCatcher (http://localhost:8080/__cypress/runner/cypress_runner.js:13022:23)\n    at Promise._settlePromiseFromHandler (http://localhost:8080/__cypress/runner/cypress_runner.js:10957:31)\n    at Promise._settlePromise (http://localhost:8080/__cypress/runner/cypress_runner.js:11014:18)\n    at Promise._settlePromise0 (http://localhost:8080/__cypress/runner/cypress_runner.js:11059:10)\n    at Promise._settlePromises (http://localhost:8080/__cypress/runner/cypress_runner.js:11139:18)\n    at Promise._fulfill (http://localhost:8080/__cypress/runner/cypress_runner.js:11083:18)\n    at http://localhost:8080/__cypress/runner/cypress_runner.js:12697:46\nFrom Your Spec Code:\n    at Context.eval (http://localhost:8080/__cypress/tests?p=tests\\e2e\\specs\\SelectJobSubSys\\StarJob.js:121:35)",
                "diff": null
              },
              "uuid": "62317ebb-d1bf-48df-b213-b311893da61a",
              "parentUUID": "fc52e73d-e50f-4b07-859e-dd23bed8737a",
              "isHook": false,
              "skipped": false
            }
          ],
          "suites": [],
          "passes": [],
          "failures": [
            "62317ebb-d1bf-48df-b213-b311893da61a"
          ],
          "pending": [],
          "skipped": [],
          "duration": 8729,
          "root": false,
          "rootEmpty": false,
          "_timeout": 2000
        }
      ],
      "passes": [],
      "failures": [],
      "pending": [],
      "skipped": [],
      "duration": 0,
      "root": true,
      "rootEmpty": true,
      "_timeout": 2000
    }
  ],
  "meta": {
    "mocha": {
      "version": "7.0.1"
    },
    "mochawesome": {
      "options": {
        "quiet": false,
        "reportFilename": "mochawesome",
        "saveHtml": false,
        "saveJson": true,
        "consoleReporter": "spec",
        "useInlineDiffs": false,
        "code": true
      },
      "version": "7.1.3"
    },
    "marge": {
      "options": {
        "reportDir": "tests/e2e/results/reports",
        "overwrite": false,
        "html": false,
        "json": true,
        "toConsole": true
      },
      "version": "6.2.0"
    }
  }
}